5597.1s 1138 [I 2025-12-07 22:15:30,927] Trial 45 finished with value: 0.25252963049848115 and parameters: {'topK': 7, 'shrink': 123, 'tversky_alpha': 0.21933325158503925, 'tversky_beta': 1.776927161146465}. Best is trial 38 with value: 0.25267818036663353.
5597.3s 1139 [0.2526818893007761, 0.2524724694903198, 0.25199370833429385, 0.2528249417149313, 0.2526751436520847]
5597.6s 1140 Unable to load Cython Compute_Similarity, reverting to Python
5606.8s 1141 Similarity column 6969 (100.0%), 744.59 column/sec. Elapsed time 9.36 sec
5607.0s 1142 EvaluatorHoldout: Ignoring 31 ( 0.1%) Users that have less than 1 test interactions
5621.0s 1143 EvaluatorHoldout: Processed 27064 (100.0%) in 14.13 sec. Users per second: 1915
5621.5s 1144 Unable to load Cython Compute_Similarity, reverting to Python
5630.8s 1145 Similarity column 6969 (100.0%), 730.18 column/sec. Elapsed time 9.54 sec
5631.0s 1146 EvaluatorHoldout: Ignoring 29 ( 0.1%) Users that have less than 1 test interactions
5645.1s 1147 EvaluatorHoldout: Processed 27066 (100.0%) in 14.25 sec. Users per second: 1899
5645.6s 1148 Unable to load Cython Compute_Similarity, reverting to Python
5654.9s 1149 Similarity column 6969 (100.0%), 737.40 column/sec. Elapsed time 9.45 sec
5655.0s 1150 EvaluatorHoldout: Ignoring 40 ( 0.1%) Users that have less than 1 test interactions
5668.7s 1151 EvaluatorHoldout: Processed 27055 (100.0%) in 13.89 sec. Users per second: 1948
5669.2s 1152 Unable to load Cython Compute_Similarity, reverting to Python
5678.5s 1153 Similarity column 6969 (100.0%), 737.09 column/sec. Elapsed time 9.45 sec
5678.7s 1154 EvaluatorHoldout: Ignoring 31 ( 0.1%) Users that have less than 1 test interactions
5692.7s 1155 EvaluatorHoldout: Processed 27064 (100.0%) in 14.10 sec. Users per second: 1920
5693.1s 1156 Unable to load Cython Compute_Similarity, reverting to Python
5702.4s 1157 Similarity column 6969 (100.0%), 735.22 column/sec. Elapsed time 9.48 sec
5702.6s 1158 EvaluatorHoldout: Ignoring 31 ( 0.1%) Users that have less than 1 test interactions
5716.4s 1159 EvaluatorHoldout: Processed 27064 (100.0%) in 13.93 sec. Users per second: 1942
5716.4s 1160 [I 2025-12-07 22:17:30,175] Trial 46 finished with value: 0.2515341726414461 and parameters: {'topK': 7, 'shrink': 177, 'tversky_alpha': 0.25840585400330673, 'tversky_beta': 1.7874055368094235}. Best is trial 38 with value: 0.25267818036663353.
5716.4s 1161 
5716.4s 1162 [I 2025-12-07 22:17:30,175] Trial 46 finished with value: 0.2515341726414461 and parameters: {'topK': 7, 'shrink': 177, 'tversky_alpha': 0.25840585400330673, 'tversky_beta': 1.7874055368094235}. Best is trial 38 with value: 0.25267818036663353.
5716.6s 1163 [0.25197622260049257, 0.2519124416885305, 0.250077410755326, 0.25219440707970514, 0.25151038108317636]
5716.9s 1164 Unable to load Cython Compute_Similarity, reverting to Python
5726.0s 1165 Similarity column 6969 (100.0%), 753.69 column/sec. Elapsed time 9.25 sec
5726.1s 1166 EvaluatorHoldout: Ignoring 31 ( 0.1%) Users that have less than 1 test interactions
5740.0s 1167 EvaluatorHoldout: Processed 27064 (100.0%) in 14.06 sec. Users per second: 1925
5740.5s 1168 Unable to load Cython Compute_Similarity, reverting to Python
5749.8s 1169 Similarity column 6969 (100.0%), 736.63 column/sec. Elapsed time 9.46 sec
5750.0s 1170 EvaluatorHoldout: Ignoring 29 ( 0.1%) Users that have less than 1 test interactions
5763.8s 1171 EvaluatorHoldout: Processed 27066 (100.0%) in 13.91 sec. Users per second: 1946
5764.2s 1172 Unable to load Cython Compute_Similarity, reverting to Python
5773.4s 1173 Similarity column 6969 (100.0%), 739.00 column/sec. Elapsed time 9.43 sec
5773.6s 1174 EvaluatorHoldout: Ignoring 40 ( 0.1%) Users that have less than 1 test interactions
5787.4s 1175 EvaluatorHoldout: Processed 27055 (100.0%) in 13.94 sec. Users per second: 1941
5787.9s 1176 Unable to load Cython Compute_Similarity, reverting to Python
5797.3s 1177 Similarity column 6969 (100.0%), 727.67 column/sec. Elapsed time 9.58 sec
5797.5s 1178 EvaluatorHoldout: Ignoring 31 ( 0.1%) Users that have less than 1 test interactions
5811.2s 1179 EvaluatorHoldout: Processed 27064 (100.0%) in 13.94 sec. Users per second: 1941
5811.7s 1180 Unable to load Cython Compute_Similarity, reverting to Python
5820.7s 1181 Similarity column 6969 (100.0%), 759.18 column/sec. Elapsed time 9.18 sec
5820.9s 1182 EvaluatorHoldout: Ignoring 31 ( 0.1%) Users that have less than 1 test interactions
5834.6s 1183 EvaluatorHoldout: Processed 27064 (100.0%) in 13.83 sec. Users per second: 1957
5834.6s 1184 [I 2025-12-07 22:19:28,388] Trial 47 finished with value: 0.2521818981742775 and parameters: {'topK': 6, 'shrink': 139, 'tversky_alpha': 0.18207336911799213, 'tversky_beta': 1.7569273048018341}. Best is trial 38 with value: 0.25267818036663353.
5834.6s 1185 
5834.6s 1186 [I 2025-12-07 22:19:28,388] Trial 47 finished with value: 0.2521818981742775 and parameters: {'topK': 6, 'shrink': 139, 'tversky_alpha': 0.18207336911799213, 'tversky_beta': 1.7569273048018341}. Best is trial 38 with value: 0.25267818036663353.
5834.8s 1187 [0.2527482819046574, 0.2519593374993537, 0.2510328426629672, 0.2527663056916306, 0.2524027231127786]
5835.1s 1188 Unable to load Cython Compute_Similarity, reverting to Python
5844.1s 1189 Similarity column 6969 (100.0%), 755.60 column/sec. Elapsed time 9.22 sec
5844.3s 1190 EvaluatorHoldout: Ignoring 31 ( 0.1%) Users that have less than 1 test interactions
5858.0s 1191 EvaluatorHoldout: Processed 27064 (100.0%) in 13.89 sec. Users per second: 1948
5858.5s 1192 Unable to load Cython Compute_Similarity, reverting to Python
5867.8s 1193 Similarity column 6969 (100.0%), 743.44 column/sec. Elapsed time 9.37 sec
5867.9s 1194 EvaluatorHoldout: Ignoring 29 ( 0.1%) Users that have less than 1 test interactions
5881.7s 1195 EvaluatorHoldout: Processed 27066 (100.0%) in 14.00 sec. Users per second: 1933
5882.2s 1196 Unable to load Cython Compute_Similarity, reverting to Python
5891.3s 1197 Similarity column 6969 (100.0%), 752.72 column/sec. Elapsed time 9.26 sec
5891.5s 1198 EvaluatorHoldout: Ignoring 40 ( 0.1%) Users that have less than 1 test interactions
5905.3s 1199 EvaluatorHoldout: Processed 27055 (100.0%) in 13.92 sec. Users per second: 1943
5905.7s 1200 Unable to load Cython Compute_Similarity, reverting to Python
5915.0s 1201 Similarity column 6969 (100.0%), 735.44 column/sec. Elapsed time 9.48 sec
5915.2s 1202 EvaluatorHoldout: Ignoring 31 ( 0.1%) Users that have less than 1 test interactions
5929.0s 1203 EvaluatorHoldout: Processed 27064 (100.0%) in 14.00 sec. Users per second: 1933
5929.5s 1204 Unable to load Cython Compute_Similarity, reverting to Python
5938.6s 1205 Similarity column 6969 (100.0%), 756.39 column/sec. Elapsed time 9.21 sec
5938.8s 1206 EvaluatorHoldout: Ignoring 31 ( 0.1%) Users that have less than 1 test interactions
5952.5s 1207 EvaluatorHoldout: Processed 27064 (100.0%) in 13.94 sec. Users per second: 1942
5952.5s 1208 [I 2025-12-07 22:21:26,338] Trial 48 finished with value: 0.25234369654398925 and parameters: {'topK': 7, 'shrink': 149, 'tversky_alpha': 0.16697258045165897, 'tversky_beta': 1.7356639575821946}. Best is trial 38 with value: 0.25267818036663353.
5952.5s 1209 
5952.5s 1210 [I 2025-12-07 22:21:26,338] Trial 48 finished with value: 0.25234369654398925 and parameters: {'topK': 7, 'shrink': 149, 'tversky_alpha': 0.16697258045165897, 'tversky_beta': 1.7356639575821946}. Best is trial 38 with value: 0.25267818036663353.
5952.7s 1211 [0.252307683090235, 0.25240468864147586, 0.25212643880726177, 0.25241133740502775, 0.2524683347759459]
5953.0s 1212 Unable to load Cython Compute_Similarity, reverting to Python
5962.1s 1213 Similarity column 6969 (100.0%), 751.13 column/sec. Elapsed time 9.28 sec
5962.3s 1214 EvaluatorHoldout: Ignoring 31 ( 0.1%) Users that have less than 1 test interactions
5976.2s 1215 EvaluatorHoldout: Processed 27064 (100.0%) in 14.03 sec. Users per second: 1929
5976.7s 1216 Unable to load Cython Compute_Similarity, reverting to Python
5986.0s 1217 Similarity column 6969 (100.0%), 733.59 column/sec. Elapsed time 9.50 sec
5986.2s 1218 EvaluatorHoldout: Ignoring 29 ( 0.1%) Users that have less than 1 test interactions
6000.1s 1219 EvaluatorHoldout: Processed 27066 (100.0%) in 14.11 sec. Users per second: 1918
6000.6s 1220 Unable to load Cython Compute_Similarity, reverting to Python
6010.3s 1221 Similarity column 6969 (100.0%), 711.39 column/sec. Elapsed time 9.80 sec
6010.4s 1222 EvaluatorHoldout: Ignoring 40 ( 0.1%) Users that have less than 1 test interactions
6024.3s 1223 EvaluatorHoldout: Processed 27055 (100.0%) in 14.02 sec. Users per second: 1929
6024.8s 1224 Unable to load Cython Compute_Similarity, reverting to Python
6034.3s 1225 Similarity column 6969 (100.0%), 717.06 column/sec. Elapsed time 9.72 sec
6034.5s 1226 EvaluatorHoldout: Ignoring 31 ( 0.1%) Users that have less than 1 test interactions
6048.5s 1227 EvaluatorHoldout: Processed 27064 (100.0%) in 14.14 sec. Users per second: 1914
6048.9s 1228 Unable to load Cython Compute_Similarity, reverting to Python
6058.3s 1229 Similarity column 6969 (100.0%), 732.14 column/sec. Elapsed time 9.52 sec
6058.5s 1230 EvaluatorHoldout: Ignoring 31 ( 0.1%) Users that have less than 1 test interactions
6072.3s 1231 EvaluatorHoldout: Processed 27064 (100.0%) in 14.03 sec. Users per second: 1929
6072.3s 1232 [I 2025-12-07 22:23:26,146] Trial 49 finished with value: 0.25072278150380145 and parameters: {'topK': 9, 'shrink': 128, 'tversky_alpha': 0.2517087285400466, 'tversky_beta': 1.6653640097238878}. Best is trial 38 with value: 0.25267818036663353.
6072.3s 1233 
6072.3s 1234 [I 2025-12-07 22:23:26,146] Trial 49 finished with value: 0.25072278150380145 and parameters: {'topK': 9, 'shrink': 128, 'tversky_alpha': 0.2517087285400466, 'tversky_beta': 1.6653640097238878}. Best is trial 38 with value: 0.25267818036663353.
6072.5s 1235 [0.2506899263553127, 0.25065951092661787, 0.24994725932726305, 0.25146247155735413, 0.25085473935245983]
6072.9s 1236 Unable to load Cython Compute_Similarity, reverting to Python
6082.2s 1237 Similarity column 6969 (100.0%), 733.42 column/sec. Elapsed time 9.50 sec
6082.4s 1238 EvaluatorHoldout: Ignoring 31 ( 0.1%) Users that have less than 1 test interactions
6096.2s 1239 EvaluatorHoldout: Processed 27064 (100.0%) in 13.98 sec. Users per second: 1936
6096.7s 1240 Unable to load Cython Compute_Similarity, reverting to Python
6106.0s 1241 Similarity column 6969 (100.0%), 733.26 column/sec. Elapsed time 9.50 sec
6106.2s 1242 EvaluatorHoldout: Ignoring 29 ( 0.1%) Users that have less than 1 test interactions
6119.9s 1243 EvaluatorHoldout: Processed 27066 (100.0%) in 13.83 sec. Users per second: 1957
6120.3s 1244 Unable to load Cython Compute_Similarity, reverting to Python
6129.9s 1245 Similarity column 6969 (100.0%), 713.99 column/sec. Elapsed time 9.76 sec
6130.1s 1246 EvaluatorHoldout: Ignoring 40 ( 0.1%) Users that have less than 1 test interactions
6144.1s 1247 EvaluatorHoldout: Processed 27055 (100.0%) in 14.15 sec. Users per second: 1912
6144.6s 1248 Unable to load Cython Compute_Similarity, reverting to Python
6154.2s 1249 Similarity column 6969 (100.0%), 711.59 column/sec. Elapsed time 9.79 sec
6154.4s 1250 EvaluatorHoldout: Ignoring 31 ( 0.1%) Users that have less than 1 test interactions
6168.0s 1251 EvaluatorHoldout: Processed 27064 (100.0%) in 13.81 sec. Users per second: 1960
6168.5s 1252 Unable to load Cython Compute_Similarity, reverting to Python
6177.7s 1253 Similarity column 6969 (100.0%), 741.75 column/sec. Elapsed time 9.40 sec
6177.9s 1254 EvaluatorHoldout: Ignoring 31 ( 0.1%) Users that have less than 1 test interactions
6191.6s 1255 EvaluatorHoldout: Processed 27064 (100.0%) in 13.83 sec. Users per second: 1958
6191.6s 1256 [I 2025-12-07 22:25:25,379] Trial 50 finished with value: 0.25013676377066973 and parameters: {'topK': 5, 'shrink': 199, 'tversky_alpha': 0.2156135569039043, 'tversky_beta': 1.7654098079933642}. Best is trial 38 with value: 0.25267818036663353.
6191.6s 1257 
6191.6s 1258 [I 2025-12-07 22:25:25,379] Trial 50 finished with value: 0.25013676377066973 and parameters: {'topK': 5, 'shrink': 199, 'tversky_alpha': 0.2156135569039043, 'tversky_beta': 1.7654098079933642}. Best is trial 38 with value: 0.25267818036663353.
6191.8s 1259 [0.25015631596662113, 0.2501268160630444, 0.24912027111945195, 0.2508748948603637, 0.2504055208438677]
6192.1s 1260 Unable to load Cython Compute_Similarity, reverting to Python
6201.5s 1261 Similarity column 6969 (100.0%), 724.66 column/sec. Elapsed time 9.62 sec
6201.7s 1262 EvaluatorHoldout: Ignoring 31 ( 0.1%) Users that have less than 1 test interactions
6215.4s 1263 EvaluatorHoldout: Processed 27064 (100.0%) in 13.86 sec. Users per second: 1953
6215.9s 1264 Unable to load Cython Compute_Similarity, reverting to Python
6225.3s 1265 Similarity column 6969 (100.0%), 727.61 column/sec. Elapsed time 9.58 sec
6225.5s 1266 EvaluatorHoldout: Ignoring 29 ( 0.1%) Users that have less than 1 test interactions
6239.1s 1267 EvaluatorHoldout: Processed 27066 (100.0%) in 13.83 sec. Users per second: 1957
6239.6s 1268 Unable to load Cython Compute_Similarity, reverting to Python
6249.2s 1269 Similarity column 6969 (100.0%), 710.32 column/sec. Elapsed time 9.81 sec
6249.4s 1270 EvaluatorHoldout: Ignoring 40 ( 0.1%) Users that have less than 1 test interactions
6263.2s 1271 EvaluatorHoldout: Processed 27055 (100.0%) in 13.85 sec. Users per second: 1954
6263.6s 1272 Unable to load Cython Compute_Similarity, reverting to Python
6273.3s 1273 Similarity column 6969 (100.0%), 708.41 column/sec. Elapsed time 9.84 sec
6273.5s 1274 EvaluatorHoldout: Ignoring 31 ( 0.1%) Users that have less than 1 test interactions
6287.1s 1275 EvaluatorHoldout: Processed 27064 (100.0%) in 13.85 sec. Users per second: 1954
6287.6s 1276 Unable to load Cython Compute_Similarity, reverting to Python
6296.6s 1277 Similarity column 6969 (100.0%), 763.83 column/sec. Elapsed time 9.12 sec
6296.8s 1278 EvaluatorHoldout: Ignoring 31 ( 0.1%) Users that have less than 1 test interactions
6310.5s 1279 EvaluatorHoldout: Processed 27064 (100.0%) in 13.85 sec. Users per second: 1954
6310.5s 1280 [I 2025-12-07 22:27:24,272] Trial 51 finished with value: 0.2525246801402772 and parameters: {'topK': 7, 'shrink': 121, 'tversky_alpha': 0.21904566288218166, 'tversky_beta': 1.7762249425155927}. Best is trial 38 with value: 0.25267818036663353.
6310.5s 1281 
6310.5s 1282 [I 2025-12-07 22:27:24,272] Trial 51 finished with value: 0.2525246801402772 and parameters: {'topK': 7, 'shrink': 121, 'tversky_alpha': 0.21904566288218166, 'tversky_beta': 1.7762249425155927}. Best is trial 38 with value: 0.25267818036663353.
6310.7s 1283 [0.2526873703903197, 0.2524511701316236, 0.2520572130767301, 0.2528946048802571, 0.25253304222245543]
6311.0s 1284 Unable to load Cython Compute_Similarity, reverting to Python
6320.1s 1285 Similarity column 6969 (100.0%), 743.93 column/sec. Elapsed time 9.37 sec
6320.3s 1286 EvaluatorHoldout: Ignoring 31 ( 0.1%) Users that have less than 1 test interactions
6334.6s 1287 EvaluatorHoldout: Processed 27064 (100.0%) in 14.39 sec. Users per second: 1881
6335.1s 1288 Unable to load Cython Compute_Similarity, reverting to Python
6344.3s 1289 Similarity column 6969 (100.0%), 740.91 column/sec. Elapsed time 9.41 sec
6344.5s 1290 EvaluatorHoldout: Ignoring 29 ( 0.1%) Users that have less than 1 test interactions
6358.2s 1291 EvaluatorHoldout: Processed 27066 (100.0%) in 13.94 sec. Users per second: 1942
6358.7s 1292 Unable to load Cython Compute_Similarity, reverting to Python
6367.8s 1293 Similarity column 6969 (100.0%), 754.27 column/sec. Elapsed time 9.24 sec
6368.0s 1294 EvaluatorHoldout: Ignoring 40 ( 0.1%) Users that have less than 1 test interactions
6381.7s 1295 EvaluatorHoldout: Processed 27055 (100.0%) in 13.89 sec. Users per second: 1948
6382.2s 1296 Unable to load Cython Compute_Similarity, reverting to Python
6391.6s 1297 Similarity column 6969 (100.0%), 723.52 column/sec. Elapsed time 9.63 sec
6391.8s 1298 EvaluatorHoldout: Ignoring 31 ( 0.1%) Users that have less than 1 test interactions
6405.8s 1299 EvaluatorHoldout: Processed 27064 (100.0%) in 14.15 sec. Users per second: 1912
6406.3s 1300 Unable to load Cython Compute_Similarity, reverting to Python
6415.7s 1301 Similarity column 6969 (100.0%), 728.08 column/sec. Elapsed time 9.57 sec
6415.9s 1302 EvaluatorHoldout: Ignoring 31 ( 0.1%) Users that have less than 1 test interactions
6429.5s 1303 EvaluatorHoldout: Processed 27064 (100.0%) in 13.86 sec. Users per second: 1953
6429.6s 1304 [I 2025-12-07 22:29:23,368] Trial 52 finished with value: 0.2521996592931039 and parameters: {'topK': 7, 'shrink': 137, 'tversky_alpha': 0.24001410189148525, 'tversky_beta': 1.7818046380008037}. Best is trial 38 with value: 0.25267818036663353.
6429.6s 1305 
6429.6s 1306 [I 2025-12-07 22:29:23,368] Trial 52 finished with value: 0.2521996592931039 and parameters: {'topK': 7, 'shrink': 137, 'tversky_alpha': 0.24001410189148525, 'tversky_beta': 1.7818046380008037}. Best is trial 38 with value: 0.25267818036663353.
6429.8s 1307 [0.25253630416647294, 0.2519780852166691, 0.25126038955905267, 0.25288274279828965, 0.2523407747250352]
6430.1s 1308 Unable to load Cython Compute_Similarity, reverting to Python
6439.4s 1309 Similarity column 6969 (100.0%), 732.59 column/sec. Elapsed time 9.51 sec
6439.6s 1310 EvaluatorHoldout: Ignoring 31 ( 0.1%) Users that have less than 1 test interactions
6453.4s 1311 EvaluatorHoldout: Processed 27064 (100.0%) in 13.94 sec. Users per second: 1941
6453.9s 1312 Unable to load Cython Compute_Similarity, reverting to Python
6463.2s 1313 Similarity column 6969 (100.0%), 734.04 column/sec. Elapsed time 9.49 sec
6463.4s 1314 EvaluatorHoldout: Ignoring 29 ( 0.1%) Users that have less than 1 test interactions
6477.0s 1315 EvaluatorHoldout: Processed 27066 (100.0%) in 13.78 sec. Users per second: 1964
6477.4s 1316 Unable to load Cython Compute_Similarity, reverting to Python
6486.7s 1317 Similarity column 6969 (100.0%), 735.20 column/sec. Elapsed time 9.48 sec
6486.9s 1318 EvaluatorHoldout: Ignoring 40 ( 0.1%) Users that have less than 1 test interactions
6500.6s 1319 EvaluatorHoldout: Processed 27055 (100.0%) in 13.83 sec. Users per second: 1956
6501.1s 1320 Unable to load Cython Compute_Similarity, reverting to Python
6510.3s 1321 Similarity column 6969 (100.0%), 746.92 column/sec. Elapsed time 9.33 sec
6510.4s 1322 EvaluatorHoldout: Ignoring 31 ( 0.1%) Users that have less than 1 test interactions
6524.0s 1323 EvaluatorHoldout: Processed 27064 (100.0%) in 13.82 sec. Users per second: 1959
6524.5s 1324 Unable to load Cython Compute_Similarity, reverting to Python
6533.7s 1325 Similarity column 6969 (100.0%), 745.76 column/sec. Elapsed time 9.34 sec
6533.9s 1326 EvaluatorHoldout: Ignoring 31 ( 0.1%) Users that have less than 1 test interactions
6547.7s 1327 EvaluatorHoldout: Processed 27064 (100.0%) in 13.92 sec. Users per second: 1944
6547.7s 1328 [I 2025-12-07 22:31:21,455] Trial 53 finished with value: 0.2524482010984138 and parameters: {'topK': 6, 'shrink': 108, 'tversky_alpha': 0.1927921354335606, 'tversky_beta': 1.752833072851258}. Best is trial 38 with value: 0.25267818036663353.
6547.7s 1329 
6547.7s 1330 [I 2025-12-07 22:31:21,455] Trial 53 finished with value: 0.2524482010984138 and parameters: {'topK': 6, 'shrink': 108, 'tversky_alpha': 0.1927921354335606, 'tversky_beta': 1.752833072851258}. Best is trial 38 with value: 0.25267818036663353.
6547.8s 1331 [0.2531562888782423, 0.25223173636371854, 0.25160394764305843, 0.2528597023115109, 0.25238933029553884]
6548.2s 1332 Unable to load Cython Compute_Similarity, reverting to Python
6557.2s 1333 Similarity column 6969 (100.0%), 752.12 column/sec. Elapsed time 9.27 sec
6557.4s 1334 EvaluatorHoldout: Ignoring 31 ( 0.1%) Users that have less than 1 test interactions
6571.2s 1335 EvaluatorHoldout: Processed 27064 (100.0%) in 13.97 sec. Users per second: 1937
6571.7s 1336 Unable to load Cython Compute_Similarity, reverting to Python
6581.2s 1337 Similarity column 6969 (100.0%), 731.37 column/sec. Elapsed time 9.53 sec
6581.3s 1338 EvaluatorHoldout: Ignoring 29 ( 0.1%) Users that have less than 1 test interactions
6595.0s 1339 EvaluatorHoldout: Processed 27066 (100.0%) in 13.91 sec. Users per second: 1946
6595.5s 1340 Unable to load Cython Compute_Similarity, reverting to Python
6605.0s 1341 Similarity column 6969 (100.0%), 716.53 column/sec. Elapsed time 9.73 sec
6605.2s 1342 EvaluatorHoldout: Ignoring 40 ( 0.1%) Users that have less than 1 test interactions
6619.0s 1343 EvaluatorHoldout: Processed 27055 (100.0%) in 13.91 sec. Users per second: 1945
6619.4s 1344 Unable to load Cython Compute_Similarity, reverting to Python
6628.7s 1345 Similarity column 6969 (100.0%), 741.17 column/sec. Elapsed time 9.40 sec
6628.9s 1346 EvaluatorHoldout: Ignoring 31 ( 0.1%) Users that have less than 1 test interactions
6642.6s 1347 EvaluatorHoldout: Processed 27064 (100.0%) in 13.90 sec. Users per second: 1947
6643.1s 1348 Unable to load Cython Compute_Similarity, reverting to Python
6652.1s 1349 Similarity column 6969 (100.0%), 762.20 column/sec. Elapsed time 9.14 sec
6652.2s 1350 EvaluatorHoldout: Ignoring 31 ( 0.1%) Users that have less than 1 test interactions
6665.9s 1351 EvaluatorHoldout: Processed 27064 (100.0%) in 13.86 sec. Users per second: 1953
6665.9s 1352 [I 2025-12-07 22:33:19,732] Trial 54 finished with value: 0.25229854775211474 and parameters: {'topK': 7, 'shrink': 161, 'tversky_alpha': 0.1594461694315671, 'tversky_beta': 1.7986553626820911}. Best is trial 38 with value: 0.25267818036663353.
6665.9s 1353 
