2357.9s 490 [I 2025-12-07 21:21:31,747] Trial 18 finished with value: 0.25214566641897707 and parameters: {'topK': 9, 'shrink': 144, 'tversky_alpha': 0.20121378692005157, 'tversky_beta': 1.7994249251447874}. Best is trial 18 with value: 0.25214566641897707.
2358.1s 491 [0.2525044710071924, 0.2522173471640538, 0.2515062778617128, 0.2521781129361633, 0.25232212312576274]
2358.5s 492 Unable to load Cython Compute_Similarity, reverting to Python
2368.1s 493 Similarity column 6969 (100.0%), 707.69 column/sec. Elapsed time 9.85 sec
2368.3s 494 EvaluatorHoldout: Ignoring 31 ( 0.1%) Users that have less than 1 test interactions
2382.5s 495 EvaluatorHoldout: Processed 27064 (100.0%) in 14.32 sec. Users per second: 1889
2383.0s 496 Unable to load Cython Compute_Similarity, reverting to Python
2392.8s 497 Similarity column 6969 (100.0%), 696.10 column/sec. Elapsed time 10.01 sec
2393.0s 498 EvaluatorHoldout: Ignoring 29 ( 0.1%) Users that have less than 1 test interactions
2407.0s 499 EvaluatorHoldout: Processed 27066 (100.0%) in 14.15 sec. Users per second: 1912
2407.5s 500 Unable to load Cython Compute_Similarity, reverting to Python
2417.1s 501 Similarity column 6969 (100.0%), 708.42 column/sec. Elapsed time 9.84 sec
2417.3s 502 EvaluatorHoldout: Ignoring 40 ( 0.1%) Users that have less than 1 test interactions
2431.4s 503 EvaluatorHoldout: Processed 27055 (100.0%) in 14.25 sec. Users per second: 1898
2431.9s 504 Unable to load Cython Compute_Similarity, reverting to Python
2441.4s 505 Similarity column 6969 (100.0%), 720.40 column/sec. Elapsed time 9.67 sec
2441.6s 506 EvaluatorHoldout: Ignoring 31 ( 0.1%) Users that have less than 1 test interactions
2455.7s 507 EvaluatorHoldout: Processed 27064 (100.0%) in 14.23 sec. Users per second: 1902
2456.1s 508 Unable to load Cython Compute_Similarity, reverting to Python
2465.5s 509 Similarity column 6969 (100.0%), 725.72 column/sec. Elapsed time 9.60 sec
2465.7s 510 EvaluatorHoldout: Ignoring 31 ( 0.1%) Users that have less than 1 test interactions
2479.7s 511 EvaluatorHoldout: Processed 27064 (100.0%) in 14.14 sec. Users per second: 1914
2479.7s 512 [I 2025-12-07 21:23:33,532] Trial 19 finished with value: 0.24815792139338022 and parameters: {'topK': 14, 'shrink': 147, 'tversky_alpha': 0.2038856449600606, 'tversky_beta': 1.797375654280432}. Best is trial 18 with value: 0.25214566641897707.
2479.7s 513 
2479.7s 514 [I 2025-12-07 21:23:33,532] Trial 19 finished with value: 0.24815792139338022 and parameters: {'topK': 14, 'shrink': 147, 'tversky_alpha': 0.2038856449600606, 'tversky_beta': 1.797375654280432}. Best is trial 18 with value: 0.25214566641897707.
2479.9s 515 [0.24902582852208302, 0.24790509857022097, 0.24735513290270345, 0.24843285275547414, 0.24807069421641947]
2480.2s 516 Unable to load Cython Compute_Similarity, reverting to Python
2490.2s 517 Similarity column 6969 (100.0%), 688.11 column/sec. Elapsed time 10.13 sec
2490.4s 518 EvaluatorHoldout: Ignoring 31 ( 0.1%) Users that have less than 1 test interactions
2504.4s 519 EvaluatorHoldout: Processed 27064 (100.0%) in 14.19 sec. Users per second: 1907
2504.9s 520 Unable to load Cython Compute_Similarity, reverting to Python
2514.4s 521 Similarity column 6969 (100.0%), 717.56 column/sec. Elapsed time 9.71 sec
2514.6s 522 EvaluatorHoldout: Ignoring 29 ( 0.1%) Users that have less than 1 test interactions
2528.7s 523 EvaluatorHoldout: Processed 27066 (100.0%) in 14.21 sec. Users per second: 1904
2529.1s 524 Unable to load Cython Compute_Similarity, reverting to Python
2538.5s 525 Similarity column 6969 (100.0%), 724.81 column/sec. Elapsed time 9.61 sec
2538.7s 526 EvaluatorHoldout: Ignoring 40 ( 0.1%) Users that have less than 1 test interactions
2552.7s 527 EvaluatorHoldout: Processed 27055 (100.0%) in 14.11 sec. Users per second: 1918
2553.2s 528 Unable to load Cython Compute_Similarity, reverting to Python
2562.5s 529 Similarity column 6969 (100.0%), 733.76 column/sec. Elapsed time 9.50 sec
2562.7s 530 EvaluatorHoldout: Ignoring 31 ( 0.1%) Users that have less than 1 test interactions
2576.8s 531 EvaluatorHoldout: Processed 27064 (100.0%) in 14.26 sec. Users per second: 1898
2577.3s 532 Unable to load Cython Compute_Similarity, reverting to Python
2586.8s 533 Similarity column 6969 (100.0%), 713.50 column/sec. Elapsed time 9.77 sec
2587.0s 534 EvaluatorHoldout: Ignoring 31 ( 0.1%) Users that have less than 1 test interactions
2601.2s 535 EvaluatorHoldout: Processed 27064 (100.0%) in 14.28 sec. Users per second: 1896
2601.2s 536 [I 2025-12-07 21:25:34,953] Trial 20 finished with value: 0.2462506711743389 and parameters: {'topK': 10, 'shrink': 180, 'tversky_alpha': 0.27714567040960125, 'tversky_beta': 1.476275240083401}. Best is trial 18 with value: 0.25214566641897707.
2601.2s 537 
2601.2s 538 [I 2025-12-07 21:25:34,953] Trial 20 finished with value: 0.2462506711743389 and parameters: {'topK': 10, 'shrink': 180, 'tversky_alpha': 0.27714567040960125, 'tversky_beta': 1.476275240083401}. Best is trial 18 with value: 0.25214566641897707.
2601.3s 539 [0.24708761192430947, 0.24580427651747538, 0.24543212962212016, 0.2469175345729131, 0.24601180323487642]
2601.7s 540 Unable to load Cython Compute_Similarity, reverting to Python
2611.2s 541 Similarity column 6969 (100.0%), 712.60 column/sec. Elapsed time 9.78 sec
2611.4s 542 EvaluatorHoldout: Ignoring 31 ( 0.1%) Users that have less than 1 test interactions
2625.2s 543 EvaluatorHoldout: Processed 27064 (100.0%) in 13.95 sec. Users per second: 1939
2625.7s 544 Unable to load Cython Compute_Similarity, reverting to Python
2635.4s 545 Similarity column 6969 (100.0%), 706.60 column/sec. Elapsed time 9.86 sec
2635.6s 546 EvaluatorHoldout: Ignoring 29 ( 0.1%) Users that have less than 1 test interactions
2649.5s 547 EvaluatorHoldout: Processed 27066 (100.0%) in 14.05 sec. Users per second: 1926
2650.0s 548 Unable to load Cython Compute_Similarity, reverting to Python
2659.8s 549 Similarity column 6969 (100.0%), 695.90 column/sec. Elapsed time 10.01 sec
2660.0s 550 EvaluatorHoldout: Ignoring 40 ( 0.1%) Users that have less than 1 test interactions
2673.9s 551 EvaluatorHoldout: Processed 27055 (100.0%) in 14.05 sec. Users per second: 1926
2674.4s 552 Unable to load Cython Compute_Similarity, reverting to Python
2683.6s 553 Similarity column 6969 (100.0%), 738.24 column/sec. Elapsed time 9.44 sec
2683.8s 554 EvaluatorHoldout: Ignoring 31 ( 0.1%) Users that have less than 1 test interactions
2697.7s 555 EvaluatorHoldout: Processed 27064 (100.0%) in 14.11 sec. Users per second: 1918
2698.2s 556 Unable to load Cython Compute_Similarity, reverting to Python
2707.5s 557 Similarity column 6969 (100.0%), 736.61 column/sec. Elapsed time 9.46 sec
2707.7s 558 EvaluatorHoldout: Ignoring 31 ( 0.1%) Users that have less than 1 test interactions
2721.5s 559 EvaluatorHoldout: Processed 27064 (100.0%) in 13.94 sec. Users per second: 1942
2721.5s 560 [I 2025-12-07 21:27:35,287] Trial 21 finished with value: 0.2520869569014878 and parameters: {'topK': 9, 'shrink': 122, 'tversky_alpha': 0.20113071204457744, 'tversky_beta': 1.7137267640105363}. Best is trial 18 with value: 0.25214566641897707.
2721.5s 561 
2721.5s 562 [I 2025-12-07 21:27:35,287] Trial 21 finished with value: 0.2520869569014878 and parameters: {'topK': 9, 'shrink': 122, 'tversky_alpha': 0.20113071204457744, 'tversky_beta': 1.7137267640105363}. Best is trial 18 with value: 0.25214566641897707.
2721.7s 563 [0.25232408637728243, 0.25217000402157175, 0.25124180092035747, 0.2523990091471346, 0.25229988404109277]
2722.0s 564 Unable to load Cython Compute_Similarity, reverting to Python
2731.2s 565 Similarity column 6969 (100.0%), 737.33 column/sec. Elapsed time 9.45 sec
2731.4s 566 EvaluatorHoldout: Ignoring 31 ( 0.1%) Users that have less than 1 test interactions
2745.1s 567 EvaluatorHoldout: Processed 27064 (100.0%) in 13.83 sec. Users per second: 1957
2745.6s 568 Unable to load Cython Compute_Similarity, reverting to Python
2755.1s 569 Similarity column 6969 (100.0%), 721.43 column/sec. Elapsed time 9.66 sec
2755.3s 570 EvaluatorHoldout: Ignoring 29 ( 0.1%) Users that have less than 1 test interactions
2769.2s 571 EvaluatorHoldout: Processed 27066 (100.0%) in 14.07 sec. Users per second: 1924
2769.7s 572 Unable to load Cython Compute_Similarity, reverting to Python
2779.5s 573 Similarity column 6969 (100.0%), 692.76 column/sec. Elapsed time 10.06 sec
2779.7s 574 EvaluatorHoldout: Ignoring 40 ( 0.1%) Users that have less than 1 test interactions
2793.9s 575 EvaluatorHoldout: Processed 27055 (100.0%) in 14.34 sec. Users per second: 1886
2794.4s 576 Unable to load Cython Compute_Similarity, reverting to Python
2803.8s 577 Similarity column 6969 (100.0%), 721.82 column/sec. Elapsed time 9.65 sec
2804.0s 578 EvaluatorHoldout: Ignoring 31 ( 0.1%) Users that have less than 1 test interactions
2818.0s 579 EvaluatorHoldout: Processed 27064 (100.0%) in 14.05 sec. Users per second: 1926
2818.4s 580 Unable to load Cython Compute_Similarity, reverting to Python
2827.6s 581 Similarity column 6969 (100.0%), 742.56 column/sec. Elapsed time 9.39 sec
2827.8s 582 EvaluatorHoldout: Ignoring 31 ( 0.1%) Users that have less than 1 test interactions
2841.7s 583 EvaluatorHoldout: Processed 27064 (100.0%) in 14.04 sec. Users per second: 1927
2841.7s 584 [I 2025-12-07 21:29:35,505] Trial 22 finished with value: 0.25244727226048275 and parameters: {'topK': 8, 'shrink': 102, 'tversky_alpha': 0.1353466441521345, 'tversky_beta': 1.7131425180293305}. Best is trial 22 with value: 0.25244727226048275.
2841.7s 585 
2841.7s 586 [I 2025-12-07 21:29:35,505] Trial 22 finished with value: 0.25244727226048275 and parameters: {'topK': 8, 'shrink': 102, 'tversky_alpha': 0.1353466441521345, 'tversky_beta': 1.7131425180293305}. Best is trial 22 with value: 0.25244727226048275.
2841.9s 587 [0.25251151509154823, 0.25260016740060054, 0.25175025636223625, 0.2523192922181536, 0.25305513022987514]
2842.2s 588 Unable to load Cython Compute_Similarity, reverting to Python
2851.8s 589 Similarity column 6969 (100.0%), 712.77 column/sec. Elapsed time 9.78 sec
2852.0s 590 EvaluatorHoldout: Ignoring 31 ( 0.1%) Users that have less than 1 test interactions
2865.8s 591 EvaluatorHoldout: Processed 27064 (100.0%) in 14.01 sec. Users per second: 1932
2866.3s 592 Unable to load Cython Compute_Similarity, reverting to Python
2876.6s 593 Similarity column 6969 (100.0%), 666.08 column/sec. Elapsed time 10.46 sec
2876.8s 594 EvaluatorHoldout: Ignoring 29 ( 0.1%) Users that have less than 1 test interactions
2890.6s 595 EvaluatorHoldout: Processed 27066 (100.0%) in 13.93 sec. Users per second: 1944
2891.0s 596 Unable to load Cython Compute_Similarity, reverting to Python
2901.3s 597 Similarity column 6969 (100.0%), 665.14 column/sec. Elapsed time 10.48 sec
2901.5s 598 EvaluatorHoldout: Ignoring 40 ( 0.1%) Users that have less than 1 test interactions
2915.4s 599 EvaluatorHoldout: Processed 27055 (100.0%) in 14.07 sec. Users per second: 1923
2915.9s 600 Unable to load Cython Compute_Similarity, reverting to Python
2925.2s 601 Similarity column 6969 (100.0%), 734.55 column/sec. Elapsed time 9.49 sec
2925.4s 602 EvaluatorHoldout: Ignoring 31 ( 0.1%) Users that have less than 1 test interactions
2939.3s 603 EvaluatorHoldout: Processed 27064 (100.0%) in 14.05 sec. Users per second: 1926
2939.8s 604 Unable to load Cython Compute_Similarity, reverting to Python
2949.3s 605 Similarity column 6969 (100.0%), 718.43 column/sec. Elapsed time 9.70 sec
2949.5s 606 EvaluatorHoldout: Ignoring 31 ( 0.1%) Users that have less than 1 test interactions
2963.4s 607 EvaluatorHoldout: Processed 27064 (100.0%) in 14.03 sec. Users per second: 1929
2963.4s 608 [I 2025-12-07 21:31:37,140] Trial 23 finished with value: 0.2524387982806947 and parameters: {'topK': 8, 'shrink': 101, 'tversky_alpha': 0.1313300316095126, 'tversky_beta': 1.7954526109083022}. Best is trial 22 with value: 0.25244727226048275.
2963.4s 609 
2963.4s 610 [I 2025-12-07 21:31:37,140] Trial 23 finished with value: 0.2524387982806947 and parameters: {'topK': 8, 'shrink': 101, 'tversky_alpha': 0.1313300316095126, 'tversky_beta': 1.7954526109083022}. Best is trial 22 with value: 0.25244727226048275.
2963.5s 611 [0.25275185484293244, 0.25270139727277086, 0.25148424521245477, 0.2522706431743933, 0.25298585090092224]
2963.8s 612 Unable to load Cython Compute_Similarity, reverting to Python
2973.5s 613 Similarity column 6969 (100.0%), 705.78 column/sec. Elapsed time 9.87 sec
2973.7s 614 EvaluatorHoldout: Ignoring 31 ( 0.1%) Users that have less than 1 test interactions
2987.4s 615 EvaluatorHoldout: Processed 27064 (100.0%) in 13.84 sec. Users per second: 1955
2987.9s 616 Unable to load Cython Compute_Similarity, reverting to Python
2998.1s 617 Similarity column 6969 (100.0%), 671.76 column/sec. Elapsed time 10.37 sec
2998.3s 618 EvaluatorHoldout: Ignoring 29 ( 0.1%) Users that have less than 1 test interactions
3012.3s 619 EvaluatorHoldout: Processed 27066 (100.0%) in 14.16 sec. Users per second: 1912
3012.8s 620 Unable to load Cython Compute_Similarity, reverting to Python
3022.6s 621 Similarity column 6969 (100.0%), 692.17 column/sec. Elapsed time 10.07 sec
3022.8s 622 EvaluatorHoldout: Ignoring 40 ( 0.1%) Users that have less than 1 test interactions
3036.7s 623 EvaluatorHoldout: Processed 27055 (100.0%) in 14.05 sec. Users per second: 1926
3037.2s 624 Unable to load Cython Compute_Similarity, reverting to Python
3046.8s 625 Similarity column 6969 (100.0%), 712.28 column/sec. Elapsed time 9.78 sec
3047.0s 626 EvaluatorHoldout: Ignoring 31 ( 0.1%) Users that have less than 1 test interactions
3060.8s 627 EvaluatorHoldout: Processed 27064 (100.0%) in 13.98 sec. Users per second: 1936
3061.3s 628 Unable to load Cython Compute_Similarity, reverting to Python
3071.7s 629 Similarity column 6969 (100.0%), 660.17 column/sec. Elapsed time 10.56 sec
3071.9s 630 EvaluatorHoldout: Ignoring 31 ( 0.1%) Users that have less than 1 test interactions
3085.7s 631 EvaluatorHoldout: Processed 27064 (100.0%) in 13.94 sec. Users per second: 1941
3085.7s 632 [I 2025-12-07 21:33:39,471] Trial 24 finished with value: 0.2523778516427512 and parameters: {'topK': 8, 'shrink': 100, 'tversky_alpha': 0.13165225870440037, 'tversky_beta': 1.7794186452670555}. Best is trial 22 with value: 0.25244727226048275.
3085.7s 633 
3085.7s 634 [I 2025-12-07 21:33:39,471] Trial 24 finished with value: 0.2523778516427512 and parameters: {'topK': 8, 'shrink': 100, 'tversky_alpha': 0.13165225870440037, 'tversky_beta': 1.7794186452670555}. Best is trial 22 with value: 0.25244727226048275.
3085.9s 635 [0.2526967013703687, 0.25260867981864227, 0.2513530205543296, 0.2521484323143651, 0.2530824241560506]
3086.2s 636 Unable to load Cython Compute_Similarity, reverting to Python
3095.5s 637 Similarity column 6969 (100.0%), 728.89 column/sec. Elapsed time 9.56 sec
3095.7s 638 EvaluatorHoldout: Ignoring 31 ( 0.1%) Users that have less than 1 test interactions
3109.4s 639 EvaluatorHoldout: Processed 27064 (100.0%) in 13.84 sec. Users per second: 1955
3109.9s 640 Unable to load Cython Compute_Similarity, reverting to Python
3119.4s 641 Similarity column 6969 (100.0%), 716.87 column/sec. Elapsed time 9.72 sec
3119.6s 642 EvaluatorHoldout: Ignoring 29 ( 0.1%) Users that have less than 1 test interactions
3133.4s 643 EvaluatorHoldout: Processed 27066 (100.0%) in 13.94 sec. Users per second: 1942
3133.9s 644 Unable to load Cython Compute_Similarity, reverting to Python
3143.3s 645 Similarity column 6969 (100.0%), 724.17 column/sec. Elapsed time 9.62 sec
3143.5s 646 EvaluatorHoldout: Ignoring 40 ( 0.1%) Users that have less than 1 test interactions
3157.1s 647 EvaluatorHoldout: Processed 27055 (100.0%) in 13.80 sec. Users per second: 1960
3157.6s 648 Unable to load Cython Compute_Similarity, reverting to Python
3166.8s 649 Similarity column 6969 (100.0%), 744.45 column/sec. Elapsed time 9.36 sec
3167.0s 650 EvaluatorHoldout: Ignoring 31 ( 0.1%) Users that have less than 1 test interactions
3181.0s 651 EvaluatorHoldout: Processed 27064 (100.0%) in 14.11 sec. Users per second: 1918
3181.5s 652 Unable to load Cython Compute_Similarity, reverting to Python
3190.8s 653 Similarity column 6969 (100.0%), 730.17 column/sec. Elapsed time 9.54 sec
3191.0s 654 EvaluatorHoldout: Ignoring 31 ( 0.1%) Users that have less than 1 test interactions
3204.8s 655 EvaluatorHoldout: Processed 27064 (100.0%) in 13.97 sec. Users per second: 1937
3204.8s 656 [I 2025-12-07 21:35:38,620] Trial 25 finished with value: 0.25239914902910915 and parameters: {'topK': 8, 'shrink': 100, 'tversky_alpha': 0.13223878656409316, 'tversky_beta': 1.715628877663173}. Best is trial 22 with value: 0.25244727226048275.
3204.8s 657 
3204.8s 658 [I 2025-12-07 21:35:38,620] Trial 25 finished with value: 0.25239914902910915 and parameters: {'topK': 8, 'shrink': 100, 'tversky_alpha': 0.13223878656409316, 'tversky_beta': 1.715628877663173}. Best is trial 22 with value: 0.25244727226048275.
3205.0s 659 [0.25252574226517943, 0.25263221132260305, 0.25158643793093616, 0.25215356340885287, 0.25309779021797424]
3205.3s 660 Unable to load Cython Compute_Similarity, reverting to Python
3215.7s 661 Similarity column 6969 (100.0%), 662.46 column/sec. Elapsed time 10.52 sec
3215.9s 662 EvaluatorHoldout: Ignoring 31 ( 0.1%) Users that have less than 1 test interactions
3229.6s 663 EvaluatorHoldout: Processed 27064 (100.0%) in 13.88 sec. Users per second: 1950
3230.0s 664 Unable to load Cython Compute_Similarity, reverting to Python
3239.5s 665 Similarity column 6969 (100.0%), 725.84 column/sec. Elapsed time 9.60 sec
3239.7s 666 EvaluatorHoldout: Ignoring 29 ( 0.1%) Users that have less than 1 test interactions
3253.5s 667 EvaluatorHoldout: Processed 27066 (100.0%) in 13.98 sec. Users per second: 1935
3253.9s 668 Unable to load Cython Compute_Similarity, reverting to Python
3263.2s 669 Similarity column 6969 (100.0%), 737.09 column/sec. Elapsed time 9.45 sec
3263.4s 670 EvaluatorHoldout: Ignoring 40 ( 0.1%) Users that have less than 1 test interactions
3277.2s 671 EvaluatorHoldout: Processed 27055 (100.0%) in 13.97 sec. Users per second: 1937
3277.7s 672 Unable to load Cython Compute_Similarity, reverting to Python
3287.0s 673 Similarity column 6969 (100.0%), 732.45 column/sec. Elapsed time 9.51 sec
3287.2s 674 EvaluatorHoldout: Ignoring 31 ( 0.1%) Users that have less than 1 test interactions
3301.1s 675 EvaluatorHoldout: Processed 27064 (100.0%) in 14.08 sec. Users per second: 1923
3301.6s 676 Unable to load Cython Compute_Similarity, reverting to Python
3310.7s 677 Similarity column 6969 (100.0%), 754.23 column/sec. Elapsed time 9.24 sec
3310.9s 678 EvaluatorHoldout: Ignoring 31 ( 0.1%) Users that have less than 1 test interactions
3324.9s 679 EvaluatorHoldout: Processed 27064 (100.0%) in 14.12 sec. Users per second: 1916
3324.9s 680 [I 2025-12-07 21:37:38,634] Trial 26 finished with value: 0.25230486793433293 and parameters: {'topK': 8, 'shrink': 123, 'tversky_alpha': 0.12772099033230477, 'tversky_beta': 1.6967170279267978}. Best is trial 22 with value: 0.25244727226048275.
3324.9s 681 
3324.9s 682 [I 2025-12-07 21:37:38,634] Trial 26 finished with value: 0.25230486793433293 and parameters: {'topK': 8, 'shrink': 123, 'tversky_alpha': 0.12772099033230477, 'tversky_beta': 1.6967170279267978}. Best is trial 22 with value: 0.25244727226048275.
3325.0s 683 [0.25238594111121854, 0.2525461853595938, 0.2515855009519991, 0.25210412270039967, 0.25290258954845357]
3325.3s 684 Unable to load Cython Compute_Similarity, reverting to Python
3334.8s 685 Similarity column 6969 (100.0%), 722.38 column/sec. Elapsed time 9.65 sec
3335.0s 686 EvaluatorHoldout: Ignoring 31 ( 0.1%) Users that have less than 1 test interactions
3348.7s 687 EvaluatorHoldout: Processed 27064 (100.0%) in 13.85 sec. Users per second: 1954
3349.2s 688 Unable to load Cython Compute_Similarity, reverting to Python
3359.1s 689 Similarity column 6969 (100.0%), 690.28 column/sec. Elapsed time 10.10 sec
3359.3s 690 EvaluatorHoldout: Ignoring 29 ( 0.1%) Users that have less than 1 test interactions
3373.1s 691 EvaluatorHoldout: Processed 27066 (100.0%) in 14.03 sec. Users per second: 1929
3373.6s 692 Unable to load Cython Compute_Similarity, reverting to Python
3383.2s 693 Similarity column 6969 (100.0%), 714.94 column/sec. Elapsed time 9.75 sec
3383.4s 694 EvaluatorHoldout: Ignoring 40 ( 0.1%) Users that have less than 1 test interactions
3397.2s 695 EvaluatorHoldout: Processed 27055 (100.0%) in 13.94 sec. Users per second: 1941
3397.6s 696 Unable to load Cython Compute_Similarity, reverting to Python
3407.3s 697 Similarity column 6969 (100.0%), 702.61 column/sec. Elapsed time 9.92 sec
3407.5s 698 EvaluatorHoldout: Ignoring 31 ( 0.1%) Users that have less than 1 test interactions
3421.5s 699 EvaluatorHoldout: Processed 27064 (100.0%) in 14.13 sec. Users per second: 1916
3422.0s 700 Unable to load Cython Compute_Similarity, reverting to Python
3431.6s 701 Similarity column 6969 (100.0%), 712.12 column/sec. Elapsed time 9.79 sec
3431.8s 702 EvaluatorHoldout: Ignoring 31 ( 0.1%) Users that have less than 1 test interactions
3445.7s 703 EvaluatorHoldout: Processed 27064 (100.0%) in 14.06 sec. Users per second: 1925
3445.7s 704 [I 2025-12-07 21:39:39,490] Trial 27 finished with value: 0.2506472849751443 and parameters: {'topK': 6, 'shrink': 273, 'tversky_alpha': 0.1379221485585259, 'tversky_beta': 1.7202859985145535}. Best is trial 22 with value: 0.25244727226048275.
3445.7s 705 
