20553.6s 4162 [I 2025-12-08 02:24:47,402] Trial 171 finished with value: 0.2527807651139406 and parameters: {'topK': 8, 'shrink': 105, 'tversky_alpha': 0.19724325189457043, 'tversky_beta': 1.7510899710911885}. Best is trial 161 with value: 0.2529149947872584.
20553.8s 4163 [0.25341066182683253, 0.2529542813114313, 0.25182271475033285, 0.2527908919234582, 0.25292527575764817]
20554.1s 4164 Unable to load Cython Compute_Similarity, reverting to Python
20563.4s 4165 Similarity column 6969 (100.0%), 732.96 column/sec. Elapsed time 9.51 sec
20563.6s 4166 EvaluatorHoldout: Ignoring 31 ( 0.1%) Users that have less than 1 test interactions
20577.5s 4167 EvaluatorHoldout: Processed 27064 (100.0%) in 13.83 sec. Users per second: 1957
20577.8s 4168 Unable to load Cython Compute_Similarity, reverting to Python
20587.0s 4169 Similarity column 6969 (100.0%), 743.61 column/sec. Elapsed time 9.37 sec
20587.2s 4170 EvaluatorHoldout: Ignoring 29 ( 0.1%) Users that have less than 1 test interactions
20601.3s 4171 EvaluatorHoldout: Processed 27066 (100.0%) in 14.29 sec. Users per second: 1894
20601.8s 4172 Unable to load Cython Compute_Similarity, reverting to Python
20611.1s 4173 Similarity column 6969 (100.0%), 745.54 column/sec. Elapsed time 9.35 sec
20611.1s 4174 EvaluatorHoldout: Ignoring 40 ( 0.1%) Users that have less than 1 test interactions
20625.1s 4175 EvaluatorHoldout: Processed 27055 (100.0%) in 14.15 sec. Users per second: 1912
20625.6s 4176 Unable to load Cython Compute_Similarity, reverting to Python
20634.7s 4177 Similarity column 6969 (100.0%), 751.96 column/sec. Elapsed time 9.27 sec
20634.9s 4178 EvaluatorHoldout: Ignoring 31 ( 0.1%) Users that have less than 1 test interactions
20649.1s 4179 EvaluatorHoldout: Processed 27064 (100.0%) in 14.26 sec. Users per second: 1898
20649.4s 4180 Unable to load Cython Compute_Similarity, reverting to Python
20658.6s 4181 Similarity column 6969 (100.0%), 745.97 column/sec. Elapsed time 9.34 sec
20658.8s 4182 EvaluatorHoldout: Ignoring 31 ( 0.1%) Users that have less than 1 test interactions
20672.8s 4183 EvaluatorHoldout: Processed 27064 (100.0%) in 14.17 sec. Users per second: 1910
20672.8s 4184 [I 2025-12-08 02:26:46,611] Trial 172 finished with value: 0.25286330138196256 and parameters: {'topK': 8, 'shrink': 104, 'tversky_alpha': 0.17993106150924387, 'tversky_beta': 1.7471597305579283}. Best is trial 161 with value: 0.2529149947872584.
20672.8s 4185 
20672.8s 4186 [I 2025-12-08 02:26:46,611] Trial 172 finished with value: 0.25286330138196256 and parameters: {'topK': 8, 'shrink': 104, 'tversky_alpha': 0.17993106150924387, 'tversky_beta': 1.7471597305579283}. Best is trial 161 with value: 0.2529149947872584.
20673.0s 4187 [0.253540074815867, 0.2531317388437256, 0.2524391875588051, 0.25215479299212423, 0.25305071269929086]
20673.3s 4188 Unable to load Cython Compute_Similarity, reverting to Python
20682.8s 4189 Similarity column 6969 (100.0%), 736.48 column/sec. Elapsed time 9.46 sec
20682.8s 4190 EvaluatorHoldout: Ignoring 31 ( 0.1%) Users that have less than 1 test interactions
20696.5s 4191 EvaluatorHoldout: Processed 27064 (100.0%) in 13.92 sec. Users per second: 1944
20697.0s 4192 Unable to load Cython Compute_Similarity, reverting to Python
20706.3s 4193 Similarity column 6969 (100.0%), 735.24 column/sec. Elapsed time 9.48 sec
20706.5s 4194 EvaluatorHoldout: Ignoring 29 ( 0.1%) Users that have less than 1 test interactions
20720.4s 4195 EvaluatorHoldout: Processed 27066 (100.0%) in 13.90 sec. Users per second: 1947
20720.7s 4196 Unable to load Cython Compute_Similarity, reverting to Python
20729.9s 4197 Similarity column 6969 (100.0%), 744.03 column/sec. Elapsed time 9.37 sec
20730.1s 4198 EvaluatorHoldout: Ignoring 40 ( 0.1%) Users that have less than 1 test interactions
20743.9s 4199 EvaluatorHoldout: Processed 27055 (100.0%) in 13.95 sec. Users per second: 1940
20744.4s 4200 Unable to load Cython Compute_Similarity, reverting to Python
20753.6s 4201 Similarity column 6969 (100.0%), 758.26 column/sec. Elapsed time 9.19 sec
20753.6s 4202 EvaluatorHoldout: Ignoring 31 ( 0.1%) Users that have less than 1 test interactions
20767.4s 4203 EvaluatorHoldout: Processed 27064 (100.0%) in 13.96 sec. Users per second: 1939
20767.8s 4204 Unable to load Cython Compute_Similarity, reverting to Python
20776.8s 4205 Similarity column 6969 (100.0%), 765.07 column/sec. Elapsed time 9.11 sec
20777.0s 4206 EvaluatorHoldout: Ignoring 31 ( 0.1%) Users that have less than 1 test interactions
20791.2s 4207 EvaluatorHoldout: Processed 27064 (100.0%) in 14.16 sec. Users per second: 1912
20791.2s 4208 [I 2025-12-08 02:28:44,757] Trial 173 finished with value: 0.25286686765096417 and parameters: {'topK': 8, 'shrink': 105, 'tversky_alpha': 0.18018454850854315, 'tversky_beta': 1.7497421897233525}. Best is trial 161 with value: 0.2529149947872584.
20791.2s 4209 
20791.2s 4210 [I 2025-12-08 02:28:44,757] Trial 173 finished with value: 0.25286686765096417 and parameters: {'topK': 8, 'shrink': 105, 'tversky_alpha': 0.18018454850854315, 'tversky_beta': 1.7497421897233525}. Best is trial 161 with value: 0.2529149947872584.
20791.2s 4211 [0.25348756288551516, 0.2531382348667224, 0.25244716337897016, 0.25220327195980236, 0.25305810516381083]
20791.5s 4212 Unable to load Cython Compute_Similarity, reverting to Python
20800.6s 4213 Similarity column 6969 (100.0%), 746.99 column/sec. Elapsed time 9.33 sec
20800.8s 4214 EvaluatorHoldout: Ignoring 31 ( 0.1%) Users that have less than 1 test interactions
20814.6s 4215 EvaluatorHoldout: Processed 27064 (100.0%) in 13.94 sec. Users per second: 1942
20815.1s 4216 Unable to load Cython Compute_Similarity, reverting to Python
20824.6s 4217 Similarity column 6969 (100.0%), 729.58 column/sec. Elapsed time 9.55 sec
20824.6s 4218 EvaluatorHoldout: Ignoring 29 ( 0.1%) Users that have less than 1 test interactions
20838.4s 4219 EvaluatorHoldout: Processed 27066 (100.0%) in 13.90 sec. Users per second: 1947
20838.9s 4220 Unable to load Cython Compute_Similarity, reverting to Python
20848.1s 4221 Similarity column 6969 (100.0%), 737.21 column/sec. Elapsed time 9.45 sec
20848.3s 4222 EvaluatorHoldout: Ignoring 40 ( 0.1%) Users that have less than 1 test interactions
20862.3s 4223 EvaluatorHoldout: Processed 27055 (100.0%) in 13.96 sec. Users per second: 1937
20862.6s 4224 Unable to load Cython Compute_Similarity, reverting to Python
20871.6s 4225 Similarity column 6969 (100.0%), 755.45 column/sec. Elapsed time 9.22 sec
20871.8s 4226 EvaluatorHoldout: Ignoring 31 ( 0.1%) Users that have less than 1 test interactions
20885.8s 4227 EvaluatorHoldout: Processed 27064 (100.0%) in 14.08 sec. Users per second: 1922
20886.2s 4228 Unable to load Cython Compute_Similarity, reverting to Python
20895.6s 4229 Similarity column 6969 (100.0%), 745.68 column/sec. Elapsed time 9.35 sec
20895.6s 4230 EvaluatorHoldout: Ignoring 31 ( 0.1%) Users that have less than 1 test interactions
20909.3s 4231 EvaluatorHoldout: Processed 27064 (100.0%) in 13.87 sec. Users per second: 1951
20909.3s 4232 [I 2025-12-08 02:30:43,114] Trial 174 finished with value: 0.25283628155558124 and parameters: {'topK': 8, 'shrink': 105, 'tversky_alpha': 0.18173023547793624, 'tversky_beta': 1.727623979073691}. Best is trial 161 with value: 0.2529149947872584.
20909.3s 4233 
20909.3s 4234 [I 2025-12-08 02:30:43,114] Trial 174 finished with value: 0.25283628155558124 and parameters: {'topK': 8, 'shrink': 105, 'tversky_alpha': 0.18173023547793624, 'tversky_beta': 1.727623979073691}. Best is trial 161 with value: 0.2529149947872584.
20909.5s 4235 [0.25329679232387525, 0.2529545919080248, 0.25233539705199903, 0.25248120127711604, 0.25311342521689106]
20909.8s 4236 Unable to load Cython Compute_Similarity, reverting to Python
20919.0s 4237 Similarity column 6969 (100.0%), 740.35 column/sec. Elapsed time 9.41 sec
20919.2s 4238 EvaluatorHoldout: Ignoring 31 ( 0.1%) Users that have less than 1 test interactions
20933.3s 4239 EvaluatorHoldout: Processed 27064 (100.0%) in 13.91 sec. Users per second: 1946
20933.5s 4240 Unable to load Cython Compute_Similarity, reverting to Python
20943.0s 4241 Similarity column 6969 (100.0%), 719.92 column/sec. Elapsed time 9.68 sec
20943.2s 4242 EvaluatorHoldout: Ignoring 29 ( 0.1%) Users that have less than 1 test interactions
20957.0s 4243 EvaluatorHoldout: Processed 27066 (100.0%) in 14.03 sec. Users per second: 1929
20957.5s 4244 Unable to load Cython Compute_Similarity, reverting to Python
20967.0s 4245 Similarity column 6969 (100.0%), 734.78 column/sec. Elapsed time 9.48 sec
20967.0s 4246 EvaluatorHoldout: Ignoring 40 ( 0.1%) Users that have less than 1 test interactions
20980.8s 4247 EvaluatorHoldout: Processed 27055 (100.0%) in 13.98 sec. Users per second: 1935
20981.3s 4248 Unable to load Cython Compute_Similarity, reverting to Python
20990.4s 4249 Similarity column 6969 (100.0%), 752.95 column/sec. Elapsed time 9.26 sec
20990.6s 4250 EvaluatorHoldout: Ignoring 31 ( 0.1%) Users that have less than 1 test interactions
21004.5s 4251 EvaluatorHoldout: Processed 27064 (100.0%) in 13.92 sec. Users per second: 1944
21004.8s 4252 Unable to load Cython Compute_Similarity, reverting to Python
21014.1s 4253 Similarity column 6969 (100.0%), 734.45 column/sec. Elapsed time 9.49 sec
21014.3s 4254 EvaluatorHoldout: Ignoring 31 ( 0.1%) Users that have less than 1 test interactions
21028.0s 4255 EvaluatorHoldout: Processed 27064 (100.0%) in 13.85 sec. Users per second: 1954
21028.0s 4256 [I 2025-12-08 02:32:41,803] Trial 175 finished with value: 0.2528243794670798 and parameters: {'topK': 8, 'shrink': 104, 'tversky_alpha': 0.1785931663834319, 'tversky_beta': 1.7270074858930295}. Best is trial 161 with value: 0.2529149947872584.
21028.0s 4257 
21028.0s 4258 [I 2025-12-08 02:32:41,803] Trial 175 finished with value: 0.2528243794670798 and parameters: {'topK': 8, 'shrink': 104, 'tversky_alpha': 0.1785931663834319, 'tversky_beta': 1.7270074858930295}. Best is trial 161 with value: 0.2529149947872584.
21028.2s 4259 [0.25350971584794063, 0.25284552881109884, 0.25245394871760257, 0.25223810122206874, 0.2530746027366881]
21028.5s 4260 Unable to load Cython Compute_Similarity, reverting to Python
21037.8s 4261 Similarity column 6969 (100.0%), 747.24 column/sec. Elapsed time 9.33 sec
21037.8s 4262 EvaluatorHoldout: Ignoring 31 ( 0.1%) Users that have less than 1 test interactions
21051.6s 4263 EvaluatorHoldout: Processed 27064 (100.0%) in 13.94 sec. Users per second: 1941
21052.1s 4264 Unable to load Cython Compute_Similarity, reverting to Python
21061.4s 4265 Similarity column 6969 (100.0%), 731.65 column/sec. Elapsed time 9.52 sec
21061.6s 4266 EvaluatorHoldout: Ignoring 29 ( 0.1%) Users that have less than 1 test interactions
21075.7s 4267 EvaluatorHoldout: Processed 27066 (100.0%) in 14.10 sec. Users per second: 1920
21076.0s 4268 Unable to load Cython Compute_Similarity, reverting to Python
21084.9s 4269 Similarity column 6969 (100.0%), 772.88 column/sec. Elapsed time 9.02 sec
21085.1s 4270 EvaluatorHoldout: Ignoring 40 ( 0.1%) Users that have less than 1 test interactions
21098.7s 4271 EvaluatorHoldout: Processed 27055 (100.0%) in 13.77 sec. Users per second: 1964
21099.2s 4272 Unable to load Cython Compute_Similarity, reverting to Python
21108.1s 4273 Similarity column 6969 (100.0%), 778.16 column/sec. Elapsed time 8.96 sec
21108.1s 4274 EvaluatorHoldout: Ignoring 31 ( 0.1%) Users that have less than 1 test interactions
21121.8s 4275 EvaluatorHoldout: Processed 27064 (100.0%) in 13.89 sec. Users per second: 1948
21122.3s 4276 Unable to load Cython Compute_Similarity, reverting to Python
21131.4s 4277 Similarity column 6969 (100.0%), 747.71 column/sec. Elapsed time 9.32 sec
21131.6s 4278 EvaluatorHoldout: Ignoring 31 ( 0.1%) Users that have less than 1 test interactions
21145.6s 4279 EvaluatorHoldout: Processed 27064 (100.0%) in 13.95 sec. Users per second: 1940
21145.6s 4280 [I 2025-12-08 02:34:39,239] Trial 176 finished with value: 0.25253092813506217 and parameters: {'topK': 9, 'shrink': 105, 'tversky_alpha': 0.17891936892229102, 'tversky_beta': 1.72394663359198}. Best is trial 161 with value: 0.2529149947872584.
21145.6s 4281 
21145.6s 4282 [I 2025-12-08 02:34:39,239] Trial 176 finished with value: 0.25253092813506217 and parameters: {'topK': 9, 'shrink': 105, 'tversky_alpha': 0.17891936892229102, 'tversky_beta': 1.72394663359198}. Best is trial 161 with value: 0.2529149947872584.
21145.6s 4283 [0.2528597006590837, 0.2526806427488222, 0.2519386210369337, 0.25242717234627715, 0.25274850388419406]
21145.9s 4284 Unable to load Cython Compute_Similarity, reverting to Python
21154.9s 4285 Similarity column 6969 (100.0%), 759.41 column/sec. Elapsed time 9.18 sec
21155.1s 4286 EvaluatorHoldout: Ignoring 31 ( 0.1%) Users that have less than 1 test interactions
21168.8s 4287 EvaluatorHoldout: Processed 27064 (100.0%) in 13.83 sec. Users per second: 1957
21169.3s 4288 Unable to load Cython Compute_Similarity, reverting to Python
21178.4s 4289 Similarity column 6969 (100.0%), 763.02 column/sec. Elapsed time 9.13 sec
21178.4s 4290 EvaluatorHoldout: Ignoring 29 ( 0.1%) Users that have less than 1 test interactions
21192.5s 4291 EvaluatorHoldout: Processed 27066 (100.0%) in 14.28 sec. Users per second: 1895
21193.0s 4292 Unable to load Cython Compute_Similarity, reverting to Python
21202.0s 4293 Similarity column 6969 (100.0%), 761.01 column/sec. Elapsed time 9.16 sec
21202.2s 4294 EvaluatorHoldout: Ignoring 40 ( 0.1%) Users that have less than 1 test interactions
21216.2s 4295 EvaluatorHoldout: Processed 27055 (100.0%) in 13.97 sec. Users per second: 1936
21216.5s 4296 Unable to load Cython Compute_Similarity, reverting to Python
21225.2s 4297 Similarity column 6969 (100.0%), 778.38 column/sec. Elapsed time 8.95 sec
21225.4s 4298 EvaluatorHoldout: Ignoring 31 ( 0.1%) Users that have less than 1 test interactions
21239.1s 4299 EvaluatorHoldout: Processed 27064 (100.0%) in 13.90 sec. Users per second: 1948
21239.6s 4300 Unable to load Cython Compute_Similarity, reverting to Python
21248.7s 4301 Similarity column 6969 (100.0%), 769.49 column/sec. Elapsed time 9.06 sec
21248.7s 4302 EvaluatorHoldout: Ignoring 31 ( 0.1%) Users that have less than 1 test interactions
21262.7s 4303 EvaluatorHoldout: Processed 27064 (100.0%) in 14.17 sec. Users per second: 1910
21262.7s 4304 [I 2025-12-08 02:36:36,526] Trial 177 finished with value: 0.25110402118443875 and parameters: {'topK': 8, 'shrink': 237, 'tversky_alpha': 0.1915729223125501, 'tversky_beta': 1.7314141754254473}. Best is trial 161 with value: 0.2529149947872584.
21262.7s 4305 
21262.7s 4306 [I 2025-12-08 02:36:36,526] Trial 177 finished with value: 0.25110402118443875 and parameters: {'topK': 8, 'shrink': 237, 'tversky_alpha': 0.1915729223125501, 'tversky_beta': 1.7314141754254473}. Best is trial 161 with value: 0.2529149947872584.
21262.9s 4307 [0.2517066866012712, 0.25076714695519986, 0.2504986425008907, 0.2511296760550122, 0.2514179538098198]
21263.2s 4308 Unable to load Cython Compute_Similarity, reverting to Python
21272.2s 4309 Similarity column 6969 (100.0%), 756.22 column/sec. Elapsed time 9.22 sec
21272.4s 4310 EvaluatorHoldout: Ignoring 31 ( 0.1%) Users that have less than 1 test interactions
21286.4s 4311 EvaluatorHoldout: Processed 27064 (100.0%) in 13.92 sec. Users per second: 1944
21286.7s 4312 Unable to load Cython Compute_Similarity, reverting to Python
21295.6s 4313 Similarity column 6969 (100.0%), 764.93 column/sec. Elapsed time 9.11 sec
21295.8s 4314 EvaluatorHoldout: Ignoring 29 ( 0.1%) Users that have less than 1 test interactions
21309.5s 4315 EvaluatorHoldout: Processed 27066 (100.0%) in 13.89 sec. Users per second: 1949
21310.0s 4316 Unable to load Cython Compute_Similarity, reverting to Python
21319.0s 4317 Similarity column 6969 (100.0%), 771.65 column/sec. Elapsed time 9.03 sec
21319.0s 4318 EvaluatorHoldout: Ignoring 40 ( 0.1%) Users that have less than 1 test interactions
21332.9s 4319 EvaluatorHoldout: Processed 27055 (100.0%) in 14.03 sec. Users per second: 1928
21333.4s 4320 Unable to load Cython Compute_Similarity, reverting to Python
21342.1s 4321 Similarity column 6969 (100.0%), 783.83 column/sec. Elapsed time 8.89 sec
21342.3s 4322 EvaluatorHoldout: Ignoring 31 ( 0.1%) Users that have less than 1 test interactions
21356.3s 4323 EvaluatorHoldout: Processed 27064 (100.0%) in 13.98 sec. Users per second: 1936
21356.6s 4324 Unable to load Cython Compute_Similarity, reverting to Python
21365.5s 4325 Similarity column 6969 (100.0%), 766.91 column/sec. Elapsed time 9.09 sec
21365.7s 4326 EvaluatorHoldout: Ignoring 31 ( 0.1%) Users that have less than 1 test interactions
21379.4s 4327 EvaluatorHoldout: Processed 27064 (100.0%) in 13.89 sec. Users per second: 1948
21379.4s 4328 [I 2025-12-08 02:38:33,195] Trial 178 finished with value: 0.2527915031746546 and parameters: {'topK': 8, 'shrink': 106, 'tversky_alpha': 0.1761669567140195, 'tversky_beta': 1.7162362335680494}. Best is trial 161 with value: 0.2529149947872584.
21379.4s 4329 
21379.4s 4330 [I 2025-12-08 02:38:33,195] Trial 178 finished with value: 0.2527915031746546 and parameters: {'topK': 8, 'shrink': 106, 'tversky_alpha': 0.1761669567140195, 'tversky_beta': 1.7162362335680494}. Best is trial 161 with value: 0.2529149947872584.
21379.6s 4331 [0.25343094567160923, 0.252893645595383, 0.252464791564089, 0.2521415595744756, 0.25302657346771623]
21379.9s 4332 Unable to load Cython Compute_Similarity, reverting to Python
21389.1s 4333 Similarity column 6969 (100.0%), 752.98 column/sec. Elapsed time 9.26 sec
21389.2s 4334 EvaluatorHoldout: Ignoring 31 ( 0.1%) Users that have less than 1 test interactions
21402.8s 4335 EvaluatorHoldout: Processed 27064 (100.0%) in 13.80 sec. Users per second: 1962
21403.3s 4336 Unable to load Cython Compute_Similarity, reverting to Python
21412.3s 4337 Similarity column 6969 (100.0%), 759.09 column/sec. Elapsed time 9.18 sec
21412.5s 4338 EvaluatorHoldout: Ignoring 29 ( 0.1%) Users that have less than 1 test interactions
21426.5s 4339 EvaluatorHoldout: Processed 27066 (100.0%) in 13.88 sec. Users per second: 1951
21426.7s 4340 Unable to load Cython Compute_Similarity, reverting to Python
21435.7s 4341 Similarity column 6969 (100.0%), 751.01 column/sec. Elapsed time 9.28 sec
21435.9s 4342 EvaluatorHoldout: Ignoring 40 ( 0.1%) Users that have less than 1 test interactions
21449.6s 4343 EvaluatorHoldout: Processed 27055 (100.0%) in 13.83 sec. Users per second: 1956
21450.1s 4344 Unable to load Cython Compute_Similarity, reverting to Python
21459.0s 4345 Similarity column 6969 (100.0%), 781.43 column/sec. Elapsed time 8.92 sec
21459.0s 4346 EvaluatorHoldout: Ignoring 31 ( 0.1%) Users that have less than 1 test interactions
21472.7s 4347 EvaluatorHoldout: Processed 27064 (100.0%) in 13.92 sec. Users per second: 1944
21473.2s 4348 Unable to load Cython Compute_Similarity, reverting to Python
21482.0s 4349 Similarity column 6969 (100.0%), 780.52 column/sec. Elapsed time 8.93 sec
21482.2s 4350 EvaluatorHoldout: Ignoring 31 ( 0.1%) Users that have less than 1 test interactions
21496.2s 4351 EvaluatorHoldout: Processed 27064 (100.0%) in 14.01 sec. Users per second: 1932
21496.2s 4352 [I 2025-12-08 02:40:29,820] Trial 179 finished with value: 0.25277167196768013 and parameters: {'topK': 8, 'shrink': 104, 'tversky_alpha': 0.18877450517985012, 'tversky_beta': 1.746656844654405}. Best is trial 161 with value: 0.2529149947872584.
21496.2s 4353 
21496.2s 4354 [I 2025-12-08 02:40:29,820] Trial 179 finished with value: 0.25277167196768013 and parameters: {'topK': 8, 'shrink': 104, 'tversky_alpha': 0.18877450517985012, 'tversky_beta': 1.746656844654405}. Best is trial 161 with value: 0.2529149947872584.
21496.2s 4355 [0.2535129376448115, 0.2528216181060728, 0.2521062188225291, 0.25256145157344834, 0.2528561336915389]
21496.5s 4356 Unable to load Cython Compute_Similarity, reverting to Python
21505.3s 4357 Similarity column 6969 (100.0%), 778.94 column/sec. Elapsed time 8.95 sec
21505.5s 4358 EvaluatorHoldout: Ignoring 31 ( 0.1%) Users that have less than 1 test interactions
21519.2s 4359 EvaluatorHoldout: Processed 27064 (100.0%) in 13.86 sec. Users per second: 1953
21519.7s 4360 Unable to load Cython Compute_Similarity, reverting to Python
21528.8s 4361 Similarity column 6969 (100.0%), 760.13 column/sec. Elapsed time 9.17 sec
21528.8s 4362 EvaluatorHoldout: Ignoring 29 ( 0.1%) Users that have less than 1 test interactions
21542.7s 4363 EvaluatorHoldout: Processed 27066 (100.0%) in 14.09 sec. Users per second: 1921
21543.2s 4364 Unable to load Cython Compute_Similarity, reverting to Python
21552.0s 4365 Similarity column 6969 (100.0%), 773.20 column/sec. Elapsed time 9.01 sec
21552.2s 4366 EvaluatorHoldout: Ignoring 40 ( 0.1%) Users that have less than 1 test interactions
21566.1s 4367 EvaluatorHoldout: Processed 27055 (100.0%) in 13.85 sec. Users per second: 1953
21566.4s 4368 Unable to load Cython Compute_Similarity, reverting to Python
21575.1s 4369 Similarity column 6969 (100.0%), 778.90 column/sec. Elapsed time 8.95 sec
21575.4s 4370 EvaluatorHoldout: Ignoring 31 ( 0.1%) Users that have less than 1 test interactions
21589.0s 4371 EvaluatorHoldout: Processed 27064 (100.0%) in 13.79 sec. Users per second: 1963
21589.4s 4372 Unable to load Cython Compute_Similarity, reverting to Python
21598.8s 4373 Similarity column 6969 (100.0%), 748.03 column/sec. Elapsed time 9.32 sec
21598.8s 4374 EvaluatorHoldout: Ignoring 31 ( 0.1%) Users that have less than 1 test interactions
21612.7s 4375 EvaluatorHoldout: Processed 27064 (100.0%) in 14.09 sec. Users per second: 1921
21612.7s 4376 [I 2025-12-08 02:42:26,502] Trial 180 finished with value: 0.25225228869473265 and parameters: {'topK': 9, 'shrink': 117, 'tversky_alpha': 0.16491195982697518, 'tversky_beta': 1.7371138141598397}. Best is trial 161 with value: 0.2529149947872584.
21612.7s 4377 
