15221.7s 3082 [I 2025-12-08 00:55:55,498] Trial 126 finished with value: 0.2524769149189493 and parameters: {'topK': 6, 'shrink': 108, 'tversky_alpha': 0.24336788033919107, 'tversky_beta': 1.761182872976867}. Best is trial 102 with value: 0.25280194006556533.
15221.9s 3083 [0.252698292800834, 0.25239592188775656, 0.25173293081808396, 0.253269991183686, 0.252287437904386]
15222.2s 3084 Unable to load Cython Compute_Similarity, reverting to Python
15231.4s 3085 Similarity column 6969 (100.0%), 740.30 column/sec. Elapsed time 9.41 sec
15231.6s 3086 EvaluatorHoldout: Ignoring 31 ( 0.1%) Users that have less than 1 test interactions
15245.4s 3087 EvaluatorHoldout: Processed 27064 (100.0%) in 13.82 sec. Users per second: 1958
15245.8s 3088 Unable to load Cython Compute_Similarity, reverting to Python
15255.0s 3089 Similarity column 6969 (100.0%), 739.71 column/sec. Elapsed time 9.42 sec
15255.2s 3090 EvaluatorHoldout: Ignoring 29 ( 0.1%) Users that have less than 1 test interactions
15268.9s 3091 EvaluatorHoldout: Processed 27066 (100.0%) in 13.87 sec. Users per second: 1952
15269.4s 3092 Unable to load Cython Compute_Similarity, reverting to Python
15278.8s 3093 Similarity column 6969 (100.0%), 735.48 column/sec. Elapsed time 9.48 sec
15278.9s 3094 EvaluatorHoldout: Ignoring 40 ( 0.1%) Users that have less than 1 test interactions
15292.6s 3095 EvaluatorHoldout: Processed 27055 (100.0%) in 13.88 sec. Users per second: 1950
15293.1s 3096 Unable to load Cython Compute_Similarity, reverting to Python
15302.4s 3097 Similarity column 6969 (100.0%), 729.80 column/sec. Elapsed time 9.55 sec
15302.6s 3098 EvaluatorHoldout: Ignoring 31 ( 0.1%) Users that have less than 1 test interactions
15316.9s 3099 EvaluatorHoldout: Processed 27064 (100.0%) in 14.18 sec. Users per second: 1908
15317.1s 3100 Unable to load Cython Compute_Similarity, reverting to Python
15326.2s 3101 Similarity column 6969 (100.0%), 749.71 column/sec. Elapsed time 9.30 sec
15326.4s 3102 EvaluatorHoldout: Ignoring 31 ( 0.1%) Users that have less than 1 test interactions
15340.2s 3103 EvaluatorHoldout: Processed 27064 (100.0%) in 13.93 sec. Users per second: 1943
15340.2s 3104 [I 2025-12-08 00:57:53,985] Trial 127 finished with value: 0.2524609409935396 and parameters: {'topK': 7, 'shrink': 114, 'tversky_alpha': 0.25233024534864656, 'tversky_beta': 1.7764443962240775}. Best is trial 102 with value: 0.25280194006556533.
15340.2s 3105 
15340.2s 3106 [I 2025-12-08 00:57:53,985] Trial 127 finished with value: 0.2524609409935396 and parameters: {'topK': 7, 'shrink': 114, 'tversky_alpha': 0.25233024534864656, 'tversky_beta': 1.7764443962240775}. Best is trial 102 with value: 0.25280194006556533.
15340.4s 3107 [0.2525821730379452, 0.25243614844490275, 0.2515089748760287, 0.2531281723825323, 0.25264923622628904]
15340.7s 3108 Unable to load Cython Compute_Similarity, reverting to Python
15350.3s 3109 Similarity column 6969 (100.0%), 718.13 column/sec. Elapsed time 9.70 sec
15350.4s 3110 EvaluatorHoldout: Ignoring 31 ( 0.1%) Users that have less than 1 test interactions
15364.1s 3111 EvaluatorHoldout: Processed 27064 (100.0%) in 13.84 sec. Users per second: 1956
15364.6s 3112 Unable to load Cython Compute_Similarity, reverting to Python
15374.0s 3113 Similarity column 6969 (100.0%), 725.23 column/sec. Elapsed time 9.61 sec
15374.2s 3114 EvaluatorHoldout: Ignoring 29 ( 0.1%) Users that have less than 1 test interactions
15388.1s 3115 EvaluatorHoldout: Processed 27066 (100.0%) in 13.94 sec. Users per second: 1942
15388.4s 3116 Unable to load Cython Compute_Similarity, reverting to Python
15397.9s 3117 Similarity column 6969 (100.0%), 723.93 column/sec. Elapsed time 9.63 sec
15398.1s 3118 EvaluatorHoldout: Ignoring 40 ( 0.1%) Users that have less than 1 test interactions
15411.8s 3119 EvaluatorHoldout: Processed 27055 (100.0%) in 13.93 sec. Users per second: 1943
15412.3s 3120 Unable to load Cython Compute_Similarity, reverting to Python
15421.7s 3121 Similarity column 6969 (100.0%), 739.70 column/sec. Elapsed time 9.42 sec
15421.7s 3122 EvaluatorHoldout: Ignoring 31 ( 0.1%) Users that have less than 1 test interactions
15435.9s 3123 EvaluatorHoldout: Processed 27064 (100.0%) in 14.35 sec. Users per second: 1886
15436.4s 3124 Unable to load Cython Compute_Similarity, reverting to Python
15445.8s 3125 Similarity column 6969 (100.0%), 729.39 column/sec. Elapsed time 9.55 sec
15446.0s 3126 EvaluatorHoldout: Ignoring 31 ( 0.1%) Users that have less than 1 test interactions
15459.8s 3127 EvaluatorHoldout: Processed 27064 (100.0%) in 13.84 sec. Users per second: 1956
15459.8s 3128 [I 2025-12-08 00:59:53,441] Trial 128 finished with value: 0.25236962833318827 and parameters: {'topK': 6, 'shrink': 103, 'tversky_alpha': 0.22646966084704048, 'tversky_beta': 1.7915801102870086}. Best is trial 102 with value: 0.25280194006556533.
15459.8s 3129 
15459.8s 3130 [I 2025-12-08 00:59:53,441] Trial 128 finished with value: 0.25236962833318827 and parameters: {'topK': 6, 'shrink': 103, 'tversky_alpha': 0.22646966084704048, 'tversky_beta': 1.7915801102870086}. Best is trial 102 with value: 0.25280194006556533.
15459.8s 3131 [0.2524582051199892, 0.2526012224745159, 0.2515705417852154, 0.25299624550660227, 0.25222192677961836]
15460.1s 3132 Unable to load Cython Compute_Similarity, reverting to Python
15469.3s 3133 Similarity column 6969 (100.0%), 746.77 column/sec. Elapsed time 9.33 sec
15469.5s 3134 EvaluatorHoldout: Ignoring 31 ( 0.1%) Users that have less than 1 test interactions
15483.1s 3135 EvaluatorHoldout: Processed 27064 (100.0%) in 13.80 sec. Users per second: 1962
15483.6s 3136 Unable to load Cython Compute_Similarity, reverting to Python
15493.1s 3137 Similarity column 6969 (100.0%), 732.03 column/sec. Elapsed time 9.52 sec
15493.1s 3138 EvaluatorHoldout: Ignoring 29 ( 0.1%) Users that have less than 1 test interactions
15506.9s 3139 EvaluatorHoldout: Processed 27066 (100.0%) in 13.91 sec. Users per second: 1946
15507.4s 3140 Unable to load Cython Compute_Similarity, reverting to Python
15516.7s 3141 Similarity column 6969 (100.0%), 729.78 column/sec. Elapsed time 9.55 sec
15516.9s 3142 EvaluatorHoldout: Ignoring 40 ( 0.1%) Users that have less than 1 test interactions
15530.6s 3143 EvaluatorHoldout: Processed 27055 (100.0%) in 13.74 sec. Users per second: 1969
15531.0s 3144 Unable to load Cython Compute_Similarity, reverting to Python
15539.9s 3145 Similarity column 6969 (100.0%), 759.28 column/sec. Elapsed time 9.18 sec
15540.2s 3146 EvaluatorHoldout: Ignoring 31 ( 0.1%) Users that have less than 1 test interactions
15553.9s 3147 EvaluatorHoldout: Processed 27064 (100.0%) in 13.92 sec. Users per second: 1944
15554.4s 3148 Unable to load Cython Compute_Similarity, reverting to Python
15563.6s 3149 Similarity column 6969 (100.0%), 753.48 column/sec. Elapsed time 9.25 sec
15563.6s 3150 EvaluatorHoldout: Ignoring 31 ( 0.1%) Users that have less than 1 test interactions
15577.3s 3151 EvaluatorHoldout: Processed 27064 (100.0%) in 13.78 sec. Users per second: 1964
15577.3s 3152 [I 2025-12-08 01:01:51,076] Trial 129 finished with value: 0.2507949150346266 and parameters: {'topK': 5, 'shrink': 119, 'tversky_alpha': 0.21461105802243885, 'tversky_beta': 1.786638932145362}. Best is trial 102 with value: 0.25280194006556533.
15577.3s 3153 
15577.3s 3154 [I 2025-12-08 01:01:51,076] Trial 129 finished with value: 0.2507949150346266 and parameters: {'topK': 5, 'shrink': 119, 'tversky_alpha': 0.21461105802243885, 'tversky_beta': 1.786638932145362}. Best is trial 102 with value: 0.25280194006556533.
15577.5s 3155 [0.25076649237321924, 0.2509488150091103, 0.2505362972761571, 0.25121476825546407, 0.2505082022591821]
15577.8s 3156 Unable to load Cython Compute_Similarity, reverting to Python
15586.9s 3157 Similarity column 6969 (100.0%), 748.82 column/sec. Elapsed time 9.31 sec
15587.1s 3158 EvaluatorHoldout: Ignoring 31 ( 0.1%) Users that have less than 1 test interactions
15601.0s 3159 EvaluatorHoldout: Processed 27064 (100.0%) in 13.91 sec. Users per second: 1946
15601.3s 3160 Unable to load Cython Compute_Similarity, reverting to Python
15610.5s 3161 Similarity column 6969 (100.0%), 742.54 column/sec. Elapsed time 9.39 sec
15610.7s 3162 EvaluatorHoldout: Ignoring 29 ( 0.1%) Users that have less than 1 test interactions
15624.8s 3163 EvaluatorHoldout: Processed 27066 (100.0%) in 14.23 sec. Users per second: 1902
15625.3s 3164 Unable to load Cython Compute_Similarity, reverting to Python
15634.9s 3165 Similarity column 6969 (100.0%), 716.88 column/sec. Elapsed time 9.72 sec
15635.0s 3166 EvaluatorHoldout: Ignoring 40 ( 0.1%) Users that have less than 1 test interactions
15648.9s 3167 EvaluatorHoldout: Processed 27055 (100.0%) in 14.09 sec. Users per second: 1920
15649.4s 3168 Unable to load Cython Compute_Similarity, reverting to Python
15658.6s 3169 Similarity column 6969 (100.0%), 743.61 column/sec. Elapsed time 9.37 sec
15658.8s 3170 EvaluatorHoldout: Ignoring 31 ( 0.1%) Users that have less than 1 test interactions
15672.9s 3171 EvaluatorHoldout: Processed 27064 (100.0%) in 14.08 sec. Users per second: 1921
15673.2s 3172 Unable to load Cython Compute_Similarity, reverting to Python
15682.2s 3173 Similarity column 6969 (100.0%), 757.31 column/sec. Elapsed time 9.20 sec
15682.4s 3174 EvaluatorHoldout: Ignoring 31 ( 0.1%) Users that have less than 1 test interactions
15696.4s 3175 EvaluatorHoldout: Processed 27064 (100.0%) in 14.17 sec. Users per second: 1909
15696.4s 3176 [I 2025-12-08 01:03:50,228] Trial 130 finished with value: 0.2503875856571472 and parameters: {'topK': 7, 'shrink': 187, 'tversky_alpha': 0.2370699096717267, 'tversky_beta': 1.570115347739051}. Best is trial 102 with value: 0.25280194006556533.
15696.4s 3177 
15696.4s 3178 [I 2025-12-08 01:03:50,228] Trial 130 finished with value: 0.2503875856571472 and parameters: {'topK': 7, 'shrink': 187, 'tversky_alpha': 0.2370699096717267, 'tversky_beta': 1.570115347739051}. Best is trial 102 with value: 0.25280194006556533.
15696.6s 3179 [0.2508037901471763, 0.25051634697797337, 0.24910612474187982, 0.2510286532962867, 0.2504830131224199]
15696.9s 3180 Unable to load Cython Compute_Similarity, reverting to Python
15706.3s 3181 Similarity column 6969 (100.0%), 735.48 column/sec. Elapsed time 9.48 sec
15706.4s 3182 EvaluatorHoldout: Ignoring 31 ( 0.1%) Users that have less than 1 test interactions
15720.1s 3183 EvaluatorHoldout: Processed 27064 (100.0%) in 13.86 sec. Users per second: 1953
15720.6s 3184 Unable to load Cython Compute_Similarity, reverting to Python
15729.7s 3185 Similarity column 6969 (100.0%), 747.34 column/sec. Elapsed time 9.33 sec
15729.9s 3186 EvaluatorHoldout: Ignoring 29 ( 0.1%) Users that have less than 1 test interactions
15743.7s 3187 EvaluatorHoldout: Processed 27066 (100.0%) in 13.84 sec. Users per second: 1955
15744.1s 3188 Unable to load Cython Compute_Similarity, reverting to Python
15753.8s 3189 Similarity column 6969 (100.0%), 706.43 column/sec. Elapsed time 9.87 sec
15754.0s 3190 EvaluatorHoldout: Ignoring 40 ( 0.1%) Users that have less than 1 test interactions
15767.6s 3191 EvaluatorHoldout: Processed 27055 (100.0%) in 13.83 sec. Users per second: 1956
15768.1s 3192 Unable to load Cython Compute_Similarity, reverting to Python
15777.3s 3193 Similarity column 6969 (100.0%), 750.56 column/sec. Elapsed time 9.29 sec
15777.4s 3194 EvaluatorHoldout: Ignoring 31 ( 0.1%) Users that have less than 1 test interactions
15791.2s 3195 EvaluatorHoldout: Processed 27064 (100.0%) in 13.99 sec. Users per second: 1935
15791.7s 3196 Unable to load Cython Compute_Similarity, reverting to Python
15800.7s 3197 Similarity column 6969 (100.0%), 753.71 column/sec. Elapsed time 9.25 sec
15800.9s 3198 EvaluatorHoldout: Ignoring 31 ( 0.1%) Users that have less than 1 test interactions
15814.7s 3199 EvaluatorHoldout: Processed 27064 (100.0%) in 13.82 sec. Users per second: 1958
15814.7s 3200 [I 2025-12-08 01:05:48,417] Trial 131 finished with value: 0.252649905093629 and parameters: {'topK': 7, 'shrink': 112, 'tversky_alpha': 0.23159616591924678, 'tversky_beta': 1.799068091929026}. Best is trial 102 with value: 0.25280194006556533.
15814.7s 3201 
15814.7s 3202 [I 2025-12-08 01:05:48,417] Trial 131 finished with value: 0.252649905093629 and parameters: {'topK': 7, 'shrink': 112, 'tversky_alpha': 0.23159616591924678, 'tversky_beta': 1.799068091929026}. Best is trial 102 with value: 0.25280194006556533.
15814.8s 3203 [0.25338870129307406, 0.2525280037164935, 0.2517617374118418, 0.252935375234, 0.25263570781273575]
15815.1s 3204 Unable to load Cython Compute_Similarity, reverting to Python
15824.6s 3205 Similarity column 6969 (100.0%), 720.24 column/sec. Elapsed time 9.68 sec
15824.8s 3206 EvaluatorHoldout: Ignoring 31 ( 0.1%) Users that have less than 1 test interactions
15838.8s 3207 EvaluatorHoldout: Processed 27064 (100.0%) in 14.21 sec. Users per second: 1905
15839.3s 3208 Unable to load Cython Compute_Similarity, reverting to Python
15848.7s 3209 Similarity column 6969 (100.0%), 741.64 column/sec. Elapsed time 9.40 sec
15848.7s 3210 EvaluatorHoldout: Ignoring 29 ( 0.1%) Users that have less than 1 test interactions
15862.6s 3211 EvaluatorHoldout: Processed 27066 (100.0%) in 14.06 sec. Users per second: 1925
15863.1s 3212 Unable to load Cython Compute_Similarity, reverting to Python
15872.3s 3213 Similarity column 6969 (100.0%), 738.37 column/sec. Elapsed time 9.44 sec
15872.5s 3214 EvaluatorHoldout: Ignoring 40 ( 0.1%) Users that have less than 1 test interactions
15886.7s 3215 EvaluatorHoldout: Processed 27055 (100.0%) in 14.20 sec. Users per second: 1906
15887.1s 3216 Unable to load Cython Compute_Similarity, reverting to Python
15896.0s 3217 Similarity column 6969 (100.0%), 763.56 column/sec. Elapsed time 9.13 sec
15896.2s 3218 EvaluatorHoldout: Ignoring 31 ( 0.1%) Users that have less than 1 test interactions
15910.0s 3219 EvaluatorHoldout: Processed 27064 (100.0%) in 13.96 sec. Users per second: 1938
15910.5s 3220 Unable to load Cython Compute_Similarity, reverting to Python
15919.6s 3221 Similarity column 6969 (100.0%), 755.37 column/sec. Elapsed time 9.23 sec
15919.7s 3222 EvaluatorHoldout: Ignoring 31 ( 0.1%) Users that have less than 1 test interactions
15933.6s 3223 EvaluatorHoldout: Processed 27064 (100.0%) in 14.10 sec. Users per second: 1919
15933.6s 3224 [I 2025-12-08 01:07:47,451] Trial 132 finished with value: 0.24926686323469643 and parameters: {'topK': 11, 'shrink': 211, 'tversky_alpha': 0.2211632284506322, 'tversky_beta': 1.7713562115901045}. Best is trial 102 with value: 0.25280194006556533.
15933.6s 3225 
15933.6s 3226 [I 2025-12-08 01:07:47,451] Trial 132 finished with value: 0.24926686323469643 and parameters: {'topK': 11, 'shrink': 211, 'tversky_alpha': 0.2211632284506322, 'tversky_beta': 1.7713562115901045}. Best is trial 102 with value: 0.25280194006556533.
15933.8s 3227 [0.24971018922523106, 0.24912070172228762, 0.24865449147943103, 0.24985791615594052, 0.24899101759059183]
15934.1s 3228 Unable to load Cython Compute_Similarity, reverting to Python
15943.6s 3229 Similarity column 6969 (100.0%), 724.43 column/sec. Elapsed time 9.62 sec
15943.8s 3230 EvaluatorHoldout: Ignoring 31 ( 0.1%) Users that have less than 1 test interactions
15957.6s 3231 EvaluatorHoldout: Processed 27064 (100.0%) in 13.84 sec. Users per second: 1955
15957.9s 3232 Unable to load Cython Compute_Similarity, reverting to Python
15967.4s 3233 Similarity column 6969 (100.0%), 719.50 column/sec. Elapsed time 9.69 sec
15967.6s 3234 EvaluatorHoldout: Ignoring 29 ( 0.1%) Users that have less than 1 test interactions
15981.6s 3235 EvaluatorHoldout: Processed 27066 (100.0%) in 14.15 sec. Users per second: 1913
15982.1s 3236 Unable to load Cython Compute_Similarity, reverting to Python
15991.5s 3237 Similarity column 6969 (100.0%), 736.86 column/sec. Elapsed time 9.46 sec
15991.5s 3238 EvaluatorHoldout: Ignoring 40 ( 0.1%) Users that have less than 1 test interactions
16005.3s 3239 EvaluatorHoldout: Processed 27055 (100.0%) in 13.89 sec. Users per second: 1947
16005.8s 3240 Unable to load Cython Compute_Similarity, reverting to Python
16014.7s 3241 Similarity column 6969 (100.0%), 764.56 column/sec. Elapsed time 9.12 sec
16014.9s 3242 EvaluatorHoldout: Ignoring 31 ( 0.1%) Users that have less than 1 test interactions
16028.7s 3243 EvaluatorHoldout: Processed 27064 (100.0%) in 13.83 sec. Users per second: 1957
16029.0s 3244 Unable to load Cython Compute_Similarity, reverting to Python
16038.1s 3245 Similarity column 6969 (100.0%), 752.33 column/sec. Elapsed time 9.26 sec
16038.3s 3246 EvaluatorHoldout: Ignoring 31 ( 0.1%) Users that have less than 1 test interactions
16052.0s 3247 EvaluatorHoldout: Processed 27064 (100.0%) in 13.89 sec. Users per second: 1948
16052.0s 3248 [I 2025-12-08 01:09:45,836] Trial 133 finished with value: 0.25276195152850034 and parameters: {'topK': 7, 'shrink': 100, 'tversky_alpha': 0.23252302288932233, 'tversky_beta': 1.781829536525712}. Best is trial 102 with value: 0.25280194006556533.
16052.0s 3249 
16052.0s 3250 [I 2025-12-08 01:09:45,836] Trial 133 finished with value: 0.25276195152850034 and parameters: {'topK': 7, 'shrink': 100, 'tversky_alpha': 0.23252302288932233, 'tversky_beta': 1.781829536525712}. Best is trial 102 with value: 0.25280194006556533.
16052.2s 3251 [0.253340361251351, 0.25254743205474217, 0.2518150818324787, 0.25339282352043785, 0.2527140589834918]
16052.5s 3252 Unable to load Cython Compute_Similarity, reverting to Python
16062.3s 3253 Similarity column 6969 (100.0%), 720.20 column/sec. Elapsed time 9.68 sec
16062.3s 3254 EvaluatorHoldout: Ignoring 31 ( 0.1%) Users that have less than 1 test interactions
16075.9s 3255 EvaluatorHoldout: Processed 27064 (100.0%) in 13.86 sec. Users per second: 1953
16076.4s 3256 Unable to load Cython Compute_Similarity, reverting to Python
16085.8s 3257 Similarity column 6969 (100.0%), 723.41 column/sec. Elapsed time 9.63 sec
16086.0s 3258 EvaluatorHoldout: Ignoring 29 ( 0.1%) Users that have less than 1 test interactions
16100.0s 3259 EvaluatorHoldout: Processed 27066 (100.0%) in 13.98 sec. Users per second: 1936
16100.3s 3260 Unable to load Cython Compute_Similarity, reverting to Python
16109.8s 3261 Similarity column 6969 (100.0%), 724.20 column/sec. Elapsed time 9.62 sec
16110.0s 3262 EvaluatorHoldout: Ignoring 40 ( 0.1%) Users that have less than 1 test interactions
16123.8s 3263 EvaluatorHoldout: Processed 27055 (100.0%) in 14.02 sec. Users per second: 1930
16124.3s 3264 Unable to load Cython Compute_Similarity, reverting to Python
16133.4s 3265 Similarity column 6969 (100.0%), 761.35 column/sec. Elapsed time 9.15 sec
16133.5s 3266 EvaluatorHoldout: Ignoring 31 ( 0.1%) Users that have less than 1 test interactions
16147.5s 3267 EvaluatorHoldout: Processed 27064 (100.0%) in 14.18 sec. Users per second: 1909
16148.0s 3268 Unable to load Cython Compute_Similarity, reverting to Python
16157.3s 3269 Similarity column 6969 (100.0%), 733.89 column/sec. Elapsed time 9.50 sec
16157.5s 3270 EvaluatorHoldout: Ignoring 31 ( 0.1%) Users that have less than 1 test interactions
16171.4s 3271 EvaluatorHoldout: Processed 27064 (100.0%) in 13.93 sec. Users per second: 1943
16171.4s 3272 [I 2025-12-08 01:11:45,040] Trial 134 finished with value: 0.25244850916037354 and parameters: {'topK': 7, 'shrink': 100, 'tversky_alpha': 0.2631070209565784, 'tversky_beta': 1.780975100529424}. Best is trial 102 with value: 0.25280194006556533.
16171.4s 3273 
16171.4s 3274 [I 2025-12-08 01:11:45,040] Trial 134 finished with value: 0.25244850916037354 and parameters: {'topK': 7, 'shrink': 100, 'tversky_alpha': 0.2631070209565784, 'tversky_beta': 1.780975100529424}. Best is trial 102 with value: 0.25280194006556533.
16171.4s 3275 [0.25263084964246596, 0.2527672619978273, 0.25106359057181166, 0.2532403505862185, 0.25254049300354453]
16171.8s 3276 Unable to load Cython Compute_Similarity, reverting to Python
16181.3s 3277 Similarity column 6969 (100.0%), 716.41 column/sec. Elapsed time 9.73 sec
16181.5s 3278 EvaluatorHoldout: Ignoring 31 ( 0.1%) Users that have less than 1 test interactions
16195.3s 3279 EvaluatorHoldout: Processed 27064 (100.0%) in 13.99 sec. Users per second: 1935
16195.8s 3280 Unable to load Cython Compute_Similarity, reverting to Python
16205.6s 3281 Similarity column 6969 (100.0%), 705.53 column/sec. Elapsed time 9.88 sec
16205.7s 3282 EvaluatorHoldout: Ignoring 29 ( 0.1%) Users that have less than 1 test interactions
16219.6s 3283 EvaluatorHoldout: Processed 27066 (100.0%) in 14.06 sec. Users per second: 1925
16220.0s 3284 Unable to load Cython Compute_Similarity, reverting to Python
16229.9s 3285 Similarity column 6969 (100.0%), 693.41 column/sec. Elapsed time 10.05 sec
16230.1s 3286 EvaluatorHoldout: Ignoring 40 ( 0.1%) Users that have less than 1 test interactions
16244.0s 3287 EvaluatorHoldout: Processed 27055 (100.0%) in 13.93 sec. Users per second: 1942
16244.4s 3288 Unable to load Cython Compute_Similarity, reverting to Python
16253.8s 3289 Similarity column 6969 (100.0%), 724.78 column/sec. Elapsed time 9.62 sec
16254.0s 3290 EvaluatorHoldout: Ignoring 31 ( 0.1%) Users that have less than 1 test interactions
16267.9s 3291 EvaluatorHoldout: Processed 27064 (100.0%) in 14.08 sec. Users per second: 1923
16268.4s 3292 Unable to load Cython Compute_Similarity, reverting to Python
16278.1s 3293 Similarity column 6969 (100.0%), 713.41 column/sec. Elapsed time 9.77 sec
16278.1s 3294 EvaluatorHoldout: Ignoring 31 ( 0.1%) Users that have less than 1 test interactions
16292.3s 3295 EvaluatorHoldout: Processed 27064 (100.0%) in 14.32 sec. Users per second: 1890
16292.3s 3296 [I 2025-12-08 01:13:46,114] Trial 135 finished with value: 0.2524397314696635 and parameters: {'topK': 7, 'shrink': 107, 'tversky_alpha': 0.24617060609430202, 'tversky_beta': 1.7596934030356153}. Best is trial 102 with value: 0.25280194006556533.
16292.3s 3297 
