18428.2s 3730 [I 2025-12-08 01:49:22,026] Trial 153 finished with value: 0.2528664021917949 and parameters: {'topK': 7, 'shrink': 100, 'tversky_alpha': 0.19441122326770505, 'tversky_beta': 1.765717538108794}. Best is trial 150 with value: 0.2528899037164667.
18428.4s 3731 [0.25329756452147256, 0.25279947926805774, 0.25244761318263437, 0.25263784698606234, 0.2531495070007475]
18428.7s 3732 Unable to load Cython Compute_Similarity, reverting to Python
18437.9s 3733 Similarity column 6969 (100.0%), 747.67 column/sec. Elapsed time 9.32 sec
18438.1s 3734 EvaluatorHoldout: Ignoring 31 ( 0.1%) Users that have less than 1 test interactions
18451.9s 3735 EvaluatorHoldout: Processed 27064 (100.0%) in 13.82 sec. Users per second: 1959
18452.2s 3736 Unable to load Cython Compute_Similarity, reverting to Python
18461.3s 3737 Similarity column 6969 (100.0%), 752.37 column/sec. Elapsed time 9.26 sec
18461.5s 3738 EvaluatorHoldout: Ignoring 29 ( 0.1%) Users that have less than 1 test interactions
18475.3s 3739 EvaluatorHoldout: Processed 27066 (100.0%) in 14.02 sec. Users per second: 1930
18475.8s 3740 Unable to load Cython Compute_Similarity, reverting to Python
18485.1s 3741 Similarity column 6969 (100.0%), 746.52 column/sec. Elapsed time 9.34 sec
18485.1s 3742 EvaluatorHoldout: Ignoring 40 ( 0.1%) Users that have less than 1 test interactions
18498.9s 3743 EvaluatorHoldout: Processed 27055 (100.0%) in 13.90 sec. Users per second: 1946
18499.4s 3744 Unable to load Cython Compute_Similarity, reverting to Python
18508.2s 3745 Similarity column 6969 (100.0%), 771.49 column/sec. Elapsed time 9.03 sec
18508.4s 3746 EvaluatorHoldout: Ignoring 31 ( 0.1%) Users that have less than 1 test interactions
18522.5s 3747 EvaluatorHoldout: Processed 27064 (100.0%) in 14.14 sec. Users per second: 1914
18522.9s 3748 Unable to load Cython Compute_Similarity, reverting to Python
18531.9s 3749 Similarity column 6969 (100.0%), 754.83 column/sec. Elapsed time 9.23 sec
18532.1s 3750 EvaluatorHoldout: Ignoring 31 ( 0.1%) Users that have less than 1 test interactions
18545.9s 3751 EvaluatorHoldout: Processed 27064 (100.0%) in 13.92 sec. Users per second: 1944
18545.9s 3752 [I 2025-12-08 01:51:19,679] Trial 154 finished with value: 0.2528523240149374 and parameters: {'topK': 7, 'shrink': 100, 'tversky_alpha': 0.1909612369574982, 'tversky_beta': 1.7659929770848268}. Best is trial 150 with value: 0.2528899037164667.
18545.9s 3753 
18545.9s 3754 [I 2025-12-08 01:51:19,679] Trial 154 finished with value: 0.2528523240149374 and parameters: {'topK': 7, 'shrink': 100, 'tversky_alpha': 0.1909612369574982, 'tversky_beta': 1.7659929770848268}. Best is trial 150 with value: 0.2528899037164667.
18546.1s 3755 [0.25310681664024637, 0.2527461579982145, 0.25253442349278105, 0.25273857322982707, 0.25313564871361793]
18546.4s 3756 Unable to load Cython Compute_Similarity, reverting to Python
18555.7s 3757 Similarity column 6969 (100.0%), 747.40 column/sec. Elapsed time 9.32 sec
18555.7s 3758 EvaluatorHoldout: Ignoring 31 ( 0.1%) Users that have less than 1 test interactions
18569.3s 3759 EvaluatorHoldout: Processed 27064 (100.0%) in 13.78 sec. Users per second: 1964
18569.8s 3760 Unable to load Cython Compute_Similarity, reverting to Python
18579.0s 3761 Similarity column 6969 (100.0%), 744.50 column/sec. Elapsed time 9.36 sec
18579.2s 3762 EvaluatorHoldout: Ignoring 29 ( 0.1%) Users that have less than 1 test interactions
18593.4s 3763 EvaluatorHoldout: Processed 27066 (100.0%) in 14.26 sec. Users per second: 1899
18593.7s 3764 Unable to load Cython Compute_Similarity, reverting to Python
18602.9s 3765 Similarity column 6969 (100.0%), 742.77 column/sec. Elapsed time 9.38 sec
18603.1s 3766 EvaluatorHoldout: Ignoring 40 ( 0.1%) Users that have less than 1 test interactions
18616.9s 3767 EvaluatorHoldout: Processed 27055 (100.0%) in 13.98 sec. Users per second: 1936
18617.4s 3768 Unable to load Cython Compute_Similarity, reverting to Python
18626.5s 3769 Similarity column 6969 (100.0%), 767.74 column/sec. Elapsed time 9.08 sec
18626.5s 3770 EvaluatorHoldout: Ignoring 31 ( 0.1%) Users that have less than 1 test interactions
18640.2s 3771 EvaluatorHoldout: Processed 27064 (100.0%) in 13.92 sec. Users per second: 1945
18640.7s 3772 Unable to load Cython Compute_Similarity, reverting to Python
18649.6s 3773 Similarity column 6969 (100.0%), 765.64 column/sec. Elapsed time 9.10 sec
18649.8s 3774 EvaluatorHoldout: Ignoring 31 ( 0.1%) Users that have less than 1 test interactions
18663.8s 3775 EvaluatorHoldout: Processed 27064 (100.0%) in 13.94 sec. Users per second: 1941
18663.8s 3776 [I 2025-12-08 01:53:17,429] Trial 155 finished with value: 0.25283467104915347 and parameters: {'topK': 7, 'shrink': 100, 'tversky_alpha': 0.19460590479645226, 'tversky_beta': 1.7647122651263292}. Best is trial 150 with value: 0.2528899037164667.
18663.8s 3777 
18663.8s 3778 [I 2025-12-08 01:53:17,429] Trial 155 finished with value: 0.25283467104915347 and parameters: {'topK': 7, 'shrink': 100, 'tversky_alpha': 0.19460590479645226, 'tversky_beta': 1.7647122651263292}. Best is trial 150 with value: 0.2528899037164667.
18663.8s 3779 [0.253319457785227, 0.25275944596147043, 0.2524569616957093, 0.252569986622894, 0.25306750318046656]
18664.1s 3780 Unable to load Cython Compute_Similarity, reverting to Python
18673.5s 3781 Similarity column 6969 (100.0%), 728.50 column/sec. Elapsed time 9.57 sec
18673.7s 3782 EvaluatorHoldout: Ignoring 31 ( 0.1%) Users that have less than 1 test interactions
18687.3s 3783 EvaluatorHoldout: Processed 27064 (100.0%) in 13.73 sec. Users per second: 1971
18687.8s 3784 Unable to load Cython Compute_Similarity, reverting to Python
18697.2s 3785 Similarity column 6969 (100.0%), 737.90 column/sec. Elapsed time 9.44 sec
18697.2s 3786 EvaluatorHoldout: Ignoring 29 ( 0.1%) Users that have less than 1 test interactions
18710.9s 3787 EvaluatorHoldout: Processed 27066 (100.0%) in 13.83 sec. Users per second: 1957
18711.3s 3788 Unable to load Cython Compute_Similarity, reverting to Python
18720.4s 3789 Similarity column 6969 (100.0%), 750.36 column/sec. Elapsed time 9.29 sec
18720.6s 3790 EvaluatorHoldout: Ignoring 40 ( 0.1%) Users that have less than 1 test interactions
18734.5s 3791 EvaluatorHoldout: Processed 27055 (100.0%) in 13.88 sec. Users per second: 1949
18734.8s 3792 Unable to load Cython Compute_Similarity, reverting to Python
18743.8s 3793 Similarity column 6969 (100.0%), 764.93 column/sec. Elapsed time 9.11 sec
18744.0s 3794 EvaluatorHoldout: Ignoring 31 ( 0.1%) Users that have less than 1 test interactions
18757.6s 3795 EvaluatorHoldout: Processed 27064 (100.0%) in 13.79 sec. Users per second: 1963
18758.1s 3796 Unable to load Cython Compute_Similarity, reverting to Python
18767.2s 3797 Similarity column 6969 (100.0%), 756.55 column/sec. Elapsed time 9.21 sec
18767.3s 3798 EvaluatorHoldout: Ignoring 31 ( 0.1%) Users that have less than 1 test interactions
18780.9s 3799 EvaluatorHoldout: Processed 27064 (100.0%) in 13.78 sec. Users per second: 1964
18780.9s 3800 [I 2025-12-08 01:55:14,694] Trial 156 finished with value: 0.2524059959816699 and parameters: {'topK': 6, 'shrink': 111, 'tversky_alpha': 0.1927518411799582, 'tversky_beta': 1.7671331208891434}. Best is trial 150 with value: 0.2528899037164667.
18780.9s 3801 
18780.9s 3802 [I 2025-12-08 01:55:14,694] Trial 156 finished with value: 0.2524059959816699 and parameters: {'topK': 6, 'shrink': 111, 'tversky_alpha': 0.1927518411799582, 'tversky_beta': 1.7671331208891434}. Best is trial 150 with value: 0.2528899037164667.
18781.1s 3803 [0.2531432981851861, 0.25220286112940826, 0.2514888747582272, 0.2528241535794958, 0.25237079225603215]
18781.4s 3804 Unable to load Cython Compute_Similarity, reverting to Python
18790.5s 3805 Similarity column 6969 (100.0%), 751.68 column/sec. Elapsed time 9.27 sec
18790.7s 3806 EvaluatorHoldout: Ignoring 31 ( 0.1%) Users that have less than 1 test interactions
18804.5s 3807 EvaluatorHoldout: Processed 27064 (100.0%) in 13.84 sec. Users per second: 1956
18804.8s 3808 Unable to load Cython Compute_Similarity, reverting to Python
18814.3s 3809 Similarity column 6969 (100.0%), 723.99 column/sec. Elapsed time 9.63 sec
18814.5s 3810 EvaluatorHoldout: Ignoring 29 ( 0.1%) Users that have less than 1 test interactions
18828.2s 3811 EvaluatorHoldout: Processed 27066 (100.0%) in 13.90 sec. Users per second: 1948
18828.7s 3812 Unable to load Cython Compute_Similarity, reverting to Python
18838.2s 3813 Similarity column 6969 (100.0%), 739.62 column/sec. Elapsed time 9.42 sec
18838.2s 3814 EvaluatorHoldout: Ignoring 40 ( 0.1%) Users that have less than 1 test interactions
18851.8s 3815 EvaluatorHoldout: Processed 27055 (100.0%) in 13.86 sec. Users per second: 1952
18852.3s 3816 Unable to load Cython Compute_Similarity, reverting to Python
18861.3s 3817 Similarity column 6969 (100.0%), 756.71 column/sec. Elapsed time 9.21 sec
18861.5s 3818 EvaluatorHoldout: Ignoring 31 ( 0.1%) Users that have less than 1 test interactions
18875.6s 3819 EvaluatorHoldout: Processed 27064 (100.0%) in 14.12 sec. Users per second: 1917
18876.0s 3820 Unable to load Cython Compute_Similarity, reverting to Python
18885.1s 3821 Similarity column 6969 (100.0%), 747.28 column/sec. Elapsed time 9.33 sec
18885.3s 3822 EvaluatorHoldout: Ignoring 31 ( 0.1%) Users that have less than 1 test interactions
18899.0s 3823 EvaluatorHoldout: Processed 27064 (100.0%) in 13.90 sec. Users per second: 1946
18899.0s 3824 [I 2025-12-08 01:57:12,834] Trial 157 finished with value: 0.25269860670195 and parameters: {'topK': 7, 'shrink': 101, 'tversky_alpha': 0.19471556084750874, 'tversky_beta': 1.750781997747758}. Best is trial 150 with value: 0.2528899037164667.
18899.0s 3825 
18899.0s 3826 [I 2025-12-08 01:57:12,834] Trial 157 finished with value: 0.25269860670195 and parameters: {'topK': 7, 'shrink': 101, 'tversky_alpha': 0.19471556084750874, 'tversky_beta': 1.750781997747758}. Best is trial 150 with value: 0.2528899037164667.
18899.2s 3827 [0.2531252351763588, 0.2527092786716338, 0.25231461218514223, 0.252581041556057, 0.2527628659205581]
18899.5s 3828 Unable to load Cython Compute_Similarity, reverting to Python
18908.8s 3829 Similarity column 6969 (100.0%), 752.54 column/sec. Elapsed time 9.26 sec
18908.8s 3830 EvaluatorHoldout: Ignoring 31 ( 0.1%) Users that have less than 1 test interactions
18922.6s 3831 EvaluatorHoldout: Processed 27064 (100.0%) in 13.98 sec. Users per second: 1935
18923.1s 3832 Unable to load Cython Compute_Similarity, reverting to Python
18932.3s 3833 Similarity column 6969 (100.0%), 740.65 column/sec. Elapsed time 9.41 sec
18932.5s 3834 EvaluatorHoldout: Ignoring 29 ( 0.1%) Users that have less than 1 test interactions
18946.5s 3835 EvaluatorHoldout: Processed 27066 (100.0%) in 13.96 sec. Users per second: 1938
18946.8s 3836 Unable to load Cython Compute_Similarity, reverting to Python
18956.1s 3837 Similarity column 6969 (100.0%), 738.94 column/sec. Elapsed time 9.43 sec
18956.3s 3838 EvaluatorHoldout: Ignoring 40 ( 0.1%) Users that have less than 1 test interactions
18969.9s 3839 EvaluatorHoldout: Processed 27055 (100.0%) in 13.85 sec. Users per second: 1954
18970.4s 3840 Unable to load Cython Compute_Similarity, reverting to Python
18979.6s 3841 Similarity column 6969 (100.0%), 758.88 column/sec. Elapsed time 9.18 sec
18979.6s 3842 EvaluatorHoldout: Ignoring 31 ( 0.1%) Users that have less than 1 test interactions
18993.6s 3843 EvaluatorHoldout: Processed 27064 (100.0%) in 14.14 sec. Users per second: 1914
18994.1s 3844 Unable to load Cython Compute_Similarity, reverting to Python
19003.1s 3845 Similarity column 6969 (100.0%), 757.92 column/sec. Elapsed time 9.19 sec
19003.3s 3846 EvaluatorHoldout: Ignoring 31 ( 0.1%) Users that have less than 1 test interactions
19017.2s 3847 EvaluatorHoldout: Processed 27064 (100.0%) in 13.92 sec. Users per second: 1945
19017.2s 3848 [I 2025-12-08 01:59:10,827] Trial 158 finished with value: 0.2528886249734102 and parameters: {'topK': 8, 'shrink': 100, 'tversky_alpha': 0.18875422097363143, 'tversky_beta': 1.7561847041099572}. Best is trial 150 with value: 0.2528899037164667.
19017.2s 3849 
19017.2s 3850 [I 2025-12-08 01:59:10,827] Trial 158 finished with value: 0.2528886249734102 and parameters: {'topK': 8, 'shrink': 100, 'tversky_alpha': 0.18875422097363143, 'tversky_beta': 1.7561847041099572}. Best is trial 150 with value: 0.2528899037164667.
19017.2s 3851 [0.25338162923457697, 0.2530184679919309, 0.2522697302555607, 0.25255185288730986, 0.2532214444976725]
19017.5s 3852 Unable to load Cython Compute_Similarity, reverting to Python
19026.7s 3853 Similarity column 6969 (100.0%), 747.56 column/sec. Elapsed time 9.32 sec
19026.9s 3854 EvaluatorHoldout: Ignoring 31 ( 0.1%) Users that have less than 1 test interactions
19040.6s 3855 EvaluatorHoldout: Processed 27064 (100.0%) in 13.88 sec. Users per second: 1950
19041.1s 3856 Unable to load Cython Compute_Similarity, reverting to Python
19050.5s 3857 Similarity column 6969 (100.0%), 735.72 column/sec. Elapsed time 9.47 sec
19050.5s 3858 EvaluatorHoldout: Ignoring 29 ( 0.1%) Users that have less than 1 test interactions
19064.4s 3859 EvaluatorHoldout: Processed 27066 (100.0%) in 14.02 sec. Users per second: 1930
19064.9s 3860 Unable to load Cython Compute_Similarity, reverting to Python
19074.3s 3861 Similarity column 6969 (100.0%), 724.03 column/sec. Elapsed time 9.63 sec
19074.5s 3862 EvaluatorHoldout: Ignoring 40 ( 0.1%) Users that have less than 1 test interactions
19088.3s 3863 EvaluatorHoldout: Processed 27055 (100.0%) in 13.79 sec. Users per second: 1962
19088.6s 3864 Unable to load Cython Compute_Similarity, reverting to Python
19097.6s 3865 Similarity column 6969 (100.0%), 759.56 column/sec. Elapsed time 9.18 sec
19097.8s 3866 EvaluatorHoldout: Ignoring 31 ( 0.1%) Users that have less than 1 test interactions
19111.5s 3867 EvaluatorHoldout: Processed 27064 (100.0%) in 13.92 sec. Users per second: 1945
19112.0s 3868 Unable to load Cython Compute_Similarity, reverting to Python
19121.2s 3869 Similarity column 6969 (100.0%), 759.14 column/sec. Elapsed time 9.18 sec
19121.2s 3870 EvaluatorHoldout: Ignoring 31 ( 0.1%) Users that have less than 1 test interactions
19135.0s 3871 EvaluatorHoldout: Processed 27064 (100.0%) in 14.00 sec. Users per second: 1934
19135.0s 3872 [I 2025-12-08 02:01:08,847] Trial 159 finished with value: 0.25273015850907604 and parameters: {'topK': 8, 'shrink': 115, 'tversky_alpha': 0.18889550164169897, 'tversky_beta': 1.7565310057031667}. Best is trial 150 with value: 0.2528899037164667.
19135.0s 3873 
19135.0s 3874 [I 2025-12-08 02:01:08,847] Trial 159 finished with value: 0.25273015850907604 and parameters: {'topK': 8, 'shrink': 115, 'tversky_alpha': 0.18889550164169897, 'tversky_beta': 1.7565310057031667}. Best is trial 150 with value: 0.2528899037164667.
19135.2s 3875 [0.25346672295493133, 0.2527202819874422, 0.25201680199500787, 0.25257412124522977, 0.252872864362769]
19135.5s 3876 Unable to load Cython Compute_Similarity, reverting to Python
19144.8s 3877 Similarity column 6969 (100.0%), 740.37 column/sec. Elapsed time 9.41 sec
19145.0s 3878 EvaluatorHoldout: Ignoring 31 ( 0.1%) Users that have less than 1 test interactions
19158.7s 3879 EvaluatorHoldout: Processed 27064 (100.0%) in 13.76 sec. Users per second: 1967
19159.0s 3880 Unable to load Cython Compute_Similarity, reverting to Python
19168.2s 3881 Similarity column 6969 (100.0%), 743.06 column/sec. Elapsed time 9.38 sec
19168.4s 3882 EvaluatorHoldout: Ignoring 29 ( 0.1%) Users that have less than 1 test interactions
19182.3s 3883 EvaluatorHoldout: Processed 27066 (100.0%) in 14.08 sec. Users per second: 1922
19182.8s 3884 Unable to load Cython Compute_Similarity, reverting to Python
19192.3s 3885 Similarity column 6969 (100.0%), 732.97 column/sec. Elapsed time 9.51 sec
19192.3s 3886 EvaluatorHoldout: Ignoring 40 ( 0.1%) Users that have less than 1 test interactions
19206.0s 3887 EvaluatorHoldout: Processed 27055 (100.0%) in 13.80 sec. Users per second: 1960
19206.5s 3888 Unable to load Cython Compute_Similarity, reverting to Python
19215.5s 3889 Similarity column 6969 (100.0%), 751.86 column/sec. Elapsed time 9.27 sec
19215.7s 3890 EvaluatorHoldout: Ignoring 31 ( 0.1%) Users that have less than 1 test interactions
19229.7s 3891 EvaluatorHoldout: Processed 27064 (100.0%) in 13.98 sec. Users per second: 1935
19230.1s 3892 Unable to load Cython Compute_Similarity, reverting to Python
19239.3s 3893 Similarity column 6969 (100.0%), 737.16 column/sec. Elapsed time 9.45 sec
19239.5s 3894 EvaluatorHoldout: Ignoring 31 ( 0.1%) Users that have less than 1 test interactions
19253.3s 3895 EvaluatorHoldout: Processed 27064 (100.0%) in 14.00 sec. Users per second: 1933
19253.3s 3896 [I 2025-12-08 02:03:07,158] Trial 160 finished with value: 0.2527924610149811 and parameters: {'topK': 8, 'shrink': 110, 'tversky_alpha': 0.189216964715598, 'tversky_beta': 1.7610805454384226}. Best is trial 150 with value: 0.2528899037164667.
19253.3s 3897 
19253.3s 3898 [I 2025-12-08 02:03:07,158] Trial 160 finished with value: 0.2527924610149811 and parameters: {'topK': 8, 'shrink': 110, 'tversky_alpha': 0.189216964715598, 'tversky_beta': 1.7610805454384226}. Best is trial 150 with value: 0.2528899037164667.
19253.5s 3899 [0.2535309333505977, 0.2528291080551277, 0.25217025366273754, 0.2525887788097967, 0.2528432311966461]
19253.9s 3900 Unable to load Cython Compute_Similarity, reverting to Python
19263.2s 3901 Similarity column 6969 (100.0%), 747.58 column/sec. Elapsed time 9.32 sec
19263.2s 3902 EvaluatorHoldout: Ignoring 31 ( 0.1%) Users that have less than 1 test interactions
19276.8s 3903 EvaluatorHoldout: Processed 27064 (100.0%) in 13.78 sec. Users per second: 1964
19277.3s 3904 Unable to load Cython Compute_Similarity, reverting to Python
19286.8s 3905 Similarity column 6969 (100.0%), 718.64 column/sec. Elapsed time 9.70 sec
19287.0s 3906 EvaluatorHoldout: Ignoring 29 ( 0.1%) Users that have less than 1 test interactions
19300.9s 3907 EvaluatorHoldout: Processed 27066 (100.0%) in 13.95 sec. Users per second: 1940
19301.3s 3908 Unable to load Cython Compute_Similarity, reverting to Python
19310.7s 3909 Similarity column 6969 (100.0%), 724.73 column/sec. Elapsed time 9.62 sec
19310.9s 3910 EvaluatorHoldout: Ignoring 40 ( 0.1%) Users that have less than 1 test interactions
19324.7s 3911 EvaluatorHoldout: Processed 27055 (100.0%) in 13.97 sec. Users per second: 1936
19325.2s 3912 Unable to load Cython Compute_Similarity, reverting to Python
19334.4s 3913 Similarity column 6969 (100.0%), 760.26 column/sec. Elapsed time 9.17 sec
19334.4s 3914 EvaluatorHoldout: Ignoring 31 ( 0.1%) Users that have less than 1 test interactions
19348.1s 3915 EvaluatorHoldout: Processed 27064 (100.0%) in 13.97 sec. Users per second: 1938
19348.6s 3916 Unable to load Cython Compute_Similarity, reverting to Python
19357.8s 3917 Similarity column 6969 (100.0%), 741.38 column/sec. Elapsed time 9.40 sec
19358.0s 3918 EvaluatorHoldout: Ignoring 31 ( 0.1%) Users that have less than 1 test interactions
19372.0s 3919 EvaluatorHoldout: Processed 27064 (100.0%) in 14.00 sec. Users per second: 1932
19372.0s 3920 [I 2025-12-08 02:05:05,680] Trial 161 finished with value: 0.2529149947872584 and parameters: {'topK': 8, 'shrink': 100, 'tversky_alpha': 0.18799520308386317, 'tversky_beta': 1.7571985406726631}. Best is trial 161 with value: 0.2529149947872584.
19372.0s 3921 
19372.0s 3922 [I 2025-12-08 02:05:05,680] Trial 161 finished with value: 0.2529149947872584 and parameters: {'topK': 8, 'shrink': 100, 'tversky_alpha': 0.18799520308386317, 'tversky_beta': 1.7571985406726631}. Best is trial 161 with value: 0.2529149947872584.
19372.1s 3923 [0.253407174863759, 0.25309515597614723, 0.25226404067773145, 0.25256929046169446, 0.25323931195695987]
19372.4s 3924 Unable to load Cython Compute_Similarity, reverting to Python
19381.5s 3925 Similarity column 6969 (100.0%), 751.75 column/sec. Elapsed time 9.27 sec
19381.7s 3926 EvaluatorHoldout: Ignoring 31 ( 0.1%) Users that have less than 1 test interactions
19395.3s 3927 EvaluatorHoldout: Processed 27064 (100.0%) in 13.81 sec. Users per second: 1960
19395.8s 3928 Unable to load Cython Compute_Similarity, reverting to Python
19405.1s 3929 Similarity column 6969 (100.0%), 750.19 column/sec. Elapsed time 9.29 sec
19405.1s 3930 EvaluatorHoldout: Ignoring 29 ( 0.1%) Users that have less than 1 test interactions
19418.9s 3931 EvaluatorHoldout: Processed 27066 (100.0%) in 13.97 sec. Users per second: 1937
19419.4s 3932 Unable to load Cython Compute_Similarity, reverting to Python
19428.5s 3933 Similarity column 6969 (100.0%), 744.04 column/sec. Elapsed time 9.37 sec
19428.7s 3934 EvaluatorHoldout: Ignoring 40 ( 0.1%) Users that have less than 1 test interactions
19442.9s 3935 EvaluatorHoldout: Processed 27055 (100.0%) in 14.14 sec. Users per second: 1913
19443.2s 3936 Unable to load Cython Compute_Similarity, reverting to Python
19452.1s 3937 Similarity column 6969 (100.0%), 762.76 column/sec. Elapsed time 9.14 sec
19452.3s 3938 EvaluatorHoldout: Ignoring 31 ( 0.1%) Users that have less than 1 test interactions
19466.3s 3939 EvaluatorHoldout: Processed 27064 (100.0%) in 14.16 sec. Users per second: 1911
19466.8s 3940 Unable to load Cython Compute_Similarity, reverting to Python
19476.2s 3941 Similarity column 6969 (100.0%), 745.22 column/sec. Elapsed time 9.35 sec
19476.2s 3942 EvaluatorHoldout: Ignoring 31 ( 0.1%) Users that have less than 1 test interactions
19490.0s 3943 EvaluatorHoldout: Processed 27064 (100.0%) in 13.97 sec. Users per second: 1938
19490.0s 3944 [I 2025-12-08 02:07:03,798] Trial 162 finished with value: 0.25275395400488604 and parameters: {'topK': 8, 'shrink': 110, 'tversky_alpha': 0.19841355168082084, 'tversky_beta': 1.762865868792369}. Best is trial 161 with value: 0.2529149947872584.
19490.0s 3945 
