10941.8s 2218 [I 2025-12-07 23:44:35,658] Trial 90 finished with value: 0.2524518311393066 and parameters: {'topK': 8, 'shrink': 117, 'tversky_alpha': 0.2063052082083422, 'tversky_beta': 1.7470441058277228}. Best is trial 64 with value: 0.25272636140465277.
10942.0s 2219 [0.2527579793421436, 0.25261984738762955, 0.25147235412212887, 0.2525354931792375, 0.25287348166539325]
10942.4s 2220 Unable to load Cython Compute_Similarity, reverting to Python
10951.6s 2221 Similarity column 6969 (100.0%), 736.92 column/sec. Elapsed time 9.46 sec
10951.8s 2222 EvaluatorHoldout: Ignoring 31 ( 0.1%) Users that have less than 1 test interactions
10965.7s 2223 EvaluatorHoldout: Processed 27064 (100.0%) in 13.91 sec. Users per second: 1946
10966.0s 2224 Unable to load Cython Compute_Similarity, reverting to Python
10975.4s 2225 Similarity column 6969 (100.0%), 730.08 column/sec. Elapsed time 9.55 sec
10975.6s 2226 EvaluatorHoldout: Ignoring 29 ( 0.1%) Users that have less than 1 test interactions
10989.4s 2227 EvaluatorHoldout: Processed 27066 (100.0%) in 14.01 sec. Users per second: 1932
10989.9s 2228 Unable to load Cython Compute_Similarity, reverting to Python
10999.5s 2229 Similarity column 6969 (100.0%), 720.96 column/sec. Elapsed time 9.67 sec
10999.6s 2230 EvaluatorHoldout: Ignoring 40 ( 0.1%) Users that have less than 1 test interactions
11013.4s 2231 EvaluatorHoldout: Processed 27055 (100.0%) in 14.03 sec. Users per second: 1929
11013.9s 2232 Unable to load Cython Compute_Similarity, reverting to Python
11023.0s 2233 Similarity column 6969 (100.0%), 750.33 column/sec. Elapsed time 9.29 sec
11023.2s 2234 EvaluatorHoldout: Ignoring 31 ( 0.1%) Users that have less than 1 test interactions
11037.1s 2235 EvaluatorHoldout: Processed 27064 (100.0%) in 13.97 sec. Users per second: 1937
11037.5s 2236 Unable to load Cython Compute_Similarity, reverting to Python
11047.2s 2237 Similarity column 6969 (100.0%), 701.93 column/sec. Elapsed time 9.93 sec
11047.4s 2238 EvaluatorHoldout: Ignoring 31 ( 0.1%) Users that have less than 1 test interactions
11061.3s 2239 EvaluatorHoldout: Processed 27064 (100.0%) in 14.03 sec. Users per second: 1929
11061.3s 2240 [I 2025-12-07 23:46:35,126] Trial 91 finished with value: 0.2523490416654348 and parameters: {'topK': 8, 'shrink': 126, 'tversky_alpha': 0.1841603596925297, 'tversky_beta': 1.6663612698985515}. Best is trial 64 with value: 0.25272636140465277.
11061.3s 2241 
11061.3s 2242 [I 2025-12-07 23:46:35,126] Trial 91 finished with value: 0.2523490416654348 and parameters: {'topK': 8, 'shrink': 126, 'tversky_alpha': 0.1841603596925297, 'tversky_beta': 1.6663612698985515}. Best is trial 64 with value: 0.25272636140465277.
11061.5s 2243 [0.2528517918882669, 0.2522037113471477, 0.2516436684040935, 0.25234677737554095, 0.2526992593121249]
11061.8s 2244 Unable to load Cython Compute_Similarity, reverting to Python
11071.4s 2245 Similarity column 6969 (100.0%), 723.20 column/sec. Elapsed time 9.64 sec
11071.5s 2246 EvaluatorHoldout: Ignoring 31 ( 0.1%) Users that have less than 1 test interactions
11085.3s 2247 EvaluatorHoldout: Processed 27064 (100.0%) in 14.00 sec. Users per second: 1934
11085.8s 2248 Unable to load Cython Compute_Similarity, reverting to Python
11095.2s 2249 Similarity column 6969 (100.0%), 728.96 column/sec. Elapsed time 9.56 sec
11095.4s 2250 EvaluatorHoldout: Ignoring 29 ( 0.1%) Users that have less than 1 test interactions
11109.2s 2251 EvaluatorHoldout: Processed 27066 (100.0%) in 13.96 sec. Users per second: 1939
11109.6s 2252 Unable to load Cython Compute_Similarity, reverting to Python
11119.4s 2253 Similarity column 6969 (100.0%), 701.88 column/sec. Elapsed time 9.93 sec
11119.6s 2254 EvaluatorHoldout: Ignoring 40 ( 0.1%) Users that have less than 1 test interactions
11133.3s 2255 EvaluatorHoldout: Processed 27055 (100.0%) in 13.89 sec. Users per second: 1948
11133.8s 2256 Unable to load Cython Compute_Similarity, reverting to Python
11143.0s 2257 Similarity column 6969 (100.0%), 747.29 column/sec. Elapsed time 9.33 sec
11143.1s 2258 EvaluatorHoldout: Ignoring 31 ( 0.1%) Users that have less than 1 test interactions
11157.1s 2259 EvaluatorHoldout: Processed 27064 (100.0%) in 14.15 sec. Users per second: 1912
11157.6s 2260 Unable to load Cython Compute_Similarity, reverting to Python
11167.0s 2261 Similarity column 6969 (100.0%), 727.78 column/sec. Elapsed time 9.58 sec
11167.2s 2262 EvaluatorHoldout: Ignoring 31 ( 0.1%) Users that have less than 1 test interactions
11181.0s 2263 EvaluatorHoldout: Processed 27064 (100.0%) in 13.91 sec. Users per second: 1946
11181.0s 2264 [I 2025-12-07 23:48:34,716] Trial 92 finished with value: 0.2525155397694017 and parameters: {'topK': 7, 'shrink': 129, 'tversky_alpha': 0.17432147892373018, 'tversky_beta': 1.7049432095619899}. Best is trial 64 with value: 0.25272636140465277.
11181.0s 2265 
11181.0s 2266 [I 2025-12-07 23:48:34,716] Trial 92 finished with value: 0.2525155397694017 and parameters: {'topK': 7, 'shrink': 129, 'tversky_alpha': 0.17432147892373018, 'tversky_beta': 1.7049432095619899}. Best is trial 64 with value: 0.25272636140465277.
11181.1s 2267 [0.25234103954824644, 0.25253579338055543, 0.2524288410001762, 0.25252627854994775, 0.2527457463680826]
11181.4s 2268 Unable to load Cython Compute_Similarity, reverting to Python
11190.7s 2269 Similarity column 6969 (100.0%), 735.40 column/sec. Elapsed time 9.48 sec
11190.9s 2270 EvaluatorHoldout: Ignoring 31 ( 0.1%) Users that have less than 1 test interactions
11204.8s 2271 EvaluatorHoldout: Processed 27064 (100.0%) in 14.02 sec. Users per second: 1931
11205.3s 2272 Unable to load Cython Compute_Similarity, reverting to Python
11214.6s 2273 Similarity column 6969 (100.0%), 737.53 column/sec. Elapsed time 9.45 sec
11214.7s 2274 EvaluatorHoldout: Ignoring 29 ( 0.1%) Users that have less than 1 test interactions
11228.5s 2275 EvaluatorHoldout: Processed 27066 (100.0%) in 14.01 sec. Users per second: 1932
11229.0s 2276 Unable to load Cython Compute_Similarity, reverting to Python
11238.4s 2277 Similarity column 6969 (100.0%), 729.53 column/sec. Elapsed time 9.55 sec
11238.6s 2278 EvaluatorHoldout: Ignoring 40 ( 0.1%) Users that have less than 1 test interactions
11252.6s 2279 EvaluatorHoldout: Processed 27055 (100.0%) in 14.05 sec. Users per second: 1925
11253.0s 2280 Unable to load Cython Compute_Similarity, reverting to Python
11261.9s 2281 Similarity column 6969 (100.0%), 761.66 column/sec. Elapsed time 9.15 sec
11262.1s 2282 EvaluatorHoldout: Ignoring 31 ( 0.1%) Users that have less than 1 test interactions
11276.1s 2283 EvaluatorHoldout: Processed 27064 (100.0%) in 14.18 sec. Users per second: 1908
11276.6s 2284 Unable to load Cython Compute_Similarity, reverting to Python
11285.8s 2285 Similarity column 6969 (100.0%), 750.11 column/sec. Elapsed time 9.29 sec
11285.9s 2286 EvaluatorHoldout: Ignoring 31 ( 0.1%) Users that have less than 1 test interactions
11299.8s 2287 EvaluatorHoldout: Processed 27064 (100.0%) in 14.05 sec. Users per second: 1926
11299.8s 2288 [I 2025-12-07 23:50:33,602] Trial 93 finished with value: 0.25259820244236886 and parameters: {'topK': 8, 'shrink': 111, 'tversky_alpha': 0.17063833735440356, 'tversky_beta': 1.655040786928862}. Best is trial 64 with value: 0.25272636140465277.
11299.8s 2289 
11299.8s 2290 [I 2025-12-07 23:50:33,602] Trial 93 finished with value: 0.25259820244236886 and parameters: {'topK': 8, 'shrink': 111, 'tversky_alpha': 0.17063833735440356, 'tversky_beta': 1.655040786928862}. Best is trial 64 with value: 0.25272636140465277.
11300.0s 2291 [0.25300931578406066, 0.25268777563166656, 0.25217194035462914, 0.2522786843343599, 0.2528432961071278]
11300.3s 2292 Unable to load Cython Compute_Similarity, reverting to Python
11309.4s 2293 Similarity column 6969 (100.0%), 753.51 column/sec. Elapsed time 9.25 sec
11309.6s 2294 EvaluatorHoldout: Ignoring 31 ( 0.1%) Users that have less than 1 test interactions
11323.6s 2295 EvaluatorHoldout: Processed 27064 (100.0%) in 14.07 sec. Users per second: 1923
11323.9s 2296 Unable to load Cython Compute_Similarity, reverting to Python
11333.2s 2297 Similarity column 6969 (100.0%), 738.33 column/sec. Elapsed time 9.44 sec
11333.4s 2298 EvaluatorHoldout: Ignoring 29 ( 0.1%) Users that have less than 1 test interactions
11347.3s 2299 EvaluatorHoldout: Processed 27066 (100.0%) in 14.13 sec. Users per second: 1915
11347.8s 2300 Unable to load Cython Compute_Similarity, reverting to Python
11357.2s 2301 Similarity column 6969 (100.0%), 734.61 column/sec. Elapsed time 9.49 sec
11357.3s 2302 EvaluatorHoldout: Ignoring 40 ( 0.1%) Users that have less than 1 test interactions
11371.2s 2303 EvaluatorHoldout: Processed 27055 (100.0%) in 14.05 sec. Users per second: 1926
11371.7s 2304 Unable to load Cython Compute_Similarity, reverting to Python
11381.2s 2305 Similarity column 6969 (100.0%), 721.20 column/sec. Elapsed time 9.66 sec
11381.4s 2306 EvaluatorHoldout: Ignoring 31 ( 0.1%) Users that have less than 1 test interactions
11395.3s 2307 EvaluatorHoldout: Processed 27064 (100.0%) in 13.97 sec. Users per second: 1938
11395.6s 2308 Unable to load Cython Compute_Similarity, reverting to Python
11405.7s 2309 Similarity column 6969 (100.0%), 680.23 column/sec. Elapsed time 10.25 sec
11405.9s 2310 EvaluatorHoldout: Ignoring 31 ( 0.1%) Users that have less than 1 test interactions
11419.7s 2311 EvaluatorHoldout: Processed 27064 (100.0%) in 14.02 sec. Users per second: 1930
11419.8s 2312 [I 2025-12-07 23:52:33,568] Trial 94 finished with value: 0.25167684010632274 and parameters: {'topK': 9, 'shrink': 110, 'tversky_alpha': 0.19731463961008466, 'tversky_beta': 1.5970477983968512}. Best is trial 64 with value: 0.25272636140465277.
11419.8s 2313 
11419.8s 2314 [I 2025-12-07 23:52:33,568] Trial 94 finished with value: 0.25167684010632274 and parameters: {'topK': 9, 'shrink': 110, 'tversky_alpha': 0.19731463961008466, 'tversky_beta': 1.5970477983968512}. Best is trial 64 with value: 0.25272636140465277.
11419.9s 2315 [0.25199201627201784, 0.25180776094261204, 0.25052857644775345, 0.25156723765994976, 0.2524886092092806]
11420.3s 2316 Unable to load Cython Compute_Similarity, reverting to Python
11430.2s 2317 Similarity column 6969 (100.0%), 693.28 column/sec. Elapsed time 10.05 sec
11430.3s 2318 EvaluatorHoldout: Ignoring 31 ( 0.1%) Users that have less than 1 test interactions
11444.1s 2319 EvaluatorHoldout: Processed 27064 (100.0%) in 13.88 sec. Users per second: 1949
11444.5s 2320 Unable to load Cython Compute_Similarity, reverting to Python
11454.0s 2321 Similarity column 6969 (100.0%), 724.80 column/sec. Elapsed time 9.62 sec
11454.2s 2322 EvaluatorHoldout: Ignoring 29 ( 0.1%) Users that have less than 1 test interactions
11468.0s 2323 EvaluatorHoldout: Processed 27066 (100.0%) in 13.86 sec. Users per second: 1953
11468.3s 2324 Unable to load Cython Compute_Similarity, reverting to Python
11477.9s 2325 Similarity column 6969 (100.0%), 716.70 column/sec. Elapsed time 9.72 sec
11478.1s 2326 EvaluatorHoldout: Ignoring 40 ( 0.1%) Users that have less than 1 test interactions
11491.8s 2327 EvaluatorHoldout: Processed 27055 (100.0%) in 13.87 sec. Users per second: 1951
11492.3s 2328 Unable to load Cython Compute_Similarity, reverting to Python
11501.5s 2329 Similarity column 6969 (100.0%), 743.24 column/sec. Elapsed time 9.38 sec
11501.6s 2330 EvaluatorHoldout: Ignoring 31 ( 0.1%) Users that have less than 1 test interactions
11515.4s 2331 EvaluatorHoldout: Processed 27064 (100.0%) in 13.91 sec. Users per second: 1945
11515.9s 2332 Unable to load Cython Compute_Similarity, reverting to Python
11525.4s 2333 Similarity column 6969 (100.0%), 715.25 column/sec. Elapsed time 9.74 sec
11525.6s 2334 EvaluatorHoldout: Ignoring 31 ( 0.1%) Users that have less than 1 test interactions
11539.4s 2335 EvaluatorHoldout: Processed 27064 (100.0%) in 13.84 sec. Users per second: 1955
11539.4s 2336 [I 2025-12-07 23:54:33,111] Trial 95 finished with value: 0.2523977708586164 and parameters: {'topK': 7, 'shrink': 104, 'tversky_alpha': 0.19043700799204877, 'tversky_beta': 1.6485410580685518}. Best is trial 64 with value: 0.25272636140465277.
11539.4s 2337 
11539.4s 2338 [I 2025-12-07 23:54:33,111] Trial 95 finished with value: 0.2523977708586164 and parameters: {'topK': 7, 'shrink': 104, 'tversky_alpha': 0.19043700799204877, 'tversky_beta': 1.6485410580685518}. Best is trial 64 with value: 0.25272636140465277.
11539.5s 2339 [0.25279519672066203, 0.25237976037384263, 0.2520702191046448, 0.25240417988632946, 0.25233949820760315]
11539.8s 2340 Unable to load Cython Compute_Similarity, reverting to Python
11549.1s 2341 Similarity column 6969 (100.0%), 735.98 column/sec. Elapsed time 9.47 sec
11549.3s 2342 EvaluatorHoldout: Ignoring 31 ( 0.1%) Users that have less than 1 test interactions
11563.0s 2343 EvaluatorHoldout: Processed 27064 (100.0%) in 13.89 sec. Users per second: 1949
11563.5s 2344 Unable to load Cython Compute_Similarity, reverting to Python
11573.2s 2345 Similarity column 6969 (100.0%), 715.52 column/sec. Elapsed time 9.74 sec
11573.2s 2346 EvaluatorHoldout: Ignoring 29 ( 0.1%) Users that have less than 1 test interactions
11587.3s 2347 EvaluatorHoldout: Processed 27066 (100.0%) in 14.27 sec. Users per second: 1897
11587.8s 2348 Unable to load Cython Compute_Similarity, reverting to Python
11597.5s 2349 Similarity column 6969 (100.0%), 710.00 column/sec. Elapsed time 9.82 sec
11597.7s 2350 EvaluatorHoldout: Ignoring 40 ( 0.1%) Users that have less than 1 test interactions
11611.6s 2351 EvaluatorHoldout: Processed 27055 (100.0%) in 13.99 sec. Users per second: 1934
11612.0s 2352 Unable to load Cython Compute_Similarity, reverting to Python
11621.1s 2353 Similarity column 6969 (100.0%), 744.06 column/sec. Elapsed time 9.37 sec
11621.3s 2354 EvaluatorHoldout: Ignoring 31 ( 0.1%) Users that have less than 1 test interactions
11635.3s 2355 EvaluatorHoldout: Processed 27064 (100.0%) in 14.14 sec. Users per second: 1914
11635.8s 2356 Unable to load Cython Compute_Similarity, reverting to Python
11645.6s 2357 Similarity column 6969 (100.0%), 702.70 column/sec. Elapsed time 9.92 sec
11645.7s 2358 EvaluatorHoldout: Ignoring 31 ( 0.1%) Users that have less than 1 test interactions
11659.6s 2359 EvaluatorHoldout: Processed 27064 (100.0%) in 14.00 sec. Users per second: 1933
11659.6s 2360 [I 2025-12-07 23:56:33,379] Trial 96 finished with value: 0.2509305377881231 and parameters: {'topK': 8, 'shrink': 234, 'tversky_alpha': 0.15856433636056716, 'tversky_beta': 1.6212255661329193}. Best is trial 64 with value: 0.25272636140465277.
11659.6s 2361 
11659.6s 2362 [I 2025-12-07 23:56:33,379] Trial 96 finished with value: 0.2509305377881231 and parameters: {'topK': 8, 'shrink': 234, 'tversky_alpha': 0.15856433636056716, 'tversky_beta': 1.6212255661329193}. Best is trial 64 with value: 0.25272636140465277.
11659.8s 2363 [0.2513888143455231, 0.25057313122324903, 0.2504272720732497, 0.25079541375058345, 0.25146805754801]
11660.1s 2364 Unable to load Cython Compute_Similarity, reverting to Python
11669.5s 2365 Similarity column 6969 (100.0%), 724.20 column/sec. Elapsed time 9.62 sec
11669.7s 2366 EvaluatorHoldout: Ignoring 31 ( 0.1%) Users that have less than 1 test interactions
11683.5s 2367 EvaluatorHoldout: Processed 27064 (100.0%) in 13.88 sec. Users per second: 1949
11683.9s 2368 Unable to load Cython Compute_Similarity, reverting to Python
11693.2s 2369 Similarity column 6969 (100.0%), 734.54 column/sec. Elapsed time 9.49 sec
11693.4s 2370 EvaluatorHoldout: Ignoring 29 ( 0.1%) Users that have less than 1 test interactions
11707.2s 2371 EvaluatorHoldout: Processed 27066 (100.0%) in 13.91 sec. Users per second: 1945
11707.6s 2372 Unable to load Cython Compute_Similarity, reverting to Python
11717.1s 2373 Similarity column 6969 (100.0%), 730.39 column/sec. Elapsed time 9.54 sec
11717.2s 2374 EvaluatorHoldout: Ignoring 40 ( 0.1%) Users that have less than 1 test interactions
11730.8s 2375 EvaluatorHoldout: Processed 27055 (100.0%) in 13.83 sec. Users per second: 1956
11731.3s 2376 Unable to load Cython Compute_Similarity, reverting to Python
11740.5s 2377 Similarity column 6969 (100.0%), 747.31 column/sec. Elapsed time 9.33 sec
11740.7s 2378 EvaluatorHoldout: Ignoring 31 ( 0.1%) Users that have less than 1 test interactions
11754.5s 2379 EvaluatorHoldout: Processed 27064 (100.0%) in 13.94 sec. Users per second: 1942
11754.9s 2380 Unable to load Cython Compute_Similarity, reverting to Python
11764.1s 2381 Similarity column 6969 (100.0%), 747.49 column/sec. Elapsed time 9.32 sec
11764.3s 2382 EvaluatorHoldout: Ignoring 31 ( 0.1%) Users that have less than 1 test interactions
11778.0s 2383 EvaluatorHoldout: Processed 27064 (100.0%) in 13.87 sec. Users per second: 1951
11778.0s 2384 [I 2025-12-07 23:58:31,783] Trial 97 finished with value: 0.25259154853598714 and parameters: {'topK': 7, 'shrink': 116, 'tversky_alpha': 0.16782003707745302, 'tversky_beta': 1.7228965771153195}. Best is trial 64 with value: 0.25272636140465277.
11778.0s 2385 
11778.0s 2386 [I 2025-12-07 23:58:31,783] Trial 97 finished with value: 0.25259154853598714 and parameters: {'topK': 7, 'shrink': 116, 'tversky_alpha': 0.16782003707745302, 'tversky_beta': 1.7228965771153195}. Best is trial 64 with value: 0.25272636140465277.
11778.2s 2387 [0.25239798257358625, 0.2526089683271926, 0.25230615770188414, 0.2528358700155096, 0.2528087640617631]
11778.5s 2388 Unable to load Cython Compute_Similarity, reverting to Python
11787.7s 2389 Similarity column 6969 (100.0%), 751.77 column/sec. Elapsed time 9.27 sec
11787.8s 2390 EvaluatorHoldout: Ignoring 31 ( 0.1%) Users that have less than 1 test interactions
11801.5s 2391 EvaluatorHoldout: Processed 27064 (100.0%) in 13.93 sec. Users per second: 1942
11802.0s 2392 Unable to load Cython Compute_Similarity, reverting to Python
11811.2s 2393 Similarity column 6969 (100.0%), 744.12 column/sec. Elapsed time 9.37 sec
11811.4s 2394 EvaluatorHoldout: Ignoring 29 ( 0.1%) Users that have less than 1 test interactions
11825.1s 2395 EvaluatorHoldout: Processed 27066 (100.0%) in 13.82 sec. Users per second: 1958
11825.5s 2396 Unable to load Cython Compute_Similarity, reverting to Python
11834.7s 2397 Similarity column 6969 (100.0%), 741.67 column/sec. Elapsed time 9.40 sec
11834.9s 2398 EvaluatorHoldout: Ignoring 40 ( 0.1%) Users that have less than 1 test interactions
11848.6s 2399 EvaluatorHoldout: Processed 27055 (100.0%) in 13.88 sec. Users per second: 1949
11849.1s 2400 Unable to load Cython Compute_Similarity, reverting to Python
11858.2s 2401 Similarity column 6969 (100.0%), 761.98 column/sec. Elapsed time 9.15 sec
11858.3s 2402 EvaluatorHoldout: Ignoring 31 ( 0.1%) Users that have less than 1 test interactions
11872.2s 2403 EvaluatorHoldout: Processed 27064 (100.0%) in 14.11 sec. Users per second: 1917
11872.7s 2404 Unable to load Cython Compute_Similarity, reverting to Python
11881.8s 2405 Similarity column 6969 (100.0%), 747.76 column/sec. Elapsed time 9.32 sec
11882.0s 2406 EvaluatorHoldout: Ignoring 31 ( 0.1%) Users that have less than 1 test interactions
11896.0s 2407 EvaluatorHoldout: Processed 27064 (100.0%) in 14.02 sec. Users per second: 1930
11896.0s 2408 [I 2025-12-08 00:00:29,701] Trial 98 finished with value: 0.2527906476302882 and parameters: {'topK': 8, 'shrink': 110, 'tversky_alpha': 0.18111363250781304, 'tversky_beta': 1.735949356982949}. Best is trial 98 with value: 0.2527906476302882.
11896.0s 2409 
11896.0s 2410 [I 2025-12-08 00:00:29,701] Trial 98 finished with value: 0.2527906476302882 and parameters: {'topK': 8, 'shrink': 110, 'tversky_alpha': 0.18111363250781304, 'tversky_beta': 1.735949356982949}. Best is trial 98 with value: 0.2527906476302882.
11896.1s 2411 [0.25323068155288936, 0.2529215859137376, 0.25229854337716373, 0.2524536893559816, 0.25304873795166866]
11896.4s 2412 Unable to load Cython Compute_Similarity, reverting to Python
11905.5s 2413 Similarity column 6969 (100.0%), 750.53 column/sec. Elapsed time 9.29 sec
11905.7s 2414 EvaluatorHoldout: Ignoring 31 ( 0.1%) Users that have less than 1 test interactions
11919.3s 2415 EvaluatorHoldout: Processed 27064 (100.0%) in 13.77 sec. Users per second: 1966
11919.8s 2416 Unable to load Cython Compute_Similarity, reverting to Python
11929.3s 2417 Similarity column 6969 (100.0%), 725.17 column/sec. Elapsed time 9.61 sec
11929.4s 2418 EvaluatorHoldout: Ignoring 29 ( 0.1%) Users that have less than 1 test interactions
11943.3s 2419 EvaluatorHoldout: Processed 27066 (100.0%) in 14.12 sec. Users per second: 1917
11943.8s 2420 Unable to load Cython Compute_Similarity, reverting to Python
11953.3s 2421 Similarity column 6969 (100.0%), 722.52 column/sec. Elapsed time 9.65 sec
11953.5s 2422 EvaluatorHoldout: Ignoring 40 ( 0.1%) Users that have less than 1 test interactions
11967.3s 2423 EvaluatorHoldout: Processed 27055 (100.0%) in 13.90 sec. Users per second: 1947
11967.7s 2424 Unable to load Cython Compute_Similarity, reverting to Python
11976.9s 2425 Similarity column 6969 (100.0%), 743.41 column/sec. Elapsed time 9.37 sec
11977.1s 2426 EvaluatorHoldout: Ignoring 31 ( 0.1%) Users that have less than 1 test interactions
11990.9s 2427 EvaluatorHoldout: Processed 27064 (100.0%) in 13.97 sec. Users per second: 1937
11991.4s 2428 Unable to load Cython Compute_Similarity, reverting to Python
12000.9s 2429 Similarity column 6969 (100.0%), 729.63 column/sec. Elapsed time 9.55 sec
12000.9s 2430 EvaluatorHoldout: Ignoring 31 ( 0.1%) Users that have less than 1 test interactions
12014.8s 2431 EvaluatorHoldout: Processed 27064 (100.0%) in 14.03 sec. Users per second: 1929
12014.8s 2432 [I 2025-12-08 00:02:28,632] Trial 99 finished with value: 0.2521562875251475 and parameters: {'topK': 6, 'shrink': 123, 'tversky_alpha': 0.1828265679617858, 'tversky_beta': 1.7679409829829102}. Best is trial 98 with value: 0.2527906476302882.
12014.8s 2433 
