23717.5s 4810 [I 2025-12-08 03:17:31,319] Trial 198 finished with value: 0.2527071718629731 and parameters: {'topK': 8, 'shrink': 104, 'tversky_alpha': 0.17433842203744454, 'tversky_beta': 1.7551719123326808}. Best is trial 183 with value: 0.25292502390964416.
23717.7s 4811 [0.2530577941995912, 0.25291481787333625, 0.2521147058135959, 0.2523177480417818, 0.2531307933865604]
23718.0s 4812 Unable to load Cython Compute_Similarity, reverting to Python
23726.8s 4813 Similarity column 6969 (100.0%), 772.60 column/sec. Elapsed time 9.02 sec
23727.0s 4814 EvaluatorHoldout: Ignoring 31 ( 0.1%) Users that have less than 1 test interactions
23741.0s 4815 EvaluatorHoldout: Processed 27064 (100.0%) in 13.94 sec. Users per second: 1942
23741.3s 4816 Unable to load Cython Compute_Similarity, reverting to Python
23750.2s 4817 Similarity column 6969 (100.0%), 768.98 column/sec. Elapsed time 9.06 sec
23750.4s 4818 EvaluatorHoldout: Ignoring 29 ( 0.1%) Users that have less than 1 test interactions
23764.2s 4819 EvaluatorHoldout: Processed 27066 (100.0%) in 14.00 sec. Users per second: 1933
23764.7s 4820 Unable to load Cython Compute_Similarity, reverting to Python
23773.6s 4821 Similarity column 6969 (100.0%), 780.88 column/sec. Elapsed time 8.92 sec
23773.6s 4822 EvaluatorHoldout: Ignoring 40 ( 0.1%) Users that have less than 1 test interactions
23787.3s 4823 EvaluatorHoldout: Processed 27055 (100.0%) in 13.82 sec. Users per second: 1958
23787.8s 4824 Unable to load Cython Compute_Similarity, reverting to Python
23796.6s 4825 Similarity column 6969 (100.0%), 768.03 column/sec. Elapsed time 9.07 sec
23796.8s 4826 EvaluatorHoldout: Ignoring 31 ( 0.1%) Users that have less than 1 test interactions
23811.2s 4827 EvaluatorHoldout: Processed 27064 (100.0%) in 14.34 sec. Users per second: 1888
23811.5s 4828 Unable to load Cython Compute_Similarity, reverting to Python
23820.4s 4829 Similarity column 6969 (100.0%), 767.02 column/sec. Elapsed time 9.09 sec
23820.6s 4830 EvaluatorHoldout: Ignoring 31 ( 0.1%) Users that have less than 1 test interactions
23834.5s 4831 EvaluatorHoldout: Processed 27064 (100.0%) in 14.13 sec. Users per second: 1915
23834.6s 4832 [I 2025-12-08 03:19:28,365] Trial 199 finished with value: 0.2524692413187544 and parameters: {'topK': 9, 'shrink': 108, 'tversky_alpha': 0.18685289463977856, 'tversky_beta': 1.745487775025041}. Best is trial 183 with value: 0.25292502390964416.
23834.6s 4833 
23834.6s 4834 [I 2025-12-08 03:19:28,365] Trial 199 finished with value: 0.2524692413187544 and parameters: {'topK': 9, 'shrink': 108, 'tversky_alpha': 0.18685289463977856, 'tversky_beta': 1.745487775025041}. Best is trial 183 with value: 0.25292502390964416.
23834.6s 4835 [0.25287407073540064, 0.2526817364857508, 0.2516723923772146, 0.2525164252820547, 0.25260158171335134]
23845.9s 4836 Traceback (most recent call last):
23845.9s 4837 File "<string>", line 1, in <module>
23845.9s 4838 File "/usr/local/lib/python3.11/dist-packages/papermill/execute.py", line 131, in execute_notebook
23845.9s 4839 raise_for_execution_errors(nb, output_path)
23845.9s 4840 File "/usr/local/lib/python3.11/dist-packages/papermill/execute.py", line 251, in raise_for_execution_errors
23845.9s 4841 raise error
23845.9s 4842 papermill.exceptions.PapermillExecutionError:
23845.9s 4843 ---------------------------------------------------------------------------
23845.9s 4844 Exception encountered at "In [3]":
23845.9s 4845 ---------------------------------------------------------------------------
23845.9s 4846 AttributeError                            Traceback (most recent call last)
23845.9s 4847 AttributeError: 'MessageFactory' object has no attribute 'GetPrototype'
23845.9s 4848 
23849.7s 4849 /usr/local/lib/python3.11/dist-packages/traitlets/traitlets.py:2915: FutureWarning: --Exporter.preprocessors=["remove_papermill_header.RemovePapermillHeader"] for containers is deprecated in traitlets 5.0. You can pass `--Exporter.preprocessors item` ... multiple times to add items to a list.
23849.7s 4850 warn(
23849.8s 4851 [NbConvertApp] Converting notebook __notebook__.ipynb to notebook
23850.9s 4852 [NbConvertApp] Writing 513674 bytes to __notebook__.ipynb
23854.0s 4853 /usr/local/lib/python3.11/dist-packages/traitlets/traitlets.py:2915: FutureWarning: --Exporter.preprocessors=["nbconvert.preprocessors.ExtractOutputPreprocessor"] for containers is deprecated in traitlets 5.0. You can pass `--Exporter.preprocessors item` ... multiple times to add items to a list.
23854.0s 4854 warn(
23854.0s 4855 [NbConvertApp] Converting notebook __notebook__.ipynb to html
23855.1s 4856 [NbConvertApp] Writing 782348 bytes to __results__.html