6665.9s 1354 [I 2025-12-07 22:33:19,732] Trial 54 finished with value: 0.25229854775211474 and parameters: {'topK': 7, 'shrink': 161, 'tversky_alpha': 0.1594461694315671, 'tversky_beta': 1.7986553626820911}. Best is trial 38 with value: 0.25267818036663353.
6666.1s 1355 [0.25217329708743924, 0.2525552077687259, 0.2514488648252126, 0.2525713081460219, 0.25274406093317386]
6666.4s 1356 Unable to load Cython Compute_Similarity, reverting to Python
6675.6s 1357 Similarity column 6969 (100.0%), 748.38 column/sec. Elapsed time 9.31 sec
6675.8s 1358 EvaluatorHoldout: Ignoring 31 ( 0.1%) Users that have less than 1 test interactions
6689.6s 1359 EvaluatorHoldout: Processed 27064 (100.0%) in 13.95 sec. Users per second: 1940
6690.0s 1360 Unable to load Cython Compute_Similarity, reverting to Python
6699.2s 1361 Similarity column 6969 (100.0%), 744.48 column/sec. Elapsed time 9.36 sec
6699.4s 1362 EvaluatorHoldout: Ignoring 29 ( 0.1%) Users that have less than 1 test interactions
6713.1s 1363 EvaluatorHoldout: Processed 27066 (100.0%) in 13.89 sec. Users per second: 1949
6713.6s 1364 Unable to load Cython Compute_Similarity, reverting to Python
6723.0s 1365 Similarity column 6969 (100.0%), 733.75 column/sec. Elapsed time 9.50 sec
6723.1s 1366 EvaluatorHoldout: Ignoring 40 ( 0.1%) Users that have less than 1 test interactions
6736.7s 1367 EvaluatorHoldout: Processed 27055 (100.0%) in 13.79 sec. Users per second: 1961
6737.2s 1368 Unable to load Cython Compute_Similarity, reverting to Python
6746.4s 1369 Similarity column 6969 (100.0%), 741.25 column/sec. Elapsed time 9.40 sec
6746.6s 1370 EvaluatorHoldout: Ignoring 31 ( 0.1%) Users that have less than 1 test interactions
6760.4s 1371 EvaluatorHoldout: Processed 27064 (100.0%) in 13.88 sec. Users per second: 1949
6760.8s 1372 Unable to load Cython Compute_Similarity, reverting to Python
6769.8s 1373 Similarity column 6969 (100.0%), 759.59 column/sec. Elapsed time 9.17 sec
6770.0s 1374 EvaluatorHoldout: Ignoring 31 ( 0.1%) Users that have less than 1 test interactions
6783.6s 1375 EvaluatorHoldout: Processed 27064 (100.0%) in 13.76 sec. Users per second: 1967
6783.6s 1376 [I 2025-12-07 22:35:17,417] Trial 55 finished with value: 0.25198024741414093 and parameters: {'topK': 6, 'shrink': 120, 'tversky_alpha': 0.17377919529751945, 'tversky_beta': 1.7313746716569638}. Best is trial 38 with value: 0.25267818036663353.
6783.6s 1377 
6783.6s 1378 [I 2025-12-07 22:35:17,417] Trial 55 finished with value: 0.25198024741414093 and parameters: {'topK': 6, 'shrink': 120, 'tversky_alpha': 0.17377919529751945, 'tversky_beta': 1.7313746716569638}. Best is trial 38 with value: 0.25267818036663353.
6783.8s 1379 [0.25263881848181996, 0.2518394017688281, 0.25102738412492204, 0.25218195711151153, 0.25221367558362295]
6784.1s 1380 Unable to load Cython Compute_Similarity, reverting to Python
6793.2s 1381 Similarity column 6969 (100.0%), 754.51 column/sec. Elapsed time 9.24 sec
6793.4s 1382 EvaluatorHoldout: Ignoring 31 ( 0.1%) Users that have less than 1 test interactions
6807.1s 1383 EvaluatorHoldout: Processed 27064 (100.0%) in 13.94 sec. Users per second: 1942
6807.6s 1384 Unable to load Cython Compute_Similarity, reverting to Python
6816.8s 1385 Similarity column 6969 (100.0%), 742.00 column/sec. Elapsed time 9.39 sec
6817.0s 1386 EvaluatorHoldout: Ignoring 29 ( 0.1%) Users that have less than 1 test interactions
6830.9s 1387 EvaluatorHoldout: Processed 27066 (100.0%) in 13.98 sec. Users per second: 1936
6831.3s 1388 Unable to load Cython Compute_Similarity, reverting to Python
6840.6s 1389 Similarity column 6969 (100.0%), 739.78 column/sec. Elapsed time 9.42 sec
6840.8s 1390 EvaluatorHoldout: Ignoring 40 ( 0.1%) Users that have less than 1 test interactions
6854.7s 1391 EvaluatorHoldout: Processed 27055 (100.0%) in 14.07 sec. Users per second: 1923
6855.1s 1392 Unable to load Cython Compute_Similarity, reverting to Python
6864.5s 1393 Similarity column 6969 (100.0%), 730.35 column/sec. Elapsed time 9.54 sec
6864.7s 1394 EvaluatorHoldout: Ignoring 31 ( 0.1%) Users that have less than 1 test interactions
6878.5s 1395 EvaluatorHoldout: Processed 27064 (100.0%) in 13.96 sec. Users per second: 1938
6879.0s 1396 Unable to load Cython Compute_Similarity, reverting to Python
6888.0s 1397 Similarity column 6969 (100.0%), 752.26 column/sec. Elapsed time 9.26 sec
6888.2s 1398 EvaluatorHoldout: Ignoring 31 ( 0.1%) Users that have less than 1 test interactions
6902.2s 1399 EvaluatorHoldout: Processed 27064 (100.0%) in 14.08 sec. Users per second: 1922
6902.2s 1400 [I 2025-12-07 22:37:15,962] Trial 56 finished with value: 0.25169567024816397 and parameters: {'topK': 9, 'shrink': 109, 'tversky_alpha': 0.23241385014273366, 'tversky_beta': 1.7065309412137135}. Best is trial 38 with value: 0.25267818036663353.
6902.2s 1401 
6902.2s 1402 [I 2025-12-07 22:37:15,962] Trial 56 finished with value: 0.25169567024816397 and parameters: {'topK': 9, 'shrink': 109, 'tversky_alpha': 0.23241385014273366, 'tversky_beta': 1.7065309412137135}. Best is trial 38 with value: 0.25267818036663353.
6902.3s 1403 [0.25189388905454996, 0.251630098590645, 0.2507601585320258, 0.25164800368906165, 0.25254620137453737]
6902.7s 1404 Unable to load Cython Compute_Similarity, reverting to Python
6911.8s 1405 Similarity column 6969 (100.0%), 744.34 column/sec. Elapsed time 9.36 sec
6912.0s 1406 EvaluatorHoldout: Ignoring 31 ( 0.1%) Users that have less than 1 test interactions
6926.1s 1407 EvaluatorHoldout: Processed 27064 (100.0%) in 14.22 sec. Users per second: 1903
6926.6s 1408 Unable to load Cython Compute_Similarity, reverting to Python
6935.9s 1409 Similarity column 6969 (100.0%), 740.39 column/sec. Elapsed time 9.41 sec
6936.0s 1410 EvaluatorHoldout: Ignoring 29 ( 0.1%) Users that have less than 1 test interactions
6950.0s 1411 EvaluatorHoldout: Processed 27066 (100.0%) in 14.21 sec. Users per second: 1905
6950.5s 1412 Unable to load Cython Compute_Similarity, reverting to Python
6959.6s 1413 Similarity column 6969 (100.0%), 752.99 column/sec. Elapsed time 9.26 sec
6959.8s 1414 EvaluatorHoldout: Ignoring 40 ( 0.1%) Users that have less than 1 test interactions
6973.7s 1415 EvaluatorHoldout: Processed 27055 (100.0%) in 14.03 sec. Users per second: 1929
6974.1s 1416 Unable to load Cython Compute_Similarity, reverting to Python
6983.3s 1417 Similarity column 6969 (100.0%), 744.77 column/sec. Elapsed time 9.36 sec
6983.5s 1418 EvaluatorHoldout: Ignoring 31 ( 0.1%) Users that have less than 1 test interactions
6997.3s 1419 EvaluatorHoldout: Processed 27064 (100.0%) in 14.02 sec. Users per second: 1930
6997.8s 1420 Unable to load Cython Compute_Similarity, reverting to Python
7007.0s 1421 Similarity column 6969 (100.0%), 746.29 column/sec. Elapsed time 9.34 sec
7007.2s 1422 EvaluatorHoldout: Ignoring 31 ( 0.1%) Users that have less than 1 test interactions
7021.3s 1423 EvaluatorHoldout: Processed 27064 (100.0%) in 14.29 sec. Users per second: 1894
7021.3s 1424 [I 2025-12-07 22:39:15,109] Trial 57 finished with value: 0.24860121429777085 and parameters: {'topK': 12, 'shrink': 128, 'tversky_alpha': 0.21268011986865923, 'tversky_beta': 1.6092298275248318}. Best is trial 38 with value: 0.25267818036663353.
7021.3s 1425 
7021.3s 1426 [I 2025-12-07 22:39:15,109] Trial 57 finished with value: 0.24860121429777085 and parameters: {'topK': 12, 'shrink': 128, 'tversky_alpha': 0.21268011986865923, 'tversky_beta': 1.6092298275248318}. Best is trial 38 with value: 0.25267818036663353.
7021.5s 1427 [0.24923613110649748, 0.24800212118803244, 0.24788086421184363, 0.24935839817930217, 0.2485285568031786]
7021.8s 1428 Unable to load Cython Compute_Similarity, reverting to Python
7030.9s 1429 Similarity column 6969 (100.0%), 751.66 column/sec. Elapsed time 9.27 sec
7031.1s 1430 EvaluatorHoldout: Ignoring 31 ( 0.1%) Users that have less than 1 test interactions
7044.8s 1431 EvaluatorHoldout: Processed 27064 (100.0%) in 13.83 sec. Users per second: 1958
7045.2s 1432 Unable to load Cython Compute_Similarity, reverting to Python
7054.5s 1433 Similarity column 6969 (100.0%), 735.48 column/sec. Elapsed time 9.48 sec
7054.7s 1434 EvaluatorHoldout: Ignoring 29 ( 0.1%) Users that have less than 1 test interactions
7068.5s 1435 EvaluatorHoldout: Processed 27066 (100.0%) in 13.94 sec. Users per second: 1942
7069.0s 1436 Unable to load Cython Compute_Similarity, reverting to Python
7078.4s 1437 Similarity column 6969 (100.0%), 731.97 column/sec. Elapsed time 9.52 sec
7078.5s 1438 EvaluatorHoldout: Ignoring 40 ( 0.1%) Users that have less than 1 test interactions
7092.2s 1439 EvaluatorHoldout: Processed 27055 (100.0%) in 13.84 sec. Users per second: 1954
7092.7s 1440 Unable to load Cython Compute_Similarity, reverting to Python
7101.8s 1441 Similarity column 6969 (100.0%), 744.91 column/sec. Elapsed time 9.36 sec
7102.0s 1442 EvaluatorHoldout: Ignoring 31 ( 0.1%) Users that have less than 1 test interactions
7116.0s 1443 EvaluatorHoldout: Processed 27064 (100.0%) in 14.06 sec. Users per second: 1924
7116.4s 1444 Unable to load Cython Compute_Similarity, reverting to Python
7125.5s 1445 Similarity column 6969 (100.0%), 746.59 column/sec. Elapsed time 9.33 sec
7125.7s 1446 EvaluatorHoldout: Ignoring 31 ( 0.1%) Users that have less than 1 test interactions
7139.4s 1447 EvaluatorHoldout: Processed 27064 (100.0%) in 13.85 sec. Users per second: 1954
7139.4s 1448 [I 2025-12-07 22:41:13,242] Trial 58 finished with value: 0.25247192377579175 and parameters: {'topK': 7, 'shrink': 146, 'tversky_alpha': 0.19013983240377347, 'tversky_beta': 1.7866141280746863}. Best is trial 38 with value: 0.25267818036663353.
7139.4s 1449 
7139.4s 1450 [I 2025-12-07 22:41:13,242] Trial 58 finished with value: 0.25247192377579175 and parameters: {'topK': 7, 'shrink': 146, 'tversky_alpha': 0.19013983240377347, 'tversky_beta': 1.7866141280746863}. Best is trial 38 with value: 0.25267818036663353.
7139.6s 1451 [0.25263191552568687, 0.25257607368123014, 0.2524106941214241, 0.25209026293486914, 0.25265067261574836]
7139.9s 1452 Unable to load Cython Compute_Similarity, reverting to Python
7149.1s 1453 Similarity column 6969 (100.0%), 748.57 column/sec. Elapsed time 9.31 sec
7149.3s 1454 EvaluatorHoldout: Ignoring 31 ( 0.1%) Users that have less than 1 test interactions
7163.1s 1455 EvaluatorHoldout: Processed 27064 (100.0%) in 14.02 sec. Users per second: 1930
7163.6s 1456 Unable to load Cython Compute_Similarity, reverting to Python
7172.7s 1457 Similarity column 6969 (100.0%), 751.30 column/sec. Elapsed time 9.28 sec
7172.9s 1458 EvaluatorHoldout: Ignoring 29 ( 0.1%) Users that have less than 1 test interactions
7186.6s 1459 EvaluatorHoldout: Processed 27066 (100.0%) in 13.85 sec. Users per second: 1954
7187.1s 1460 Unable to load Cython Compute_Similarity, reverting to Python
7196.3s 1461 Similarity column 6969 (100.0%), 736.99 column/sec. Elapsed time 9.46 sec
7196.5s 1462 EvaluatorHoldout: Ignoring 40 ( 0.1%) Users that have less than 1 test interactions
7210.6s 1463 EvaluatorHoldout: Processed 27055 (100.0%) in 14.26 sec. Users per second: 1897
7211.1s 1464 Unable to load Cython Compute_Similarity, reverting to Python
7220.5s 1465 Similarity column 6969 (100.0%), 733.87 column/sec. Elapsed time 9.50 sec
7220.6s 1466 EvaluatorHoldout: Ignoring 31 ( 0.1%) Users that have less than 1 test interactions
7234.6s 1467 EvaluatorHoldout: Processed 27064 (100.0%) in 14.13 sec. Users per second: 1915
7235.1s 1468 Unable to load Cython Compute_Similarity, reverting to Python
7244.3s 1469 Similarity column 6969 (100.0%), 734.97 column/sec. Elapsed time 9.48 sec
7244.5s 1470 EvaluatorHoldout: Ignoring 31 ( 0.1%) Users that have less than 1 test interactions
7258.2s 1471 EvaluatorHoldout: Processed 27064 (100.0%) in 13.81 sec. Users per second: 1960
7258.2s 1472 [I 2025-12-07 22:43:11,990] Trial 59 finished with value: 0.2515555455911612 and parameters: {'topK': 6, 'shrink': 134, 'tversky_alpha': 0.14504796804695863, 'tversky_beta': 1.765940691379641}. Best is trial 38 with value: 0.25267818036663353.
7258.2s 1473 
7258.2s 1474 [I 2025-12-07 22:43:11,990] Trial 59 finished with value: 0.2515555455911612 and parameters: {'topK': 6, 'shrink': 134, 'tversky_alpha': 0.14504796804695863, 'tversky_beta': 1.765940691379641}. Best is trial 38 with value: 0.25267818036663353.
7258.4s 1475 [0.25249023432095086, 0.2513798646723775, 0.2506551426618921, 0.25189829042733314, 0.2513541958732526]
7258.7s 1476 Unable to load Cython Compute_Similarity, reverting to Python
7268.0s 1477 Similarity column 6969 (100.0%), 732.96 column/sec. Elapsed time 9.51 sec
7268.2s 1478 EvaluatorHoldout: Ignoring 31 ( 0.1%) Users that have less than 1 test interactions
7282.0s 1479 EvaluatorHoldout: Processed 27064 (100.0%) in 13.99 sec. Users per second: 1935
7282.5s 1480 Unable to load Cython Compute_Similarity, reverting to Python
7291.8s 1481 Similarity column 6969 (100.0%), 744.08 column/sec. Elapsed time 9.37 sec
7291.9s 1482 EvaluatorHoldout: Ignoring 29 ( 0.1%) Users that have less than 1 test interactions
7305.7s 1483 EvaluatorHoldout: Processed 27066 (100.0%) in 13.94 sec. Users per second: 1941
7306.1s 1484 Unable to load Cython Compute_Similarity, reverting to Python
7315.2s 1485 Similarity column 6969 (100.0%), 754.96 column/sec. Elapsed time 9.23 sec
7315.4s 1486 EvaluatorHoldout: Ignoring 40 ( 0.1%) Users that have less than 1 test interactions
7329.1s 1487 EvaluatorHoldout: Processed 27055 (100.0%) in 13.80 sec. Users per second: 1961
7329.5s 1488 Unable to load Cython Compute_Similarity, reverting to Python
7338.9s 1489 Similarity column 6969 (100.0%), 725.49 column/sec. Elapsed time 9.61 sec
7339.1s 1490 EvaluatorHoldout: Ignoring 31 ( 0.1%) Users that have less than 1 test interactions
7352.8s 1491 EvaluatorHoldout: Processed 27064 (100.0%) in 13.92 sec. Users per second: 1944
7353.3s 1492 Unable to load Cython Compute_Similarity, reverting to Python
7362.5s 1493 Similarity column 6969 (100.0%), 749.63 column/sec. Elapsed time 9.30 sec
7362.6s 1494 EvaluatorHoldout: Ignoring 31 ( 0.1%) Users that have less than 1 test interactions
7376.4s 1495 EvaluatorHoldout: Processed 27064 (100.0%) in 13.93 sec. Users per second: 1943
7376.4s 1496 [I 2025-12-07 22:45:10,217] Trial 60 finished with value: 0.2521590131750243 and parameters: {'topK': 7, 'shrink': 108, 'tversky_alpha': 0.1623662743775898, 'tversky_beta': 1.5332322335736952}. Best is trial 38 with value: 0.25267818036663353.
7376.4s 1497 
7376.4s 1498 [I 2025-12-07 22:45:10,217] Trial 60 finished with value: 0.2521590131750243 and parameters: {'topK': 7, 'shrink': 108, 'tversky_alpha': 0.1623662743775898, 'tversky_beta': 1.5332322335736952}. Best is trial 38 with value: 0.25267818036663353.
7376.6s 1499 [0.2522928660049166, 0.25202096608419244, 0.25205688211730476, 0.25211467814658306, 0.2523096735221249]
7376.9s 1500 Unable to load Cython Compute_Similarity, reverting to Python
7386.0s 1501 Similarity column 6969 (100.0%), 751.91 column/sec. Elapsed time 9.27 sec
7386.2s 1502 EvaluatorHoldout: Ignoring 31 ( 0.1%) Users that have less than 1 test interactions
7400.2s 1503 EvaluatorHoldout: Processed 27064 (100.0%) in 14.14 sec. Users per second: 1913
7400.7s 1504 Unable to load Cython Compute_Similarity, reverting to Python
7409.8s 1505 Similarity column 6969 (100.0%), 746.80 column/sec. Elapsed time 9.33 sec
7410.0s 1506 EvaluatorHoldout: Ignoring 29 ( 0.1%) Users that have less than 1 test interactions
7424.0s 1507 EvaluatorHoldout: Processed 27066 (100.0%) in 14.13 sec. Users per second: 1915
7424.4s 1508 Unable to load Cython Compute_Similarity, reverting to Python
7433.5s 1509 Similarity column 6969 (100.0%), 762.86 column/sec. Elapsed time 9.14 sec
7433.6s 1510 EvaluatorHoldout: Ignoring 40 ( 0.1%) Users that have less than 1 test interactions
7447.4s 1511 EvaluatorHoldout: Processed 27055 (100.0%) in 13.98 sec. Users per second: 1935
7447.9s 1512 Unable to load Cython Compute_Similarity, reverting to Python
7457.2s 1513 Similarity column 6969 (100.0%), 733.25 column/sec. Elapsed time 9.50 sec
7457.4s 1514 EvaluatorHoldout: Ignoring 31 ( 0.1%) Users that have less than 1 test interactions
7471.4s 1515 EvaluatorHoldout: Processed 27064 (100.0%) in 14.16 sec. Users per second: 1912
7471.9s 1516 Unable to load Cython Compute_Similarity, reverting to Python
7480.8s 1517 Similarity column 6969 (100.0%), 759.54 column/sec. Elapsed time 9.18 sec
7481.0s 1518 EvaluatorHoldout: Ignoring 31 ( 0.1%) Users that have less than 1 test interactions
7494.8s 1519 EvaluatorHoldout: Processed 27064 (100.0%) in 13.94 sec. Users per second: 1942
7494.8s 1520 [I 2025-12-07 22:47:08,634] Trial 61 finished with value: 0.25252032161188875 and parameters: {'topK': 7, 'shrink': 121, 'tversky_alpha': 0.22744753788599822, 'tversky_beta': 1.7715337468479138}. Best is trial 38 with value: 0.25267818036663353.
7494.8s 1521 
7494.8s 1522 [I 2025-12-07 22:47:08,634] Trial 61 finished with value: 0.25252032161188875 and parameters: {'topK': 7, 'shrink': 121, 'tversky_alpha': 0.22744753788599822, 'tversky_beta': 1.7715337468479138}. Best is trial 38 with value: 0.25267818036663353.
7495.0s 1523 [0.2532088723068833, 0.2523718848899356, 0.2516418612133838, 0.2527223347071673, 0.2526566549420738]
7495.3s 1524 Unable to load Cython Compute_Similarity, reverting to Python
7504.5s 1525 Similarity column 6969 (100.0%), 745.85 column/sec. Elapsed time 9.34 sec
7504.7s 1526 EvaluatorHoldout: Ignoring 31 ( 0.1%) Users that have less than 1 test interactions
7518.4s 1527 EvaluatorHoldout: Processed 27064 (100.0%) in 13.86 sec. Users per second: 1952
7518.9s 1528 Unable to load Cython Compute_Similarity, reverting to Python
7528.1s 1529 Similarity column 6969 (100.0%), 734.91 column/sec. Elapsed time 9.48 sec
7528.3s 1530 EvaluatorHoldout: Ignoring 29 ( 0.1%) Users that have less than 1 test interactions
7542.3s 1531 EvaluatorHoldout: Processed 27066 (100.0%) in 14.08 sec. Users per second: 1922
7542.7s 1532 Unable to load Cython Compute_Similarity, reverting to Python
7552.1s 1533 Similarity column 6969 (100.0%), 730.97 column/sec. Elapsed time 9.53 sec
7552.3s 1534 EvaluatorHoldout: Ignoring 40 ( 0.1%) Users that have less than 1 test interactions
7565.9s 1535 EvaluatorHoldout: Processed 27055 (100.0%) in 13.81 sec. Users per second: 1959
7566.4s 1536 Unable to load Cython Compute_Similarity, reverting to Python
7575.6s 1537 Similarity column 6969 (100.0%), 744.04 column/sec. Elapsed time 9.37 sec
7575.8s 1538 EvaluatorHoldout: Ignoring 31 ( 0.1%) Users that have less than 1 test interactions
7589.6s 1539 EvaluatorHoldout: Processed 27064 (100.0%) in 14.03 sec. Users per second: 1928
7590.1s 1540 Unable to load Cython Compute_Similarity, reverting to Python
7599.3s 1541 Similarity column 6969 (100.0%), 742.91 column/sec. Elapsed time 9.38 sec
7599.5s 1542 EvaluatorHoldout: Ignoring 31 ( 0.1%) Users that have less than 1 test interactions
7613.4s 1543 EvaluatorHoldout: Processed 27064 (100.0%) in 13.96 sec. Users per second: 1939
7613.4s 1544 [I 2025-12-07 22:49:07,116] Trial 62 finished with value: 0.2523509287666164 and parameters: {'topK': 8, 'shrink': 120, 'tversky_alpha': 0.2162290948789958, 'tversky_beta': 1.7475548770132834}. Best is trial 38 with value: 0.25267818036663353.
7613.4s 1545 
7613.4s 1546 [I 2025-12-07 22:49:07,116] Trial 62 finished with value: 0.2523509287666164 and parameters: {'topK': 8, 'shrink': 120, 'tversky_alpha': 0.2162290948789958, 'tversky_beta': 1.7475548770132834}. Best is trial 38 with value: 0.25267818036663353.
7613.5s 1547 [0.2525903665881699, 0.2526931841014157, 0.25137108529366764, 0.2522931601967969, 0.25280684765303185]
7613.8s 1548 Unable to load Cython Compute_Similarity, reverting to Python
7622.9s 1549 Similarity column 6969 (100.0%), 747.22 column/sec. Elapsed time 9.33 sec
7623.2s 1550 EvaluatorHoldout: Ignoring 31 ( 0.1%) Users that have less than 1 test interactions
7636.9s 1551 EvaluatorHoldout: Processed 27064 (100.0%) in 13.94 sec. Users per second: 1942
7637.4s 1552 Unable to load Cython Compute_Similarity, reverting to Python
7646.7s 1553 Similarity column 6969 (100.0%), 741.15 column/sec. Elapsed time 9.40 sec
7646.8s 1554 EvaluatorHoldout: Ignoring 29 ( 0.1%) Users that have less than 1 test interactions
7660.5s 1555 EvaluatorHoldout: Processed 27066 (100.0%) in 13.90 sec. Users per second: 1947
7661.0s 1556 Unable to load Cython Compute_Similarity, reverting to Python
7670.3s 1557 Similarity column 6969 (100.0%), 733.01 column/sec. Elapsed time 9.51 sec
7670.5s 1558 EvaluatorHoldout: Ignoring 40 ( 0.1%) Users that have less than 1 test interactions
7684.3s 1559 EvaluatorHoldout: Processed 27055 (100.0%) in 13.88 sec. Users per second: 1950
7684.7s 1560 Unable to load Cython Compute_Similarity, reverting to Python
7694.0s 1561 Similarity column 6969 (100.0%), 735.93 column/sec. Elapsed time 9.47 sec
7694.2s 1562 EvaluatorHoldout: Ignoring 31 ( 0.1%) Users that have less than 1 test interactions
7707.9s 1563 EvaluatorHoldout: Processed 27064 (100.0%) in 13.83 sec. Users per second: 1956
7708.4s 1564 Unable to load Cython Compute_Similarity, reverting to Python
7717.7s 1565 Similarity column 6969 (100.0%), 736.53 column/sec. Elapsed time 9.46 sec
7717.8s 1566 EvaluatorHoldout: Ignoring 31 ( 0.1%) Users that have less than 1 test interactions
7731.7s 1567 EvaluatorHoldout: Processed 27064 (100.0%) in 14.06 sec. Users per second: 1925
7731.7s 1568 [I 2025-12-07 22:51:05,535] Trial 63 finished with value: 0.2520896012323138 and parameters: {'topK': 7, 'shrink': 127, 'tversky_alpha': 0.26237821704768016, 'tversky_beta': 1.786027871881537}. Best is trial 38 with value: 0.25267818036663353.
7731.7s 1569 
