13083.1s 2650 [I 2025-12-08 00:20:16,913] Trial 108 finished with value: 0.2523358742862856 and parameters: {'topK': 6, 'shrink': 106, 'tversky_alpha': 0.22672758264555087, 'tversky_beta': 1.7983451585019392}. Best is trial 102 with value: 0.25280194006556533.
13083.3s 2651 [0.25242209005321903, 0.25257473850136003, 0.25154689647453815, 0.252949879006021, 0.25218576739629]
13083.6s 2652 Unable to load Cython Compute_Similarity, reverting to Python
13092.7s 2653 Similarity column 6969 (100.0%), 747.14 column/sec. Elapsed time 9.33 sec
13092.9s 2654 EvaluatorHoldout: Ignoring 31 ( 0.1%) Users that have less than 1 test interactions
13106.8s 2655 EvaluatorHoldout: Processed 27064 (100.0%) in 13.92 sec. Users per second: 1944
13107.2s 2656 Unable to load Cython Compute_Similarity, reverting to Python
13116.6s 2657 Similarity column 6969 (100.0%), 725.21 column/sec. Elapsed time 9.61 sec
13116.8s 2658 EvaluatorHoldout: Ignoring 29 ( 0.1%) Users that have less than 1 test interactions
13130.7s 2659 EvaluatorHoldout: Processed 27066 (100.0%) in 14.05 sec. Users per second: 1927
13131.2s 2660 Unable to load Cython Compute_Similarity, reverting to Python
13140.7s 2661 Similarity column 6969 (100.0%), 728.38 column/sec. Elapsed time 9.57 sec
13140.8s 2662 EvaluatorHoldout: Ignoring 40 ( 0.1%) Users that have less than 1 test interactions
13154.5s 2663 EvaluatorHoldout: Processed 27055 (100.0%) in 13.95 sec. Users per second: 1940
13155.0s 2664 Unable to load Cython Compute_Similarity, reverting to Python
13164.1s 2665 Similarity column 6969 (100.0%), 750.57 column/sec. Elapsed time 9.28 sec
13164.3s 2666 EvaluatorHoldout: Ignoring 31 ( 0.1%) Users that have less than 1 test interactions
13178.4s 2667 EvaluatorHoldout: Processed 27064 (100.0%) in 14.10 sec. Users per second: 1920
13178.7s 2668 Unable to load Cython Compute_Similarity, reverting to Python
13187.8s 2669 Similarity column 6969 (100.0%), 753.14 column/sec. Elapsed time 9.25 sec
13188.0s 2670 EvaluatorHoldout: Ignoring 31 ( 0.1%) Users that have less than 1 test interactions
13201.8s 2671 EvaluatorHoldout: Processed 27064 (100.0%) in 13.99 sec. Users per second: 1934
13201.8s 2672 [I 2025-12-08 00:22:15,621] Trial 109 finished with value: 0.25272411050938476 and parameters: {'topK': 7, 'shrink': 100, 'tversky_alpha': 0.23355000758315844, 'tversky_beta': 1.7821341249381626}. Best is trial 102 with value: 0.25280194006556533.
13201.8s 2673 
13201.8s 2674 [I 2025-12-08 00:22:15,621] Trial 109 finished with value: 0.25272411050938476 and parameters: {'topK': 7, 'shrink': 100, 'tversky_alpha': 0.23355000758315844, 'tversky_beta': 1.7821341249381626}. Best is trial 102 with value: 0.25280194006556533.
13202.0s 2675 [0.2533035217468777, 0.2525578234204612, 0.25167050377921246, 0.25338824897446094, 0.2527004546259116]
13202.3s 2676 Unable to load Cython Compute_Similarity, reverting to Python
13211.5s 2677 Similarity column 6969 (100.0%), 755.32 column/sec. Elapsed time 9.23 sec
13211.6s 2678 EvaluatorHoldout: Ignoring 31 ( 0.1%) Users that have less than 1 test interactions
13225.3s 2679 EvaluatorHoldout: Processed 27064 (100.0%) in 13.91 sec. Users per second: 1946
13225.8s 2680 Unable to load Cython Compute_Similarity, reverting to Python
13235.5s 2681 Similarity column 6969 (100.0%), 705.93 column/sec. Elapsed time 9.87 sec
13235.7s 2682 EvaluatorHoldout: Ignoring 29 ( 0.1%) Users that have less than 1 test interactions
13249.5s 2683 EvaluatorHoldout: Processed 27066 (100.0%) in 13.88 sec. Users per second: 1950
13249.9s 2684 Unable to load Cython Compute_Similarity, reverting to Python
13259.4s 2685 Similarity column 6969 (100.0%), 719.35 column/sec. Elapsed time 9.69 sec
13259.6s 2686 EvaluatorHoldout: Ignoring 40 ( 0.1%) Users that have less than 1 test interactions
13273.2s 2687 EvaluatorHoldout: Processed 27055 (100.0%) in 13.78 sec. Users per second: 1963
13273.7s 2688 Unable to load Cython Compute_Similarity, reverting to Python
13282.7s 2689 Similarity column 6969 (100.0%), 764.31 column/sec. Elapsed time 9.12 sec
13282.8s 2690 EvaluatorHoldout: Ignoring 31 ( 0.1%) Users that have less than 1 test interactions
13296.4s 2691 EvaluatorHoldout: Processed 27064 (100.0%) in 13.84 sec. Users per second: 1955
13296.9s 2692 Unable to load Cython Compute_Similarity, reverting to Python
13306.1s 2693 Similarity column 6969 (100.0%), 742.48 column/sec. Elapsed time 9.39 sec
13306.3s 2694 EvaluatorHoldout: Ignoring 31 ( 0.1%) Users that have less than 1 test interactions
13320.1s 2695 EvaluatorHoldout: Processed 27064 (100.0%) in 13.80 sec. Users per second: 1961
13320.1s 2696 [I 2025-12-08 00:24:13,777] Trial 110 finished with value: 0.25246625581876164 and parameters: {'topK': 6, 'shrink': 101, 'tversky_alpha': 0.2339555279430297, 'tversky_beta': 1.7999712946143174}. Best is trial 102 with value: 0.25280194006556533.
13320.1s 2697 
13320.1s 2698 [I 2025-12-08 00:24:13,777] Trial 110 finished with value: 0.25246625581876164 and parameters: {'topK': 6, 'shrink': 101, 'tversky_alpha': 0.2339555279430297, 'tversky_beta': 1.7999712946143174}. Best is trial 102 with value: 0.25280194006556533.
13320.2s 2699 [0.2528374363723867, 0.25257084976161087, 0.2515204916753033, 0.253154039628545, 0.2522484616559622]
13320.5s 2700 Unable to load Cython Compute_Similarity, reverting to Python
13329.7s 2701 Similarity column 6969 (100.0%), 743.15 column/sec. Elapsed time 9.38 sec
13329.9s 2702 EvaluatorHoldout: Ignoring 31 ( 0.1%) Users that have less than 1 test interactions
13343.6s 2703 EvaluatorHoldout: Processed 27064 (100.0%) in 13.87 sec. Users per second: 1951
13344.1s 2704 Unable to load Cython Compute_Similarity, reverting to Python
13353.4s 2705 Similarity column 6969 (100.0%), 739.50 column/sec. Elapsed time 9.42 sec
13353.5s 2706 EvaluatorHoldout: Ignoring 29 ( 0.1%) Users that have less than 1 test interactions
13367.6s 2707 EvaluatorHoldout: Processed 27066 (100.0%) in 14.25 sec. Users per second: 1899
13368.1s 2708 Unable to load Cython Compute_Similarity, reverting to Python
13377.4s 2709 Similarity column 6969 (100.0%), 733.62 column/sec. Elapsed time 9.50 sec
13377.6s 2710 EvaluatorHoldout: Ignoring 40 ( 0.1%) Users that have less than 1 test interactions
13391.6s 2711 EvaluatorHoldout: Processed 27055 (100.0%) in 14.08 sec. Users per second: 1922
13392.0s 2712 Unable to load Cython Compute_Similarity, reverting to Python
13400.9s 2713 Similarity column 6969 (100.0%), 760.13 column/sec. Elapsed time 9.17 sec
13401.1s 2714 EvaluatorHoldout: Ignoring 31 ( 0.1%) Users that have less than 1 test interactions
13414.9s 2715 EvaluatorHoldout: Processed 27064 (100.0%) in 13.92 sec. Users per second: 1944
13415.4s 2716 Unable to load Cython Compute_Similarity, reverting to Python
13424.5s 2717 Similarity column 6969 (100.0%), 761.96 column/sec. Elapsed time 9.15 sec
13424.5s 2718 EvaluatorHoldout: Ignoring 31 ( 0.1%) Users that have less than 1 test interactions
13438.5s 2719 EvaluatorHoldout: Processed 27064 (100.0%) in 14.10 sec. Users per second: 1919
13438.5s 2720 [I 2025-12-08 00:26:12,281] Trial 111 finished with value: 0.2521212328705533 and parameters: {'topK': 7, 'shrink': 108, 'tversky_alpha': 0.2723278582922823, 'tversky_beta': 1.7823823821705618}. Best is trial 102 with value: 0.25280194006556533.
13438.5s 2721 
13438.5s 2722 [I 2025-12-08 00:26:12,281] Trial 111 finished with value: 0.2521212328705533 and parameters: {'topK': 7, 'shrink': 108, 'tversky_alpha': 0.2723278582922823, 'tversky_beta': 1.7823823821705618}. Best is trial 102 with value: 0.25280194006556533.
13438.7s 2723 [0.25245324028696303, 0.2525485545101325, 0.2506682420430873, 0.2530895980610878, 0.25184652945149605]
13439.0s 2724 Unable to load Cython Compute_Similarity, reverting to Python
13448.3s 2725 Similarity column 6969 (100.0%), 730.13 column/sec. Elapsed time 9.54 sec
13448.5s 2726 EvaluatorHoldout: Ignoring 31 ( 0.1%) Users that have less than 1 test interactions
13462.6s 2727 EvaluatorHoldout: Processed 27064 (100.0%) in 14.10 sec. Users per second: 1919
13463.0s 2728 Unable to load Cython Compute_Similarity, reverting to Python
13472.2s 2729 Similarity column 6969 (100.0%), 734.84 column/sec. Elapsed time 9.48 sec
13472.4s 2730 EvaluatorHoldout: Ignoring 29 ( 0.1%) Users that have less than 1 test interactions
13486.3s 2731 EvaluatorHoldout: Processed 27066 (100.0%) in 14.00 sec. Users per second: 1933
13486.8s 2732 Unable to load Cython Compute_Similarity, reverting to Python
13496.1s 2733 Similarity column 6969 (100.0%), 737.83 column/sec. Elapsed time 9.45 sec
13496.2s 2734 EvaluatorHoldout: Ignoring 40 ( 0.1%) Users that have less than 1 test interactions
13510.0s 2735 EvaluatorHoldout: Processed 27055 (100.0%) in 13.93 sec. Users per second: 1942
13510.5s 2736 Unable to load Cython Compute_Similarity, reverting to Python
13519.8s 2737 Similarity column 6969 (100.0%), 732.55 column/sec. Elapsed time 9.51 sec
13520.0s 2738 EvaluatorHoldout: Ignoring 31 ( 0.1%) Users that have less than 1 test interactions
13534.1s 2739 EvaluatorHoldout: Processed 27064 (100.0%) in 14.14 sec. Users per second: 1913
13534.5s 2740 Unable to load Cython Compute_Similarity, reverting to Python
13543.5s 2741 Similarity column 6969 (100.0%), 755.70 column/sec. Elapsed time 9.22 sec
13543.7s 2742 EvaluatorHoldout: Ignoring 31 ( 0.1%) Users that have less than 1 test interactions
13557.4s 2743 EvaluatorHoldout: Processed 27064 (100.0%) in 13.86 sec. Users per second: 1953
13557.4s 2744 [I 2025-12-08 00:28:11,192] Trial 112 finished with value: 0.25269785405227313 and parameters: {'topK': 7, 'shrink': 103, 'tversky_alpha': 0.234326986200412, 'tversky_beta': 1.7898476923675546}. Best is trial 102 with value: 0.25280194006556533.
13557.4s 2745 
13557.4s 2746 [I 2025-12-08 00:28:11,192] Trial 112 finished with value: 0.25269785405227313 and parameters: {'topK': 7, 'shrink': 103, 'tversky_alpha': 0.234326986200412, 'tversky_beta': 1.7898476923675546}. Best is trial 102 with value: 0.25280194006556533.
13557.6s 2747 [0.25333607590619356, 0.2524349818735294, 0.25175069608529266, 0.2533256981540019, 0.252641818242348]
13557.9s 2748 Unable to load Cython Compute_Similarity, reverting to Python
13567.4s 2749 Similarity column 6969 (100.0%), 734.44 column/sec. Elapsed time 9.49 sec
13567.4s 2750 EvaluatorHoldout: Ignoring 31 ( 0.1%) Users that have less than 1 test interactions
13581.1s 2751 EvaluatorHoldout: Processed 27064 (100.0%) in 13.91 sec. Users per second: 1946
13581.6s 2752 Unable to load Cython Compute_Similarity, reverting to Python
13591.2s 2753 Similarity column 6969 (100.0%), 710.06 column/sec. Elapsed time 9.81 sec
13591.5s 2754 EvaluatorHoldout: Ignoring 29 ( 0.1%) Users that have less than 1 test interactions
13605.3s 2755 EvaluatorHoldout: Processed 27066 (100.0%) in 13.94 sec. Users per second: 1942
13605.7s 2756 Unable to load Cython Compute_Similarity, reverting to Python
13615.2s 2757 Similarity column 6969 (100.0%), 718.75 column/sec. Elapsed time 9.70 sec
13615.4s 2758 EvaluatorHoldout: Ignoring 40 ( 0.1%) Users that have less than 1 test interactions
13629.1s 2759 EvaluatorHoldout: Processed 27055 (100.0%) in 13.85 sec. Users per second: 1954
13629.6s 2760 Unable to load Cython Compute_Similarity, reverting to Python
13638.6s 2761 Similarity column 6969 (100.0%), 765.80 column/sec. Elapsed time 9.10 sec
13638.7s 2762 EvaluatorHoldout: Ignoring 31 ( 0.1%) Users that have less than 1 test interactions
13652.8s 2763 EvaluatorHoldout: Processed 27064 (100.0%) in 14.26 sec. Users per second: 1898
13653.3s 2764 Unable to load Cython Compute_Similarity, reverting to Python
13662.4s 2765 Similarity column 6969 (100.0%), 750.46 column/sec. Elapsed time 9.29 sec
13662.6s 2766 EvaluatorHoldout: Ignoring 31 ( 0.1%) Users that have less than 1 test interactions
13676.4s 2767 EvaluatorHoldout: Processed 27064 (100.0%) in 13.86 sec. Users per second: 1952
13676.4s 2768 [I 2025-12-08 00:30:10,065] Trial 113 finished with value: 0.25270347479402966 and parameters: {'topK': 7, 'shrink': 104, 'tversky_alpha': 0.2428628972306516, 'tversky_beta': 1.7912212236439735}. Best is trial 102 with value: 0.25280194006556533.
13676.4s 2769 
13676.4s 2770 [I 2025-12-08 00:30:10,065] Trial 113 finished with value: 0.25270347479402966 and parameters: {'topK': 7, 'shrink': 104, 'tversky_alpha': 0.2428628972306516, 'tversky_beta': 1.7912212236439735}. Best is trial 102 with value: 0.25280194006556533.
13676.4s 2771 [0.2532049402356315, 0.25250572241011815, 0.2518599686841278, 0.25319593449291333, 0.25275080814735734]
13676.8s 2772 Unable to load Cython Compute_Similarity, reverting to Python
13685.9s 2773 Similarity column 6969 (100.0%), 745.68 column/sec. Elapsed time 9.35 sec
13686.1s 2774 EvaluatorHoldout: Ignoring 31 ( 0.1%) Users that have less than 1 test interactions
13699.9s 2775 EvaluatorHoldout: Processed 27064 (100.0%) in 13.97 sec. Users per second: 1937
13700.4s 2776 Unable to load Cython Compute_Similarity, reverting to Python
13710.0s 2777 Similarity column 6969 (100.0%), 718.93 column/sec. Elapsed time 9.69 sec
13710.1s 2778 EvaluatorHoldout: Ignoring 29 ( 0.1%) Users that have less than 1 test interactions
13723.9s 2779 EvaluatorHoldout: Processed 27066 (100.0%) in 14.00 sec. Users per second: 1933
13724.4s 2780 Unable to load Cython Compute_Similarity, reverting to Python
13733.6s 2781 Similarity column 6969 (100.0%), 743.11 column/sec. Elapsed time 9.38 sec
13733.8s 2782 EvaluatorHoldout: Ignoring 40 ( 0.1%) Users that have less than 1 test interactions
13747.8s 2783 EvaluatorHoldout: Processed 27055 (100.0%) in 13.99 sec. Users per second: 1934
13748.1s 2784 Unable to load Cython Compute_Similarity, reverting to Python
13757.1s 2785 Similarity column 6969 (100.0%), 763.56 column/sec. Elapsed time 9.13 sec
13757.3s 2786 EvaluatorHoldout: Ignoring 31 ( 0.1%) Users that have less than 1 test interactions
13771.1s 2787 EvaluatorHoldout: Processed 27064 (100.0%) in 14.00 sec. Users per second: 1933
13771.6s 2788 Unable to load Cython Compute_Similarity, reverting to Python
13781.0s 2789 Similarity column 6969 (100.0%), 737.40 column/sec. Elapsed time 9.45 sec
13781.0s 2790 EvaluatorHoldout: Ignoring 31 ( 0.1%) Users that have less than 1 test interactions
13795.0s 2791 EvaluatorHoldout: Processed 27064 (100.0%) in 14.08 sec. Users per second: 1922
13795.0s 2792 [I 2025-12-08 00:32:08,773] Trial 114 finished with value: 0.2525443620706994 and parameters: {'topK': 7, 'shrink': 100, 'tversky_alpha': 0.25549775976621886, 'tversky_beta': 1.7909308678625606}. Best is trial 102 with value: 0.25280194006556533.
13795.0s 2793 
13795.0s 2794 [I 2025-12-08 00:32:08,773] Trial 114 finished with value: 0.2525443620706994 and parameters: {'topK': 7, 'shrink': 100, 'tversky_alpha': 0.25549775976621886, 'tversky_beta': 1.7909308678625606}. Best is trial 102 with value: 0.25280194006556533.
13795.2s 2795 [0.2526810842145065, 0.2524898967378659, 0.2515510903093985, 0.2532291154009577, 0.2527706236907684]
13795.5s 2796 Unable to load Cython Compute_Similarity, reverting to Python
13804.9s 2797 Similarity column 6969 (100.0%), 728.16 column/sec. Elapsed time 9.57 sec
13805.1s 2798 EvaluatorHoldout: Ignoring 31 ( 0.1%) Users that have less than 1 test interactions
13819.0s 2799 EvaluatorHoldout: Processed 27064 (100.0%) in 13.99 sec. Users per second: 1935
13819.4s 2800 Unable to load Cython Compute_Similarity, reverting to Python
13828.9s 2801 Similarity column 6969 (100.0%), 719.95 column/sec. Elapsed time 9.68 sec
13829.1s 2802 EvaluatorHoldout: Ignoring 29 ( 0.1%) Users that have less than 1 test interactions
13842.8s 2803 EvaluatorHoldout: Processed 27066 (100.0%) in 13.93 sec. Users per second: 1943
13843.3s 2804 Unable to load Cython Compute_Similarity, reverting to Python
13853.1s 2805 Similarity column 6969 (100.0%), 708.73 column/sec. Elapsed time 9.83 sec
13853.1s 2806 EvaluatorHoldout: Ignoring 40 ( 0.1%) Users that have less than 1 test interactions
13866.8s 2807 EvaluatorHoldout: Processed 27055 (100.0%) in 13.86 sec. Users per second: 1952
13867.3s 2808 Unable to load Cython Compute_Similarity, reverting to Python
13876.4s 2809 Similarity column 6969 (100.0%), 753.36 column/sec. Elapsed time 9.25 sec
13876.6s 2810 EvaluatorHoldout: Ignoring 31 ( 0.1%) Users that have less than 1 test interactions
13890.4s 2811 EvaluatorHoldout: Processed 27064 (100.0%) in 13.87 sec. Users per second: 1951
13890.8s 2812 Unable to load Cython Compute_Similarity, reverting to Python
13900.0s 2813 Similarity column 6969 (100.0%), 740.43 column/sec. Elapsed time 9.41 sec
13900.2s 2814 EvaluatorHoldout: Ignoring 31 ( 0.1%) Users that have less than 1 test interactions
13914.1s 2815 EvaluatorHoldout: Processed 27064 (100.0%) in 14.11 sec. Users per second: 1919
13914.1s 2816 [I 2025-12-08 00:34:07,921] Trial 115 finished with value: 0.25256360133535 and parameters: {'topK': 6, 'shrink': 105, 'tversky_alpha': 0.24435282572056635, 'tversky_beta': 1.7830933820861703}. Best is trial 102 with value: 0.25280194006556533.
13914.1s 2817 
13914.1s 2818 [I 2025-12-08 00:34:07,921] Trial 115 finished with value: 0.25256360133535 and parameters: {'topK': 6, 'shrink': 105, 'tversky_alpha': 0.24435282572056635, 'tversky_beta': 1.7830933820861703}. Best is trial 102 with value: 0.25280194006556533.
13914.3s 2819 [0.2528013121794476, 0.2524972542733583, 0.2518293968548929, 0.2532617097449092, 0.25242833362414197]
13914.6s 2820 Unable to load Cython Compute_Similarity, reverting to Python
13924.4s 2821 Similarity column 6969 (100.0%), 707.58 column/sec. Elapsed time 9.85 sec
13924.5s 2822 EvaluatorHoldout: Ignoring 31 ( 0.1%) Users that have less than 1 test interactions
13938.2s 2823 EvaluatorHoldout: Processed 27064 (100.0%) in 13.91 sec. Users per second: 1946
13938.7s 2824 Unable to load Cython Compute_Similarity, reverting to Python
13948.2s 2825 Similarity column 6969 (100.0%), 716.37 column/sec. Elapsed time 9.73 sec
13948.4s 2826 EvaluatorHoldout: Ignoring 29 ( 0.1%) Users that have less than 1 test interactions
13962.2s 2827 EvaluatorHoldout: Processed 27066 (100.0%) in 13.79 sec. Users per second: 1963
13962.6s 2828 Unable to load Cython Compute_Similarity, reverting to Python
13972.2s 2829 Similarity column 6969 (100.0%), 710.03 column/sec. Elapsed time 9.82 sec
13972.4s 2830 EvaluatorHoldout: Ignoring 40 ( 0.1%) Users that have less than 1 test interactions
13986.1s 2831 EvaluatorHoldout: Processed 27055 (100.0%) in 13.93 sec. Users per second: 1943
13986.6s 2832 Unable to load Cython Compute_Similarity, reverting to Python
13995.8s 2833 Similarity column 6969 (100.0%), 749.77 column/sec. Elapsed time 9.29 sec
13995.9s 2834 EvaluatorHoldout: Ignoring 31 ( 0.1%) Users that have less than 1 test interactions
14009.7s 2835 EvaluatorHoldout: Processed 27064 (100.0%) in 14.00 sec. Users per second: 1933
14010.2s 2836 Unable to load Cython Compute_Similarity, reverting to Python
14019.3s 2837 Similarity column 6969 (100.0%), 751.09 column/sec. Elapsed time 9.28 sec
14019.5s 2838 EvaluatorHoldout: Ignoring 31 ( 0.1%) Users that have less than 1 test interactions
14033.4s 2839 EvaluatorHoldout: Processed 27064 (100.0%) in 13.97 sec. Users per second: 1938
14033.4s 2840 [I 2025-12-08 00:36:07,140] Trial 116 finished with value: 0.2527142833291543 and parameters: {'topK': 7, 'shrink': 103, 'tversky_alpha': 0.22987748682654252, 'tversky_beta': 1.792495387777045}. Best is trial 102 with value: 0.25280194006556533.
14033.4s 2841 
14033.4s 2842 [I 2025-12-08 00:36:07,140] Trial 116 finished with value: 0.2527142833291543 and parameters: {'topK': 7, 'shrink': 103, 'tversky_alpha': 0.22987748682654252, 'tversky_beta': 1.792495387777045}. Best is trial 102 with value: 0.25280194006556533.
14033.5s 2843 [0.2532013719272878, 0.2526366637887501, 0.25215062535800153, 0.25298287935605224, 0.25259987621567975]
14033.8s 2844 Unable to load Cython Compute_Similarity, reverting to Python
14043.2s 2845 Similarity column 6969 (100.0%), 728.23 column/sec. Elapsed time 9.57 sec
14043.4s 2846 EvaluatorHoldout: Ignoring 31 ( 0.1%) Users that have less than 1 test interactions
14057.2s 2847 EvaluatorHoldout: Processed 27064 (100.0%) in 13.97 sec. Users per second: 1938
14057.7s 2848 Unable to load Cython Compute_Similarity, reverting to Python
14067.1s 2849 Similarity column 6969 (100.0%), 734.52 column/sec. Elapsed time 9.49 sec
14067.2s 2850 EvaluatorHoldout: Ignoring 29 ( 0.1%) Users that have less than 1 test interactions
14080.9s 2851 EvaluatorHoldout: Processed 27066 (100.0%) in 13.90 sec. Users per second: 1947
14081.4s 2852 Unable to load Cython Compute_Similarity, reverting to Python
14090.7s 2853 Similarity column 6969 (100.0%), 737.34 column/sec. Elapsed time 9.45 sec
14090.9s 2854 EvaluatorHoldout: Ignoring 40 ( 0.1%) Users that have less than 1 test interactions
14104.7s 2855 EvaluatorHoldout: Processed 27055 (100.0%) in 13.83 sec. Users per second: 1957
14105.0s 2856 Unable to load Cython Compute_Similarity, reverting to Python
14114.1s 2857 Similarity column 6969 (100.0%), 752.40 column/sec. Elapsed time 9.26 sec
14114.3s 2858 EvaluatorHoldout: Ignoring 31 ( 0.1%) Users that have less than 1 test interactions
14128.2s 2859 EvaluatorHoldout: Processed 27064 (100.0%) in 14.07 sec. Users per second: 1923
14128.7s 2860 Unable to load Cython Compute_Similarity, reverting to Python
14138.2s 2861 Similarity column 6969 (100.0%), 729.61 column/sec. Elapsed time 9.55 sec
14138.3s 2862 EvaluatorHoldout: Ignoring 31 ( 0.1%) Users that have less than 1 test interactions
14152.1s 2863 EvaluatorHoldout: Processed 27064 (100.0%) in 14.04 sec. Users per second: 1928
14152.1s 2864 [I 2025-12-08 00:38:05,950] Trial 117 finished with value: 0.25265029602075834 and parameters: {'topK': 7, 'shrink': 108, 'tversky_alpha': 0.2367991535370497, 'tversky_beta': 1.7915465724012407}. Best is trial 102 with value: 0.25280194006556533.
14152.1s 2865 
