8800.8s 1786 [I 2025-12-07 23:08:54,648] Trial 72 finished with value: 0.25213102328991666 and parameters: {'topK': 8, 'shrink': 131, 'tversky_alpha': 0.24196821271664976, 'tversky_beta': 1.7613341831342757}. Best is trial 64 with value: 0.25272636140465277.
8801.0s 1787 [0.25237797709695203, 0.2518935524881567, 0.25121012402709614, 0.2524008593594232, 0.25277260347795505]
8801.4s 1788 Unable to load Cython Compute_Similarity, reverting to Python
8810.4s 1789 Similarity column 6969 (100.0%), 751.43 column/sec. Elapsed time 9.27 sec
8810.6s 1790 EvaluatorHoldout: Ignoring 31 ( 0.1%) Users that have less than 1 test interactions
8824.6s 1791 EvaluatorHoldout: Processed 27064 (100.0%) in 14.06 sec. Users per second: 1925
8825.0s 1792 Unable to load Cython Compute_Similarity, reverting to Python
8834.0s 1793 Similarity column 6969 (100.0%), 756.25 column/sec. Elapsed time 9.22 sec
8834.2s 1794 EvaluatorHoldout: Ignoring 29 ( 0.1%) Users that have less than 1 test interactions
8847.9s 1795 EvaluatorHoldout: Processed 27066 (100.0%) in 13.85 sec. Users per second: 1955
8848.4s 1796 Unable to load Cython Compute_Similarity, reverting to Python
8857.6s 1797 Similarity column 6969 (100.0%), 745.64 column/sec. Elapsed time 9.35 sec
8857.8s 1798 EvaluatorHoldout: Ignoring 40 ( 0.1%) Users that have less than 1 test interactions
8871.5s 1799 EvaluatorHoldout: Processed 27055 (100.0%) in 13.93 sec. Users per second: 1943
8872.0s 1800 Unable to load Cython Compute_Similarity, reverting to Python
8881.3s 1801 Similarity column 6969 (100.0%), 735.36 column/sec. Elapsed time 9.48 sec
8881.5s 1802 EvaluatorHoldout: Ignoring 31 ( 0.1%) Users that have less than 1 test interactions
8895.4s 1803 EvaluatorHoldout: Processed 27064 (100.0%) in 14.01 sec. Users per second: 1932
8895.8s 1804 Unable to load Cython Compute_Similarity, reverting to Python
8904.9s 1805 Similarity column 6969 (100.0%), 749.20 column/sec. Elapsed time 9.30 sec
8905.1s 1806 EvaluatorHoldout: Ignoring 31 ( 0.1%) Users that have less than 1 test interactions
8918.9s 1807 EvaluatorHoldout: Processed 27064 (100.0%) in 13.97 sec. Users per second: 1938
8918.9s 1808 [I 2025-12-07 23:10:52,719] Trial 73 finished with value: 0.2526178385891093 and parameters: {'topK': 7, 'shrink': 117, 'tversky_alpha': 0.20667141217912482, 'tversky_beta': 1.7722730694126545}. Best is trial 64 with value: 0.25272636140465277.
8918.9s 1809 
8918.9s 1810 [I 2025-12-07 23:10:52,719] Trial 73 finished with value: 0.2526178385891093 and parameters: {'topK': 7, 'shrink': 117, 'tversky_alpha': 0.20667141217912482, 'tversky_beta': 1.7722730694126545}. Best is trial 64 with value: 0.25272636140465277.
8919.1s 1811 [0.2530074077315548, 0.2526314850767589, 0.2522708297402758, 0.2527652179617668, 0.25241425243519033]
8919.4s 1812 Unable to load Cython Compute_Similarity, reverting to Python
8928.8s 1813 Similarity column 6969 (100.0%), 732.84 column/sec. Elapsed time 9.51 sec
8928.9s 1814 EvaluatorHoldout: Ignoring 31 ( 0.1%) Users that have less than 1 test interactions
8943.0s 1815 EvaluatorHoldout: Processed 27064 (100.0%) in 14.26 sec. Users per second: 1898
8943.5s 1816 Unable to load Cython Compute_Similarity, reverting to Python
8953.1s 1817 Similarity column 6969 (100.0%), 710.25 column/sec. Elapsed time 9.81 sec
8953.3s 1818 EvaluatorHoldout: Ignoring 29 ( 0.1%) Users that have less than 1 test interactions
8967.3s 1819 EvaluatorHoldout: Processed 27066 (100.0%) in 14.10 sec. Users per second: 1920
8967.7s 1820 Unable to load Cython Compute_Similarity, reverting to Python
8977.1s 1821 Similarity column 6969 (100.0%), 727.41 column/sec. Elapsed time 9.58 sec
8977.3s 1822 EvaluatorHoldout: Ignoring 40 ( 0.1%) Users that have less than 1 test interactions
8990.9s 1823 EvaluatorHoldout: Processed 27055 (100.0%) in 13.78 sec. Users per second: 1963
8991.4s 1824 Unable to load Cython Compute_Similarity, reverting to Python
9001.0s 1825 Similarity column 6969 (100.0%), 722.06 column/sec. Elapsed time 9.65 sec
9001.1s 1826 EvaluatorHoldout: Ignoring 31 ( 0.1%) Users that have less than 1 test interactions
9014.8s 1827 EvaluatorHoldout: Processed 27064 (100.0%) in 13.89 sec. Users per second: 1949
9015.3s 1828 Unable to load Cython Compute_Similarity, reverting to Python
9024.6s 1829 Similarity column 6969 (100.0%), 735.79 column/sec. Elapsed time 9.47 sec
9024.8s 1830 EvaluatorHoldout: Ignoring 31 ( 0.1%) Users that have less than 1 test interactions
9038.4s 1831 EvaluatorHoldout: Processed 27064 (100.0%) in 13.75 sec. Users per second: 1969
9038.4s 1832 [I 2025-12-07 23:12:52,174] Trial 74 finished with value: 0.2513917812709344 and parameters: {'topK': 6, 'shrink': 117, 'tversky_alpha': 0.14173645331108398, 'tversky_beta': 1.7530573116833648}. Best is trial 64 with value: 0.25272636140465277.
9038.4s 1833 
9038.4s 1834 [I 2025-12-07 23:12:52,174] Trial 74 finished with value: 0.2513917812709344 and parameters: {'topK': 6, 'shrink': 117, 'tversky_alpha': 0.14173645331108398, 'tversky_beta': 1.7530573116833648}. Best is trial 64 with value: 0.25272636140465277.
9038.6s 1835 [0.2526550214351117, 0.2510711911916985, 0.250345500405058, 0.25150110001725184, 0.2513860933055518]
9038.9s 1836 Unable to load Cython Compute_Similarity, reverting to Python
9048.0s 1837 Similarity column 6969 (100.0%), 748.12 column/sec. Elapsed time 9.32 sec
9048.2s 1838 EvaluatorHoldout: Ignoring 31 ( 0.1%) Users that have less than 1 test interactions
9061.8s 1839 EvaluatorHoldout: Processed 27064 (100.0%) in 13.78 sec. Users per second: 1964
9062.3s 1840 Unable to load Cython Compute_Similarity, reverting to Python
9071.6s 1841 Similarity column 6969 (100.0%), 739.04 column/sec. Elapsed time 9.43 sec
9071.7s 1842 EvaluatorHoldout: Ignoring 29 ( 0.1%) Users that have less than 1 test interactions
9085.5s 1843 EvaluatorHoldout: Processed 27066 (100.0%) in 13.90 sec. Users per second: 1947
9086.0s 1844 Unable to load Cython Compute_Similarity, reverting to Python
9095.4s 1845 Similarity column 6969 (100.0%), 726.14 column/sec. Elapsed time 9.60 sec
9095.6s 1846 EvaluatorHoldout: Ignoring 40 ( 0.1%) Users that have less than 1 test interactions
9109.4s 1847 EvaluatorHoldout: Processed 27055 (100.0%) in 13.90 sec. Users per second: 1946
9109.8s 1848 Unable to load Cython Compute_Similarity, reverting to Python
9119.2s 1849 Similarity column 6969 (100.0%), 727.43 column/sec. Elapsed time 9.58 sec
9119.4s 1850 EvaluatorHoldout: Ignoring 31 ( 0.1%) Users that have less than 1 test interactions
9133.2s 1851 EvaluatorHoldout: Processed 27064 (100.0%) in 14.05 sec. Users per second: 1927
9133.7s 1852 Unable to load Cython Compute_Similarity, reverting to Python
9143.0s 1853 Similarity column 6969 (100.0%), 742.72 column/sec. Elapsed time 9.38 sec
9143.1s 1854 EvaluatorHoldout: Ignoring 31 ( 0.1%) Users that have less than 1 test interactions
9156.8s 1855 EvaluatorHoldout: Processed 27064 (100.0%) in 13.89 sec. Users per second: 1948
9156.9s 1856 [I 2025-12-07 23:14:50,665] Trial 75 finished with value: 0.25262183670663124 and parameters: {'topK': 8, 'shrink': 100, 'tversky_alpha': 0.2085513061610483, 'tversky_beta': 1.7408446148115317}. Best is trial 64 with value: 0.25272636140465277.
9156.9s 1857 
9156.9s 1858 [I 2025-12-07 23:14:50,665] Trial 75 finished with value: 0.25262183670663124 and parameters: {'topK': 8, 'shrink': 100, 'tversky_alpha': 0.2085513061610483, 'tversky_beta': 1.7408446148115317}. Best is trial 64 with value: 0.25272636140465277.
9157.0s 1859 [0.25288308746306143, 0.25282390370875785, 0.2515744701735731, 0.25274127326230433, 0.25308644892545973]
9157.4s 1860 Unable to load Cython Compute_Similarity, reverting to Python
9166.5s 1861 Similarity column 6969 (100.0%), 746.29 column/sec. Elapsed time 9.34 sec
9166.7s 1862 EvaluatorHoldout: Ignoring 31 ( 0.1%) Users that have less than 1 test interactions
9180.4s 1863 EvaluatorHoldout: Processed 27064 (100.0%) in 13.81 sec. Users per second: 1960
9180.8s 1864 Unable to load Cython Compute_Similarity, reverting to Python
9190.0s 1865 Similarity column 6969 (100.0%), 742.35 column/sec. Elapsed time 9.39 sec
9190.2s 1866 EvaluatorHoldout: Ignoring 29 ( 0.1%) Users that have less than 1 test interactions
9204.0s 1867 EvaluatorHoldout: Processed 27066 (100.0%) in 13.91 sec. Users per second: 1946
9204.5s 1868 Unable to load Cython Compute_Similarity, reverting to Python
9213.8s 1869 Similarity column 6969 (100.0%), 738.33 column/sec. Elapsed time 9.44 sec
9213.9s 1870 EvaluatorHoldout: Ignoring 40 ( 0.1%) Users that have less than 1 test interactions
9227.7s 1871 EvaluatorHoldout: Processed 27055 (100.0%) in 13.95 sec. Users per second: 1939
9228.2s 1872 Unable to load Cython Compute_Similarity, reverting to Python
9237.7s 1873 Similarity column 6969 (100.0%), 715.37 column/sec. Elapsed time 9.74 sec
9237.9s 1874 EvaluatorHoldout: Ignoring 31 ( 0.1%) Users that have less than 1 test interactions
9251.8s 1875 EvaluatorHoldout: Processed 27064 (100.0%) in 14.01 sec. Users per second: 1932
9252.3s 1876 Unable to load Cython Compute_Similarity, reverting to Python
9261.4s 1877 Similarity column 6969 (100.0%), 744.37 column/sec. Elapsed time 9.36 sec
9261.6s 1878 EvaluatorHoldout: Ignoring 31 ( 0.1%) Users that have less than 1 test interactions
9275.4s 1879 EvaluatorHoldout: Processed 27064 (100.0%) in 13.93 sec. Users per second: 1943
9275.4s 1880 [I 2025-12-07 23:16:49,198] Trial 76 finished with value: 0.2526567312533347 and parameters: {'topK': 8, 'shrink': 104, 'tversky_alpha': 0.15666948502195693, 'tversky_beta': 1.7427734810526783}. Best is trial 64 with value: 0.25272636140465277.
9275.4s 1881 
9275.4s 1882 [I 2025-12-07 23:16:49,198] Trial 76 finished with value: 0.2526567312533347 and parameters: {'topK': 8, 'shrink': 104, 'tversky_alpha': 0.15666948502195693, 'tversky_beta': 1.7427734810526783}. Best is trial 64 with value: 0.25272636140465277.
9275.6s 1883 [0.2527050430254507, 0.252830122537441, 0.25173387108945805, 0.2527071660304416, 0.25330745358388224]
9275.9s 1884 Unable to load Cython Compute_Similarity, reverting to Python
9285.2s 1885 Similarity column 6969 (100.0%), 742.97 column/sec. Elapsed time 9.38 sec
9285.3s 1886 EvaluatorHoldout: Ignoring 31 ( 0.1%) Users that have less than 1 test interactions
9299.0s 1887 EvaluatorHoldout: Processed 27064 (100.0%) in 13.85 sec. Users per second: 1954
9299.5s 1888 Unable to load Cython Compute_Similarity, reverting to Python
9308.7s 1889 Similarity column 6969 (100.0%), 734.87 column/sec. Elapsed time 9.48 sec
9308.9s 1890 EvaluatorHoldout: Ignoring 29 ( 0.1%) Users that have less than 1 test interactions
9322.8s 1891 EvaluatorHoldout: Processed 27066 (100.0%) in 13.94 sec. Users per second: 1942
9323.2s 1892 Unable to load Cython Compute_Similarity, reverting to Python
9332.5s 1893 Similarity column 6969 (100.0%), 730.89 column/sec. Elapsed time 9.53 sec
9332.7s 1894 EvaluatorHoldout: Ignoring 40 ( 0.1%) Users that have less than 1 test interactions
9346.5s 1895 EvaluatorHoldout: Processed 27055 (100.0%) in 13.95 sec. Users per second: 1939
9347.0s 1896 Unable to load Cython Compute_Similarity, reverting to Python
9356.5s 1897 Similarity column 6969 (100.0%), 725.11 column/sec. Elapsed time 9.61 sec
9356.6s 1898 EvaluatorHoldout: Ignoring 31 ( 0.1%) Users that have less than 1 test interactions
9370.4s 1899 EvaluatorHoldout: Processed 27064 (100.0%) in 13.95 sec. Users per second: 1941
9370.9s 1900 Unable to load Cython Compute_Similarity, reverting to Python
9380.2s 1901 Similarity column 6969 (100.0%), 734.03 column/sec. Elapsed time 9.49 sec
9380.4s 1902 EvaluatorHoldout: Ignoring 31 ( 0.1%) Users that have less than 1 test interactions
9394.3s 1903 EvaluatorHoldout: Processed 27064 (100.0%) in 13.98 sec. Users per second: 1936
9394.3s 1904 [I 2025-12-07 23:18:48,019] Trial 77 finished with value: 0.25263248614604356 and parameters: {'topK': 8, 'shrink': 112, 'tversky_alpha': 0.1712238264185227, 'tversky_beta': 1.7023770530738407}. Best is trial 64 with value: 0.25272636140465277.
9394.3s 1905 
9394.3s 1906 [I 2025-12-07 23:18:48,019] Trial 77 finished with value: 0.25263248614604356 and parameters: {'topK': 8, 'shrink': 112, 'tversky_alpha': 0.1712238264185227, 'tversky_beta': 1.7023770530738407}. Best is trial 64 with value: 0.25272636140465277.
9394.4s 1907 [0.25335643826764015, 0.2527049465138464, 0.2521727663644973, 0.2520759734877875, 0.25285230609644654]
9394.7s 1908 Unable to load Cython Compute_Similarity, reverting to Python
9404.0s 1909 Similarity column 6969 (100.0%), 734.90 column/sec. Elapsed time 9.48 sec
9404.2s 1910 EvaluatorHoldout: Ignoring 31 ( 0.1%) Users that have less than 1 test interactions
9417.9s 1911 EvaluatorHoldout: Processed 27064 (100.0%) in 13.84 sec. Users per second: 1955
9418.4s 1912 Unable to load Cython Compute_Similarity, reverting to Python
9427.7s 1913 Similarity column 6969 (100.0%), 735.57 column/sec. Elapsed time 9.47 sec
9427.9s 1914 EvaluatorHoldout: Ignoring 29 ( 0.1%) Users that have less than 1 test interactions
9441.7s 1915 EvaluatorHoldout: Processed 27066 (100.0%) in 14.02 sec. Users per second: 1930
9442.2s 1916 Unable to load Cython Compute_Similarity, reverting to Python
9451.6s 1917 Similarity column 6969 (100.0%), 729.58 column/sec. Elapsed time 9.55 sec
9451.8s 1918 EvaluatorHoldout: Ignoring 40 ( 0.1%) Users that have less than 1 test interactions
9465.6s 1919 EvaluatorHoldout: Processed 27055 (100.0%) in 13.91 sec. Users per second: 1946
9466.0s 1920 Unable to load Cython Compute_Similarity, reverting to Python
9475.3s 1921 Similarity column 6969 (100.0%), 731.08 column/sec. Elapsed time 9.53 sec
9475.5s 1922 EvaluatorHoldout: Ignoring 31 ( 0.1%) Users that have less than 1 test interactions
9489.3s 1923 EvaluatorHoldout: Processed 27064 (100.0%) in 13.96 sec. Users per second: 1939
9489.8s 1924 Unable to load Cython Compute_Similarity, reverting to Python
9498.8s 1925 Similarity column 6969 (100.0%), 763.66 column/sec. Elapsed time 9.13 sec
9498.9s 1926 EvaluatorHoldout: Ignoring 31 ( 0.1%) Users that have less than 1 test interactions
9512.8s 1927 EvaluatorHoldout: Processed 27064 (100.0%) in 14.05 sec. Users per second: 1926
9512.8s 1928 [I 2025-12-07 23:20:46,629] Trial 78 finished with value: 0.25254601851964553 and parameters: {'topK': 8, 'shrink': 106, 'tversky_alpha': 0.15510952265555186, 'tversky_beta': 1.6990571310787623}. Best is trial 64 with value: 0.25272636140465277.
9512.8s 1929 
9512.8s 1930 [I 2025-12-07 23:20:46,629] Trial 78 finished with value: 0.25254601851964553 and parameters: {'topK': 8, 'shrink': 106, 'tversky_alpha': 0.15510952265555186, 'tversky_beta': 1.6990571310787623}. Best is trial 64 with value: 0.25272636140465277.
9513.0s 1931 [0.2527570330572823, 0.25256075621735835, 0.25176579186721915, 0.2524994876716219, 0.25314702378474596]
9513.3s 1932 Unable to load Cython Compute_Similarity, reverting to Python
9522.5s 1933 Similarity column 6969 (100.0%), 743.60 column/sec. Elapsed time 9.37 sec
9522.7s 1934 EvaluatorHoldout: Ignoring 31 ( 0.1%) Users that have less than 1 test interactions
9536.4s 1935 EvaluatorHoldout: Processed 27064 (100.0%) in 13.82 sec. Users per second: 1959
9536.8s 1936 Unable to load Cython Compute_Similarity, reverting to Python
9546.1s 1937 Similarity column 6969 (100.0%), 735.16 column/sec. Elapsed time 9.48 sec
9546.3s 1938 EvaluatorHoldout: Ignoring 29 ( 0.1%) Users that have less than 1 test interactions
9560.2s 1939 EvaluatorHoldout: Processed 27066 (100.0%) in 14.02 sec. Users per second: 1931
9560.6s 1940 Unable to load Cython Compute_Similarity, reverting to Python
9569.6s 1941 Similarity column 6969 (100.0%), 768.69 column/sec. Elapsed time 9.07 sec
9569.7s 1942 EvaluatorHoldout: Ignoring 40 ( 0.1%) Users that have less than 1 test interactions
9583.5s 1943 EvaluatorHoldout: Processed 27055 (100.0%) in 13.92 sec. Users per second: 1944
9583.9s 1944 Unable to load Cython Compute_Similarity, reverting to Python
9593.1s 1945 Similarity column 6969 (100.0%), 747.91 column/sec. Elapsed time 9.32 sec
9593.3s 1946 EvaluatorHoldout: Ignoring 31 ( 0.1%) Users that have less than 1 test interactions
9607.3s 1947 EvaluatorHoldout: Processed 27064 (100.0%) in 14.13 sec. Users per second: 1915
9607.7s 1948 Unable to load Cython Compute_Similarity, reverting to Python
9616.9s 1949 Similarity column 6969 (100.0%), 741.44 column/sec. Elapsed time 9.40 sec
9617.1s 1950 EvaluatorHoldout: Ignoring 31 ( 0.1%) Users that have less than 1 test interactions
9631.0s 1951 EvaluatorHoldout: Processed 27064 (100.0%) in 14.02 sec. Users per second: 1930
9631.0s 1952 [I 2025-12-07 23:22:44,785] Trial 79 finished with value: 0.2520076646325859 and parameters: {'topK': 10, 'shrink': 110, 'tversky_alpha': 0.16952593145189424, 'tversky_beta': 1.7405582922143434}. Best is trial 64 with value: 0.25272636140465277.
9631.0s 1953 
9631.0s 1954 [I 2025-12-07 23:22:44,785] Trial 79 finished with value: 0.2520076646325859 and parameters: {'topK': 10, 'shrink': 110, 'tversky_alpha': 0.16952593145189424, 'tversky_beta': 1.7405582922143434}. Best is trial 64 with value: 0.25272636140465277.
9631.2s 1955 [0.2521331588150706, 0.25214437350902597, 0.2518464484251322, 0.2518353845131239, 0.25207895790057677]
9631.5s 1956 Unable to load Cython Compute_Similarity, reverting to Python
9640.7s 1957 Similarity column 6969 (100.0%), 751.52 column/sec. Elapsed time 9.27 sec
9640.8s 1958 EvaluatorHoldout: Ignoring 31 ( 0.1%) Users that have less than 1 test interactions
9654.5s 1959 EvaluatorHoldout: Processed 27064 (100.0%) in 13.86 sec. Users per second: 1953
9655.0s 1960 Unable to load Cython Compute_Similarity, reverting to Python
9664.3s 1961 Similarity column 6969 (100.0%), 733.62 column/sec. Elapsed time 9.50 sec
9664.5s 1962 EvaluatorHoldout: Ignoring 29 ( 0.1%) Users that have less than 1 test interactions
9678.3s 1963 EvaluatorHoldout: Processed 27066 (100.0%) in 13.91 sec. Users per second: 1946
9678.7s 1964 Unable to load Cython Compute_Similarity, reverting to Python
9688.0s 1965 Similarity column 6969 (100.0%), 732.05 column/sec. Elapsed time 9.52 sec
9688.2s 1966 EvaluatorHoldout: Ignoring 40 ( 0.1%) Users that have less than 1 test interactions
9701.9s 1967 EvaluatorHoldout: Processed 27055 (100.0%) in 13.86 sec. Users per second: 1952
9702.4s 1968 Unable to load Cython Compute_Similarity, reverting to Python
9711.6s 1969 Similarity column 6969 (100.0%), 747.37 column/sec. Elapsed time 9.32 sec
9711.7s 1970 EvaluatorHoldout: Ignoring 31 ( 0.1%) Users that have less than 1 test interactions
9725.5s 1971 EvaluatorHoldout: Processed 27064 (100.0%) in 14.00 sec. Users per second: 1934
9726.0s 1972 Unable to load Cython Compute_Similarity, reverting to Python
9735.1s 1973 Similarity column 6969 (100.0%), 755.93 column/sec. Elapsed time 9.22 sec
9735.3s 1974 EvaluatorHoldout: Ignoring 31 ( 0.1%) Users that have less than 1 test interactions
9749.1s 1975 EvaluatorHoldout: Processed 27064 (100.0%) in 13.97 sec. Users per second: 1937
9749.1s 1976 [I 2025-12-07 23:24:42,875] Trial 80 finished with value: 0.2524912960314107 and parameters: {'topK': 8, 'shrink': 103, 'tversky_alpha': 0.20663916084976072, 'tversky_beta': 1.7197872259631022}. Best is trial 64 with value: 0.25272636140465277.
9749.1s 1977 
9749.1s 1978 [I 2025-12-07 23:24:42,875] Trial 80 finished with value: 0.2524912960314107 and parameters: {'topK': 8, 'shrink': 103, 'tversky_alpha': 0.20663916084976072, 'tversky_beta': 1.7197872259631022}. Best is trial 64 with value: 0.25272636140465277.
9749.3s 1979 [0.2528808873911716, 0.252616933131622, 0.25157464220672365, 0.25250227392627733, 0.25288174350125897]
9749.6s 1980 Unable to load Cython Compute_Similarity, reverting to Python
9758.9s 1981 Similarity column 6969 (100.0%), 732.33 column/sec. Elapsed time 9.52 sec
9759.1s 1982 EvaluatorHoldout: Ignoring 31 ( 0.1%) Users that have less than 1 test interactions
9772.9s 1983 EvaluatorHoldout: Processed 27064 (100.0%) in 13.99 sec. Users per second: 1935
9773.4s 1984 Unable to load Cython Compute_Similarity, reverting to Python
9782.8s 1985 Similarity column 6969 (100.0%), 736.88 column/sec. Elapsed time 9.46 sec
9782.9s 1986 EvaluatorHoldout: Ignoring 29 ( 0.1%) Users that have less than 1 test interactions
9796.8s 1987 EvaluatorHoldout: Processed 27066 (100.0%) in 14.09 sec. Users per second: 1921
9797.3s 1988 Unable to load Cython Compute_Similarity, reverting to Python
9806.8s 1989 Similarity column 6969 (100.0%), 719.70 column/sec. Elapsed time 9.68 sec
9807.0s 1990 EvaluatorHoldout: Ignoring 40 ( 0.1%) Users that have less than 1 test interactions
9821.2s 1991 EvaluatorHoldout: Processed 27055 (100.0%) in 14.24 sec. Users per second: 1900
9821.6s 1992 Unable to load Cython Compute_Similarity, reverting to Python
9831.0s 1993 Similarity column 6969 (100.0%), 722.58 column/sec. Elapsed time 9.64 sec
9831.2s 1994 EvaluatorHoldout: Ignoring 31 ( 0.1%) Users that have less than 1 test interactions
9845.1s 1995 EvaluatorHoldout: Processed 27064 (100.0%) in 14.06 sec. Users per second: 1925
9845.6s 1996 Unable to load Cython Compute_Similarity, reverting to Python
9855.4s 1997 Similarity column 6969 (100.0%), 699.94 column/sec. Elapsed time 9.96 sec
9855.6s 1998 EvaluatorHoldout: Ignoring 31 ( 0.1%) Users that have less than 1 test interactions
9869.4s 1999 EvaluatorHoldout: Processed 27064 (100.0%) in 14.00 sec. Users per second: 1933
9869.4s 2000 [I 2025-12-07 23:26:43,204] Trial 81 finished with value: 0.2524539823845345 and parameters: {'topK': 9, 'shrink': 112, 'tversky_alpha': 0.18709512275084217, 'tversky_beta': 1.7277050789138224}. Best is trial 64 with value: 0.25272636140465277.
9869.4s 2001 
