14152.1s 2866 [I 2025-12-08 00:38:05,950] Trial 117 finished with value: 0.25265029602075834 and parameters: {'topK': 7, 'shrink': 108, 'tversky_alpha': 0.2367991535370497, 'tversky_beta': 1.7915465724012407}. Best is trial 102 with value: 0.25280194006556533.
14152.3s 2867 [0.2533081501928456, 0.25226531243582545, 0.2517133579048164, 0.2532074274570918, 0.25275723211321266]
14152.7s 2868 Unable to load Cython Compute_Similarity, reverting to Python
14162.0s 2869 Similarity column 6969 (100.0%), 732.91 column/sec. Elapsed time 9.51 sec
14162.2s 2870 EvaluatorHoldout: Ignoring 31 ( 0.1%) Users that have less than 1 test interactions
14176.3s 2871 EvaluatorHoldout: Processed 27064 (100.0%) in 14.14 sec. Users per second: 1914
14176.6s 2872 Unable to load Cython Compute_Similarity, reverting to Python
14185.8s 2873 Similarity column 6969 (100.0%), 746.03 column/sec. Elapsed time 9.34 sec
14186.0s 2874 EvaluatorHoldout: Ignoring 29 ( 0.1%) Users that have less than 1 test interactions
14199.7s 2875 EvaluatorHoldout: Processed 27066 (100.0%) in 13.93 sec. Users per second: 1943
14200.2s 2876 Unable to load Cython Compute_Similarity, reverting to Python
14209.3s 2877 Similarity column 6969 (100.0%), 759.88 column/sec. Elapsed time 9.17 sec
14209.4s 2878 EvaluatorHoldout: Ignoring 40 ( 0.1%) Users that have less than 1 test interactions
14223.2s 2879 EvaluatorHoldout: Processed 27055 (100.0%) in 14.01 sec. Users per second: 1932
14223.7s 2880 Unable to load Cython Compute_Similarity, reverting to Python
14232.7s 2881 Similarity column 6969 (100.0%), 761.14 column/sec. Elapsed time 9.16 sec
14232.9s 2882 EvaluatorHoldout: Ignoring 31 ( 0.1%) Users that have less than 1 test interactions
14247.3s 2883 EvaluatorHoldout: Processed 27064 (100.0%) in 14.46 sec. Users per second: 1872
14247.7s 2884 Unable to load Cython Compute_Similarity, reverting to Python
14257.2s 2885 Similarity column 6969 (100.0%), 718.01 column/sec. Elapsed time 9.71 sec
14257.4s 2886 EvaluatorHoldout: Ignoring 31 ( 0.1%) Users that have less than 1 test interactions
14271.3s 2887 EvaluatorHoldout: Processed 27064 (100.0%) in 14.12 sec. Users per second: 1916
14271.4s 2888 [I 2025-12-08 00:40:05,164] Trial 118 finished with value: 0.2526057157587703 and parameters: {'topK': 7, 'shrink': 115, 'tversky_alpha': 0.23034680396997959, 'tversky_beta': 1.7998378135655906}. Best is trial 102 with value: 0.25280194006556533.
14271.4s 2889 
14271.4s 2890 [I 2025-12-08 00:40:05,164] Trial 118 finished with value: 0.2526057157587703 and parameters: {'topK': 7, 'shrink': 115, 'tversky_alpha': 0.23034680396997959, 'tversky_beta': 1.7998378135655906}. Best is trial 102 with value: 0.25280194006556533.
14271.5s 2891 [0.253348079536808, 0.2525167591900305, 0.25174225889268964, 0.2528648631478082, 0.252556618026515]
14271.9s 2892 Unable to load Cython Compute_Similarity, reverting to Python
14281.6s 2893 Similarity column 6969 (100.0%), 712.58 column/sec. Elapsed time 9.78 sec
14281.7s 2894 EvaluatorHoldout: Ignoring 31 ( 0.1%) Users that have less than 1 test interactions
14295.4s 2895 EvaluatorHoldout: Processed 27064 (100.0%) in 13.89 sec. Users per second: 1948
14295.9s 2896 Unable to load Cython Compute_Similarity, reverting to Python
14305.5s 2897 Similarity column 6969 (100.0%), 711.50 column/sec. Elapsed time 9.79 sec
14305.7s 2898 EvaluatorHoldout: Ignoring 29 ( 0.1%) Users that have less than 1 test interactions
14319.6s 2899 EvaluatorHoldout: Processed 27066 (100.0%) in 13.93 sec. Users per second: 1943
14319.9s 2900 Unable to load Cython Compute_Similarity, reverting to Python
14329.2s 2901 Similarity column 6969 (100.0%), 733.66 column/sec. Elapsed time 9.50 sec
14329.4s 2902 EvaluatorHoldout: Ignoring 40 ( 0.1%) Users that have less than 1 test interactions
14343.1s 2903 EvaluatorHoldout: Processed 27055 (100.0%) in 13.88 sec. Users per second: 1949
14343.6s 2904 Unable to load Cython Compute_Similarity, reverting to Python
14352.7s 2905 Similarity column 6969 (100.0%), 760.00 column/sec. Elapsed time 9.17 sec
14352.8s 2906 EvaluatorHoldout: Ignoring 31 ( 0.1%) Users that have less than 1 test interactions
14366.7s 2907 EvaluatorHoldout: Processed 27064 (100.0%) in 14.04 sec. Users per second: 1928
14367.2s 2908 Unable to load Cython Compute_Similarity, reverting to Python
14376.5s 2909 Similarity column 6969 (100.0%), 729.07 column/sec. Elapsed time 9.56 sec
14376.7s 2910 EvaluatorHoldout: Ignoring 31 ( 0.1%) Users that have less than 1 test interactions
14390.6s 2911 EvaluatorHoldout: Processed 27064 (100.0%) in 13.93 sec. Users per second: 1943
14390.6s 2912 [I 2025-12-08 00:42:04,292] Trial 119 finished with value: 0.25247154883017 and parameters: {'topK': 6, 'shrink': 100, 'tversky_alpha': 0.265013560576114, 'tversky_beta': 1.782044993267096}. Best is trial 102 with value: 0.25280194006556533.
14390.6s 2913 
14390.6s 2914 [I 2025-12-08 00:42:04,292] Trial 119 finished with value: 0.25247154883017 and parameters: {'topK': 6, 'shrink': 100, 'tversky_alpha': 0.265013560576114, 'tversky_beta': 1.782044993267096}. Best is trial 102 with value: 0.25280194006556533.
14390.7s 2915 [0.2528466952732467, 0.25269276836650795, 0.25144813987101033, 0.2528817629152201, 0.2524883777248648]
14391.0s 2916 Unable to load Cython Compute_Similarity, reverting to Python
14400.3s 2917 Similarity column 6969 (100.0%), 736.04 column/sec. Elapsed time 9.47 sec
14400.5s 2918 EvaluatorHoldout: Ignoring 31 ( 0.1%) Users that have less than 1 test interactions
14414.3s 2919 EvaluatorHoldout: Processed 27064 (100.0%) in 14.01 sec. Users per second: 1932
14414.8s 2920 Unable to load Cython Compute_Similarity, reverting to Python
14424.4s 2921 Similarity column 6969 (100.0%), 733.29 column/sec. Elapsed time 9.50 sec
14424.4s 2922 EvaluatorHoldout: Ignoring 29 ( 0.1%) Users that have less than 1 test interactions
14438.2s 2923 EvaluatorHoldout: Processed 27066 (100.0%) in 14.04 sec. Users per second: 1927
14438.7s 2924 Unable to load Cython Compute_Similarity, reverting to Python
14448.1s 2925 Similarity column 6969 (100.0%), 726.16 column/sec. Elapsed time 9.60 sec
14448.3s 2926 EvaluatorHoldout: Ignoring 40 ( 0.1%) Users that have less than 1 test interactions
14462.3s 2927 EvaluatorHoldout: Processed 27055 (100.0%) in 14.04 sec. Users per second: 1926
14462.6s 2928 Unable to load Cython Compute_Similarity, reverting to Python
14471.5s 2929 Similarity column 6969 (100.0%), 765.92 column/sec. Elapsed time 9.10 sec
14471.7s 2930 EvaluatorHoldout: Ignoring 31 ( 0.1%) Users that have less than 1 test interactions
14485.7s 2931 EvaluatorHoldout: Processed 27064 (100.0%) in 14.14 sec. Users per second: 1914
14486.2s 2932 Unable to load Cython Compute_Similarity, reverting to Python
14495.7s 2933 Similarity column 6969 (100.0%), 726.99 column/sec. Elapsed time 9.59 sec
14495.8s 2934 EvaluatorHoldout: Ignoring 31 ( 0.1%) Users that have less than 1 test interactions
14509.6s 2935 EvaluatorHoldout: Processed 27064 (100.0%) in 13.95 sec. Users per second: 1941
14509.6s 2936 [I 2025-12-08 00:44:03,380] Trial 120 finished with value: 0.25258791145262655 and parameters: {'topK': 7, 'shrink': 119, 'tversky_alpha': 0.2210671800634734, 'tversky_beta': 1.791470704732773}. Best is trial 102 with value: 0.25280194006556533.
14509.6s 2937 
14509.6s 2938 [I 2025-12-08 00:44:03,380] Trial 120 finished with value: 0.25258791145262655 and parameters: {'topK': 7, 'shrink': 119, 'tversky_alpha': 0.2210671800634734, 'tversky_beta': 1.791470704732773}. Best is trial 102 with value: 0.25280194006556533.
14509.8s 2939 [0.25276815456824253, 0.25252361076862495, 0.2520346372328229, 0.2529585886057209, 0.25265456608772147]
14510.1s 2940 Unable to load Cython Compute_Similarity, reverting to Python
14519.4s 2941 Similarity column 6969 (100.0%), 736.35 column/sec. Elapsed time 9.46 sec
14519.6s 2942 EvaluatorHoldout: Ignoring 31 ( 0.1%) Users that have less than 1 test interactions
14533.5s 2943 EvaluatorHoldout: Processed 27064 (100.0%) in 14.03 sec. Users per second: 1928
14533.9s 2944 Unable to load Cython Compute_Similarity, reverting to Python
14543.2s 2945 Similarity column 6969 (100.0%), 737.72 column/sec. Elapsed time 9.45 sec
14543.4s 2946 EvaluatorHoldout: Ignoring 29 ( 0.1%) Users that have less than 1 test interactions
14557.0s 2947 EvaluatorHoldout: Processed 27066 (100.0%) in 13.84 sec. Users per second: 1956
14557.5s 2948 Unable to load Cython Compute_Similarity, reverting to Python
14567.0s 2949 Similarity column 6969 (100.0%), 728.29 column/sec. Elapsed time 9.57 sec
14567.1s 2950 EvaluatorHoldout: Ignoring 40 ( 0.1%) Users that have less than 1 test interactions
14580.7s 2951 EvaluatorHoldout: Processed 27055 (100.0%) in 13.82 sec. Users per second: 1957
14581.2s 2952 Unable to load Cython Compute_Similarity, reverting to Python
14590.3s 2953 Similarity column 6969 (100.0%), 748.53 column/sec. Elapsed time 9.31 sec
14590.5s 2954 EvaluatorHoldout: Ignoring 31 ( 0.1%) Users that have less than 1 test interactions
14604.4s 2955 EvaluatorHoldout: Processed 27064 (100.0%) in 13.87 sec. Users per second: 1951
14604.7s 2956 Unable to load Cython Compute_Similarity, reverting to Python
14613.9s 2957 Similarity column 6969 (100.0%), 741.05 column/sec. Elapsed time 9.40 sec
14614.1s 2958 EvaluatorHoldout: Ignoring 31 ( 0.1%) Users that have less than 1 test interactions
14627.8s 2959 EvaluatorHoldout: Processed 27064 (100.0%) in 13.83 sec. Users per second: 1956
14627.8s 2960 [I 2025-12-08 00:46:01,625] Trial 121 finished with value: 0.25245035445784236 and parameters: {'topK': 7, 'shrink': 103, 'tversky_alpha': 0.2480526533737162, 'tversky_beta': 1.7694404875549266}. Best is trial 102 with value: 0.25280194006556533.
14627.8s 2961 
14627.8s 2962 [I 2025-12-08 00:46:01,625] Trial 121 finished with value: 0.25245035445784236 and parameters: {'topK': 7, 'shrink': 103, 'tversky_alpha': 0.2480526533737162, 'tversky_beta': 1.7694404875549266}. Best is trial 102 with value: 0.25280194006556533.
14628.0s 2963 [0.252646948826352, 0.252155024229896, 0.2515755342965706, 0.25314293275042987, 0.25273133218596316]
14628.3s 2964 Unable to load Cython Compute_Similarity, reverting to Python
14638.1s 2965 Similarity column 6969 (100.0%), 707.38 column/sec. Elapsed time 9.85 sec
14638.2s 2966 EvaluatorHoldout: Ignoring 31 ( 0.1%) Users that have less than 1 test interactions
14651.8s 2967 EvaluatorHoldout: Processed 27064 (100.0%) in 13.82 sec. Users per second: 1959
14652.3s 2968 Unable to load Cython Compute_Similarity, reverting to Python
14661.7s 2969 Similarity column 6969 (100.0%), 725.71 column/sec. Elapsed time 9.60 sec
14661.9s 2970 EvaluatorHoldout: Ignoring 29 ( 0.1%) Users that have less than 1 test interactions
14675.9s 2971 EvaluatorHoldout: Processed 27066 (100.0%) in 14.04 sec. Users per second: 1928
14676.3s 2972 Unable to load Cython Compute_Similarity, reverting to Python
14686.0s 2973 Similarity column 6969 (100.0%), 704.48 column/sec. Elapsed time 9.89 sec
14686.2s 2974 EvaluatorHoldout: Ignoring 40 ( 0.1%) Users that have less than 1 test interactions
14699.9s 2975 EvaluatorHoldout: Processed 27055 (100.0%) in 13.88 sec. Users per second: 1949
14700.4s 2976 Unable to load Cython Compute_Similarity, reverting to Python
14709.7s 2977 Similarity column 6969 (100.0%), 742.25 column/sec. Elapsed time 9.39 sec
14709.8s 2978 EvaluatorHoldout: Ignoring 31 ( 0.1%) Users that have less than 1 test interactions
14723.6s 2979 EvaluatorHoldout: Processed 27064 (100.0%) in 14.06 sec. Users per second: 1925
14724.1s 2980 Unable to load Cython Compute_Similarity, reverting to Python
14733.3s 2981 Similarity column 6969 (100.0%), 741.81 column/sec. Elapsed time 9.39 sec
14733.5s 2982 EvaluatorHoldout: Ignoring 31 ( 0.1%) Users that have less than 1 test interactions
14747.5s 2983 EvaluatorHoldout: Processed 27064 (100.0%) in 13.96 sec. Users per second: 1939
14747.5s 2984 [I 2025-12-08 00:48:01,143] Trial 122 finished with value: 0.25265287598838226 and parameters: {'topK': 7, 'shrink': 105, 'tversky_alpha': 0.2240364268785729, 'tversky_beta': 1.7806809236071417}. Best is trial 102 with value: 0.25280194006556533.
14747.5s 2985 
14747.5s 2986 [I 2025-12-08 00:48:01,143] Trial 122 finished with value: 0.25265287598838226 and parameters: {'topK': 7, 'shrink': 105, 'tversky_alpha': 0.2240364268785729, 'tversky_beta': 1.7806809236071417}. Best is trial 102 with value: 0.25280194006556533.
14747.5s 2987 [0.2529115327423879, 0.25246118098784304, 0.252168144388604, 0.2531643919628588, 0.2525591298602175]
14747.8s 2988 Unable to load Cython Compute_Similarity, reverting to Python
14757.2s 2989 Similarity column 6969 (100.0%), 731.48 column/sec. Elapsed time 9.53 sec
14757.4s 2990 EvaluatorHoldout: Ignoring 31 ( 0.1%) Users that have less than 1 test interactions
14771.2s 2991 EvaluatorHoldout: Processed 27064 (100.0%) in 13.95 sec. Users per second: 1940
14771.7s 2992 Unable to load Cython Compute_Similarity, reverting to Python
14781.0s 2993 Similarity column 6969 (100.0%), 740.10 column/sec. Elapsed time 9.42 sec
14781.1s 2994 EvaluatorHoldout: Ignoring 29 ( 0.1%) Users that have less than 1 test interactions
14795.0s 2995 EvaluatorHoldout: Processed 27066 (100.0%) in 14.05 sec. Users per second: 1926
14795.4s 2996 Unable to load Cython Compute_Similarity, reverting to Python
14804.7s 2997 Similarity column 6969 (100.0%), 737.96 column/sec. Elapsed time 9.44 sec
14804.9s 2998 EvaluatorHoldout: Ignoring 40 ( 0.1%) Users that have less than 1 test interactions
14818.9s 2999 EvaluatorHoldout: Processed 27055 (100.0%) in 14.01 sec. Users per second: 1931
14819.2s 3000 Unable to load Cython Compute_Similarity, reverting to Python
14828.4s 3001 Similarity column 6969 (100.0%), 747.30 column/sec. Elapsed time 9.33 sec
14828.6s 3002 EvaluatorHoldout: Ignoring 31 ( 0.1%) Users that have less than 1 test interactions
14842.4s 3003 EvaluatorHoldout: Processed 27064 (100.0%) in 14.01 sec. Users per second: 1932
14842.9s 3004 Unable to load Cython Compute_Similarity, reverting to Python
14852.3s 3005 Similarity column 6969 (100.0%), 735.69 column/sec. Elapsed time 9.47 sec
14852.4s 3006 EvaluatorHoldout: Ignoring 31 ( 0.1%) Users that have less than 1 test interactions
14866.1s 3007 EvaluatorHoldout: Processed 27064 (100.0%) in 13.94 sec. Users per second: 1941
14866.2s 3008 [I 2025-12-08 00:49:59,960] Trial 123 finished with value: 0.25266674514642995 and parameters: {'topK': 7, 'shrink': 109, 'tversky_alpha': 0.239117029512497, 'tversky_beta': 1.7889511653147887}. Best is trial 102 with value: 0.25280194006556533.
14866.2s 3009 
14866.2s 3010 [I 2025-12-08 00:49:59,960] Trial 123 finished with value: 0.25266674514642995 and parameters: {'topK': 7, 'shrink': 109, 'tversky_alpha': 0.239117029512497, 'tversky_beta': 1.7889511653147887}. Best is trial 102 with value: 0.25280194006556533.
14866.3s 3011 [0.2531946325497388, 0.2523502511926543, 0.2517262049534659, 0.2532912572882451, 0.25277137974804564]
14866.7s 3012 Unable to load Cython Compute_Similarity, reverting to Python
14875.9s 3013 Similarity column 6969 (100.0%), 736.81 column/sec. Elapsed time 9.46 sec
14876.1s 3014 EvaluatorHoldout: Ignoring 31 ( 0.1%) Users that have less than 1 test interactions
14890.2s 3015 EvaluatorHoldout: Processed 27064 (100.0%) in 14.13 sec. Users per second: 1916
14890.6s 3016 Unable to load Cython Compute_Similarity, reverting to Python
14900.2s 3017 Similarity column 6969 (100.0%), 706.89 column/sec. Elapsed time 9.86 sec
14900.4s 3018 EvaluatorHoldout: Ignoring 29 ( 0.1%) Users that have less than 1 test interactions
14914.2s 3019 EvaluatorHoldout: Processed 27066 (100.0%) in 13.92 sec. Users per second: 1945
14914.7s 3020 Unable to load Cython Compute_Similarity, reverting to Python
14924.6s 3021 Similarity column 6969 (100.0%), 701.74 column/sec. Elapsed time 9.93 sec
14924.6s 3022 EvaluatorHoldout: Ignoring 40 ( 0.1%) Users that have less than 1 test interactions
14938.4s 3023 EvaluatorHoldout: Processed 27055 (100.0%) in 13.92 sec. Users per second: 1944
14938.9s 3024 Unable to load Cython Compute_Similarity, reverting to Python
14948.1s 3025 Similarity column 6969 (100.0%), 741.36 column/sec. Elapsed time 9.40 sec
14948.3s 3026 EvaluatorHoldout: Ignoring 31 ( 0.1%) Users that have less than 1 test interactions
14962.1s 3027 EvaluatorHoldout: Processed 27064 (100.0%) in 13.87 sec. Users per second: 1952
14962.4s 3028 Unable to load Cython Compute_Similarity, reverting to Python
14971.8s 3029 Similarity column 6969 (100.0%), 733.22 column/sec. Elapsed time 9.50 sec
14972.0s 3030 EvaluatorHoldout: Ignoring 31 ( 0.1%) Users that have less than 1 test interactions
14985.7s 3031 EvaluatorHoldout: Processed 27064 (100.0%) in 13.94 sec. Users per second: 1942
14985.7s 3032 [I 2025-12-08 00:51:59,539] Trial 124 finished with value: 0.2526810295402012 and parameters: {'topK': 7, 'shrink': 109, 'tversky_alpha': 0.2346333152718964, 'tversky_beta': 1.7921786444063288}. Best is trial 102 with value: 0.25280194006556533.
14985.7s 3033 
14985.7s 3034 [I 2025-12-08 00:51:59,539] Trial 124 finished with value: 0.2526810295402012 and parameters: {'topK': 7, 'shrink': 109, 'tversky_alpha': 0.2346333152718964, 'tversky_beta': 1.7921786444063288}. Best is trial 102 with value: 0.25280194006556533.
14985.9s 3035 [0.25332834168908114, 0.2523599686263487, 0.25178925264874896, 0.2532078089562559, 0.25271977578057125]
14986.2s 3036 Unable to load Cython Compute_Similarity, reverting to Python
14995.5s 3037 Similarity column 6969 (100.0%), 749.86 column/sec. Elapsed time 9.29 sec
14995.5s 3038 EvaluatorHoldout: Ignoring 31 ( 0.1%) Users that have less than 1 test interactions
15009.3s 3039 EvaluatorHoldout: Processed 27064 (100.0%) in 13.89 sec. Users per second: 1949
15009.7s 3040 Unable to load Cython Compute_Similarity, reverting to Python
15019.1s 3041 Similarity column 6969 (100.0%), 730.43 column/sec. Elapsed time 9.54 sec
15019.3s 3042 EvaluatorHoldout: Ignoring 29 ( 0.1%) Users that have less than 1 test interactions
15033.1s 3043 EvaluatorHoldout: Processed 27066 (100.0%) in 13.87 sec. Users per second: 1951
15033.5s 3044 Unable to load Cython Compute_Similarity, reverting to Python
15042.8s 3045 Similarity column 6969 (100.0%), 735.77 column/sec. Elapsed time 9.47 sec
15043.0s 3046 EvaluatorHoldout: Ignoring 40 ( 0.1%) Users that have less than 1 test interactions
15056.7s 3047 EvaluatorHoldout: Processed 27055 (100.0%) in 13.88 sec. Users per second: 1950
15057.1s 3048 Unable to load Cython Compute_Similarity, reverting to Python
15066.2s 3049 Similarity column 6969 (100.0%), 761.09 column/sec. Elapsed time 9.16 sec
15066.3s 3050 EvaluatorHoldout: Ignoring 31 ( 0.1%) Users that have less than 1 test interactions
15080.0s 3051 EvaluatorHoldout: Processed 27064 (100.0%) in 13.87 sec. Users per second: 1952
15080.5s 3052 Unable to load Cython Compute_Similarity, reverting to Python
15089.6s 3053 Similarity column 6969 (100.0%), 751.74 column/sec. Elapsed time 9.27 sec
15089.8s 3054 EvaluatorHoldout: Ignoring 31 ( 0.1%) Users that have less than 1 test interactions
15103.9s 3055 EvaluatorHoldout: Processed 27064 (100.0%) in 14.17 sec. Users per second: 1910
15103.9s 3056 [I 2025-12-08 00:53:57,584] Trial 125 finished with value: 0.25266879338639736 and parameters: {'topK': 7, 'shrink': 113, 'tversky_alpha': 0.23323436587212362, 'tversky_beta': 1.7996841883783694}. Best is trial 102 with value: 0.25280194006556533.
15103.9s 3057 
15103.9s 3058 [I 2025-12-08 00:53:57,584] Trial 125 finished with value: 0.25266879338639736 and parameters: {'topK': 7, 'shrink': 113, 'tversky_alpha': 0.23323436587212362, 'tversky_beta': 1.7996841883783694}. Best is trial 102 with value: 0.25280194006556533.
15104.0s 3059 [0.2534689082895515, 0.2524885226869403, 0.2517226114444032, 0.2529117638108362, 0.2527521607002557]
15104.3s 3060 Unable to load Cython Compute_Similarity, reverting to Python
15113.3s 3061 Similarity column 6969 (100.0%), 759.87 column/sec. Elapsed time 9.17 sec
15113.5s 3062 EvaluatorHoldout: Ignoring 31 ( 0.1%) Users that have less than 1 test interactions
15127.1s 3063 EvaluatorHoldout: Processed 27064 (100.0%) in 13.80 sec. Users per second: 1962
15127.6s 3064 Unable to load Cython Compute_Similarity, reverting to Python
15137.0s 3065 Similarity column 6969 (100.0%), 736.04 column/sec. Elapsed time 9.47 sec
15137.1s 3066 EvaluatorHoldout: Ignoring 29 ( 0.1%) Users that have less than 1 test interactions
15150.8s 3067 EvaluatorHoldout: Processed 27066 (100.0%) in 13.88 sec. Users per second: 1949
15151.3s 3068 Unable to load Cython Compute_Similarity, reverting to Python
15160.8s 3069 Similarity column 6969 (100.0%), 715.94 column/sec. Elapsed time 9.73 sec
15161.0s 3070 EvaluatorHoldout: Ignoring 40 ( 0.1%) Users that have less than 1 test interactions
15174.9s 3071 EvaluatorHoldout: Processed 27055 (100.0%) in 13.98 sec. Users per second: 1935
15175.3s 3072 Unable to load Cython Compute_Similarity, reverting to Python
15184.4s 3073 Similarity column 6969 (100.0%), 748.13 column/sec. Elapsed time 9.32 sec
15184.6s 3074 EvaluatorHoldout: Ignoring 31 ( 0.1%) Users that have less than 1 test interactions
15198.3s 3075 EvaluatorHoldout: Processed 27064 (100.0%) in 13.85 sec. Users per second: 1954
15198.8s 3076 Unable to load Cython Compute_Similarity, reverting to Python
15208.0s 3077 Similarity column 6969 (100.0%), 752.61 column/sec. Elapsed time 9.26 sec
15208.0s 3078 EvaluatorHoldout: Ignoring 31 ( 0.1%) Users that have less than 1 test interactions
15221.7s 3079 EvaluatorHoldout: Processed 27064 (100.0%) in 13.81 sec. Users per second: 1960
15221.7s 3080 [I 2025-12-08 00:55:55,498] Trial 126 finished with value: 0.2524769149189493 and parameters: {'topK': 6, 'shrink': 108, 'tversky_alpha': 0.24336788033919107, 'tversky_beta': 1.761182872976867}. Best is trial 102 with value: 0.25280194006556533.
15221.7s 3081 
