22662.5s 4594 [I 2025-12-08 02:59:56,262] Trial 189 finished with value: 0.25050008932705603 and parameters: {'topK': 12, 'shrink': 100, 'tversky_alpha': 0.18256272513065644, 'tversky_beta': 1.7374563317690366}. Best is trial 183 with value: 0.25292502390964416.
22662.6s 4595 [0.25091305635935196, 0.2501505611073592, 0.24969311173496378, 0.2507407012918657, 0.25100301614173953]
22663.0s 4596 Unable to load Cython Compute_Similarity, reverting to Python
22671.9s 4597 Similarity column 6969 (100.0%), 767.58 column/sec. Elapsed time 9.08 sec
22672.1s 4598 EvaluatorHoldout: Ignoring 31 ( 0.1%) Users that have less than 1 test interactions
22686.0s 4599 EvaluatorHoldout: Processed 27064 (100.0%) in 13.88 sec. Users per second: 1949
22686.3s 4600 Unable to load Cython Compute_Similarity, reverting to Python
22695.1s 4601 Similarity column 6969 (100.0%), 774.83 column/sec. Elapsed time 8.99 sec
22695.3s 4602 EvaluatorHoldout: Ignoring 29 ( 0.1%) Users that have less than 1 test interactions
22709.0s 4603 EvaluatorHoldout: Processed 27066 (100.0%) in 13.89 sec. Users per second: 1948
22709.5s 4604 Unable to load Cython Compute_Similarity, reverting to Python
22718.5s 4605 Similarity column 6969 (100.0%), 772.55 column/sec. Elapsed time 9.02 sec
22718.5s 4606 EvaluatorHoldout: Ignoring 40 ( 0.1%) Users that have less than 1 test interactions
22732.1s 4607 EvaluatorHoldout: Processed 27055 (100.0%) in 13.84 sec. Users per second: 1954
22732.6s 4608 Unable to load Cython Compute_Similarity, reverting to Python
22741.6s 4609 Similarity column 6969 (100.0%), 762.46 column/sec. Elapsed time 9.14 sec
22741.8s 4610 EvaluatorHoldout: Ignoring 31 ( 0.1%) Users that have less than 1 test interactions
22755.7s 4611 EvaluatorHoldout: Processed 27064 (100.0%) in 13.89 sec. Users per second: 1949
22756.0s 4612 Unable to load Cython Compute_Similarity, reverting to Python
22764.8s 4613 Similarity column 6969 (100.0%), 776.90 column/sec. Elapsed time 8.97 sec
22765.0s 4614 EvaluatorHoldout: Ignoring 31 ( 0.1%) Users that have less than 1 test interactions
22778.6s 4615 EvaluatorHoldout: Processed 27064 (100.0%) in 13.87 sec. Users per second: 1952
22778.7s 4616 [I 2025-12-08 03:01:52,462] Trial 190 finished with value: 0.25288778567385906 and parameters: {'topK': 8, 'shrink': 100, 'tversky_alpha': 0.18359699108717253, 'tversky_beta': 1.7510509987707201}. Best is trial 183 with value: 0.25292502390964416.
22778.7s 4617 
22778.7s 4618 [I 2025-12-08 03:01:52,462] Trial 190 finished with value: 0.25288778567385906 and parameters: {'topK': 8, 'shrink': 100, 'tversky_alpha': 0.18359699108717253, 'tversky_beta': 1.7510509987707201}. Best is trial 183 with value: 0.25292502390964416.
22778.8s 4619 [0.2535105621231069, 0.2532668257042453, 0.2524135588180228, 0.25228066771316754, 0.2529673140107528]
22779.2s 4620 Unable to load Cython Compute_Similarity, reverting to Python
22788.1s 4621 Similarity column 6969 (100.0%), 781.65 column/sec. Elapsed time 8.92 sec
22788.1s 4622 EvaluatorHoldout: Ignoring 31 ( 0.1%) Users that have less than 1 test interactions
22801.9s 4623 EvaluatorHoldout: Processed 27064 (100.0%) in 13.97 sec. Users per second: 1937
22802.4s 4624 Unable to load Cython Compute_Similarity, reverting to Python
22811.5s 4625 Similarity column 6969 (100.0%), 748.65 column/sec. Elapsed time 9.31 sec
22811.7s 4626 EvaluatorHoldout: Ignoring 29 ( 0.1%) Users that have less than 1 test interactions
22825.7s 4627 EvaluatorHoldout: Processed 27066 (100.0%) in 13.97 sec. Users per second: 1937
22826.0s 4628 Unable to load Cython Compute_Similarity, reverting to Python
22834.9s 4629 Similarity column 6969 (100.0%), 766.19 column/sec. Elapsed time 9.10 sec
22835.1s 4630 EvaluatorHoldout: Ignoring 40 ( 0.1%) Users that have less than 1 test interactions
22848.9s 4631 EvaluatorHoldout: Processed 27055 (100.0%) in 13.98 sec. Users per second: 1936
22849.4s 4632 Unable to load Cython Compute_Similarity, reverting to Python
22858.7s 4633 Similarity column 6969 (100.0%), 746.82 column/sec. Elapsed time 9.33 sec
22858.7s 4634 EvaluatorHoldout: Ignoring 31 ( 0.1%) Users that have less than 1 test interactions
22872.5s 4635 EvaluatorHoldout: Processed 27064 (100.0%) in 13.93 sec. Users per second: 1943
22872.9s 4636 Unable to load Cython Compute_Similarity, reverting to Python
22881.7s 4637 Similarity column 6969 (100.0%), 779.42 column/sec. Elapsed time 8.94 sec
22881.9s 4638 EvaluatorHoldout: Ignoring 31 ( 0.1%) Users that have less than 1 test interactions
22895.8s 4639 EvaluatorHoldout: Processed 27064 (100.0%) in 13.91 sec. Users per second: 1946
22895.8s 4640 [I 2025-12-08 03:03:49,444] Trial 191 finished with value: 0.25273684164020993 and parameters: {'topK': 8, 'shrink': 100, 'tversky_alpha': 0.17057619515041073, 'tversky_beta': 1.7467270977226714}. Best is trial 183 with value: 0.25292502390964416.
22895.8s 4641 
22895.8s 4642 [I 2025-12-08 03:03:49,444] Trial 191 finished with value: 0.25273684164020993 and parameters: {'topK': 8, 'shrink': 100, 'tversky_alpha': 0.17057619515041073, 'tversky_beta': 1.7467270977226714}. Best is trial 183 with value: 0.25292502390964416.
22895.8s 4643 [0.2531634226274127, 0.25285038321472425, 0.2522081206772247, 0.2523501131877863, 0.25311216849390167]
22896.2s 4644 Unable to load Cython Compute_Similarity, reverting to Python
22905.0s 4645 Similarity column 6969 (100.0%), 770.46 column/sec. Elapsed time 9.05 sec
22905.2s 4646 EvaluatorHoldout: Ignoring 31 ( 0.1%) Users that have less than 1 test interactions
22919.0s 4647 EvaluatorHoldout: Processed 27064 (100.0%) in 13.93 sec. Users per second: 1944
22919.4s 4648 Unable to load Cython Compute_Similarity, reverting to Python
22928.7s 4649 Similarity column 6969 (100.0%), 754.37 column/sec. Elapsed time 9.24 sec
22928.7s 4650 EvaluatorHoldout: Ignoring 29 ( 0.1%) Users that have less than 1 test interactions
22943.0s 4651 EvaluatorHoldout: Processed 27066 (100.0%) in 14.51 sec. Users per second: 1866
22943.5s 4652 Unable to load Cython Compute_Similarity, reverting to Python
22952.7s 4653 Similarity column 6969 (100.0%), 738.37 column/sec. Elapsed time 9.44 sec
22952.9s 4654 EvaluatorHoldout: Ignoring 40 ( 0.1%) Users that have less than 1 test interactions
22967.0s 4655 EvaluatorHoldout: Processed 27055 (100.0%) in 13.99 sec. Users per second: 1934
22967.3s 4656 Unable to load Cython Compute_Similarity, reverting to Python
22976.3s 4657 Similarity column 6969 (100.0%), 753.79 column/sec. Elapsed time 9.25 sec
22976.5s 4658 EvaluatorHoldout: Ignoring 31 ( 0.1%) Users that have less than 1 test interactions
22990.3s 4659 EvaluatorHoldout: Processed 27064 (100.0%) in 13.97 sec. Users per second: 1937
22990.8s 4660 Unable to load Cython Compute_Similarity, reverting to Python
23000.1s 4661 Similarity column 6969 (100.0%), 750.96 column/sec. Elapsed time 9.28 sec
23000.1s 4662 EvaluatorHoldout: Ignoring 31 ( 0.1%) Users that have less than 1 test interactions
23013.9s 4663 EvaluatorHoldout: Processed 27064 (100.0%) in 13.99 sec. Users per second: 1934
23013.9s 4664 [I 2025-12-08 03:05:47,720] Trial 192 finished with value: 0.2529074973894893 and parameters: {'topK': 8, 'shrink': 104, 'tversky_alpha': 0.1840441170468255, 'tversky_beta': 1.7525784369479942}. Best is trial 183 with value: 0.25292502390964416.
23013.9s 4665 
23013.9s 4666 [I 2025-12-08 03:05:47,720] Trial 192 finished with value: 0.2529074973894893 and parameters: {'topK': 8, 'shrink': 104, 'tversky_alpha': 0.1840441170468255, 'tversky_beta': 1.7525784369479942}. Best is trial 183 with value: 0.25292502390964416.
23014.1s 4667 [0.253421408760091, 0.2530674292429675, 0.25238311392194035, 0.2524631179629728, 0.2532024170594749]
23014.4s 4668 Unable to load Cython Compute_Similarity, reverting to Python
23023.5s 4669 Similarity column 6969 (100.0%), 750.62 column/sec. Elapsed time 9.28 sec
23023.7s 4670 EvaluatorHoldout: Ignoring 31 ( 0.1%) Users that have less than 1 test interactions
23037.8s 4671 EvaluatorHoldout: Processed 27064 (100.0%) in 13.93 sec. Users per second: 1944
23038.0s 4672 Unable to load Cython Compute_Similarity, reverting to Python
23047.2s 4673 Similarity column 6969 (100.0%), 741.25 column/sec. Elapsed time 9.40 sec
23047.4s 4674 EvaluatorHoldout: Ignoring 29 ( 0.1%) Users that have less than 1 test interactions
23061.1s 4675 EvaluatorHoldout: Processed 27066 (100.0%) in 13.85 sec. Users per second: 1954
23061.6s 4676 Unable to load Cython Compute_Similarity, reverting to Python
23071.0s 4677 Similarity column 6969 (100.0%), 739.11 column/sec. Elapsed time 9.43 sec
23071.0s 4678 EvaluatorHoldout: Ignoring 40 ( 0.1%) Users that have less than 1 test interactions
23084.7s 4679 EvaluatorHoldout: Processed 27055 (100.0%) in 13.86 sec. Users per second: 1952
23085.2s 4680 Unable to load Cython Compute_Similarity, reverting to Python
23094.0s 4681 Similarity column 6969 (100.0%), 769.83 column/sec. Elapsed time 9.05 sec
23094.2s 4682 EvaluatorHoldout: Ignoring 31 ( 0.1%) Users that have less than 1 test interactions
23108.2s 4683 EvaluatorHoldout: Processed 27064 (100.0%) in 14.00 sec. Users per second: 1933
23108.5s 4684 Unable to load Cython Compute_Similarity, reverting to Python
23117.6s 4685 Similarity column 6969 (100.0%), 754.01 column/sec. Elapsed time 9.24 sec
23117.8s 4686 EvaluatorHoldout: Ignoring 31 ( 0.1%) Users that have less than 1 test interactions
23131.7s 4687 EvaluatorHoldout: Processed 27064 (100.0%) in 14.13 sec. Users per second: 1916
23131.8s 4688 [I 2025-12-08 03:07:45,559] Trial 193 finished with value: 0.2528885577678593 and parameters: {'topK': 8, 'shrink': 104, 'tversky_alpha': 0.18318642060316048, 'tversky_beta': 1.7412839537478007}. Best is trial 183 with value: 0.25292502390964416.
23131.8s 4689 
23131.8s 4690 [I 2025-12-08 03:07:45,559] Trial 193 finished with value: 0.2528885577678593 and parameters: {'topK': 8, 'shrink': 104, 'tversky_alpha': 0.18318642060316048, 'tversky_beta': 1.7412839537478007}. Best is trial 183 with value: 0.25292502390964416.
23131.9s 4691 [0.25342410609271443, 0.25295317110782395, 0.2523662955863917, 0.25248632016506795, 0.2532128958872983]
23132.3s 4692 Unable to load Cython Compute_Similarity, reverting to Python
23141.7s 4693 Similarity column 6969 (100.0%), 742.09 column/sec. Elapsed time 9.39 sec
23141.7s 4694 EvaluatorHoldout: Ignoring 31 ( 0.1%) Users that have less than 1 test interactions
23155.4s 4695 EvaluatorHoldout: Processed 27064 (100.0%) in 13.91 sec. Users per second: 1946
23155.9s 4696 Unable to load Cython Compute_Similarity, reverting to Python
23164.7s 4697 Similarity column 6969 (100.0%), 770.80 column/sec. Elapsed time 9.04 sec
23164.9s 4698 EvaluatorHoldout: Ignoring 29 ( 0.1%) Users that have less than 1 test interactions
23179.0s 4699 EvaluatorHoldout: Processed 27066 (100.0%) in 14.01 sec. Users per second: 1932
23179.3s 4700 Unable to load Cython Compute_Similarity, reverting to Python
23188.2s 4701 Similarity column 6969 (100.0%), 761.65 column/sec. Elapsed time 9.15 sec
23188.4s 4702 EvaluatorHoldout: Ignoring 40 ( 0.1%) Users that have less than 1 test interactions
23202.2s 4703 EvaluatorHoldout: Processed 27055 (100.0%) in 13.93 sec. Users per second: 1943
23202.7s 4704 Unable to load Cython Compute_Similarity, reverting to Python
23211.8s 4705 Similarity column 6969 (100.0%), 763.00 column/sec. Elapsed time 9.13 sec
23211.8s 4706 EvaluatorHoldout: Ignoring 31 ( 0.1%) Users that have less than 1 test interactions
23225.5s 4707 EvaluatorHoldout: Processed 27064 (100.0%) in 13.92 sec. Users per second: 1944
23226.0s 4708 Unable to load Cython Compute_Similarity, reverting to Python
23234.7s 4709 Similarity column 6969 (100.0%), 789.20 column/sec. Elapsed time 8.83 sec
23234.9s 4710 EvaluatorHoldout: Ignoring 31 ( 0.1%) Users that have less than 1 test interactions
23249.0s 4711 EvaluatorHoldout: Processed 27064 (100.0%) in 14.14 sec. Users per second: 1913
23249.0s 4712 [I 2025-12-08 03:09:42,655] Trial 194 finished with value: 0.2528603435946889 and parameters: {'topK': 8, 'shrink': 108, 'tversky_alpha': 0.18421216274516589, 'tversky_beta': 1.7510853493216425}. Best is trial 183 with value: 0.25292502390964416.
23249.0s 4713 
23249.0s 4714 [I 2025-12-08 03:09:42,655] Trial 194 finished with value: 0.2528603435946889 and parameters: {'topK': 8, 'shrink': 108, 'tversky_alpha': 0.18421216274516589, 'tversky_beta': 1.7510853493216425}. Best is trial 183 with value: 0.25292502390964416.
23249.0s 4715 [0.25324917818242276, 0.25299288758917593, 0.25236933048638827, 0.25256916971316407, 0.25312115200229335]
23249.4s 4716 Unable to load Cython Compute_Similarity, reverting to Python
23258.3s 4717 Similarity column 6969 (100.0%), 762.81 column/sec. Elapsed time 9.14 sec
23258.5s 4718 EvaluatorHoldout: Ignoring 31 ( 0.1%) Users that have less than 1 test interactions
23272.3s 4719 EvaluatorHoldout: Processed 27064 (100.0%) in 13.95 sec. Users per second: 1940
23272.8s 4720 Unable to load Cython Compute_Similarity, reverting to Python
23281.9s 4721 Similarity column 6969 (100.0%), 762.51 column/sec. Elapsed time 9.14 sec
23281.9s 4722 EvaluatorHoldout: Ignoring 29 ( 0.1%) Users that have less than 1 test interactions
23295.8s 4723 EvaluatorHoldout: Processed 27066 (100.0%) in 14.02 sec. Users per second: 1930
23296.2s 4724 Unable to load Cython Compute_Similarity, reverting to Python
23305.1s 4725 Similarity column 6969 (100.0%), 767.26 column/sec. Elapsed time 9.08 sec
23305.3s 4726 EvaluatorHoldout: Ignoring 40 ( 0.1%) Users that have less than 1 test interactions
23319.2s 4727 EvaluatorHoldout: Processed 27055 (100.0%) in 13.85 sec. Users per second: 1954
23319.5s 4728 Unable to load Cython Compute_Similarity, reverting to Python
23328.8s 4729 Similarity column 6969 (100.0%), 732.31 column/sec. Elapsed time 9.52 sec
23329.0s 4730 EvaluatorHoldout: Ignoring 31 ( 0.1%) Users that have less than 1 test interactions
23342.8s 4731 EvaluatorHoldout: Processed 27064 (100.0%) in 13.93 sec. Users per second: 1942
23343.3s 4732 Unable to load Cython Compute_Similarity, reverting to Python
23352.6s 4733 Similarity column 6969 (100.0%), 747.75 column/sec. Elapsed time 9.32 sec
23352.6s 4734 EvaluatorHoldout: Ignoring 31 ( 0.1%) Users that have less than 1 test interactions
23366.4s 4735 EvaluatorHoldout: Processed 27064 (100.0%) in 13.94 sec. Users per second: 1941
23366.4s 4736 [I 2025-12-08 03:11:40,179] Trial 195 finished with value: 0.2527586852247788 and parameters: {'topK': 8, 'shrink': 108, 'tversky_alpha': 0.16766812272217363, 'tversky_beta': 1.7416682186334225}. Best is trial 183 with value: 0.25292502390964416.
23366.4s 4737 
23366.4s 4738 [I 2025-12-08 03:11:40,179] Trial 195 finished with value: 0.2527586852247788 and parameters: {'topK': 8, 'shrink': 108, 'tversky_alpha': 0.16766812272217363, 'tversky_beta': 1.7416682186334225}. Best is trial 183 with value: 0.25292502390964416.
23366.6s 4739 [0.25300540453267906, 0.25285756524677305, 0.2523027594401419, 0.25240948742427877, 0.253218209480021]
23366.9s 4740 Unable to load Cython Compute_Similarity, reverting to Python
23376.1s 4741 Similarity column 6969 (100.0%), 738.11 column/sec. Elapsed time 9.44 sec
23376.3s 4742 EvaluatorHoldout: Ignoring 31 ( 0.1%) Users that have less than 1 test interactions
23390.2s 4743 EvaluatorHoldout: Processed 27064 (100.0%) in 13.79 sec. Users per second: 1962
23390.4s 4744 Unable to load Cython Compute_Similarity, reverting to Python
23399.8s 4745 Similarity column 6969 (100.0%), 732.55 column/sec. Elapsed time 9.51 sec
23400.0s 4746 EvaluatorHoldout: Ignoring 29 ( 0.1%) Users that have less than 1 test interactions
23413.8s 4747 EvaluatorHoldout: Processed 27066 (100.0%) in 14.03 sec. Users per second: 1930
23414.3s 4748 Unable to load Cython Compute_Similarity, reverting to Python
23423.5s 4749 Similarity column 6969 (100.0%), 765.01 column/sec. Elapsed time 9.11 sec
23423.5s 4750 EvaluatorHoldout: Ignoring 40 ( 0.1%) Users that have less than 1 test interactions
23437.2s 4751 EvaluatorHoldout: Processed 27055 (100.0%) in 13.94 sec. Users per second: 1941
23437.7s 4752 Unable to load Cython Compute_Similarity, reverting to Python
23446.6s 4753 Similarity column 6969 (100.0%), 760.80 column/sec. Elapsed time 9.16 sec
23446.8s 4754 EvaluatorHoldout: Ignoring 31 ( 0.1%) Users that have less than 1 test interactions
23460.9s 4755 EvaluatorHoldout: Processed 27064 (100.0%) in 14.01 sec. Users per second: 1932
23461.2s 4756 Unable to load Cython Compute_Similarity, reverting to Python
23470.2s 4757 Similarity column 6969 (100.0%), 752.53 column/sec. Elapsed time 9.26 sec
23470.4s 4758 EvaluatorHoldout: Ignoring 31 ( 0.1%) Users that have less than 1 test interactions
23484.4s 4759 EvaluatorHoldout: Processed 27064 (100.0%) in 14.19 sec. Users per second: 1907
23484.5s 4760 [I 2025-12-08 03:13:38,264] Trial 196 finished with value: 0.252746369143625 and parameters: {'topK': 8, 'shrink': 114, 'tversky_alpha': 0.1838067778253758, 'tversky_beta': 1.751618250921318}. Best is trial 183 with value: 0.25292502390964416.
23484.5s 4761 
23484.5s 4762 [I 2025-12-08 03:13:38,264] Trial 196 finished with value: 0.252746369143625 and parameters: {'topK': 8, 'shrink': 114, 'tversky_alpha': 0.1838067778253758, 'tversky_beta': 1.751618250921318}. Best is trial 183 with value: 0.25292502390964416.
23484.6s 4763 [0.25322733728099506, 0.2528734528596404, 0.2521361683708373, 0.25261296885733586, 0.2528819183493162]
23485.0s 4764 Unable to load Cython Compute_Similarity, reverting to Python
23494.2s 4765 Similarity column 6969 (100.0%), 752.46 column/sec. Elapsed time 9.26 sec
23494.2s 4766 EvaluatorHoldout: Ignoring 31 ( 0.1%) Users that have less than 1 test interactions
23507.9s 4767 EvaluatorHoldout: Processed 27064 (100.0%) in 13.82 sec. Users per second: 1958
23508.4s 4768 Unable to load Cython Compute_Similarity, reverting to Python
23517.3s 4769 Similarity column 6969 (100.0%), 760.00 column/sec. Elapsed time 9.17 sec
23517.5s 4770 EvaluatorHoldout: Ignoring 29 ( 0.1%) Users that have less than 1 test interactions
23531.6s 4771 EvaluatorHoldout: Processed 27066 (100.0%) in 13.99 sec. Users per second: 1934
23531.8s 4772 Unable to load Cython Compute_Similarity, reverting to Python
23540.9s 4773 Similarity column 6969 (100.0%), 751.21 column/sec. Elapsed time 9.28 sec
23541.1s 4774 EvaluatorHoldout: Ignoring 40 ( 0.1%) Users that have less than 1 test interactions
23554.8s 4775 EvaluatorHoldout: Processed 27055 (100.0%) in 13.82 sec. Users per second: 1958
23555.3s 4776 Unable to load Cython Compute_Similarity, reverting to Python
23564.3s 4777 Similarity column 6969 (100.0%), 774.87 column/sec. Elapsed time 8.99 sec
23564.3s 4778 EvaluatorHoldout: Ignoring 31 ( 0.1%) Users that have less than 1 test interactions
23578.0s 4779 EvaluatorHoldout: Processed 27064 (100.0%) in 13.93 sec. Users per second: 1943
23578.5s 4780 Unable to load Cython Compute_Similarity, reverting to Python
23587.2s 4781 Similarity column 6969 (100.0%), 783.54 column/sec. Elapsed time 8.89 sec
23587.4s 4782 EvaluatorHoldout: Ignoring 31 ( 0.1%) Users that have less than 1 test interactions
23601.3s 4783 EvaluatorHoldout: Processed 27064 (100.0%) in 13.83 sec. Users per second: 1957
23601.3s 4784 [I 2025-12-08 03:15:34,876] Trial 197 finished with value: 0.2528256529155463 and parameters: {'topK': 8, 'shrink': 107, 'tversky_alpha': 0.1823338999617967, 'tversky_beta': 1.734103324786266}. Best is trial 183 with value: 0.25292502390964416.
23601.3s 4785 
23601.3s 4786 [I 2025-12-08 03:15:34,876] Trial 197 finished with value: 0.2528256529155463 and parameters: {'topK': 8, 'shrink': 107, 'tversky_alpha': 0.1823338999617967, 'tversky_beta': 1.734103324786266}. Best is trial 183 with value: 0.25292502390964416.
23601.3s 4787 [0.2532486535851683, 0.2529316844718642, 0.2523291994068245, 0.2525202000531291, 0.2530985270607454]
23601.6s 4788 Unable to load Cython Compute_Similarity, reverting to Python
23610.4s 4789 Similarity column 6969 (100.0%), 776.14 column/sec. Elapsed time 8.98 sec
23610.6s 4790 EvaluatorHoldout: Ignoring 31 ( 0.1%) Users that have less than 1 test interactions
23624.5s 4791 EvaluatorHoldout: Processed 27064 (100.0%) in 14.08 sec. Users per second: 1922
23625.0s 4792 Unable to load Cython Compute_Similarity, reverting to Python
23633.9s 4793 Similarity column 6969 (100.0%), 784.95 column/sec. Elapsed time 8.88 sec
23633.9s 4794 EvaluatorHoldout: Ignoring 29 ( 0.1%) Users that have less than 1 test interactions
23647.7s 4795 EvaluatorHoldout: Processed 27066 (100.0%) in 13.99 sec. Users per second: 1935
23648.2s 4796 Unable to load Cython Compute_Similarity, reverting to Python
23656.9s 4797 Similarity column 6969 (100.0%), 777.69 column/sec. Elapsed time 8.96 sec
23657.1s 4798 EvaluatorHoldout: Ignoring 40 ( 0.1%) Users that have less than 1 test interactions
23671.3s 4799 EvaluatorHoldout: Processed 27055 (100.0%) in 14.14 sec. Users per second: 1913
23671.6s 4800 Unable to load Cython Compute_Similarity, reverting to Python
23680.4s 4801 Similarity column 6969 (100.0%), 770.82 column/sec. Elapsed time 9.04 sec
23680.6s 4802 EvaluatorHoldout: Ignoring 31 ( 0.1%) Users that have less than 1 test interactions
23694.5s 4803 EvaluatorHoldout: Processed 27064 (100.0%) in 14.08 sec. Users per second: 1923
23695.0s 4804 Unable to load Cython Compute_Similarity, reverting to Python
23703.8s 4805 Similarity column 6969 (100.0%), 790.34 column/sec. Elapsed time 8.82 sec
23703.8s 4806 EvaluatorHoldout: Ignoring 31 ( 0.1%) Users that have less than 1 test interactions
23717.5s 4807 EvaluatorHoldout: Processed 27064 (100.0%) in 13.84 sec. Users per second: 1955
23717.5s 4808 [I 2025-12-08 03:17:31,319] Trial 198 finished with value: 0.2527071718629731 and parameters: {'topK': 8, 'shrink': 104, 'tversky_alpha': 0.17433842203744454, 'tversky_beta': 1.7551719123326808}. Best is trial 183 with value: 0.25292502390964416.
23717.5s 4809 
