21612.7s 4378 [I 2025-12-08 02:42:26,502] Trial 180 finished with value: 0.25225228869473265 and parameters: {'topK': 9, 'shrink': 117, 'tversky_alpha': 0.16491195982697518, 'tversky_beta': 1.7371138141598397}. Best is trial 161 with value: 0.2529149947872584.
21612.9s 4379 [0.2526311847027892, 0.25250606365065204, 0.25183458070077386, 0.25183216353061677, 0.25245745088883137]
21613.2s 4380 Unable to load Cython Compute_Similarity, reverting to Python
21622.1s 4381 Similarity column 6969 (100.0%), 770.57 column/sec. Elapsed time 9.04 sec
21622.3s 4382 EvaluatorHoldout: Ignoring 31 ( 0.1%) Users that have less than 1 test interactions
21636.1s 4383 EvaluatorHoldout: Processed 27064 (100.0%) in 13.84 sec. Users per second: 1955
21636.4s 4384 Unable to load Cython Compute_Similarity, reverting to Python
21645.4s 4385 Similarity column 6969 (100.0%), 758.50 column/sec. Elapsed time 9.19 sec
21645.6s 4386 EvaluatorHoldout: Ignoring 29 ( 0.1%) Users that have less than 1 test interactions
21659.5s 4387 EvaluatorHoldout: Processed 27066 (100.0%) in 14.10 sec. Users per second: 1920
21660.0s 4388 Unable to load Cython Compute_Similarity, reverting to Python
21669.4s 4389 Similarity column 6969 (100.0%), 743.80 column/sec. Elapsed time 9.37 sec
21669.4s 4390 EvaluatorHoldout: Ignoring 40 ( 0.1%) Users that have less than 1 test interactions
21683.2s 4391 EvaluatorHoldout: Processed 27055 (100.0%) in 14.01 sec. Users per second: 1932
21683.7s 4392 Unable to load Cython Compute_Similarity, reverting to Python
21692.5s 4393 Similarity column 6969 (100.0%), 775.52 column/sec. Elapsed time 8.99 sec
21692.7s 4394 EvaluatorHoldout: Ignoring 31 ( 0.1%) Users that have less than 1 test interactions
21706.8s 4395 EvaluatorHoldout: Processed 27064 (100.0%) in 14.10 sec. Users per second: 1920
21707.1s 4396 Unable to load Cython Compute_Similarity, reverting to Python
21715.8s 4397 Similarity column 6969 (100.0%), 780.70 column/sec. Elapsed time 8.93 sec
21716.0s 4398 EvaluatorHoldout: Ignoring 31 ( 0.1%) Users that have less than 1 test interactions
21729.8s 4399 EvaluatorHoldout: Processed 27064 (100.0%) in 13.97 sec. Users per second: 1937
21729.9s 4400 [I 2025-12-08 02:44:23,663] Trial 181 finished with value: 0.25141203312951105 and parameters: {'topK': 8, 'shrink': 218, 'tversky_alpha': 0.17937397425992269, 'tversky_beta': 1.7270765804412747}. Best is trial 161 with value: 0.2529149947872584.
21729.9s 4401 
21729.9s 4402 [I 2025-12-08 02:44:23,663] Trial 181 finished with value: 0.25141203312951105 and parameters: {'topK': 8, 'shrink': 218, 'tversky_alpha': 0.17937397425992269, 'tversky_beta': 1.7270765804412747}. Best is trial 161 with value: 0.2529149947872584.
21730.0s 4403 [0.25165063754660244, 0.2513351095432869, 0.250654601553191, 0.25149278559889143, 0.2519270314055837]
21730.4s 4404 Unable to load Cython Compute_Similarity, reverting to Python
21739.5s 4405 Similarity column 6969 (100.0%), 765.45 column/sec. Elapsed time 9.10 sec
21739.5s 4406 EvaluatorHoldout: Ignoring 31 ( 0.1%) Users that have less than 1 test interactions
21753.3s 4407 EvaluatorHoldout: Processed 27064 (100.0%) in 13.95 sec. Users per second: 1940
21753.7s 4408 Unable to load Cython Compute_Similarity, reverting to Python
21762.6s 4409 Similarity column 6969 (100.0%), 771.19 column/sec. Elapsed time 9.04 sec
21762.8s 4410 EvaluatorHoldout: Ignoring 29 ( 0.1%) Users that have less than 1 test interactions
21776.6s 4411 EvaluatorHoldout: Processed 27066 (100.0%) in 13.78 sec. Users per second: 1964
21776.9s 4412 Unable to load Cython Compute_Similarity, reverting to Python
21785.7s 4413 Similarity column 6969 (100.0%), 772.20 column/sec. Elapsed time 9.02 sec
21785.9s 4414 EvaluatorHoldout: Ignoring 40 ( 0.1%) Users that have less than 1 test interactions
21799.8s 4415 EvaluatorHoldout: Processed 27055 (100.0%) in 14.10 sec. Users per second: 1919
21800.3s 4416 Unable to load Cython Compute_Similarity, reverting to Python
21809.3s 4417 Similarity column 6969 (100.0%), 774.36 column/sec. Elapsed time 9.00 sec
21809.3s 4418 EvaluatorHoldout: Ignoring 31 ( 0.1%) Users that have less than 1 test interactions
21823.2s 4419 EvaluatorHoldout: Processed 27064 (100.0%) in 14.06 sec. Users per second: 1925
21823.7s 4420 Unable to load Cython Compute_Similarity, reverting to Python
21832.4s 4421 Similarity column 6969 (100.0%), 779.64 column/sec. Elapsed time 8.94 sec
21832.6s 4422 EvaluatorHoldout: Ignoring 31 ( 0.1%) Users that have less than 1 test interactions
21846.5s 4423 EvaluatorHoldout: Processed 27064 (100.0%) in 13.81 sec. Users per second: 1959
21846.5s 4424 [I 2025-12-08 02:46:20,089] Trial 182 finished with value: 0.2527729562561068 and parameters: {'topK': 8, 'shrink': 105, 'tversky_alpha': 0.17481938198151603, 'tversky_beta': 1.7158481550079563}. Best is trial 161 with value: 0.2529149947872584.
21846.5s 4425 
21846.5s 4426 [I 2025-12-08 02:46:20,089] Trial 182 finished with value: 0.2527729562561068 and parameters: {'topK': 8, 'shrink': 105, 'tversky_alpha': 0.17481938198151603, 'tversky_beta': 1.7158481550079563}. Best is trial 161 with value: 0.2529149947872584.
21846.5s 4427 [0.2534183587256376, 0.25295645238953196, 0.25223938571712634, 0.2522098075463138, 0.2530407769019244]
21846.8s 4428 Unable to load Cython Compute_Similarity, reverting to Python
21855.5s 4429 Similarity column 6969 (100.0%), 780.12 column/sec. Elapsed time 8.93 sec
21855.7s 4430 EvaluatorHoldout: Ignoring 31 ( 0.1%) Users that have less than 1 test interactions
21869.5s 4431 EvaluatorHoldout: Processed 27064 (100.0%) in 13.93 sec. Users per second: 1943
21870.0s 4432 Unable to load Cython Compute_Similarity, reverting to Python
21879.2s 4433 Similarity column 6969 (100.0%), 752.96 column/sec. Elapsed time 9.26 sec
21879.2s 4434 EvaluatorHoldout: Ignoring 29 ( 0.1%) Users that have less than 1 test interactions
21893.1s 4435 EvaluatorHoldout: Processed 27066 (100.0%) in 14.02 sec. Users per second: 1931
21893.6s 4436 Unable to load Cython Compute_Similarity, reverting to Python
21902.5s 4437 Similarity column 6969 (100.0%), 765.95 column/sec. Elapsed time 9.10 sec
21902.7s 4438 EvaluatorHoldout: Ignoring 40 ( 0.1%) Users that have less than 1 test interactions
21916.6s 4439 EvaluatorHoldout: Processed 27055 (100.0%) in 13.78 sec. Users per second: 1963
21916.8s 4440 Unable to load Cython Compute_Similarity, reverting to Python
21925.3s 4441 Similarity column 6969 (100.0%), 793.17 column/sec. Elapsed time 8.79 sec
21925.5s 4442 EvaluatorHoldout: Ignoring 31 ( 0.1%) Users that have less than 1 test interactions
21939.3s 4443 EvaluatorHoldout: Processed 27064 (100.0%) in 13.89 sec. Users per second: 1949
21939.7s 4444 Unable to load Cython Compute_Similarity, reverting to Python
21948.6s 4445 Similarity column 6969 (100.0%), 782.45 column/sec. Elapsed time 8.91 sec
21948.7s 4446 EvaluatorHoldout: Ignoring 31 ( 0.1%) Users that have less than 1 test interactions
21962.4s 4447 EvaluatorHoldout: Processed 27064 (100.0%) in 13.88 sec. Users per second: 1949
21962.4s 4448 [I 2025-12-08 02:48:16,181] Trial 183 finished with value: 0.25292502390964416 and parameters: {'topK': 8, 'shrink': 100, 'tversky_alpha': 0.18445514996044549, 'tversky_beta': 1.7490566752549062}. Best is trial 183 with value: 0.25292502390964416.
21962.4s 4449 
21962.4s 4450 [I 2025-12-08 02:48:16,181] Trial 183 finished with value: 0.25292502390964416 and parameters: {'topK': 8, 'shrink': 100, 'tversky_alpha': 0.18445514996044549, 'tversky_beta': 1.7490566752549062}. Best is trial 183 with value: 0.25292502390964416.
21962.6s 4451 [0.25346368965778754, 0.25320426274480606, 0.2523974955380338, 0.2522620590119049, 0.2532976125956883]
21962.9s 4452 Unable to load Cython Compute_Similarity, reverting to Python
21971.7s 4453 Similarity column 6969 (100.0%), 774.83 column/sec. Elapsed time 8.99 sec
21971.9s 4454 EvaluatorHoldout: Ignoring 31 ( 0.1%) Users that have less than 1 test interactions
21985.9s 4455 EvaluatorHoldout: Processed 27064 (100.0%) in 13.98 sec. Users per second: 1937
21986.2s 4456 Unable to load Cython Compute_Similarity, reverting to Python
21995.3s 4457 Similarity column 6969 (100.0%), 746.10 column/sec. Elapsed time 9.34 sec
21995.5s 4458 EvaluatorHoldout: Ignoring 29 ( 0.1%) Users that have less than 1 test interactions
22009.3s 4459 EvaluatorHoldout: Processed 27066 (100.0%) in 13.97 sec. Users per second: 1937
22009.8s 4460 Unable to load Cython Compute_Similarity, reverting to Python
22019.0s 4461 Similarity column 6969 (100.0%), 757.28 column/sec. Elapsed time 9.20 sec
22019.0s 4462 EvaluatorHoldout: Ignoring 40 ( 0.1%) Users that have less than 1 test interactions
22033.0s 4463 EvaluatorHoldout: Processed 27055 (100.0%) in 14.17 sec. Users per second: 1910
22033.5s 4464 Unable to load Cython Compute_Similarity, reverting to Python
22042.1s 4465 Similarity column 6969 (100.0%), 787.54 column/sec. Elapsed time 8.85 sec
22042.3s 4466 EvaluatorHoldout: Ignoring 31 ( 0.1%) Users that have less than 1 test interactions
22056.4s 4467 EvaluatorHoldout: Processed 27064 (100.0%) in 14.07 sec. Users per second: 1924
22056.7s 4468 Unable to load Cython Compute_Similarity, reverting to Python
22065.6s 4469 Similarity column 6969 (100.0%), 768.22 column/sec. Elapsed time 9.07 sec
22065.8s 4470 EvaluatorHoldout: Ignoring 31 ( 0.1%) Users that have less than 1 test interactions
22079.9s 4471 EvaluatorHoldout: Processed 27064 (100.0%) in 14.27 sec. Users per second: 1897
22079.9s 4472 [I 2025-12-08 02:50:13,704] Trial 184 finished with value: 0.2528565463167366 and parameters: {'topK': 8, 'shrink': 103, 'tversky_alpha': 0.18304972339196296, 'tversky_beta': 1.7476879863835115}. Best is trial 183 with value: 0.25292502390964416.
22079.9s 4473 
22079.9s 4474 [I 2025-12-08 02:50:13,704] Trial 184 finished with value: 0.2528565463167366 and parameters: {'topK': 8, 'shrink': 103, 'tversky_alpha': 0.18304972339196296, 'tversky_beta': 1.7476879863835115}. Best is trial 183 with value: 0.25292502390964416.
22080.1s 4475 [0.2534752022034015, 0.2531332959943244, 0.25237031300134055, 0.2522526359615368, 0.25305128442308]
22080.4s 4476 Unable to load Cython Compute_Similarity, reverting to Python
22089.5s 4477 Similarity column 6969 (100.0%), 764.06 column/sec. Elapsed time 9.12 sec
22089.5s 4478 EvaluatorHoldout: Ignoring 31 ( 0.1%) Users that have less than 1 test interactions
22103.2s 4479 EvaluatorHoldout: Processed 27064 (100.0%) in 13.83 sec. Users per second: 1957
22103.7s 4480 Unable to load Cython Compute_Similarity, reverting to Python
22112.7s 4481 Similarity column 6969 (100.0%), 757.05 column/sec. Elapsed time 9.21 sec
22112.9s 4482 EvaluatorHoldout: Ignoring 29 ( 0.1%) Users that have less than 1 test interactions
22126.9s 4483 EvaluatorHoldout: Processed 27066 (100.0%) in 13.97 sec. Users per second: 1938
22127.2s 4484 Unable to load Cython Compute_Similarity, reverting to Python
22136.4s 4485 Similarity column 6969 (100.0%), 742.40 column/sec. Elapsed time 9.39 sec
22136.6s 4486 EvaluatorHoldout: Ignoring 40 ( 0.1%) Users that have less than 1 test interactions
22150.4s 4487 EvaluatorHoldout: Processed 27055 (100.0%) in 14.05 sec. Users per second: 1926
22150.9s 4488 Unable to load Cython Compute_Similarity, reverting to Python
22159.9s 4489 Similarity column 6969 (100.0%), 780.28 column/sec. Elapsed time 8.93 sec
22159.9s 4490 EvaluatorHoldout: Ignoring 31 ( 0.1%) Users that have less than 1 test interactions
22173.9s 4491 EvaluatorHoldout: Processed 27064 (100.0%) in 14.17 sec. Users per second: 1910
22174.4s 4492 Unable to load Cython Compute_Similarity, reverting to Python
22183.3s 4493 Similarity column 6969 (100.0%), 766.46 column/sec. Elapsed time 9.09 sec
22183.5s 4494 EvaluatorHoldout: Ignoring 31 ( 0.1%) Users that have less than 1 test interactions
22197.8s 4495 EvaluatorHoldout: Processed 27064 (100.0%) in 14.28 sec. Users per second: 1895
22197.8s 4496 [I 2025-12-08 02:52:11,386] Trial 185 finished with value: 0.2529157125598643 and parameters: {'topK': 8, 'shrink': 100, 'tversky_alpha': 0.1841626843239246, 'tversky_beta': 1.7461477621298256}. Best is trial 183 with value: 0.25292502390964416.
22197.8s 4497 
22197.8s 4498 [I 2025-12-08 02:52:11,386] Trial 185 finished with value: 0.2529157125598643 and parameters: {'topK': 8, 'shrink': 100, 'tversky_alpha': 0.1841626843239246, 'tversky_beta': 1.7461477621298256}. Best is trial 183 with value: 0.25292502390964416.
22197.8s 4499 [0.25347403651812084, 0.2531830704605513, 0.2523910079399639, 0.2522609469675921, 0.2532695009130934]
22198.1s 4500 Unable to load Cython Compute_Similarity, reverting to Python
22207.0s 4501 Similarity column 6969 (100.0%), 763.45 column/sec. Elapsed time 9.13 sec
22207.2s 4502 EvaluatorHoldout: Ignoring 31 ( 0.1%) Users that have less than 1 test interactions
22220.8s 4503 EvaluatorHoldout: Processed 27064 (100.0%) in 13.79 sec. Users per second: 1963
22221.3s 4504 Unable to load Cython Compute_Similarity, reverting to Python
22230.3s 4505 Similarity column 6969 (100.0%), 781.21 column/sec. Elapsed time 8.92 sec
22230.3s 4506 EvaluatorHoldout: Ignoring 29 ( 0.1%) Users that have less than 1 test interactions
22243.9s 4507 EvaluatorHoldout: Processed 27066 (100.0%) in 13.81 sec. Users per second: 1960
22244.4s 4508 Unable to load Cython Compute_Similarity, reverting to Python
22253.1s 4509 Similarity column 6969 (100.0%), 779.52 column/sec. Elapsed time 8.94 sec
22253.3s 4510 EvaluatorHoldout: Ignoring 40 ( 0.1%) Users that have less than 1 test interactions
22267.2s 4511 EvaluatorHoldout: Processed 27055 (100.0%) in 13.86 sec. Users per second: 1952
22267.5s 4512 Unable to load Cython Compute_Similarity, reverting to Python
22276.3s 4513 Similarity column 6969 (100.0%), 772.89 column/sec. Elapsed time 9.02 sec
22276.5s 4514 EvaluatorHoldout: Ignoring 31 ( 0.1%) Users that have less than 1 test interactions
22290.2s 4515 EvaluatorHoldout: Processed 27064 (100.0%) in 13.90 sec. Users per second: 1948
22290.7s 4516 Unable to load Cython Compute_Similarity, reverting to Python
22299.7s 4517 Similarity column 6969 (100.0%), 776.78 column/sec. Elapsed time 8.97 sec
22299.7s 4518 EvaluatorHoldout: Ignoring 31 ( 0.1%) Users that have less than 1 test interactions
22313.4s 4519 EvaluatorHoldout: Processed 27064 (100.0%) in 13.82 sec. Users per second: 1958
22313.4s 4520 [I 2025-12-08 02:54:07,185] Trial 186 finished with value: 0.25286175477818473 and parameters: {'topK': 8, 'shrink': 100, 'tversky_alpha': 0.18332914666751365, 'tversky_beta': 1.7448152967885124}. Best is trial 183 with value: 0.25292502390964416.
22313.4s 4521 
22313.4s 4522 [I 2025-12-08 02:54:07,185] Trial 186 finished with value: 0.25286175477818473 and parameters: {'topK': 8, 'shrink': 100, 'tversky_alpha': 0.18332914666751365, 'tversky_beta': 1.7448152967885124}. Best is trial 183 with value: 0.25292502390964416.
22313.6s 4523 [0.25350192844923564, 0.2531878237467294, 0.25233122039150874, 0.25229218181856566, 0.252995619484884]
22313.9s 4524 Unable to load Cython Compute_Similarity, reverting to Python
22322.7s 4525 Similarity column 6969 (100.0%), 770.31 column/sec. Elapsed time 9.05 sec
22322.9s 4526 EvaluatorHoldout: Ignoring 31 ( 0.1%) Users that have less than 1 test interactions
22336.8s 4527 EvaluatorHoldout: Processed 27064 (100.0%) in 13.82 sec. Users per second: 1958
22337.1s 4528 Unable to load Cython Compute_Similarity, reverting to Python
22346.1s 4529 Similarity column 6969 (100.0%), 759.19 column/sec. Elapsed time 9.18 sec
22346.3s 4530 EvaluatorHoldout: Ignoring 29 ( 0.1%) Users that have less than 1 test interactions
22359.9s 4531 EvaluatorHoldout: Processed 27066 (100.0%) in 13.84 sec. Users per second: 1956
22360.4s 4532 Unable to load Cython Compute_Similarity, reverting to Python
22369.4s 4533 Similarity column 6969 (100.0%), 777.69 column/sec. Elapsed time 8.96 sec
22369.4s 4534 EvaluatorHoldout: Ignoring 40 ( 0.1%) Users that have less than 1 test interactions
22383.3s 4535 EvaluatorHoldout: Processed 27055 (100.0%) in 14.08 sec. Users per second: 1921
22383.8s 4536 Unable to load Cython Compute_Similarity, reverting to Python
22392.3s 4537 Similarity column 6969 (100.0%), 795.37 column/sec. Elapsed time 8.76 sec
22392.5s 4538 EvaluatorHoldout: Ignoring 31 ( 0.1%) Users that have less than 1 test interactions
22406.5s 4539 EvaluatorHoldout: Processed 27064 (100.0%) in 13.82 sec. Users per second: 1958
22406.7s 4540 Unable to load Cython Compute_Similarity, reverting to Python
22415.6s 4541 Similarity column 6969 (100.0%), 762.68 column/sec. Elapsed time 9.14 sec
22415.8s 4542 EvaluatorHoldout: Ignoring 31 ( 0.1%) Users that have less than 1 test interactions
22429.6s 4543 EvaluatorHoldout: Processed 27064 (100.0%) in 14.00 sec. Users per second: 1933
22429.6s 4544 [I 2025-12-08 02:56:03,457] Trial 187 finished with value: 0.252873844267678 and parameters: {'topK': 8, 'shrink': 100, 'tversky_alpha': 0.18283838510749548, 'tversky_beta': 1.7437624439580712}. Best is trial 183 with value: 0.25292502390964416.
22429.6s 4545 
22429.6s 4546 [I 2025-12-08 02:56:03,457] Trial 187 finished with value: 0.252873844267678 and parameters: {'topK': 8, 'shrink': 100, 'tversky_alpha': 0.18283838510749548, 'tversky_beta': 1.7437624439580712}. Best is trial 183 with value: 0.25292502390964416.
22429.8s 4547 [0.25349023485806116, 0.2532890849061924, 0.25235362974544945, 0.25227969566947916, 0.2529565761592078]
22430.2s 4548 Unable to load Cython Compute_Similarity, reverting to Python
22439.2s 4549 Similarity column 6969 (100.0%), 772.72 column/sec. Elapsed time 9.02 sec
22439.2s 4550 EvaluatorHoldout: Ignoring 31 ( 0.1%) Users that have less than 1 test interactions
22452.8s 4551 EvaluatorHoldout: Processed 27064 (100.0%) in 13.77 sec. Users per second: 1965
22453.3s 4552 Unable to load Cython Compute_Similarity, reverting to Python
22462.1s 4553 Similarity column 6969 (100.0%), 769.66 column/sec. Elapsed time 9.05 sec
22462.3s 4554 EvaluatorHoldout: Ignoring 29 ( 0.1%) Users that have less than 1 test interactions
22476.5s 4555 EvaluatorHoldout: Processed 27066 (100.0%) in 14.11 sec. Users per second: 1919
22476.8s 4556 Unable to load Cython Compute_Similarity, reverting to Python
22485.4s 4557 Similarity column 6969 (100.0%), 784.45 column/sec. Elapsed time 8.88 sec
22485.6s 4558 EvaluatorHoldout: Ignoring 40 ( 0.1%) Users that have less than 1 test interactions
22499.3s 4559 EvaluatorHoldout: Processed 27055 (100.0%) in 13.83 sec. Users per second: 1956
22499.8s 4560 Unable to load Cython Compute_Similarity, reverting to Python
22508.7s 4561 Similarity column 6969 (100.0%), 782.61 column/sec. Elapsed time 8.90 sec
22508.7s 4562 EvaluatorHoldout: Ignoring 31 ( 0.1%) Users that have less than 1 test interactions
22522.5s 4563 EvaluatorHoldout: Processed 27064 (100.0%) in 13.97 sec. Users per second: 1938
22523.0s 4564 Unable to load Cython Compute_Similarity, reverting to Python
22532.0s 4565 Similarity column 6969 (100.0%), 753.09 column/sec. Elapsed time 9.25 sec
22532.2s 4566 EvaluatorHoldout: Ignoring 31 ( 0.1%) Users that have less than 1 test interactions
22546.3s 4567 EvaluatorHoldout: Processed 27064 (100.0%) in 14.05 sec. Users per second: 1927
22546.3s 4568 [I 2025-12-08 02:57:59,935] Trial 188 finished with value: 0.2505150502765285 and parameters: {'topK': 9, 'shrink': 100, 'tversky_alpha': 0.2952432944749213, 'tversky_beta': 1.745041900016391}. Best is trial 183 with value: 0.25292502390964416.
22546.3s 4569 
22546.3s 4570 [I 2025-12-08 02:57:59,935] Trial 188 finished with value: 0.2505150502765285 and parameters: {'topK': 9, 'shrink': 100, 'tversky_alpha': 0.2952432944749213, 'tversky_beta': 1.745041900016391}. Best is trial 183 with value: 0.25292502390964416.
22546.3s 4571 [0.2510922391108591, 0.2505149122550721, 0.2493190269581806, 0.2511364725941404, 0.2505126004643903]
22546.6s 4572 Unable to load Cython Compute_Similarity, reverting to Python
22555.5s 4573 Similarity column 6969 (100.0%), 767.58 column/sec. Elapsed time 9.08 sec
22555.7s 4574 EvaluatorHoldout: Ignoring 31 ( 0.1%) Users that have less than 1 test interactions
22569.3s 4575 EvaluatorHoldout: Processed 27064 (100.0%) in 13.79 sec. Users per second: 1963
22569.8s 4576 Unable to load Cython Compute_Similarity, reverting to Python
22578.9s 4577 Similarity column 6969 (100.0%), 766.64 column/sec. Elapsed time 9.09 sec
22578.9s 4578 EvaluatorHoldout: Ignoring 29 ( 0.1%) Users that have less than 1 test interactions
22592.7s 4579 EvaluatorHoldout: Processed 27066 (100.0%) in 13.93 sec. Users per second: 1944
22593.2s 4580 Unable to load Cython Compute_Similarity, reverting to Python
22602.0s 4581 Similarity column 6969 (100.0%), 774.67 column/sec. Elapsed time 9.00 sec
22602.2s 4582 EvaluatorHoldout: Ignoring 40 ( 0.1%) Users that have less than 1 test interactions
22616.1s 4583 EvaluatorHoldout: Processed 27055 (100.0%) in 13.91 sec. Users per second: 1945
22616.4s 4584 Unable to load Cython Compute_Similarity, reverting to Python
22625.1s 4585 Similarity column 6969 (100.0%), 784.72 column/sec. Elapsed time 8.88 sec
22625.3s 4586 EvaluatorHoldout: Ignoring 31 ( 0.1%) Users that have less than 1 test interactions
22639.1s 4587 EvaluatorHoldout: Processed 27064 (100.0%) in 14.01 sec. Users per second: 1931
22639.6s 4588 Unable to load Cython Compute_Similarity, reverting to Python
22648.7s 4589 Similarity column 6969 (100.0%), 768.31 column/sec. Elapsed time 9.07 sec
22648.7s 4590 EvaluatorHoldout: Ignoring 31 ( 0.1%) Users that have less than 1 test interactions
22662.4s 4591 EvaluatorHoldout: Processed 27064 (100.0%) in 13.94 sec. Users per second: 1941
22662.5s 4592 [I 2025-12-08 02:59:56,262] Trial 189 finished with value: 0.25050008932705603 and parameters: {'topK': 12, 'shrink': 100, 'tversky_alpha': 0.18256272513065644, 'tversky_beta': 1.7374563317690366}. Best is trial 183 with value: 0.25292502390964416.
22662.5s 4593 
