12014.8s 2434 [I 2025-12-08 00:02:28,632] Trial 99 finished with value: 0.2521562875251475 and parameters: {'topK': 6, 'shrink': 123, 'tversky_alpha': 0.1828265679617858, 'tversky_beta': 1.7679409829829102}. Best is trial 98 with value: 0.2527906476302882.
12015.0s 2435 [0.25257008068590786, 0.25203171869222923, 0.25129955385346, 0.2524032237116796, 0.2524768606824609]
12015.3s 2436 Unable to load Cython Compute_Similarity, reverting to Python
12024.7s 2437 Similarity column 6969 (100.0%), 728.65 column/sec. Elapsed time 9.56 sec
12024.9s 2438 EvaluatorHoldout: Ignoring 31 ( 0.1%) Users that have less than 1 test interactions
12038.7s 2439 EvaluatorHoldout: Processed 27064 (100.0%) in 13.89 sec. Users per second: 1948
12039.1s 2440 Unable to load Cython Compute_Similarity, reverting to Python
12048.8s 2441 Similarity column 6969 (100.0%), 708.30 column/sec. Elapsed time 9.84 sec
12049.0s 2442 EvaluatorHoldout: Ignoring 29 ( 0.1%) Users that have less than 1 test interactions
12063.1s 2443 EvaluatorHoldout: Processed 27066 (100.0%) in 14.26 sec. Users per second: 1898
12063.6s 2444 Unable to load Cython Compute_Similarity, reverting to Python
12073.0s 2445 Similarity column 6969 (100.0%), 730.02 column/sec. Elapsed time 9.55 sec
12073.1s 2446 EvaluatorHoldout: Ignoring 40 ( 0.1%) Users that have less than 1 test interactions
12087.3s 2447 EvaluatorHoldout: Processed 27055 (100.0%) in 14.33 sec. Users per second: 1889
12087.8s 2448 Unable to load Cython Compute_Similarity, reverting to Python
12097.0s 2449 Similarity column 6969 (100.0%), 736.49 column/sec. Elapsed time 9.46 sec
12097.2s 2450 EvaluatorHoldout: Ignoring 31 ( 0.1%) Users that have less than 1 test interactions
12111.3s 2451 EvaluatorHoldout: Processed 27064 (100.0%) in 14.14 sec. Users per second: 1913
12111.7s 2452 Unable to load Cython Compute_Similarity, reverting to Python
12121.1s 2453 Similarity column 6969 (100.0%), 728.55 column/sec. Elapsed time 9.57 sec
12121.3s 2454 EvaluatorHoldout: Ignoring 31 ( 0.1%) Users that have less than 1 test interactions
12135.3s 2455 EvaluatorHoldout: Processed 27064 (100.0%) in 14.17 sec. Users per second: 1910
12135.3s 2456 [I 2025-12-08 00:04:29,083] Trial 100 finished with value: 0.25108926270972853 and parameters: {'topK': 10, 'shrink': 150, 'tversky_alpha': 0.20238214373572447, 'tversky_beta': 1.7355583915179547}. Best is trial 98 with value: 0.2527906476302882.
12135.3s 2457 
12135.3s 2458 [I 2025-12-08 00:04:29,083] Trial 100 finished with value: 0.25108926270972853 and parameters: {'topK': 10, 'shrink': 150, 'tversky_alpha': 0.20238214373572447, 'tversky_beta': 1.7355583915179547}. Best is trial 98 with value: 0.2527906476302882.
12135.5s 2459 [0.2512470840500718, 0.2507395026963309, 0.24972845800165674, 0.25193222699856826, 0.25179904180201496]
12135.8s 2460 Unable to load Cython Compute_Similarity, reverting to Python
12145.2s 2461 Similarity column 6969 (100.0%), 737.51 column/sec. Elapsed time 9.45 sec
12145.2s 2462 EvaluatorHoldout: Ignoring 31 ( 0.1%) Users that have less than 1 test interactions
12159.3s 2463 EvaluatorHoldout: Processed 27064 (100.0%) in 14.20 sec. Users per second: 1906
12159.8s 2464 Unable to load Cython Compute_Similarity, reverting to Python
12169.2s 2465 Similarity column 6969 (100.0%), 724.72 column/sec. Elapsed time 9.62 sec
12169.4s 2466 EvaluatorHoldout: Ignoring 29 ( 0.1%) Users that have less than 1 test interactions
12183.4s 2467 EvaluatorHoldout: Processed 27066 (100.0%) in 14.08 sec. Users per second: 1922
12183.8s 2468 Unable to load Cython Compute_Similarity, reverting to Python
12193.4s 2469 Similarity column 6969 (100.0%), 710.53 column/sec. Elapsed time 9.81 sec
12193.6s 2470 EvaluatorHoldout: Ignoring 40 ( 0.1%) Users that have less than 1 test interactions
12207.4s 2471 EvaluatorHoldout: Processed 27055 (100.0%) in 13.93 sec. Users per second: 1942
12207.9s 2472 Unable to load Cython Compute_Similarity, reverting to Python
12217.1s 2473 Similarity column 6969 (100.0%), 743.03 column/sec. Elapsed time 9.38 sec
12217.2s 2474 EvaluatorHoldout: Ignoring 31 ( 0.1%) Users that have less than 1 test interactions
12231.1s 2475 EvaluatorHoldout: Processed 27064 (100.0%) in 14.00 sec. Users per second: 1933
12231.6s 2476 Unable to load Cython Compute_Similarity, reverting to Python
12240.7s 2477 Similarity column 6969 (100.0%), 751.38 column/sec. Elapsed time 9.27 sec
12240.9s 2478 EvaluatorHoldout: Ignoring 31 ( 0.1%) Users that have less than 1 test interactions
12254.8s 2479 EvaluatorHoldout: Processed 27064 (100.0%) in 14.01 sec. Users per second: 1932
12254.8s 2480 [I 2025-12-08 00:06:28,515] Trial 101 finished with value: 0.2522642345876493 and parameters: {'topK': 8, 'shrink': 111, 'tversky_alpha': 0.21109020153404287, 'tversky_beta': 1.6873369212015021}. Best is trial 98 with value: 0.2527906476302882.
12254.8s 2481 
12254.8s 2482 [I 2025-12-08 00:06:28,515] Trial 101 finished with value: 0.2522642345876493 and parameters: {'topK': 8, 'shrink': 111, 'tversky_alpha': 0.21109020153404287, 'tversky_beta': 1.6873369212015021}. Best is trial 98 with value: 0.2527906476302882.
12254.9s 2483 [0.25268263588788004, 0.25254887409784277, 0.25127039029789067, 0.2521938420684938, 0.2526254305861392]
12255.2s 2484 Unable to load Cython Compute_Similarity, reverting to Python
12264.3s 2485 Similarity column 6969 (100.0%), 752.83 column/sec. Elapsed time 9.26 sec
12264.5s 2486 EvaluatorHoldout: Ignoring 31 ( 0.1%) Users that have less than 1 test interactions
12278.2s 2487 EvaluatorHoldout: Processed 27064 (100.0%) in 13.92 sec. Users per second: 1945
12278.7s 2488 Unable to load Cython Compute_Similarity, reverting to Python
12288.1s 2489 Similarity column 6969 (100.0%), 733.88 column/sec. Elapsed time 9.50 sec
12288.2s 2490 EvaluatorHoldout: Ignoring 29 ( 0.1%) Users that have less than 1 test interactions
12302.1s 2491 EvaluatorHoldout: Processed 27066 (100.0%) in 14.06 sec. Users per second: 1925
12302.6s 2492 Unable to load Cython Compute_Similarity, reverting to Python
12312.1s 2493 Similarity column 6969 (100.0%), 721.30 column/sec. Elapsed time 9.66 sec
12312.3s 2494 EvaluatorHoldout: Ignoring 40 ( 0.1%) Users that have less than 1 test interactions
12326.2s 2495 EvaluatorHoldout: Processed 27055 (100.0%) in 13.96 sec. Users per second: 1938
12326.5s 2496 Unable to load Cython Compute_Similarity, reverting to Python
12335.6s 2497 Similarity column 6969 (100.0%), 756.30 column/sec. Elapsed time 9.21 sec
12335.8s 2498 EvaluatorHoldout: Ignoring 31 ( 0.1%) Users that have less than 1 test interactions
12349.7s 2499 EvaluatorHoldout: Processed 27064 (100.0%) in 14.11 sec. Users per second: 1918
12350.2s 2500 Unable to load Cython Compute_Similarity, reverting to Python
12359.5s 2501 Similarity column 6969 (100.0%), 742.24 column/sec. Elapsed time 9.39 sec
12359.6s 2502 EvaluatorHoldout: Ignoring 31 ( 0.1%) Users that have less than 1 test interactions
12373.4s 2503 EvaluatorHoldout: Processed 27064 (100.0%) in 13.96 sec. Users per second: 1939
12373.4s 2504 [I 2025-12-08 00:08:27,189] Trial 102 finished with value: 0.25280194006556533 and parameters: {'topK': 7, 'shrink': 104, 'tversky_alpha': 0.19028431781876756, 'tversky_beta': 1.7899731573988897}. Best is trial 102 with value: 0.25280194006556533.
12373.4s 2505 
12373.4s 2506 [I 2025-12-08 00:08:27,189] Trial 102 finished with value: 0.25280194006556533 and parameters: {'topK': 7, 'shrink': 104, 'tversky_alpha': 0.19028431781876756, 'tversky_beta': 1.7899731573988897}. Best is trial 102 with value: 0.25280194006556533.
12373.6s 2507 [0.2527616709694185, 0.25268683425276667, 0.2524867043490838, 0.2528622071318554, 0.25321228362470216]
12373.9s 2508 Unable to load Cython Compute_Similarity, reverting to Python
12383.3s 2509 Similarity column 6969 (100.0%), 727.80 column/sec. Elapsed time 9.58 sec
12383.5s 2510 EvaluatorHoldout: Ignoring 31 ( 0.1%) Users that have less than 1 test interactions
12397.2s 2511 EvaluatorHoldout: Processed 27064 (100.0%) in 13.79 sec. Users per second: 1963
12397.6s 2512 Unable to load Cython Compute_Similarity, reverting to Python
12406.8s 2513 Similarity column 6969 (100.0%), 742.48 column/sec. Elapsed time 9.39 sec
12407.0s 2514 EvaluatorHoldout: Ignoring 29 ( 0.1%) Users that have less than 1 test interactions
12420.7s 2515 EvaluatorHoldout: Processed 27066 (100.0%) in 13.88 sec. Users per second: 1949
12421.2s 2516 Unable to load Cython Compute_Similarity, reverting to Python
12430.7s 2517 Similarity column 6969 (100.0%), 733.87 column/sec. Elapsed time 9.50 sec
12430.7s 2518 EvaluatorHoldout: Ignoring 40 ( 0.1%) Users that have less than 1 test interactions
12444.4s 2519 EvaluatorHoldout: Processed 27055 (100.0%) in 13.87 sec. Users per second: 1950
12444.9s 2520 Unable to load Cython Compute_Similarity, reverting to Python
12454.3s 2521 Similarity column 6969 (100.0%), 727.83 column/sec. Elapsed time 9.58 sec
12454.5s 2522 EvaluatorHoldout: Ignoring 31 ( 0.1%) Users that have less than 1 test interactions
12468.7s 2523 EvaluatorHoldout: Processed 27064 (100.0%) in 14.30 sec. Users per second: 1892
12469.1s 2524 Unable to load Cython Compute_Similarity, reverting to Python
12478.2s 2525 Similarity column 6969 (100.0%), 746.08 column/sec. Elapsed time 9.34 sec
12478.4s 2526 EvaluatorHoldout: Ignoring 31 ( 0.1%) Users that have less than 1 test interactions
12492.2s 2527 EvaluatorHoldout: Processed 27064 (100.0%) in 13.92 sec. Users per second: 1944
12492.2s 2528 [I 2025-12-08 00:10:25,998] Trial 103 finished with value: 0.25270180772427137 and parameters: {'topK': 7, 'shrink': 103, 'tversky_alpha': 0.23333236833070636, 'tversky_beta': 1.7920844406527583}. Best is trial 102 with value: 0.25280194006556533.
12492.2s 2529 
12492.2s 2530 [I 2025-12-08 00:10:25,998] Trial 103 finished with value: 0.25270180772427137 and parameters: {'topK': 7, 'shrink': 103, 'tversky_alpha': 0.23333236833070636, 'tversky_beta': 1.7920844406527583}. Best is trial 102 with value: 0.25280194006556533.
12492.4s 2531 [0.253360286895822, 0.252569465958208, 0.25180937074250326, 0.25307994436769016, 0.25268997065713333]
12492.7s 2532 Unable to load Cython Compute_Similarity, reverting to Python
12501.9s 2533 Similarity column 6969 (100.0%), 747.00 column/sec. Elapsed time 9.33 sec
12502.0s 2534 EvaluatorHoldout: Ignoring 31 ( 0.1%) Users that have less than 1 test interactions
12515.9s 2535 EvaluatorHoldout: Processed 27064 (100.0%) in 13.99 sec. Users per second: 1934
12516.4s 2536 Unable to load Cython Compute_Similarity, reverting to Python
12525.5s 2537 Similarity column 6969 (100.0%), 745.20 column/sec. Elapsed time 9.35 sec
12525.7s 2538 EvaluatorHoldout: Ignoring 29 ( 0.1%) Users that have less than 1 test interactions
12539.5s 2539 EvaluatorHoldout: Processed 27066 (100.0%) in 13.87 sec. Users per second: 1951
12539.9s 2540 Unable to load Cython Compute_Similarity, reverting to Python
12549.1s 2541 Similarity column 6969 (100.0%), 745.09 column/sec. Elapsed time 9.35 sec
12549.3s 2542 EvaluatorHoldout: Ignoring 40 ( 0.1%) Users that have less than 1 test interactions
12563.0s 2543 EvaluatorHoldout: Processed 27055 (100.0%) in 13.91 sec. Users per second: 1945
12563.5s 2544 Unable to load Cython Compute_Similarity, reverting to Python
12572.6s 2545 Similarity column 6969 (100.0%), 758.81 column/sec. Elapsed time 9.18 sec
12572.7s 2546 EvaluatorHoldout: Ignoring 31 ( 0.1%) Users that have less than 1 test interactions
12586.4s 2547 EvaluatorHoldout: Processed 27064 (100.0%) in 13.86 sec. Users per second: 1953
12586.8s 2548 Unable to load Cython Compute_Similarity, reverting to Python
12596.0s 2549 Similarity column 6969 (100.0%), 746.59 column/sec. Elapsed time 9.33 sec
12596.2s 2550 EvaluatorHoldout: Ignoring 31 ( 0.1%) Users that have less than 1 test interactions
12610.1s 2551 EvaluatorHoldout: Processed 27064 (100.0%) in 13.98 sec. Users per second: 1936
12610.1s 2552 [I 2025-12-08 00:12:23,811] Trial 104 finished with value: 0.2525320364801705 and parameters: {'topK': 7, 'shrink': 104, 'tversky_alpha': 0.24923325851328784, 'tversky_beta': 1.7890018527459075}. Best is trial 102 with value: 0.25280194006556533.
12610.1s 2553 
12610.1s 2554 [I 2025-12-08 00:12:23,811] Trial 104 finished with value: 0.2525320364801705 and parameters: {'topK': 7, 'shrink': 104, 'tversky_alpha': 0.24923325851328784, 'tversky_beta': 1.7890018527459075}. Best is trial 102 with value: 0.25280194006556533.
12610.2s 2555 [0.2527606716326181, 0.2522542439296222, 0.2516261051119509, 0.25320895919968106, 0.25281020252698005]
12610.5s 2556 Unable to load Cython Compute_Similarity, reverting to Python
12619.7s 2557 Similarity column 6969 (100.0%), 740.72 column/sec. Elapsed time 9.41 sec
12619.9s 2558 EvaluatorHoldout: Ignoring 31 ( 0.1%) Users that have less than 1 test interactions
12633.6s 2559 EvaluatorHoldout: Processed 27064 (100.0%) in 13.86 sec. Users per second: 1953
12634.1s 2560 Unable to load Cython Compute_Similarity, reverting to Python
12643.5s 2561 Similarity column 6969 (100.0%), 733.54 column/sec. Elapsed time 9.50 sec
12643.6s 2562 EvaluatorHoldout: Ignoring 29 ( 0.1%) Users that have less than 1 test interactions
12657.5s 2563 EvaluatorHoldout: Processed 27066 (100.0%) in 14.06 sec. Users per second: 1925
12658.0s 2564 Unable to load Cython Compute_Similarity, reverting to Python
12667.3s 2565 Similarity column 6969 (100.0%), 735.94 column/sec. Elapsed time 9.47 sec
12667.5s 2566 EvaluatorHoldout: Ignoring 40 ( 0.1%) Users that have less than 1 test interactions
12681.4s 2567 EvaluatorHoldout: Processed 27055 (100.0%) in 13.96 sec. Users per second: 1938
12681.8s 2568 Unable to load Cython Compute_Similarity, reverting to Python
12690.9s 2569 Similarity column 6969 (100.0%), 748.69 column/sec. Elapsed time 9.31 sec
12691.1s 2570 EvaluatorHoldout: Ignoring 31 ( 0.1%) Users that have less than 1 test interactions
12704.9s 2571 EvaluatorHoldout: Processed 27064 (100.0%) in 14.04 sec. Users per second: 1927
12705.4s 2572 Unable to load Cython Compute_Similarity, reverting to Python
12714.6s 2573 Similarity column 6969 (100.0%), 756.63 column/sec. Elapsed time 9.21 sec
12714.7s 2574 EvaluatorHoldout: Ignoring 31 ( 0.1%) Users that have less than 1 test interactions
12728.5s 2575 EvaluatorHoldout: Processed 27064 (100.0%) in 14.02 sec. Users per second: 1930
12728.5s 2576 [I 2025-12-08 00:14:22,326] Trial 105 finished with value: 0.25274907637748945 and parameters: {'topK': 7, 'shrink': 101, 'tversky_alpha': 0.22458445424500184, 'tversky_beta': 1.79749342528538}. Best is trial 102 with value: 0.25280194006556533.
12728.5s 2577 
12728.5s 2578 [I 2025-12-08 00:14:22,326] Trial 105 finished with value: 0.25274907637748945 and parameters: {'topK': 7, 'shrink': 101, 'tversky_alpha': 0.22458445424500184, 'tversky_beta': 1.79749342528538}. Best is trial 102 with value: 0.25280194006556533.
12728.7s 2579 [0.25297400163593875, 0.25252852212615945, 0.2521883874332414, 0.25318217521060227, 0.25287229548150547]
12729.0s 2580 Unable to load Cython Compute_Similarity, reverting to Python
12738.4s 2581 Similarity column 6969 (100.0%), 726.68 column/sec. Elapsed time 9.59 sec
12738.6s 2582 EvaluatorHoldout: Ignoring 31 ( 0.1%) Users that have less than 1 test interactions
12752.4s 2583 EvaluatorHoldout: Processed 27064 (100.0%) in 13.87 sec. Users per second: 1952
12752.8s 2584 Unable to load Cython Compute_Similarity, reverting to Python
12762.2s 2585 Similarity column 6969 (100.0%), 730.11 column/sec. Elapsed time 9.55 sec
12762.4s 2586 EvaluatorHoldout: Ignoring 29 ( 0.1%) Users that have less than 1 test interactions
12776.1s 2587 EvaluatorHoldout: Processed 27066 (100.0%) in 13.88 sec. Users per second: 1950
12776.6s 2588 Unable to load Cython Compute_Similarity, reverting to Python
12786.0s 2589 Similarity column 6969 (100.0%), 729.38 column/sec. Elapsed time 9.55 sec
12786.1s 2590 EvaluatorHoldout: Ignoring 40 ( 0.1%) Users that have less than 1 test interactions
12799.9s 2591 EvaluatorHoldout: Processed 27055 (100.0%) in 13.95 sec. Users per second: 1940
12800.4s 2592 Unable to load Cython Compute_Similarity, reverting to Python
12809.4s 2593 Similarity column 6969 (100.0%), 759.89 column/sec. Elapsed time 9.17 sec
12809.6s 2594 EvaluatorHoldout: Ignoring 31 ( 0.1%) Users that have less than 1 test interactions
12823.4s 2595 EvaluatorHoldout: Processed 27064 (100.0%) in 13.86 sec. Users per second: 1953
12823.7s 2596 Unable to load Cython Compute_Similarity, reverting to Python
12832.7s 2597 Similarity column 6969 (100.0%), 757.53 column/sec. Elapsed time 9.20 sec
12832.9s 2598 EvaluatorHoldout: Ignoring 31 ( 0.1%) Users that have less than 1 test interactions
12846.7s 2599 EvaluatorHoldout: Processed 27064 (100.0%) in 13.91 sec. Users per second: 1946
12846.7s 2600 [I 2025-12-08 00:16:20,501] Trial 106 finished with value: 0.25274783159924896 and parameters: {'topK': 7, 'shrink': 100, 'tversky_alpha': 0.2308894538342779, 'tversky_beta': 1.7995075731590962}. Best is trial 102 with value: 0.25280194006556533.
12846.7s 2601 
12846.7s 2602 [I 2025-12-08 00:16:20,501] Trial 106 finished with value: 0.25274783159924896 and parameters: {'topK': 7, 'shrink': 100, 'tversky_alpha': 0.2308894538342779, 'tversky_beta': 1.7995075731590962}. Best is trial 102 with value: 0.25280194006556533.
12846.9s 2603 [0.2532313790956705, 0.25263650760244116, 0.2520001015799636, 0.2531808888385289, 0.2526902808796408]
12847.2s 2604 Unable to load Cython Compute_Similarity, reverting to Python
12856.9s 2605 Similarity column 6969 (100.0%), 713.10 column/sec. Elapsed time 9.77 sec
12857.0s 2606 EvaluatorHoldout: Ignoring 31 ( 0.1%) Users that have less than 1 test interactions
12870.7s 2607 EvaluatorHoldout: Processed 27064 (100.0%) in 13.84 sec. Users per second: 1955
12871.1s 2608 Unable to load Cython Compute_Similarity, reverting to Python
12880.4s 2609 Similarity column 6969 (100.0%), 738.57 column/sec. Elapsed time 9.44 sec
12880.6s 2610 EvaluatorHoldout: Ignoring 29 ( 0.1%) Users that have less than 1 test interactions
12894.5s 2611 EvaluatorHoldout: Processed 27066 (100.0%) in 13.99 sec. Users per second: 1935
12894.9s 2612 Unable to load Cython Compute_Similarity, reverting to Python
12904.3s 2613 Similarity column 6969 (100.0%), 724.94 column/sec. Elapsed time 9.61 sec
12904.5s 2614 EvaluatorHoldout: Ignoring 40 ( 0.1%) Users that have less than 1 test interactions
12918.3s 2615 EvaluatorHoldout: Processed 27055 (100.0%) in 13.93 sec. Users per second: 1943
12918.8s 2616 Unable to load Cython Compute_Similarity, reverting to Python
12927.7s 2617 Similarity column 6969 (100.0%), 770.70 column/sec. Elapsed time 9.04 sec
12927.8s 2618 EvaluatorHoldout: Ignoring 31 ( 0.1%) Users that have less than 1 test interactions
12941.6s 2619 EvaluatorHoldout: Processed 27064 (100.0%) in 13.96 sec. Users per second: 1939
12942.1s 2620 Unable to load Cython Compute_Similarity, reverting to Python
12951.2s 2621 Similarity column 6969 (100.0%), 744.99 column/sec. Elapsed time 9.35 sec
12951.4s 2622 EvaluatorHoldout: Ignoring 31 ( 0.1%) Users that have less than 1 test interactions
12965.3s 2623 EvaluatorHoldout: Processed 27064 (100.0%) in 13.90 sec. Users per second: 1947
12965.3s 2624 [I 2025-12-08 00:18:18,995] Trial 107 finished with value: 0.25269822913948065 and parameters: {'topK': 7, 'shrink': 106, 'tversky_alpha': 0.22493745459716757, 'tversky_beta': 1.797007004791792}. Best is trial 102 with value: 0.25280194006556533.
12965.3s 2625 
12965.3s 2626 [I 2025-12-08 00:18:18,995] Trial 107 finished with value: 0.25269822913948065 and parameters: {'topK': 7, 'shrink': 106, 'tversky_alpha': 0.22493745459716757, 'tversky_beta': 1.797007004791792}. Best is trial 102 with value: 0.25280194006556533.
12965.4s 2627 [0.25291941248625616, 0.25250319573081076, 0.2521528257902482, 0.25319640151231904, 0.25271931017776883]
12965.7s 2628 Unable to load Cython Compute_Similarity, reverting to Python
12974.9s 2629 Similarity column 6969 (100.0%), 742.65 column/sec. Elapsed time 9.38 sec
12975.1s 2630 EvaluatorHoldout: Ignoring 31 ( 0.1%) Users that have less than 1 test interactions
12988.7s 2631 EvaluatorHoldout: Processed 27064 (100.0%) in 13.77 sec. Users per second: 1965
12989.2s 2632 Unable to load Cython Compute_Similarity, reverting to Python
12998.7s 2633 Similarity column 6969 (100.0%), 724.36 column/sec. Elapsed time 9.62 sec
12998.8s 2634 EvaluatorHoldout: Ignoring 29 ( 0.1%) Users that have less than 1 test interactions
13012.6s 2635 EvaluatorHoldout: Processed 27066 (100.0%) in 14.01 sec. Users per second: 1932
13013.1s 2636 Unable to load Cython Compute_Similarity, reverting to Python
13022.4s 2637 Similarity column 6969 (100.0%), 735.02 column/sec. Elapsed time 9.48 sec
13022.6s 2638 EvaluatorHoldout: Ignoring 40 ( 0.1%) Users that have less than 1 test interactions
13036.4s 2639 EvaluatorHoldout: Processed 27055 (100.0%) in 13.85 sec. Users per second: 1953
13036.8s 2640 Unable to load Cython Compute_Similarity, reverting to Python
13045.7s 2641 Similarity column 6969 (100.0%), 764.50 column/sec. Elapsed time 9.12 sec
13045.9s 2642 EvaluatorHoldout: Ignoring 31 ( 0.1%) Users that have less than 1 test interactions
13059.8s 2643 EvaluatorHoldout: Processed 27064 (100.0%) in 14.07 sec. Users per second: 1924
13060.3s 2644 Unable to load Cython Compute_Similarity, reverting to Python
13069.4s 2645 Similarity column 6969 (100.0%), 762.35 column/sec. Elapsed time 9.14 sec
13069.4s 2646 EvaluatorHoldout: Ignoring 31 ( 0.1%) Users that have less than 1 test interactions
13083.1s 2647 EvaluatorHoldout: Processed 27064 (100.0%) in 13.83 sec. Users per second: 1957
13083.1s 2648 [I 2025-12-08 00:20:16,913] Trial 108 finished with value: 0.2523358742862856 and parameters: {'topK': 6, 'shrink': 106, 'tversky_alpha': 0.22672758264555087, 'tversky_beta': 1.7983451585019392}. Best is trial 102 with value: 0.25280194006556533.
13083.1s 2649 
