3445.7s 706 [I 2025-12-07 21:39:39,490] Trial 27 finished with value: 0.2506472849751443 and parameters: {'topK': 6, 'shrink': 273, 'tversky_alpha': 0.1379221485585259, 'tversky_beta': 1.7202859985145535}. Best is trial 22 with value: 0.25244727226048275.
3445.9s 707 [0.25125615316466654, 0.2507345652544113, 0.2493482623804917, 0.2516411645992467, 0.2502562794769055]
3446.2s 708 Unable to load Cython Compute_Similarity, reverting to Python
3456.0s 709 Similarity column 6969 (100.0%), 699.96 column/sec. Elapsed time 9.96 sec
3456.2s 710 EvaluatorHoldout: Ignoring 31 ( 0.1%) Users that have less than 1 test interactions
3470.0s 711 EvaluatorHoldout: Processed 27064 (100.0%) in 14.02 sec. Users per second: 1930
3470.5s 712 Unable to load Cython Compute_Similarity, reverting to Python
3480.3s 713 Similarity column 6969 (100.0%), 697.65 column/sec. Elapsed time 9.99 sec
3480.5s 714 EvaluatorHoldout: Ignoring 29 ( 0.1%) Users that have less than 1 test interactions
3494.6s 715 EvaluatorHoldout: Processed 27066 (100.0%) in 14.24 sec. Users per second: 1901
3495.1s 716 Unable to load Cython Compute_Similarity, reverting to Python
3504.8s 717 Similarity column 6969 (100.0%), 707.53 column/sec. Elapsed time 9.85 sec
3504.9s 718 EvaluatorHoldout: Ignoring 40 ( 0.1%) Users that have less than 1 test interactions
3518.9s 719 EvaluatorHoldout: Processed 27055 (100.0%) in 14.14 sec. Users per second: 1913
3519.4s 720 Unable to load Cython Compute_Similarity, reverting to Python
3528.8s 721 Similarity column 6969 (100.0%), 724.74 column/sec. Elapsed time 9.62 sec
3529.0s 722 EvaluatorHoldout: Ignoring 31 ( 0.1%) Users that have less than 1 test interactions
3543.1s 723 EvaluatorHoldout: Processed 27064 (100.0%) in 14.19 sec. Users per second: 1907
3543.5s 724 Unable to load Cython Compute_Similarity, reverting to Python
3553.2s 725 Similarity column 6969 (100.0%), 707.93 column/sec. Elapsed time 9.84 sec
3553.4s 726 EvaluatorHoldout: Ignoring 31 ( 0.1%) Users that have less than 1 test interactions
3567.3s 727 EvaluatorHoldout: Processed 27064 (100.0%) in 14.10 sec. Users per second: 1919
3567.3s 728 [I 2025-12-07 21:41:41,129] Trial 28 finished with value: 0.2509739769876194 and parameters: {'topK': 10, 'shrink': 212, 'tversky_alpha': 0.1002173218129115, 'tversky_beta': 1.7236092408159875}. Best is trial 22 with value: 0.25244727226048275.
3567.3s 729 
3567.3s 730 [I 2025-12-07 21:41:41,129] Trial 28 finished with value: 0.2509739769876194 and parameters: {'topK': 10, 'shrink': 212, 'tversky_alpha': 0.1002173218129115, 'tversky_beta': 1.7236092408159875}. Best is trial 22 with value: 0.25244727226048275.
3567.5s 731 [0.2507690207522876, 0.25083297772467483, 0.25066734145346814, 0.25157224289861224, 0.25102830210905425]
3567.8s 732 Unable to load Cython Compute_Similarity, reverting to Python
3577.3s 733 Similarity column 6969 (100.0%), 725.07 column/sec. Elapsed time 9.61 sec
3577.5s 734 EvaluatorHoldout: Ignoring 31 ( 0.1%) Users that have less than 1 test interactions
3591.2s 735 EvaluatorHoldout: Processed 27064 (100.0%) in 13.88 sec. Users per second: 1950
3591.7s 736 Unable to load Cython Compute_Similarity, reverting to Python
3601.3s 737 Similarity column 6969 (100.0%), 712.03 column/sec. Elapsed time 9.79 sec
3601.5s 738 EvaluatorHoldout: Ignoring 29 ( 0.1%) Users that have less than 1 test interactions
3615.2s 739 EvaluatorHoldout: Processed 27066 (100.0%) in 13.88 sec. Users per second: 1950
3615.7s 740 Unable to load Cython Compute_Similarity, reverting to Python
3625.2s 741 Similarity column 6969 (100.0%), 712.90 column/sec. Elapsed time 9.78 sec
3625.5s 742 EvaluatorHoldout: Ignoring 40 ( 0.1%) Users that have less than 1 test interactions
3639.1s 743 EvaluatorHoldout: Processed 27055 (100.0%) in 13.80 sec. Users per second: 1961
3639.6s 744 Unable to load Cython Compute_Similarity, reverting to Python
3649.2s 745 Similarity column 6969 (100.0%), 710.34 column/sec. Elapsed time 9.81 sec
3649.4s 746 EvaluatorHoldout: Ignoring 31 ( 0.1%) Users that have less than 1 test interactions
3663.3s 747 EvaluatorHoldout: Processed 27064 (100.0%) in 14.10 sec. Users per second: 1919
3663.8s 748 Unable to load Cython Compute_Similarity, reverting to Python
3673.6s 749 Similarity column 6969 (100.0%), 700.33 column/sec. Elapsed time 9.95 sec
3673.8s 750 EvaluatorHoldout: Ignoring 31 ( 0.1%) Users that have less than 1 test interactions
3687.9s 751 EvaluatorHoldout: Processed 27064 (100.0%) in 14.30 sec. Users per second: 1892
3687.9s 752 [I 2025-12-07 21:43:41,716] Trial 29 finished with value: 0.24984832509169688 and parameters: {'topK': 5, 'shrink': 226, 'tversky_alpha': 0.17716236370806954, 'tversky_beta': 1.7719766342497196}. Best is trial 22 with value: 0.25244727226048275.
3687.9s 753 
3687.9s 754 [I 2025-12-07 21:43:41,716] Trial 29 finished with value: 0.24984832509169688 and parameters: {'topK': 5, 'shrink': 226, 'tversky_alpha': 0.17716236370806954, 'tversky_beta': 1.7719766342497196}. Best is trial 22 with value: 0.25244727226048275.
3688.1s 755 [0.2495008291592776, 0.24959172326063955, 0.24932083017686396, 0.25065366894201874, 0.2501745739196845]
3688.4s 756 Unable to load Cython Compute_Similarity, reverting to Python
3698.5s 757 Similarity column 6969 (100.0%), 680.81 column/sec. Elapsed time 10.24 sec
3698.7s 758 EvaluatorHoldout: Ignoring 31 ( 0.1%) Users that have less than 1 test interactions
3712.4s 759 EvaluatorHoldout: Processed 27064 (100.0%) in 13.92 sec. Users per second: 1944
3712.9s 760 Unable to load Cython Compute_Similarity, reverting to Python
3722.9s 761 Similarity column 6969 (100.0%), 685.03 column/sec. Elapsed time 10.17 sec
3723.1s 762 EvaluatorHoldout: Ignoring 29 ( 0.1%) Users that have less than 1 test interactions
3736.8s 763 EvaluatorHoldout: Processed 27066 (100.0%) in 13.92 sec. Users per second: 1944
3737.3s 764 Unable to load Cython Compute_Similarity, reverting to Python
3747.3s 765 Similarity column 6969 (100.0%), 685.98 column/sec. Elapsed time 10.16 sec
3747.5s 766 EvaluatorHoldout: Ignoring 40 ( 0.1%) Users that have less than 1 test interactions
3761.4s 767 EvaluatorHoldout: Processed 27055 (100.0%) in 13.99 sec. Users per second: 1933
3761.8s 768 Unable to load Cython Compute_Similarity, reverting to Python
3771.4s 769 Similarity column 6969 (100.0%), 710.77 column/sec. Elapsed time 9.80 sec
3771.6s 770 EvaluatorHoldout: Ignoring 31 ( 0.1%) Users that have less than 1 test interactions
3785.5s 771 EvaluatorHoldout: Processed 27064 (100.0%) in 14.01 sec. Users per second: 1932
3786.0s 772 Unable to load Cython Compute_Similarity, reverting to Python
3795.8s 773 Similarity column 6969 (100.0%), 694.79 column/sec. Elapsed time 10.03 sec
3796.0s 774 EvaluatorHoldout: Ignoring 31 ( 0.1%) Users that have less than 1 test interactions
3809.6s 775 EvaluatorHoldout: Processed 27064 (100.0%) in 13.79 sec. Users per second: 1962
3809.6s 776 [I 2025-12-07 21:45:43,440] Trial 30 finished with value: 0.2509161946826811 and parameters: {'topK': 6, 'shrink': 168, 'tversky_alpha': 0.12330609633660186, 'tversky_beta': 1.73334775886994}. Best is trial 22 with value: 0.25244727226048275.
3809.6s 777 
3809.6s 778 [I 2025-12-07 21:45:43,440] Trial 30 finished with value: 0.2509161946826811 and parameters: {'topK': 6, 'shrink': 168, 'tversky_alpha': 0.12330609633660186, 'tversky_beta': 1.73334775886994}. Best is trial 22 with value: 0.25244727226048275.
3809.8s 779 [0.25171324934658545, 0.25084700220000233, 0.24996651099982478, 0.25117195870927267, 0.2508822521577204]
3810.2s 780 Unable to load Cython Compute_Similarity, reverting to Python
3819.9s 781 Similarity column 6969 (100.0%), 698.16 column/sec. Elapsed time 9.98 sec
3820.1s 782 EvaluatorHoldout: Ignoring 31 ( 0.1%) Users that have less than 1 test interactions
3834.0s 783 EvaluatorHoldout: Processed 27064 (100.0%) in 13.95 sec. Users per second: 1940
3834.4s 784 Unable to load Cython Compute_Similarity, reverting to Python
3844.1s 785 Similarity column 6969 (100.0%), 707.41 column/sec. Elapsed time 9.85 sec
3844.3s 786 EvaluatorHoldout: Ignoring 29 ( 0.1%) Users that have less than 1 test interactions
3858.4s 787 EvaluatorHoldout: Processed 27066 (100.0%) in 14.34 sec. Users per second: 1887
3858.9s 788 Unable to load Cython Compute_Similarity, reverting to Python
3868.8s 789 Similarity column 6969 (100.0%), 695.77 column/sec. Elapsed time 10.02 sec
3868.9s 790 EvaluatorHoldout: Ignoring 40 ( 0.1%) Users that have less than 1 test interactions
3882.7s 791 EvaluatorHoldout: Processed 27055 (100.0%) in 13.95 sec. Users per second: 1939
3883.2s 792 Unable to load Cython Compute_Similarity, reverting to Python
3892.4s 793 Similarity column 6969 (100.0%), 742.30 column/sec. Elapsed time 9.39 sec
3892.6s 794 EvaluatorHoldout: Ignoring 31 ( 0.1%) Users that have less than 1 test interactions
3906.6s 795 EvaluatorHoldout: Processed 27064 (100.0%) in 14.12 sec. Users per second: 1916
3907.1s 796 Unable to load Cython Compute_Similarity, reverting to Python
3916.5s 797 Similarity column 6969 (100.0%), 726.84 column/sec. Elapsed time 9.59 sec
3916.7s 798 EvaluatorHoldout: Ignoring 31 ( 0.1%) Users that have less than 1 test interactions
3930.7s 799 EvaluatorHoldout: Processed 27064 (100.0%) in 14.17 sec. Users per second: 1910
3930.7s 800 [I 2025-12-07 21:47:44,477] Trial 31 finished with value: 0.25256691457746683 and parameters: {'topK': 8, 'shrink': 100, 'tversky_alpha': 0.14164995660774482, 'tversky_beta': 1.7759401864567728}. Best is trial 31 with value: 0.25256691457746683.
3930.7s 801 
3930.7s 802 [I 2025-12-07 21:47:44,477] Trial 31 finished with value: 0.25256691457746683 and parameters: {'topK': 8, 'shrink': 100, 'tversky_alpha': 0.14164995660774482, 'tversky_beta': 1.7759401864567728}. Best is trial 31 with value: 0.25256691457746683.
3930.9s 803 [0.25266429615196434, 0.2529743887004873, 0.2516630577532224, 0.2522455210342174, 0.25328730924744275]
3931.2s 804 Unable to load Cython Compute_Similarity, reverting to Python
3940.8s 805 Similarity column 6969 (100.0%), 713.87 column/sec. Elapsed time 9.76 sec
3940.9s 806 EvaluatorHoldout: Ignoring 31 ( 0.1%) Users that have less than 1 test interactions
3954.9s 807 EvaluatorHoldout: Processed 27064 (100.0%) in 14.08 sec. Users per second: 1922
3955.4s 808 Unable to load Cython Compute_Similarity, reverting to Python
3964.8s 809 Similarity column 6969 (100.0%), 724.52 column/sec. Elapsed time 9.62 sec
3965.0s 810 EvaluatorHoldout: Ignoring 29 ( 0.1%) Users that have less than 1 test interactions
3979.0s 811 EvaluatorHoldout: Processed 27066 (100.0%) in 14.19 sec. Users per second: 1907
3979.5s 812 Unable to load Cython Compute_Similarity, reverting to Python
3989.1s 813 Similarity column 6969 (100.0%), 712.75 column/sec. Elapsed time 9.78 sec
3989.3s 814 EvaluatorHoldout: Ignoring 40 ( 0.1%) Users that have less than 1 test interactions
4003.2s 815 EvaluatorHoldout: Processed 27055 (100.0%) in 14.08 sec. Users per second: 1922
4003.7s 816 Unable to load Cython Compute_Similarity, reverting to Python
4012.7s 817 Similarity column 6969 (100.0%), 756.84 column/sec. Elapsed time 9.21 sec
4012.9s 818 EvaluatorHoldout: Ignoring 31 ( 0.1%) Users that have less than 1 test interactions
4026.7s 819 EvaluatorHoldout: Processed 27064 (100.0%) in 14.01 sec. Users per second: 1931
4027.2s 820 Unable to load Cython Compute_Similarity, reverting to Python
4036.2s 821 Similarity column 6969 (100.0%), 757.16 column/sec. Elapsed time 9.20 sec
4036.4s 822 EvaluatorHoldout: Ignoring 31 ( 0.1%) Users that have less than 1 test interactions
4050.4s 823 EvaluatorHoldout: Processed 27064 (100.0%) in 14.07 sec. Users per second: 1923
4050.4s 824 [I 2025-12-07 21:49:44,170] Trial 32 finished with value: 0.2487921431075773 and parameters: {'topK': 8, 'shrink': 116, 'tversky_alpha': 0.3920541566602186, 'tversky_beta': 1.7789773448344774}. Best is trial 31 with value: 0.25256691457746683.
4050.4s 825 
4050.4s 826 [I 2025-12-07 21:49:44,170] Trial 32 finished with value: 0.2487921431075773 and parameters: {'topK': 8, 'shrink': 116, 'tversky_alpha': 0.3920541566602186, 'tversky_beta': 1.7789773448344774}. Best is trial 31 with value: 0.25256691457746683.
4050.5s 827 [0.24994410530185365, 0.24849504756097057, 0.24782445650081017, 0.24922170395561333, 0.24847540221863856]
4050.9s 828 Unable to load Cython Compute_Similarity, reverting to Python
4060.1s 829 Similarity column 6969 (100.0%), 739.23 column/sec. Elapsed time 9.43 sec
4060.3s 830 EvaluatorHoldout: Ignoring 31 ( 0.1%) Users that have less than 1 test interactions
4074.1s 831 EvaluatorHoldout: Processed 27064 (100.0%) in 13.92 sec. Users per second: 1944
4074.6s 832 Unable to load Cython Compute_Similarity, reverting to Python
4084.2s 833 Similarity column 6969 (100.0%), 709.74 column/sec. Elapsed time 9.82 sec
4084.4s 834 EvaluatorHoldout: Ignoring 29 ( 0.1%) Users that have less than 1 test interactions
4098.1s 835 EvaluatorHoldout: Processed 27066 (100.0%) in 13.91 sec. Users per second: 1946
4098.6s 836 Unable to load Cython Compute_Similarity, reverting to Python
4108.1s 837 Similarity column 6969 (100.0%), 720.12 column/sec. Elapsed time 9.68 sec
4108.3s 838 EvaluatorHoldout: Ignoring 40 ( 0.1%) Users that have less than 1 test interactions
4122.3s 839 EvaluatorHoldout: Processed 27055 (100.0%) in 14.12 sec. Users per second: 1916
4122.7s 840 Unable to load Cython Compute_Similarity, reverting to Python
4131.7s 841 Similarity column 6969 (100.0%), 761.47 column/sec. Elapsed time 9.15 sec
4131.9s 842 EvaluatorHoldout: Ignoring 31 ( 0.1%) Users that have less than 1 test interactions
4145.6s 843 EvaluatorHoldout: Processed 27064 (100.0%) in 13.90 sec. Users per second: 1946
4146.1s 844 Unable to load Cython Compute_Similarity, reverting to Python
4155.3s 845 Similarity column 6969 (100.0%), 745.96 column/sec. Elapsed time 9.34 sec
4155.5s 846 EvaluatorHoldout: Ignoring 31 ( 0.1%) Users that have less than 1 test interactions
4169.4s 847 EvaluatorHoldout: Processed 27064 (100.0%) in 14.13 sec. Users per second: 1915
4169.4s 848 [I 2025-12-07 21:51:43,230] Trial 33 finished with value: 0.2524252642055096 and parameters: {'topK': 8, 'shrink': 112, 'tversky_alpha': 0.14863024440240585, 'tversky_beta': 1.6920598060722607}. Best is trial 31 with value: 0.25256691457746683.
4169.4s 849 
4169.4s 850 [I 2025-12-07 21:51:43,230] Trial 33 finished with value: 0.2524252642055096 and parameters: {'topK': 8, 'shrink': 112, 'tversky_alpha': 0.14863024440240585, 'tversky_beta': 1.6920598060722607}. Best is trial 31 with value: 0.25256691457746683.
4169.6s 851 [0.2523777399593412, 0.25245309764479706, 0.25175182191615, 0.2524207352065051, 0.2531229263007545]
4169.9s 852 Unable to load Cython Compute_Similarity, reverting to Python
4179.2s 853 Similarity column 6969 (100.0%), 736.57 column/sec. Elapsed time 9.46 sec
4179.4s 854 EvaluatorHoldout: Ignoring 31 ( 0.1%) Users that have less than 1 test interactions
4193.2s 855 EvaluatorHoldout: Processed 27064 (100.0%) in 13.90 sec. Users per second: 1947
4193.6s 856 Unable to load Cython Compute_Similarity, reverting to Python
4203.1s 857 Similarity column 6969 (100.0%), 717.72 column/sec. Elapsed time 9.71 sec
4203.3s 858 EvaluatorHoldout: Ignoring 29 ( 0.1%) Users that have less than 1 test interactions
4217.4s 859 EvaluatorHoldout: Processed 27066 (100.0%) in 14.20 sec. Users per second: 1905
4217.9s 860 Unable to load Cython Compute_Similarity, reverting to Python
4227.1s 861 Similarity column 6969 (100.0%), 742.59 column/sec. Elapsed time 9.38 sec
4227.2s 862 EvaluatorHoldout: Ignoring 40 ( 0.1%) Users that have less than 1 test interactions
4241.0s 863 EvaluatorHoldout: Processed 27055 (100.0%) in 13.95 sec. Users per second: 1939
4241.5s 864 Unable to load Cython Compute_Similarity, reverting to Python
4250.8s 865 Similarity column 6969 (100.0%), 732.72 column/sec. Elapsed time 9.51 sec
4251.0s 866 EvaluatorHoldout: Ignoring 31 ( 0.1%) Users that have less than 1 test interactions
4264.8s 867 EvaluatorHoldout: Processed 27064 (100.0%) in 13.92 sec. Users per second: 1944
4265.3s 868 Unable to load Cython Compute_Similarity, reverting to Python
4274.5s 869 Similarity column 6969 (100.0%), 744.33 column/sec. Elapsed time 9.36 sec
4274.7s 870 EvaluatorHoldout: Ignoring 31 ( 0.1%) Users that have less than 1 test interactions
4288.4s 871 EvaluatorHoldout: Processed 27064 (100.0%) in 13.94 sec. Users per second: 1941
4288.4s 872 [I 2025-12-07 21:53:42,246] Trial 34 finished with value: 0.2522886159779661 and parameters: {'topK': 8, 'shrink': 133, 'tversky_alpha': 0.149759610205229, 'tversky_beta': 1.7490566719041605}. Best is trial 31 with value: 0.25256691457746683.
4288.4s 873 
4288.4s 874 [I 2025-12-07 21:53:42,246] Trial 34 finished with value: 0.2522886159779661 and parameters: {'topK': 8, 'shrink': 133, 'tversky_alpha': 0.149759610205229, 'tversky_beta': 1.7490566719041605}. Best is trial 31 with value: 0.25256691457746683.
4288.6s 875 [0.2520627194181153, 0.2523709690352349, 0.25157562643586795, 0.2522136381584777, 0.2532201268421345]
4289.0s 876 Unable to load Cython Compute_Similarity, reverting to Python
4298.4s 877 Similarity column 6969 (100.0%), 725.59 column/sec. Elapsed time 9.60 sec
4298.6s 878 EvaluatorHoldout: Ignoring 31 ( 0.1%) Users that have less than 1 test interactions
4312.4s 879 EvaluatorHoldout: Processed 27064 (100.0%) in 13.98 sec. Users per second: 1936
4312.9s 880 Unable to load Cython Compute_Similarity, reverting to Python
4322.4s 881 Similarity column 6969 (100.0%), 716.00 column/sec. Elapsed time 9.73 sec
4322.6s 882 EvaluatorHoldout: Ignoring 29 ( 0.1%) Users that have less than 1 test interactions
4336.7s 883 EvaluatorHoldout: Processed 27066 (100.0%) in 14.23 sec. Users per second: 1902
4337.1s 884 Unable to load Cython Compute_Similarity, reverting to Python
4346.6s 885 Similarity column 6969 (100.0%), 724.62 column/sec. Elapsed time 9.62 sec
4346.8s 886 EvaluatorHoldout: Ignoring 40 ( 0.1%) Users that have less than 1 test interactions
4360.7s 887 EvaluatorHoldout: Processed 27055 (100.0%) in 14.12 sec. Users per second: 1916
4361.2s 888 Unable to load Cython Compute_Similarity, reverting to Python
4370.2s 889 Similarity column 6969 (100.0%), 759.72 column/sec. Elapsed time 9.17 sec
4370.4s 890 EvaluatorHoldout: Ignoring 31 ( 0.1%) Users that have less than 1 test interactions
4384.2s 891 EvaluatorHoldout: Processed 27064 (100.0%) in 13.95 sec. Users per second: 1940
4384.7s 892 Unable to load Cython Compute_Similarity, reverting to Python
4393.8s 893 Similarity column 6969 (100.0%), 747.54 column/sec. Elapsed time 9.32 sec
4394.0s 894 EvaluatorHoldout: Ignoring 31 ( 0.1%) Users that have less than 1 test interactions
4408.1s 895 EvaluatorHoldout: Processed 27064 (100.0%) in 14.24 sec. Users per second: 1901
4408.1s 896 [I 2025-12-07 21:55:41,874] Trial 35 finished with value: 0.2519770819045756 and parameters: {'topK': 10, 'shrink': 114, 'tversky_alpha': 0.17852202972378, 'tversky_beta': 1.6839845641720028}. Best is trial 31 with value: 0.25256691457746683.
4408.1s 897 
4408.1s 898 [I 2025-12-07 21:55:41,874] Trial 35 finished with value: 0.2519770819045756 and parameters: {'topK': 10, 'shrink': 114, 'tversky_alpha': 0.17852202972378, 'tversky_beta': 1.6839845641720028}. Best is trial 31 with value: 0.25256691457746683.
4408.3s 899 [0.2523250365949018, 0.2518400489396111, 0.25127552712875734, 0.25236226260738437, 0.25208253425222343]
4408.6s 900 Unable to load Cython Compute_Similarity, reverting to Python
4417.8s 901 Similarity column 6969 (100.0%), 740.39 column/sec. Elapsed time 9.41 sec
4418.0s 902 EvaluatorHoldout: Ignoring 31 ( 0.1%) Users that have less than 1 test interactions
4432.0s 903 EvaluatorHoldout: Processed 27064 (100.0%) in 14.16 sec. Users per second: 1912
4432.5s 904 Unable to load Cython Compute_Similarity, reverting to Python
4442.0s 905 Similarity column 6969 (100.0%), 719.35 column/sec. Elapsed time 9.69 sec
4442.2s 906 EvaluatorHoldout: Ignoring 29 ( 0.1%) Users that have less than 1 test interactions
4456.2s 907 EvaluatorHoldout: Processed 27066 (100.0%) in 14.24 sec. Users per second: 1901
4456.7s 908 Unable to load Cython Compute_Similarity, reverting to Python
4465.7s 909 Similarity column 6969 (100.0%), 756.15 column/sec. Elapsed time 9.22 sec
4465.9s 910 EvaluatorHoldout: Ignoring 40 ( 0.1%) Users that have less than 1 test interactions
4479.9s 911 EvaluatorHoldout: Processed 27055 (100.0%) in 14.08 sec. Users per second: 1921
4480.3s 912 Unable to load Cython Compute_Similarity, reverting to Python
4489.4s 913 Similarity column 6969 (100.0%), 755.78 column/sec. Elapsed time 9.22 sec
4489.6s 914 EvaluatorHoldout: Ignoring 31 ( 0.1%) Users that have less than 1 test interactions
4503.6s 915 EvaluatorHoldout: Processed 27064 (100.0%) in 14.17 sec. Users per second: 1909
4504.0s 916 Unable to load Cython Compute_Similarity, reverting to Python
4513.3s 917 Similarity column 6969 (100.0%), 741.83 column/sec. Elapsed time 9.39 sec
4513.4s 918 EvaluatorHoldout: Ignoring 31 ( 0.1%) Users that have less than 1 test interactions
4527.4s 919 EvaluatorHoldout: Processed 27064 (100.0%) in 14.16 sec. Users per second: 1911
4527.4s 920 [I 2025-12-07 21:57:41,251] Trial 36 finished with value: 0.24647852843535994 and parameters: {'topK': 11, 'shrink': 114, 'tversky_alpha': 0.3257103935011082, 'tversky_beta': 1.6350149544378827}. Best is trial 31 with value: 0.25256691457746683.
4527.4s 921 
