1257.3s 274 [I 2025-12-07 21:03:11,126] Trial 9 finished with value: 0.2512991720567013 and parameters: {'topK': 11, 'shrink': 129, 'tversky_alpha': 0.16490086356835387, 'tversky_beta': 1.7557844077959175}. Best is trial 6 with value: 0.2517557236153739.
1257.5s 275 [0.2515506100012245, 0.2506095691945822, 0.2509590531822304, 0.25165105544900207, 0.2517255724564674]
1257.8s 276 Unable to load Cython Compute_Similarity, reverting to Python
1267.1s 277 Similarity column 6969 (100.0%), 732.88 column/sec. Elapsed time 9.51 sec
1267.3s 278 EvaluatorHoldout: Ignoring 31 ( 0.1%) Users that have less than 1 test interactions
1281.5s 279 EvaluatorHoldout: Processed 27064 (100.0%) in 14.33 sec. Users per second: 1888
1282.0s 280 Unable to load Cython Compute_Similarity, reverting to Python
1291.7s 281 Similarity column 6969 (100.0%), 705.45 column/sec. Elapsed time 9.88 sec
1291.9s 282 EvaluatorHoldout: Ignoring 29 ( 0.1%) Users that have less than 1 test interactions
1306.3s 283 EvaluatorHoldout: Processed 27066 (100.0%) in 14.60 sec. Users per second: 1854
1306.8s 284 Unable to load Cython Compute_Similarity, reverting to Python
1316.6s 285 Similarity column 6969 (100.0%), 696.20 column/sec. Elapsed time 10.01 sec
1316.8s 286 EvaluatorHoldout: Ignoring 40 ( 0.1%) Users that have less than 1 test interactions
1331.2s 287 EvaluatorHoldout: Processed 27055 (100.0%) in 14.58 sec. Users per second: 1856
1331.7s 288 Unable to load Cython Compute_Similarity, reverting to Python
1341.3s 289 Similarity column 6969 (100.0%), 710.09 column/sec. Elapsed time 9.81 sec
1341.5s 290 EvaluatorHoldout: Ignoring 31 ( 0.1%) Users that have less than 1 test interactions
1355.8s 291 EvaluatorHoldout: Processed 27064 (100.0%) in 14.41 sec. Users per second: 1879
1356.3s 292 Unable to load Cython Compute_Similarity, reverting to Python
1366.2s 293 Similarity column 6969 (100.0%), 686.78 column/sec. Elapsed time 10.15 sec
1366.4s 294 EvaluatorHoldout: Ignoring 31 ( 0.1%) Users that have less than 1 test interactions
1380.6s 295 EvaluatorHoldout: Processed 27064 (100.0%) in 14.36 sec. Users per second: 1885
1380.6s 296 [I 2025-12-07 21:05:14,436] Trial 10 finished with value: 0.2389946846220695 and parameters: {'topK': 15, 'shrink': 187, 'tversky_alpha': 0.2904609631732055, 'tversky_beta': 1.4025664523868049}. Best is trial 6 with value: 0.2517557236153739.
1380.6s 297 
1380.6s 298 [I 2025-12-07 21:05:14,436] Trial 10 finished with value: 0.2389946846220695 and parameters: {'topK': 15, 'shrink': 187, 'tversky_alpha': 0.2904609631732055, 'tversky_beta': 1.4025664523868049}. Best is trial 6 with value: 0.2517557236153739.
1380.8s 299 [0.2388265643370978, 0.23891092334812322, 0.23814832696693863, 0.23968945885257412, 0.23939814960561376]
1381.1s 300 Unable to load Cython Compute_Similarity, reverting to Python
1390.3s 301 Similarity column 6969 (100.0%), 748.27 column/sec. Elapsed time 9.31 sec
1390.5s 302 EvaluatorHoldout: Ignoring 31 ( 0.1%) Users that have less than 1 test interactions
1404.3s 303 EvaluatorHoldout: Processed 27064 (100.0%) in 13.98 sec. Users per second: 1936
1404.8s 304 Unable to load Cython Compute_Similarity, reverting to Python
1414.2s 305 Similarity column 6969 (100.0%), 722.01 column/sec. Elapsed time 9.65 sec
1414.4s 306 EvaluatorHoldout: Ignoring 29 ( 0.1%) Users that have less than 1 test interactions
1428.2s 307 EvaluatorHoldout: Processed 27066 (100.0%) in 13.90 sec. Users per second: 1947
1428.6s 308 Unable to load Cython Compute_Similarity, reverting to Python
1438.1s 309 Similarity column 6969 (100.0%), 722.47 column/sec. Elapsed time 9.65 sec
1438.3s 310 EvaluatorHoldout: Ignoring 40 ( 0.1%) Users that have less than 1 test interactions
1452.0s 311 EvaluatorHoldout: Processed 27055 (100.0%) in 13.86 sec. Users per second: 1953
1452.5s 312 Unable to load Cython Compute_Similarity, reverting to Python
1462.2s 313 Similarity column 6969 (100.0%), 700.45 column/sec. Elapsed time 9.95 sec
1462.4s 314 EvaluatorHoldout: Ignoring 31 ( 0.1%) Users that have less than 1 test interactions
1476.3s 315 EvaluatorHoldout: Processed 27064 (100.0%) in 14.01 sec. Users per second: 1931
1476.8s 316 Unable to load Cython Compute_Similarity, reverting to Python
1486.0s 317 Similarity column 6969 (100.0%), 739.28 column/sec. Elapsed time 9.43 sec
1486.2s 318 EvaluatorHoldout: Ignoring 31 ( 0.1%) Users that have less than 1 test interactions
1499.8s 319 EvaluatorHoldout: Processed 27064 (100.0%) in 13.79 sec. Users per second: 1962
1499.8s 320 [I 2025-12-07 21:07:13,633] Trial 11 finished with value: 0.25152403379823557 and parameters: {'topK': 7, 'shrink': 136, 'tversky_alpha': 0.10642232327555672, 'tversky_beta': 1.6646427357271159}. Best is trial 6 with value: 0.2517557236153739.
1499.8s 321 
1499.8s 322 [I 2025-12-07 21:07:13,633] Trial 11 finished with value: 0.25152403379823557 and parameters: {'topK': 7, 'shrink': 136, 'tversky_alpha': 0.10642232327555672, 'tversky_beta': 1.6646427357271159}. Best is trial 6 with value: 0.2517557236153739.
1500.0s 323 [0.2521487957735321, 0.2512465115066465, 0.2510082260593205, 0.25202512832487084, 0.2511915073268078]
1500.3s 324 Unable to load Cython Compute_Similarity, reverting to Python
1509.5s 325 Similarity column 6969 (100.0%), 745.42 column/sec. Elapsed time 9.35 sec
1509.7s 326 EvaluatorHoldout: Ignoring 31 ( 0.1%) Users that have less than 1 test interactions
1523.4s 327 EvaluatorHoldout: Processed 27064 (100.0%) in 13.89 sec. Users per second: 1948
1523.9s 328 Unable to load Cython Compute_Similarity, reverting to Python
1534.0s 329 Similarity column 6969 (100.0%), 680.00 column/sec. Elapsed time 10.25 sec
1534.2s 330 EvaluatorHoldout: Ignoring 29 ( 0.1%) Users that have less than 1 test interactions
1548.0s 331 EvaluatorHoldout: Processed 27066 (100.0%) in 13.98 sec. Users per second: 1937
1548.5s 332 Unable to load Cython Compute_Similarity, reverting to Python
1558.7s 333 Similarity column 6969 (100.0%), 666.99 column/sec. Elapsed time 10.45 sec
1558.9s 334 EvaluatorHoldout: Ignoring 40 ( 0.1%) Users that have less than 1 test interactions
1572.8s 335 EvaluatorHoldout: Processed 27055 (100.0%) in 14.02 sec. Users per second: 1929
1573.3s 336 Unable to load Cython Compute_Similarity, reverting to Python
1583.1s 337 Similarity column 6969 (100.0%), 695.32 column/sec. Elapsed time 10.02 sec
1583.3s 338 EvaluatorHoldout: Ignoring 31 ( 0.1%) Users that have less than 1 test interactions
1597.1s 339 EvaluatorHoldout: Processed 27064 (100.0%) in 13.94 sec. Users per second: 1942
1597.6s 340 Unable to load Cython Compute_Similarity, reverting to Python
1607.3s 341 Similarity column 6969 (100.0%), 705.52 column/sec. Elapsed time 9.88 sec
1607.4s 342 EvaluatorHoldout: Ignoring 31 ( 0.1%) Users that have less than 1 test interactions
1621.1s 343 EvaluatorHoldout: Processed 27064 (100.0%) in 13.82 sec. Users per second: 1958
1621.1s 344 [I 2025-12-07 21:09:14,914] Trial 12 finished with value: 0.25083552766444256 and parameters: {'topK': 6, 'shrink': 155, 'tversky_alpha': 0.11370367262005107, 'tversky_beta': 1.6552827744777483}. Best is trial 6 with value: 0.2517557236153739.
1621.1s 345 
1621.1s 346 [I 2025-12-07 21:09:14,914] Trial 12 finished with value: 0.25083552766444256 and parameters: {'topK': 6, 'shrink': 155, 'tversky_alpha': 0.11370367262005107, 'tversky_beta': 1.6552827744777483}. Best is trial 6 with value: 0.2517557236153739.
1621.3s 347 [0.2516479184652841, 0.2508229796057151, 0.24978530348425165, 0.25125223295803395, 0.2506692038089279]
1621.6s 348 Unable to load Cython Compute_Similarity, reverting to Python
1631.5s 349 Similarity column 6969 (100.0%), 691.34 column/sec. Elapsed time 10.08 sec
1631.7s 350 EvaluatorHoldout: Ignoring 31 ( 0.1%) Users that have less than 1 test interactions
1645.5s 351 EvaluatorHoldout: Processed 27064 (100.0%) in 13.93 sec. Users per second: 1943
1646.0s 352 Unable to load Cython Compute_Similarity, reverting to Python
1656.0s 353 Similarity column 6969 (100.0%), 680.05 column/sec. Elapsed time 10.25 sec
1656.2s 354 EvaluatorHoldout: Ignoring 29 ( 0.1%) Users that have less than 1 test interactions
1670.1s 355 EvaluatorHoldout: Processed 27066 (100.0%) in 14.02 sec. Users per second: 1931
1670.6s 356 Unable to load Cython Compute_Similarity, reverting to Python
1680.4s 357 Similarity column 6969 (100.0%), 693.02 column/sec. Elapsed time 10.06 sec
1680.6s 358 EvaluatorHoldout: Ignoring 40 ( 0.1%) Users that have less than 1 test interactions
1694.4s 359 EvaluatorHoldout: Processed 27055 (100.0%) in 13.99 sec. Users per second: 1933
1694.9s 360 Unable to load Cython Compute_Similarity, reverting to Python
1705.2s 361 Similarity column 6969 (100.0%), 668.63 column/sec. Elapsed time 10.42 sec
1705.4s 362 EvaluatorHoldout: Ignoring 31 ( 0.1%) Users that have less than 1 test interactions
1719.2s 363 EvaluatorHoldout: Processed 27064 (100.0%) in 13.94 sec. Users per second: 1942
1719.6s 364 Unable to load Cython Compute_Similarity, reverting to Python
1729.3s 365 Similarity column 6969 (100.0%), 703.18 column/sec. Elapsed time 9.91 sec
1729.6s 366 EvaluatorHoldout: Ignoring 31 ( 0.1%) Users that have less than 1 test interactions
1743.3s 367 EvaluatorHoldout: Processed 27064 (100.0%) in 13.90 sec. Users per second: 1947
1743.3s 368 [I 2025-12-07 21:11:17,098] Trial 13 finished with value: 0.25210694324368016 and parameters: {'topK': 7, 'shrink': 104, 'tversky_alpha': 0.20820863844789955, 'tversky_beta': 1.5821554402527114}. Best is trial 13 with value: 0.25210694324368016.
1743.3s 369 
1743.3s 370 [I 2025-12-07 21:11:17,098] Trial 13 finished with value: 0.25210694324368016 and parameters: {'topK': 7, 'shrink': 104, 'tversky_alpha': 0.20820863844789955, 'tversky_beta': 1.5821554402527114}. Best is trial 13 with value: 0.25210694324368016.
1743.5s 371 [0.2527768061543846, 0.2516813742870215, 0.25118736283360743, 0.25271231844541986, 0.2521768544979674]
1743.8s 372 Unable to load Cython Compute_Similarity, reverting to Python
1753.9s 373 Similarity column 6969 (100.0%), 679.37 column/sec. Elapsed time 10.26 sec
1754.1s 374 EvaluatorHoldout: Ignoring 31 ( 0.1%) Users that have less than 1 test interactions
1767.9s 375 EvaluatorHoldout: Processed 27064 (100.0%) in 13.95 sec. Users per second: 1940
1768.4s 376 Unable to load Cython Compute_Similarity, reverting to Python
1778.2s 377 Similarity column 6969 (100.0%), 695.56 column/sec. Elapsed time 10.02 sec
1778.4s 378 EvaluatorHoldout: Ignoring 29 ( 0.1%) Users that have less than 1 test interactions
1792.3s 379 EvaluatorHoldout: Processed 27066 (100.0%) in 14.09 sec. Users per second: 1921
1792.8s 380 Unable to load Cython Compute_Similarity, reverting to Python
1802.5s 381 Similarity column 6969 (100.0%), 702.47 column/sec. Elapsed time 9.92 sec
1802.7s 382 EvaluatorHoldout: Ignoring 40 ( 0.1%) Users that have less than 1 test interactions
1816.6s 383 EvaluatorHoldout: Processed 27055 (100.0%) in 14.09 sec. Users per second: 1921
1817.1s 384 Unable to load Cython Compute_Similarity, reverting to Python
1827.0s 385 Similarity column 6969 (100.0%), 695.61 column/sec. Elapsed time 10.02 sec
1827.2s 386 EvaluatorHoldout: Ignoring 31 ( 0.1%) Users that have less than 1 test interactions
1841.0s 387 EvaluatorHoldout: Processed 27064 (100.0%) in 14.02 sec. Users per second: 1931
1841.5s 388 Unable to load Cython Compute_Similarity, reverting to Python
1850.8s 389 Similarity column 6969 (100.0%), 735.14 column/sec. Elapsed time 9.48 sec
1851.0s 390 EvaluatorHoldout: Ignoring 31 ( 0.1%) Users that have less than 1 test interactions
1865.2s 391 EvaluatorHoldout: Processed 27064 (100.0%) in 14.40 sec. Users per second: 1879
1865.2s 392 [I 2025-12-07 21:13:19,043] Trial 14 finished with value: 0.25167579824654607 and parameters: {'topK': 8, 'shrink': 103, 'tversky_alpha': 0.2258584323762477, 'tversky_beta': 1.5562932327393952}. Best is trial 13 with value: 0.25210694324368016.
1865.2s 393 
1865.2s 394 [I 2025-12-07 21:13:19,043] Trial 14 finished with value: 0.25167579824654607 and parameters: {'topK': 8, 'shrink': 103, 'tversky_alpha': 0.2258584323762477, 'tversky_beta': 1.5562932327393952}. Best is trial 13 with value: 0.25210694324368016.
1865.4s 395 [0.2518612490049676, 0.25168012151498115, 0.25063071613037324, 0.2520595519570873, 0.252147352625321]
1865.8s 396 Unable to load Cython Compute_Similarity, reverting to Python
1875.3s 397 Similarity column 6969 (100.0%), 712.70 column/sec. Elapsed time 9.78 sec
1875.5s 398 EvaluatorHoldout: Ignoring 31 ( 0.1%) Users that have less than 1 test interactions
1889.2s 399 EvaluatorHoldout: Processed 27064 (100.0%) in 13.79 sec. Users per second: 1962
1889.7s 400 Unable to load Cython Compute_Similarity, reverting to Python
1899.1s 401 Similarity column 6969 (100.0%), 721.92 column/sec. Elapsed time 9.65 sec
1899.3s 402 EvaluatorHoldout: Ignoring 29 ( 0.1%) Users that have less than 1 test interactions
1913.0s 403 EvaluatorHoldout: Processed 27066 (100.0%) in 13.88 sec. Users per second: 1950
1913.5s 404 Unable to load Cython Compute_Similarity, reverting to Python
1923.0s 405 Similarity column 6969 (100.0%), 722.47 column/sec. Elapsed time 9.65 sec
1923.2s 406 EvaluatorHoldout: Ignoring 40 ( 0.1%) Users that have less than 1 test interactions
1936.8s 407 EvaluatorHoldout: Processed 27055 (100.0%) in 13.81 sec. Users per second: 1959
1937.3s 408 Unable to load Cython Compute_Similarity, reverting to Python
1947.0s 409 Similarity column 6969 (100.0%), 704.25 column/sec. Elapsed time 9.90 sec
1947.2s 410 EvaluatorHoldout: Ignoring 31 ( 0.1%) Users that have less than 1 test interactions
1961.1s 411 EvaluatorHoldout: Processed 27064 (100.0%) in 14.12 sec. Users per second: 1916
1961.6s 412 Unable to load Cython Compute_Similarity, reverting to Python
1970.9s 413 Similarity column 6969 (100.0%), 734.76 column/sec. Elapsed time 9.48 sec
1971.1s 414 EvaluatorHoldout: Ignoring 31 ( 0.1%) Users that have less than 1 test interactions
1985.0s 415 EvaluatorHoldout: Processed 27064 (100.0%) in 14.04 sec. Users per second: 1928
1985.0s 416 [I 2025-12-07 21:15:18,804] Trial 15 finished with value: 0.24859826094600365 and parameters: {'topK': 5, 'shrink': 228, 'tversky_alpha': 0.2815133306852108, 'tversky_beta': 1.5866095980579134}. Best is trial 13 with value: 0.25210694324368016.
1985.0s 417 
1985.0s 418 [I 2025-12-07 21:15:18,804] Trial 15 finished with value: 0.24859826094600365 and parameters: {'topK': 5, 'shrink': 228, 'tversky_alpha': 0.2815133306852108, 'tversky_beta': 1.5866095980579134}. Best is trial 13 with value: 0.25210694324368016.
1985.2s 419 [0.24841385656420464, 0.2485022478470039, 0.24741187689387684, 0.24968330094863736, 0.24898002247629558]
1985.5s 420 Unable to load Cython Compute_Similarity, reverting to Python
1995.1s 421 Similarity column 6969 (100.0%), 713.16 column/sec. Elapsed time 9.77 sec
1995.3s 422 EvaluatorHoldout: Ignoring 31 ( 0.1%) Users that have less than 1 test interactions
2009.0s 423 EvaluatorHoldout: Processed 27064 (100.0%) in 13.86 sec. Users per second: 1952
2009.5s 424 Unable to load Cython Compute_Similarity, reverting to Python
2019.1s 425 Similarity column 6969 (100.0%), 711.07 column/sec. Elapsed time 9.80 sec
2019.3s 426 EvaluatorHoldout: Ignoring 29 ( 0.1%) Users that have less than 1 test interactions
2033.2s 427 EvaluatorHoldout: Processed 27066 (100.0%) in 14.13 sec. Users per second: 1916
2033.7s 428 Unable to load Cython Compute_Similarity, reverting to Python
2043.4s 429 Similarity column 6969 (100.0%), 704.11 column/sec. Elapsed time 9.90 sec
2043.6s 430 EvaluatorHoldout: Ignoring 40 ( 0.1%) Users that have less than 1 test interactions
2057.6s 431 EvaluatorHoldout: Processed 27055 (100.0%) in 14.15 sec. Users per second: 1912
2058.1s 432 Unable to load Cython Compute_Similarity, reverting to Python
2067.7s 433 Similarity column 6969 (100.0%), 707.13 column/sec. Elapsed time 9.86 sec
2067.9s 434 EvaluatorHoldout: Ignoring 31 ( 0.1%) Users that have less than 1 test interactions
2081.8s 435 EvaluatorHoldout: Processed 27064 (100.0%) in 14.02 sec. Users per second: 1931
2082.3s 436 Unable to load Cython Compute_Similarity, reverting to Python
2091.6s 437 Similarity column 6969 (100.0%), 729.83 column/sec. Elapsed time 9.55 sec
2091.8s 438 EvaluatorHoldout: Ignoring 31 ( 0.1%) Users that have less than 1 test interactions
2105.8s 439 EvaluatorHoldout: Processed 27064 (100.0%) in 14.12 sec. Users per second: 1916
2105.8s 440 [I 2025-12-07 21:17:19,617] Trial 16 finished with value: 0.25064345470578425 and parameters: {'topK': 7, 'shrink': 169, 'tversky_alpha': 0.19266506040609285, 'tversky_beta': 1.430463267660392}. Best is trial 13 with value: 0.25210694324368016.
2105.8s 441 
2105.8s 442 [I 2025-12-07 21:17:19,617] Trial 16 finished with value: 0.25064345470578425 and parameters: {'topK': 7, 'shrink': 169, 'tversky_alpha': 0.19266506040609285, 'tversky_beta': 1.430463267660392}. Best is trial 13 with value: 0.25210694324368016.
2106.0s 443 [0.251259120241871, 0.2502639272822265, 0.24947968621767466, 0.2511926995222472, 0.251021840264902]
2106.3s 444 Unable to load Cython Compute_Similarity, reverting to Python
2116.5s 445 Similarity column 6969 (100.0%), 670.49 column/sec. Elapsed time 10.39 sec
2116.7s 446 EvaluatorHoldout: Ignoring 31 ( 0.1%) Users that have less than 1 test interactions
2130.7s 447 EvaluatorHoldout: Processed 27064 (100.0%) in 14.14 sec. Users per second: 1914
2131.2s 448 Unable to load Cython Compute_Similarity, reverting to Python
2142.5s 449 Similarity column 6969 (100.0%), 605.59 column/sec. Elapsed time 11.51 sec
2142.7s 450 EvaluatorHoldout: Ignoring 29 ( 0.1%) Users that have less than 1 test interactions
2156.9s 451 EvaluatorHoldout: Processed 27066 (100.0%) in 14.31 sec. Users per second: 1891
2157.4s 452 Unable to load Cython Compute_Similarity, reverting to Python
2168.4s 453 Similarity column 6969 (100.0%), 618.30 column/sec. Elapsed time 11.27 sec
2168.6s 454 EvaluatorHoldout: Ignoring 40 ( 0.1%) Users that have less than 1 test interactions
2182.6s 455 EvaluatorHoldout: Processed 27055 (100.0%) in 14.18 sec. Users per second: 1908
2183.1s 456 Unable to load Cython Compute_Similarity, reverting to Python
2193.7s 457 Similarity column 6969 (100.0%), 648.08 column/sec. Elapsed time 10.75 sec
2193.9s 458 EvaluatorHoldout: Ignoring 31 ( 0.1%) Users that have less than 1 test interactions
2207.8s 459 EvaluatorHoldout: Processed 27064 (100.0%) in 14.09 sec. Users per second: 1921
2208.3s 460 Unable to load Cython Compute_Similarity, reverting to Python
2218.3s 461 Similarity column 6969 (100.0%), 681.57 column/sec. Elapsed time 10.22 sec
2218.5s 462 EvaluatorHoldout: Ignoring 31 ( 0.1%) Users that have less than 1 test interactions
2232.6s 463 EvaluatorHoldout: Processed 27064 (100.0%) in 14.18 sec. Users per second: 1909
2232.6s 464 [I 2025-12-07 21:19:26,363] Trial 17 finished with value: 0.25190755205540744 and parameters: {'topK': 9, 'shrink': 126, 'tversky_alpha': 0.1994087704484137, 'tversky_beta': 1.6935268621551505}. Best is trial 13 with value: 0.25210694324368016.
2232.6s 465 
2232.6s 466 [I 2025-12-07 21:19:26,363] Trial 17 finished with value: 0.25190755205540744 and parameters: {'topK': 9, 'shrink': 126, 'tversky_alpha': 0.1994087704484137, 'tversky_beta': 1.6935268621551505}. Best is trial 13 with value: 0.25210694324368016.
2232.7s 467 [0.2522579127496365, 0.25194906800489164, 0.25091740904219, 0.25224785194087956, 0.25216551853943964]
2233.1s 468 Unable to load Cython Compute_Similarity, reverting to Python
2243.2s 469 Similarity column 6969 (100.0%), 674.71 column/sec. Elapsed time 10.33 sec
2243.4s 470 EvaluatorHoldout: Ignoring 31 ( 0.1%) Users that have less than 1 test interactions
2257.2s 471 EvaluatorHoldout: Processed 27064 (100.0%) in 13.97 sec. Users per second: 1937
2257.7s 472 Unable to load Cython Compute_Similarity, reverting to Python
2268.2s 473 Similarity column 6969 (100.0%), 651.56 column/sec. Elapsed time 10.70 sec
2268.4s 474 EvaluatorHoldout: Ignoring 29 ( 0.1%) Users that have less than 1 test interactions
2282.5s 475 EvaluatorHoldout: Processed 27066 (100.0%) in 14.21 sec. Users per second: 1905
2282.9s 476 Unable to load Cython Compute_Similarity, reverting to Python
2293.7s 477 Similarity column 6969 (100.0%), 633.92 column/sec. Elapsed time 10.99 sec
2293.9s 478 EvaluatorHoldout: Ignoring 40 ( 0.1%) Users that have less than 1 test interactions
2307.7s 479 EvaluatorHoldout: Processed 27055 (100.0%) in 13.94 sec. Users per second: 1941
2308.2s 480 Unable to load Cython Compute_Similarity, reverting to Python
2319.1s 481 Similarity column 6969 (100.0%), 629.61 column/sec. Elapsed time 11.07 sec
2319.3s 482 EvaluatorHoldout: Ignoring 31 ( 0.1%) Users that have less than 1 test interactions
2333.3s 483 EvaluatorHoldout: Processed 27064 (100.0%) in 14.15 sec. Users per second: 1913
2333.8s 484 Unable to load Cython Compute_Similarity, reverting to Python
2343.6s 485 Similarity column 6969 (100.0%), 693.65 column/sec. Elapsed time 10.05 sec
2343.8s 486 EvaluatorHoldout: Ignoring 31 ( 0.1%) Users that have less than 1 test interactions
2357.9s 487 EvaluatorHoldout: Processed 27064 (100.0%) in 14.28 sec. Users per second: 1895
2357.9s 488 [I 2025-12-07 21:21:31,747] Trial 18 finished with value: 0.25214566641897707 and parameters: {'topK': 9, 'shrink': 144, 'tversky_alpha': 0.20121378692005157, 'tversky_beta': 1.7994249251447874}. Best is trial 18 with value: 0.25214566641897707.
2357.9s 489 
