166.6s 58 [I 2025-12-07 20:45:00,374] Trial 0 finished with value: 0.24846550544388704 and parameters: {'topK': 5, 'shrink': 209, 'tversky_alpha': 0.37168992606551743, 'tversky_beta': 1.7454464692471463}. Best is trial 0 with value: 0.24846550544388704.
166.8s 59 [0.24823834348675564, 0.24806434793018292, 0.24782660085251543, 0.24976786507272838, 0.24843036987725278]
167.1s 60 Unable to load Cython Compute_Similarity, reverting to Python
176.3s 61 Similarity column 6969 (100.0%), 741.64 column/sec. Elapsed time 9.40 sec
176.5s 62 EvaluatorHoldout: Ignoring 31 ( 0.1%) Users that have less than 1 test interactions
190.4s 63 EvaluatorHoldout: Processed 27064 (100.0%) in 14.09 sec. Users per second: 1921
190.9s 64 Unable to load Cython Compute_Similarity, reverting to Python
200.2s 65 Similarity column 6969 (100.0%), 730.97 column/sec. Elapsed time 9.53 sec
200.4s 66 EvaluatorHoldout: Ignoring 29 ( 0.1%) Users that have less than 1 test interactions
214.6s 67 EvaluatorHoldout: Processed 27066 (100.0%) in 14.38 sec. Users per second: 1882
215.1s 68 Unable to load Cython Compute_Similarity, reverting to Python
224.3s 69 Similarity column 6969 (100.0%), 741.86 column/sec. Elapsed time 9.39 sec
224.5s 70 EvaluatorHoldout: Ignoring 40 ( 0.1%) Users that have less than 1 test interactions
238.5s 71 EvaluatorHoldout: Processed 27055 (100.0%) in 14.17 sec. Users per second: 1910
239.0s 72 Unable to load Cython Compute_Similarity, reverting to Python
248.2s 73 Similarity column 6969 (100.0%), 736.33 column/sec. Elapsed time 9.46 sec
248.5s 74 EvaluatorHoldout: Ignoring 31 ( 0.1%) Users that have less than 1 test interactions
262.5s 75 EvaluatorHoldout: Processed 27064 (100.0%) in 14.17 sec. Users per second: 1909
262.9s 76 Unable to load Cython Compute_Similarity, reverting to Python
272.0s 77 Similarity column 6969 (100.0%), 748.95 column/sec. Elapsed time 9.31 sec
272.2s 78 EvaluatorHoldout: Ignoring 31 ( 0.1%) Users that have less than 1 test interactions
286.2s 79 EvaluatorHoldout: Processed 27064 (100.0%) in 14.16 sec. Users per second: 1911
286.2s 80 [I 2025-12-07 20:47:00,053] Trial 1 finished with value: 0.24798019712308578 and parameters: {'topK': 9, 'shrink': 107, 'tversky_alpha': 0.3603314028979284, 'tversky_beta': 1.6774675413653664}. Best is trial 0 with value: 0.24846550544388704.
286.2s 81 
286.2s 82 [I 2025-12-07 20:47:00,053] Trial 1 finished with value: 0.24798019712308578 and parameters: {'topK': 9, 'shrink': 107, 'tversky_alpha': 0.3603314028979284, 'tversky_beta': 1.6774675413653664}. Best is trial 0 with value: 0.24846550544388704.
286.4s 83 [0.24866984022058247, 0.2478936986313437, 0.24716691402759766, 0.24880669093749516, 0.24736384179840973]
286.7s 84 Unable to load Cython Compute_Similarity, reverting to Python
295.9s 85 Similarity column 6969 (100.0%), 747.74 column/sec. Elapsed time 9.32 sec
296.1s 86 EvaluatorHoldout: Ignoring 31 ( 0.1%) Users that have less than 1 test interactions
310.0s 87 EvaluatorHoldout: Processed 27064 (100.0%) in 14.12 sec. Users per second: 1917
310.5s 88 Unable to load Cython Compute_Similarity, reverting to Python
319.9s 89 Similarity column 6969 (100.0%), 724.21 column/sec. Elapsed time 9.62 sec
320.1s 90 EvaluatorHoldout: Ignoring 29 ( 0.1%) Users that have less than 1 test interactions
334.1s 91 EvaluatorHoldout: Processed 27066 (100.0%) in 14.10 sec. Users per second: 1920
334.6s 92 Unable to load Cython Compute_Similarity, reverting to Python
344.0s 93 Similarity column 6969 (100.0%), 725.09 column/sec. Elapsed time 9.61 sec
344.2s 94 EvaluatorHoldout: Ignoring 40 ( 0.1%) Users that have less than 1 test interactions
358.4s 95 EvaluatorHoldout: Processed 27055 (100.0%) in 14.37 sec. Users per second: 1883
358.9s 96 Unable to load Cython Compute_Similarity, reverting to Python
368.4s 97 Similarity column 6969 (100.0%), 715.82 column/sec. Elapsed time 9.74 sec
368.6s 98 EvaluatorHoldout: Ignoring 31 ( 0.1%) Users that have less than 1 test interactions
382.7s 99 EvaluatorHoldout: Processed 27064 (100.0%) in 14.27 sec. Users per second: 1896
383.2s 100 Unable to load Cython Compute_Similarity, reverting to Python
392.7s 101 Similarity column 6969 (100.0%), 719.15 column/sec. Elapsed time 9.69 sec
392.9s 102 EvaluatorHoldout: Ignoring 31 ( 0.1%) Users that have less than 1 test interactions
406.9s 103 EvaluatorHoldout: Processed 27064 (100.0%) in 14.17 sec. Users per second: 1910
406.9s 104 [I 2025-12-07 20:49:00,722] Trial 2 finished with value: 0.2466063218028697 and parameters: {'topK': 10, 'shrink': 110, 'tversky_alpha': 0.31232702532062984, 'tversky_beta': 1.5056741400867362}. Best is trial 0 with value: 0.24846550544388704.
406.9s 105 
406.9s 106 [I 2025-12-07 20:49:00,722] Trial 2 finished with value: 0.2466063218028697 and parameters: {'topK': 10, 'shrink': 110, 'tversky_alpha': 0.31232702532062984, 'tversky_beta': 1.5056741400867362}. Best is trial 0 with value: 0.24846550544388704.
407.1s 107 [0.24717599627413667, 0.24632245083226562, 0.24553186155777884, 0.24752917893290438, 0.24647212141726293]
407.4s 108 Unable to load Cython Compute_Similarity, reverting to Python
416.9s 109 Similarity column 6969 (100.0%), 717.51 column/sec. Elapsed time 9.71 sec
417.1s 110 EvaluatorHoldout: Ignoring 31 ( 0.1%) Users that have less than 1 test interactions
431.4s 111 EvaluatorHoldout: Processed 27064 (100.0%) in 14.40 sec. Users per second: 1879
431.9s 112 Unable to load Cython Compute_Similarity, reverting to Python
441.7s 113 Similarity column 6969 (100.0%), 697.68 column/sec. Elapsed time 9.99 sec
441.9s 114 EvaluatorHoldout: Ignoring 29 ( 0.1%) Users that have less than 1 test interactions
456.0s 115 EvaluatorHoldout: Processed 27066 (100.0%) in 14.26 sec. Users per second: 1898
456.4s 116 Unable to load Cython Compute_Similarity, reverting to Python
466.2s 117 Similarity column 6969 (100.0%), 699.75 column/sec. Elapsed time 9.96 sec
466.4s 118 EvaluatorHoldout: Ignoring 40 ( 0.1%) Users that have less than 1 test interactions
480.4s 119 EvaluatorHoldout: Processed 27055 (100.0%) in 14.17 sec. Users per second: 1910
480.9s 120 Unable to load Cython Compute_Similarity, reverting to Python
490.1s 121 Similarity column 6969 (100.0%), 737.99 column/sec. Elapsed time 9.44 sec
490.3s 122 EvaluatorHoldout: Ignoring 31 ( 0.1%) Users that have less than 1 test interactions
504.4s 123 EvaluatorHoldout: Processed 27064 (100.0%) in 14.25 sec. Users per second: 1899
504.9s 124 Unable to load Cython Compute_Similarity, reverting to Python
514.4s 125 Similarity column 6969 (100.0%), 724.11 column/sec. Elapsed time 9.62 sec
514.5s 126 EvaluatorHoldout: Ignoring 31 ( 0.1%) Users that have less than 1 test interactions
528.6s 127 EvaluatorHoldout: Processed 27064 (100.0%) in 14.27 sec. Users per second: 1897
528.7s 128 [I 2025-12-07 20:51:02,468] Trial 3 finished with value: 0.24969280595066934 and parameters: {'topK': 13, 'shrink': 141, 'tversky_alpha': 0.161033866769372, 'tversky_beta': 1.7437527029887685}. Best is trial 3 with value: 0.24969280595066934.
528.7s 129 
528.7s 130 [I 2025-12-07 20:51:02,468] Trial 3 finished with value: 0.24969280595066934 and parameters: {'topK': 13, 'shrink': 141, 'tversky_alpha': 0.161033866769372, 'tversky_beta': 1.7437527029887685}. Best is trial 3 with value: 0.24969280595066934.
528.8s 131 [0.24968202555576122, 0.24926254585233693, 0.24879297581106996, 0.2501442523142978, 0.2505822302198807]
529.2s 132 Unable to load Cython Compute_Similarity, reverting to Python
538.6s 133 Similarity column 6969 (100.0%), 721.52 column/sec. Elapsed time 9.66 sec
538.8s 134 EvaluatorHoldout: Ignoring 31 ( 0.1%) Users that have less than 1 test interactions
553.0s 135 EvaluatorHoldout: Processed 27064 (100.0%) in 14.30 sec. Users per second: 1892
553.5s 136 Unable to load Cython Compute_Similarity, reverting to Python
562.8s 137 Similarity column 6969 (100.0%), 731.75 column/sec. Elapsed time 9.52 sec
563.0s 138 EvaluatorHoldout: Ignoring 29 ( 0.1%) Users that have less than 1 test interactions
577.2s 139 EvaluatorHoldout: Processed 27066 (100.0%) in 14.43 sec. Users per second: 1876
577.7s 140 Unable to load Cython Compute_Similarity, reverting to Python
587.4s 141 Similarity column 6969 (100.0%), 709.41 column/sec. Elapsed time 9.82 sec
587.6s 142 EvaluatorHoldout: Ignoring 40 ( 0.1%) Users that have less than 1 test interactions
601.9s 143 EvaluatorHoldout: Processed 27055 (100.0%) in 14.51 sec. Users per second: 1865
602.4s 144 Unable to load Cython Compute_Similarity, reverting to Python
611.4s 145 Similarity column 6969 (100.0%), 754.46 column/sec. Elapsed time 9.24 sec
611.6s 146 EvaluatorHoldout: Ignoring 31 ( 0.1%) Users that have less than 1 test interactions
625.8s 147 EvaluatorHoldout: Processed 27064 (100.0%) in 14.31 sec. Users per second: 1891
626.3s 148 Unable to load Cython Compute_Similarity, reverting to Python
635.9s 149 Similarity column 6969 (100.0%), 712.63 column/sec. Elapsed time 9.78 sec
636.1s 150 EvaluatorHoldout: Ignoring 31 ( 0.1%) Users that have less than 1 test interactions
650.5s 151 EvaluatorHoldout: Processed 27064 (100.0%) in 14.58 sec. Users per second: 1857
650.5s 152 [I 2025-12-07 20:53:04,276] Trial 4 finished with value: 0.24347619113007646 and parameters: {'topK': 12, 'shrink': 296, 'tversky_alpha': 0.23781644146233916, 'tversky_beta': 1.504402801435775}. Best is trial 3 with value: 0.24969280595066934.
650.5s 153 
650.5s 154 [I 2025-12-07 20:53:04,276] Trial 4 finished with value: 0.24347619113007646 and parameters: {'topK': 12, 'shrink': 296, 'tversky_alpha': 0.23781644146233916, 'tversky_beta': 1.504402801435775}. Best is trial 3 with value: 0.24969280595066934.
650.7s 155 [0.24410490689704784, 0.2433146095164332, 0.24248901790343397, 0.24423767276580238, 0.24323474856766497]
651.0s 156 Unable to load Cython Compute_Similarity, reverting to Python
660.3s 157 Similarity column 6969 (100.0%), 733.20 column/sec. Elapsed time 9.50 sec
660.5s 158 EvaluatorHoldout: Ignoring 31 ( 0.1%) Users that have less than 1 test interactions
674.2s 159 EvaluatorHoldout: Processed 27064 (100.0%) in 13.92 sec. Users per second: 1944
674.7s 160 Unable to load Cython Compute_Similarity, reverting to Python
683.9s 161 Similarity column 6969 (100.0%), 747.63 column/sec. Elapsed time 9.32 sec
684.1s 162 EvaluatorHoldout: Ignoring 29 ( 0.1%) Users that have less than 1 test interactions
697.9s 163 EvaluatorHoldout: Processed 27066 (100.0%) in 13.96 sec. Users per second: 1939
698.3s 164 Unable to load Cython Compute_Similarity, reverting to Python
707.7s 165 Similarity column 6969 (100.0%), 728.40 column/sec. Elapsed time 9.57 sec
707.9s 166 EvaluatorHoldout: Ignoring 40 ( 0.1%) Users that have less than 1 test interactions
721.9s 167 EvaluatorHoldout: Processed 27055 (100.0%) in 14.12 sec. Users per second: 1917
722.4s 168 Unable to load Cython Compute_Similarity, reverting to Python
731.9s 169 Similarity column 6969 (100.0%), 716.00 column/sec. Elapsed time 9.73 sec
732.1s 170 EvaluatorHoldout: Ignoring 31 ( 0.1%) Users that have less than 1 test interactions
746.2s 171 EvaluatorHoldout: Processed 27064 (100.0%) in 14.28 sec. Users per second: 1895
746.7s 172 Unable to load Cython Compute_Similarity, reverting to Python
756.1s 173 Similarity column 6969 (100.0%), 724.58 column/sec. Elapsed time 9.62 sec
756.3s 174 EvaluatorHoldout: Ignoring 31 ( 0.1%) Users that have less than 1 test interactions
770.2s 175 EvaluatorHoldout: Processed 27064 (100.0%) in 14.02 sec. Users per second: 1930
770.2s 176 [I 2025-12-07 20:55:03,986] Trial 5 finished with value: 0.2506625759553488 and parameters: {'topK': 7, 'shrink': 194, 'tversky_alpha': 0.23647898716734297, 'tversky_beta': 1.6287792453912016}. Best is trial 5 with value: 0.2506625759553488.
770.2s 177 
770.2s 178 [I 2025-12-07 20:55:03,986] Trial 5 finished with value: 0.2506625759553488 and parameters: {'topK': 7, 'shrink': 194, 'tversky_alpha': 0.23647898716734297, 'tversky_beta': 1.6287792453912016}. Best is trial 5 with value: 0.2506625759553488.
770.4s 179 [0.2511761571189543, 0.2508750401983462, 0.24933372636166448, 0.2513935051139481, 0.25053445098383087]
770.7s 180 Unable to load Cython Compute_Similarity, reverting to Python
780.2s 181 Similarity column 6969 (100.0%), 717.65 column/sec. Elapsed time 9.71 sec
780.4s 182 EvaluatorHoldout: Ignoring 31 ( 0.1%) Users that have less than 1 test interactions
794.2s 183 EvaluatorHoldout: Processed 27064 (100.0%) in 13.96 sec. Users per second: 1939
794.7s 184 Unable to load Cython Compute_Similarity, reverting to Python
804.8s 185 Similarity column 6969 (100.0%), 677.63 column/sec. Elapsed time 10.28 sec
805.0s 186 EvaluatorHoldout: Ignoring 29 ( 0.1%) Users that have less than 1 test interactions
819.1s 187 EvaluatorHoldout: Processed 27066 (100.0%) in 14.31 sec. Users per second: 1891
819.6s 188 Unable to load Cython Compute_Similarity, reverting to Python
829.9s 189 Similarity column 6969 (100.0%), 665.98 column/sec. Elapsed time 10.46 sec
830.1s 190 EvaluatorHoldout: Ignoring 40 ( 0.1%) Users that have less than 1 test interactions
844.3s 191 EvaluatorHoldout: Processed 27055 (100.0%) in 14.35 sec. Users per second: 1885
844.8s 192 Unable to load Cython Compute_Similarity, reverting to Python
855.8s 193 Similarity column 6969 (100.0%), 621.67 column/sec. Elapsed time 11.21 sec
856.0s 194 EvaluatorHoldout: Ignoring 31 ( 0.1%) Users that have less than 1 test interactions
870.2s 195 EvaluatorHoldout: Processed 27064 (100.0%) in 14.41 sec. Users per second: 1878
870.7s 196 Unable to load Cython Compute_Similarity, reverting to Python
881.4s 197 Similarity column 6969 (100.0%), 645.02 column/sec. Elapsed time 10.80 sec
881.5s 198 EvaluatorHoldout: Ignoring 31 ( 0.1%) Users that have less than 1 test interactions
895.4s 199 EvaluatorHoldout: Processed 27064 (100.0%) in 14.05 sec. Users per second: 1926
895.4s 200 [I 2025-12-07 20:57:09,242] Trial 6 finished with value: 0.2517557236153739 and parameters: {'topK': 7, 'shrink': 116, 'tversky_alpha': 0.24611357821371305, 'tversky_beta': 1.634385853540329}. Best is trial 6 with value: 0.2517557236153739.
895.4s 201 
895.4s 202 [I 2025-12-07 20:57:09,242] Trial 6 finished with value: 0.2517557236153739 and parameters: {'topK': 7, 'shrink': 116, 'tversky_alpha': 0.24611357821371305, 'tversky_beta': 1.634385853540329}. Best is trial 6 with value: 0.2517557236153739.
895.6s 203 [0.2520062991635906, 0.25219000107451234, 0.2503000726544499, 0.2526577893470053, 0.2516244558373114]
895.9s 204 Unable to load Cython Compute_Similarity, reverting to Python
906.0s 205 Similarity column 6969 (100.0%), 676.90 column/sec. Elapsed time 10.30 sec
906.2s 206 EvaluatorHoldout: Ignoring 31 ( 0.1%) Users that have less than 1 test interactions
920.4s 207 EvaluatorHoldout: Processed 27064 (100.0%) in 14.35 sec. Users per second: 1886
920.9s 208 Unable to load Cython Compute_Similarity, reverting to Python
930.8s 209 Similarity column 6969 (100.0%), 692.98 column/sec. Elapsed time 10.06 sec
931.0s 210 EvaluatorHoldout: Ignoring 29 ( 0.1%) Users that have less than 1 test interactions
945.1s 211 EvaluatorHoldout: Processed 27066 (100.0%) in 14.23 sec. Users per second: 1902
945.5s 212 Unable to load Cython Compute_Similarity, reverting to Python
955.3s 213 Similarity column 6969 (100.0%), 700.96 column/sec. Elapsed time 9.94 sec
955.5s 214 EvaluatorHoldout: Ignoring 40 ( 0.1%) Users that have less than 1 test interactions
969.8s 215 EvaluatorHoldout: Processed 27055 (100.0%) in 14.49 sec. Users per second: 1868
970.3s 216 Unable to load Cython Compute_Similarity, reverting to Python
980.1s 217 Similarity column 6969 (100.0%), 695.20 column/sec. Elapsed time 10.02 sec
980.3s 218 EvaluatorHoldout: Ignoring 31 ( 0.1%) Users that have less than 1 test interactions
994.4s 219 EvaluatorHoldout: Processed 27064 (100.0%) in 14.24 sec. Users per second: 1901
994.9s 220 Unable to load Cython Compute_Similarity, reverting to Python
1004.1s 221 Similarity column 6969 (100.0%), 741.51 column/sec. Elapsed time 9.40 sec
1004.3s 222 EvaluatorHoldout: Ignoring 31 ( 0.1%) Users that have less than 1 test interactions
1018.3s 223 EvaluatorHoldout: Processed 27064 (100.0%) in 14.20 sec. Users per second: 1906
1018.3s 224 [I 2025-12-07 20:59:12,141] Trial 7 finished with value: 0.24940814432221736 and parameters: {'topK': 11, 'shrink': 253, 'tversky_alpha': 0.1664832375310822, 'tversky_beta': 1.7595040591181794}. Best is trial 6 with value: 0.2517557236153739.
1018.3s 225 
1018.3s 226 [I 2025-12-07 20:59:12,141] Trial 7 finished with value: 0.24940814432221736 and parameters: {'topK': 11, 'shrink': 253, 'tversky_alpha': 0.1664832375310822, 'tversky_beta': 1.7595040591181794}. Best is trial 6 with value: 0.2517557236153739.
1018.5s 227 [0.2503242401030296, 0.24879257969661128, 0.24876032721595798, 0.24973820574454647, 0.24942536885094135]
1018.8s 228 Unable to load Cython Compute_Similarity, reverting to Python
1028.1s 229 Similarity column 6969 (100.0%), 740.04 column/sec. Elapsed time 9.42 sec
1028.3s 230 EvaluatorHoldout: Ignoring 31 ( 0.1%) Users that have less than 1 test interactions
1042.2s 231 EvaluatorHoldout: Processed 27064 (100.0%) in 14.09 sec. Users per second: 1921
1042.7s 232 Unable to load Cython Compute_Similarity, reverting to Python
1051.8s 233 Similarity column 6969 (100.0%), 746.76 column/sec. Elapsed time 9.33 sec
1052.0s 234 EvaluatorHoldout: Ignoring 29 ( 0.1%) Users that have less than 1 test interactions
1066.0s 235 EvaluatorHoldout: Processed 27066 (100.0%) in 14.16 sec. Users per second: 1912
1066.5s 236 Unable to load Cython Compute_Similarity, reverting to Python
1075.7s 237 Similarity column 6969 (100.0%), 738.31 column/sec. Elapsed time 9.44 sec
1075.9s 238 EvaluatorHoldout: Ignoring 40 ( 0.1%) Users that have less than 1 test interactions
1089.7s 239 EvaluatorHoldout: Processed 27055 (100.0%) in 13.96 sec. Users per second: 1938
1090.2s 240 Unable to load Cython Compute_Similarity, reverting to Python
1099.5s 241 Similarity column 6969 (100.0%), 735.61 column/sec. Elapsed time 9.47 sec
1099.7s 242 EvaluatorHoldout: Ignoring 31 ( 0.1%) Users that have less than 1 test interactions
1113.6s 243 EvaluatorHoldout: Processed 27064 (100.0%) in 14.07 sec. Users per second: 1924
1114.1s 244 Unable to load Cython Compute_Similarity, reverting to Python
1123.2s 245 Similarity column 6969 (100.0%), 747.38 column/sec. Elapsed time 9.32 sec
1123.4s 246 EvaluatorHoldout: Ignoring 31 ( 0.1%) Users that have less than 1 test interactions
1137.3s 247 EvaluatorHoldout: Processed 27064 (100.0%) in 14.08 sec. Users per second: 1922
1137.3s 248 [I 2025-12-07 21:01:11,123] Trial 8 finished with value: 0.2512170572485224 and parameters: {'topK': 9, 'shrink': 163, 'tversky_alpha': 0.1495250447232345, 'tversky_beta': 1.5480734502872011}. Best is trial 6 with value: 0.2517557236153739.
1137.3s 249 
1137.3s 250 [I 2025-12-07 21:01:11,123] Trial 8 finished with value: 0.2512170572485224 and parameters: {'topK': 9, 'shrink': 163, 'tversky_alpha': 0.1495250447232345, 'tversky_beta': 1.5480734502872011}. Best is trial 6 with value: 0.2517557236153739.
1137.5s 251 [0.25151750045745647, 0.25120304524721276, 0.2507619475357803, 0.250897300778129, 0.2517054922240334]
1137.8s 252 Unable to load Cython Compute_Similarity, reverting to Python
1147.1s 253 Similarity column 6969 (100.0%), 737.44 column/sec. Elapsed time 9.45 sec
1147.3s 254 EvaluatorHoldout: Ignoring 31 ( 0.1%) Users that have less than 1 test interactions
1161.1s 255 EvaluatorHoldout: Processed 27064 (100.0%) in 14.05 sec. Users per second: 1926
1161.6s 256 Unable to load Cython Compute_Similarity, reverting to Python
1171.0s 257 Similarity column 6969 (100.0%), 731.58 column/sec. Elapsed time 9.53 sec
1171.2s 258 EvaluatorHoldout: Ignoring 29 ( 0.1%) Users that have less than 1 test interactions
1185.3s 259 EvaluatorHoldout: Processed 27066 (100.0%) in 14.28 sec. Users per second: 1896
1185.8s 260 Unable to load Cython Compute_Similarity, reverting to Python
1195.1s 261 Similarity column 6969 (100.0%), 731.62 column/sec. Elapsed time 9.53 sec
1195.3s 262 EvaluatorHoldout: Ignoring 40 ( 0.1%) Users that have less than 1 test interactions
1209.3s 263 EvaluatorHoldout: Processed 27055 (100.0%) in 14.16 sec. Users per second: 1911
1209.8s 264 Unable to load Cython Compute_Similarity, reverting to Python
1219.3s 265 Similarity column 6969 (100.0%), 717.93 column/sec. Elapsed time 9.71 sec
1219.5s 266 EvaluatorHoldout: Ignoring 31 ( 0.1%) Users that have less than 1 test interactions
1233.5s 267 EvaluatorHoldout: Processed 27064 (100.0%) in 14.20 sec. Users per second: 1907
1234.0s 268 Unable to load Cython Compute_Similarity, reverting to Python
1243.2s 269 Similarity column 6969 (100.0%), 744.99 column/sec. Elapsed time 9.35 sec
1243.4s 270 EvaluatorHoldout: Ignoring 31 ( 0.1%) Users that have less than 1 test interactions
1257.3s 271 EvaluatorHoldout: Processed 27064 (100.0%) in 14.12 sec. Users per second: 1917
1257.3s 272 [I 2025-12-07 21:03:11,126] Trial 9 finished with value: 0.2512991720567013 and parameters: {'topK': 11, 'shrink': 129, 'tversky_alpha': 0.16490086356835387, 'tversky_beta': 1.7557844077959175}. Best is trial 6 with value: 0.2517557236153739.
1257.3s 273 
