16292.3s 3298 [I 2025-12-08 01:13:46,114] Trial 135 finished with value: 0.2524397314696635 and parameters: {'topK': 7, 'shrink': 107, 'tversky_alpha': 0.24617060609430202, 'tversky_beta': 1.7596934030356153}. Best is trial 102 with value: 0.25280194006556533.
16292.5s 3299 [0.252572487590208, 0.2521300920434664, 0.251578320924549, 0.2531040377414126, 0.25281371904868144]
16292.8s 3300 Unable to load Cython Compute_Similarity, reverting to Python
16303.0s 3301 Similarity column 6969 (100.0%), 672.84 column/sec. Elapsed time 10.36 sec
16303.2s 3302 EvaluatorHoldout: Ignoring 31 ( 0.1%) Users that have less than 1 test interactions
16317.0s 3303 EvaluatorHoldout: Processed 27064 (100.0%) in 13.87 sec. Users per second: 1951
16317.4s 3304 Unable to load Cython Compute_Similarity, reverting to Python
16326.9s 3305 Similarity column 6969 (100.0%), 714.89 column/sec. Elapsed time 9.75 sec
16327.1s 3306 EvaluatorHoldout: Ignoring 29 ( 0.1%) Users that have less than 1 test interactions
16340.9s 3307 EvaluatorHoldout: Processed 27066 (100.0%) in 13.96 sec. Users per second: 1939
16341.4s 3308 Unable to load Cython Compute_Similarity, reverting to Python
16351.6s 3309 Similarity column 6969 (100.0%), 681.45 column/sec. Elapsed time 10.23 sec
16351.7s 3310 EvaluatorHoldout: Ignoring 40 ( 0.1%) Users that have less than 1 test interactions
16365.3s 3311 EvaluatorHoldout: Processed 27055 (100.0%) in 13.83 sec. Users per second: 1957
16365.8s 3312 Unable to load Cython Compute_Similarity, reverting to Python
16375.0s 3313 Similarity column 6969 (100.0%), 741.14 column/sec. Elapsed time 9.40 sec
16375.2s 3314 EvaluatorHoldout: Ignoring 31 ( 0.1%) Users that have less than 1 test interactions
16389.1s 3315 EvaluatorHoldout: Processed 27064 (100.0%) in 13.89 sec. Users per second: 1949
16389.4s 3316 Unable to load Cython Compute_Similarity, reverting to Python
16398.7s 3317 Similarity column 6969 (100.0%), 733.42 column/sec. Elapsed time 9.50 sec
16398.9s 3318 EvaluatorHoldout: Ignoring 31 ( 0.1%) Users that have less than 1 test interactions
16412.7s 3319 EvaluatorHoldout: Processed 27064 (100.0%) in 13.95 sec. Users per second: 1940
16412.7s 3320 [I 2025-12-08 01:15:46,523] Trial 136 finished with value: 0.2524274939323812 and parameters: {'topK': 6, 'shrink': 104, 'tversky_alpha': 0.23984313928785478, 'tversky_beta': 1.792150361575116}. Best is trial 102 with value: 0.25280194006556533.
16412.7s 3321 
16412.7s 3322 [I 2025-12-08 01:15:46,523] Trial 136 finished with value: 0.2524274939323812 and parameters: {'topK': 6, 'shrink': 104, 'tversky_alpha': 0.23984313928785478, 'tversky_beta': 1.792150361575116}. Best is trial 102 with value: 0.25280194006556533.
16412.9s 3323 [0.252695855395554, 0.25257725871986425, 0.2513549226810617, 0.253378820827082, 0.252130612038344]
16413.2s 3324 Unable to load Cython Compute_Similarity, reverting to Python
16422.8s 3325 Similarity column 6969 (100.0%), 726.57 column/sec. Elapsed time 9.59 sec
16422.8s 3326 EvaluatorHoldout: Ignoring 31 ( 0.1%) Users that have less than 1 test interactions
16436.4s 3327 EvaluatorHoldout: Processed 27064 (100.0%) in 13.76 sec. Users per second: 1968
16436.9s 3328 Unable to load Cython Compute_Similarity, reverting to Python
16446.2s 3329 Similarity column 6969 (100.0%), 731.78 column/sec. Elapsed time 9.52 sec
16446.4s 3330 EvaluatorHoldout: Ignoring 29 ( 0.1%) Users that have less than 1 test interactions
16460.3s 3331 EvaluatorHoldout: Processed 27066 (100.0%) in 13.92 sec. Users per second: 1944
16460.7s 3332 Unable to load Cython Compute_Similarity, reverting to Python
16470.0s 3333 Similarity column 6969 (100.0%), 733.47 column/sec. Elapsed time 9.50 sec
16470.2s 3334 EvaluatorHoldout: Ignoring 40 ( 0.1%) Users that have less than 1 test interactions
16484.0s 3335 EvaluatorHoldout: Processed 27055 (100.0%) in 14.00 sec. Users per second: 1933
16484.5s 3336 Unable to load Cython Compute_Similarity, reverting to Python
16493.6s 3337 Similarity column 6969 (100.0%), 757.84 column/sec. Elapsed time 9.20 sec
16493.7s 3338 EvaluatorHoldout: Ignoring 31 ( 0.1%) Users that have less than 1 test interactions
16507.6s 3339 EvaluatorHoldout: Processed 27064 (100.0%) in 14.12 sec. Users per second: 1917
16508.1s 3340 Unable to load Cython Compute_Similarity, reverting to Python
16517.2s 3341 Similarity column 6969 (100.0%), 753.86 column/sec. Elapsed time 9.24 sec
16517.4s 3342 EvaluatorHoldout: Ignoring 31 ( 0.1%) Users that have less than 1 test interactions
16531.2s 3343 EvaluatorHoldout: Processed 27064 (100.0%) in 13.80 sec. Users per second: 1961
16531.2s 3344 [I 2025-12-08 01:17:44,816] Trial 137 finished with value: 0.2525783693594247 and parameters: {'topK': 7, 'shrink': 110, 'tversky_alpha': 0.2256457293782303, 'tversky_beta': 1.7753726352527326}. Best is trial 102 with value: 0.25280194006556533.
16531.2s 3345 
16531.2s 3346 [I 2025-12-08 01:17:44,816] Trial 137 finished with value: 0.2525783693594247 and parameters: {'topK': 7, 'shrink': 110, 'tversky_alpha': 0.2256457293782303, 'tversky_beta': 1.7753726352527326}. Best is trial 102 with value: 0.25280194006556533.
16531.2s 3347 [0.25289338911437165, 0.2526148250054525, 0.2520208195602298, 0.25289859877382037, 0.25246421434324895]
16531.6s 3348 Unable to load Cython Compute_Similarity, reverting to Python
16540.7s 3349 Similarity column 6969 (100.0%), 743.50 column/sec. Elapsed time 9.37 sec
16540.9s 3350 EvaluatorHoldout: Ignoring 31 ( 0.1%) Users that have less than 1 test interactions
16554.6s 3351 EvaluatorHoldout: Processed 27064 (100.0%) in 13.87 sec. Users per second: 1951
16555.1s 3352 Unable to load Cython Compute_Similarity, reverting to Python
16564.6s 3353 Similarity column 6969 (100.0%), 732.11 column/sec. Elapsed time 9.52 sec
16564.6s 3354 EvaluatorHoldout: Ignoring 29 ( 0.1%) Users that have less than 1 test interactions
16578.5s 3355 EvaluatorHoldout: Processed 27066 (100.0%) in 14.03 sec. Users per second: 1930
16579.0s 3356 Unable to load Cython Compute_Similarity, reverting to Python
16588.3s 3357 Similarity column 6969 (100.0%), 735.65 column/sec. Elapsed time 9.47 sec
16588.5s 3358 EvaluatorHoldout: Ignoring 40 ( 0.1%) Users that have less than 1 test interactions
16602.4s 3359 EvaluatorHoldout: Processed 27055 (100.0%) in 13.96 sec. Users per second: 1938
16602.7s 3360 Unable to load Cython Compute_Similarity, reverting to Python
16611.7s 3361 Similarity column 6969 (100.0%), 758.34 column/sec. Elapsed time 9.19 sec
16611.9s 3362 EvaluatorHoldout: Ignoring 31 ( 0.1%) Users that have less than 1 test interactions
16625.8s 3363 EvaluatorHoldout: Processed 27064 (100.0%) in 13.99 sec. Users per second: 1934
16626.3s 3364 Unable to load Cython Compute_Similarity, reverting to Python
16635.6s 3365 Similarity column 6969 (100.0%), 739.80 column/sec. Elapsed time 9.42 sec
16635.7s 3366 EvaluatorHoldout: Ignoring 31 ( 0.1%) Users that have less than 1 test interactions
16649.5s 3367 EvaluatorHoldout: Processed 27064 (100.0%) in 13.95 sec. Users per second: 1940
16649.5s 3368 [I 2025-12-08 01:19:43,277] Trial 138 finished with value: 0.2527399030503821 and parameters: {'topK': 7, 'shrink': 100, 'tversky_alpha': 0.2138913255651741, 'tversky_beta': 1.7668018842002342}. Best is trial 102 with value: 0.25280194006556533.
16649.5s 3369 
16649.5s 3370 [I 2025-12-08 01:19:43,277] Trial 138 finished with value: 0.2527399030503821 and parameters: {'topK': 7, 'shrink': 100, 'tversky_alpha': 0.2138913255651741, 'tversky_beta': 1.7668018842002342}. Best is trial 102 with value: 0.25280194006556533.
16649.7s 3371 [0.2528952684454138, 0.2525673169625822, 0.25228900372177954, 0.25325561770113963, 0.25269230842099516]
16650.0s 3372 Unable to load Cython Compute_Similarity, reverting to Python
16659.3s 3373 Similarity column 6969 (100.0%), 733.27 column/sec. Elapsed time 9.50 sec
16659.5s 3374 EvaluatorHoldout: Ignoring 31 ( 0.1%) Users that have less than 1 test interactions
16673.4s 3375 EvaluatorHoldout: Processed 27064 (100.0%) in 13.90 sec. Users per second: 1947
16673.7s 3376 Unable to load Cython Compute_Similarity, reverting to Python
16683.4s 3377 Similarity column 6969 (100.0%), 710.01 column/sec. Elapsed time 9.82 sec
16683.6s 3378 EvaluatorHoldout: Ignoring 29 ( 0.1%) Users that have less than 1 test interactions
16697.3s 3379 EvaluatorHoldout: Processed 27066 (100.0%) in 13.92 sec. Users per second: 1944
16697.8s 3380 Unable to load Cython Compute_Similarity, reverting to Python
16707.7s 3381 Similarity column 6969 (100.0%), 697.59 column/sec. Elapsed time 9.99 sec
16707.8s 3382 EvaluatorHoldout: Ignoring 40 ( 0.1%) Users that have less than 1 test interactions
16721.6s 3383 EvaluatorHoldout: Processed 27055 (100.0%) in 13.98 sec. Users per second: 1935
16722.1s 3384 Unable to load Cython Compute_Similarity, reverting to Python
16731.5s 3385 Similarity column 6969 (100.0%), 723.74 column/sec. Elapsed time 9.63 sec
16731.7s 3386 EvaluatorHoldout: Ignoring 31 ( 0.1%) Users that have less than 1 test interactions
16745.6s 3387 EvaluatorHoldout: Processed 27064 (100.0%) in 13.91 sec. Users per second: 1946
16746.0s 3388 Unable to load Cython Compute_Similarity, reverting to Python
16755.3s 3389 Similarity column 6969 (100.0%), 730.81 column/sec. Elapsed time 9.54 sec
16755.5s 3390 EvaluatorHoldout: Ignoring 31 ( 0.1%) Users that have less than 1 test interactions
16769.4s 3391 EvaluatorHoldout: Processed 27064 (100.0%) in 14.06 sec. Users per second: 1925
16769.4s 3392 [I 2025-12-08 01:21:43,200] Trial 139 finished with value: 0.25267823944437395 and parameters: {'topK': 7, 'shrink': 103, 'tversky_alpha': 0.21703449963632757, 'tversky_beta': 1.7808288266163153}. Best is trial 102 with value: 0.25280194006556533.
16769.4s 3393 
16769.4s 3394 [I 2025-12-08 01:21:43,200] Trial 139 finished with value: 0.25267823944437395 and parameters: {'topK': 7, 'shrink': 103, 'tversky_alpha': 0.21703449963632757, 'tversky_beta': 1.7808288266163153}. Best is trial 102 with value: 0.25280194006556533.
16769.6s 3395 [0.252849606285746, 0.2524713014164558, 0.2522110326503223, 0.25322040098298243, 0.252638855886363]
16769.9s 3396 Unable to load Cython Compute_Similarity, reverting to Python
16779.7s 3397 Similarity column 6969 (100.0%), 713.29 column/sec. Elapsed time 9.77 sec
16779.7s 3398 EvaluatorHoldout: Ignoring 31 ( 0.1%) Users that have less than 1 test interactions
16793.6s 3399 EvaluatorHoldout: Processed 27064 (100.0%) in 14.05 sec. Users per second: 1927
16794.0s 3400 Unable to load Cython Compute_Similarity, reverting to Python
16803.3s 3401 Similarity column 6969 (100.0%), 736.80 column/sec. Elapsed time 9.46 sec
16803.5s 3402 EvaluatorHoldout: Ignoring 29 ( 0.1%) Users that have less than 1 test interactions
16817.3s 3403 EvaluatorHoldout: Processed 27066 (100.0%) in 13.86 sec. Users per second: 1953
16817.7s 3404 Unable to load Cython Compute_Similarity, reverting to Python
16826.8s 3405 Similarity column 6969 (100.0%), 748.13 column/sec. Elapsed time 9.32 sec
16827.0s 3406 EvaluatorHoldout: Ignoring 40 ( 0.1%) Users that have less than 1 test interactions
16840.8s 3407 EvaluatorHoldout: Processed 27055 (100.0%) in 13.94 sec. Users per second: 1941
16841.3s 3408 Unable to load Cython Compute_Similarity, reverting to Python
16850.4s 3409 Similarity column 6969 (100.0%), 758.07 column/sec. Elapsed time 9.19 sec
16850.5s 3410 EvaluatorHoldout: Ignoring 31 ( 0.1%) Users that have less than 1 test interactions
16864.9s 3411 EvaluatorHoldout: Processed 27064 (100.0%) in 14.56 sec. Users per second: 1859
16865.3s 3412 Unable to load Cython Compute_Similarity, reverting to Python
16874.3s 3413 Similarity column 6969 (100.0%), 763.49 column/sec. Elapsed time 9.13 sec
16874.5s 3414 EvaluatorHoldout: Ignoring 31 ( 0.1%) Users that have less than 1 test interactions
16888.5s 3415 EvaluatorHoldout: Processed 27064 (100.0%) in 14.00 sec. Users per second: 1933
16888.5s 3416 [I 2025-12-08 01:23:42,126] Trial 140 finished with value: 0.2528360767678147 and parameters: {'topK': 7, 'shrink': 100, 'tversky_alpha': 0.2120226556018628, 'tversky_beta': 1.792261276382268}. Best is trial 140 with value: 0.2528360767678147.
16888.5s 3417 
16888.5s 3418 [I 2025-12-08 01:23:42,126] Trial 140 finished with value: 0.2528360767678147 and parameters: {'topK': 7, 'shrink': 100, 'tversky_alpha': 0.2120226556018628, 'tversky_beta': 1.792261276382268}. Best is trial 140 with value: 0.2528360767678147.
16888.5s 3419 [0.25317964994431247, 0.2528181271296444, 0.25240884356590343, 0.25316587913078964, 0.2526078840684235]
16888.8s 3420 Unable to load Cython Compute_Similarity, reverting to Python
16898.2s 3421 Similarity column 6969 (100.0%), 732.03 column/sec. Elapsed time 9.52 sec
16898.4s 3422 EvaluatorHoldout: Ignoring 31 ( 0.1%) Users that have less than 1 test interactions
16912.3s 3423 EvaluatorHoldout: Processed 27064 (100.0%) in 14.13 sec. Users per second: 1915
16912.8s 3424 Unable to load Cython Compute_Similarity, reverting to Python
16922.5s 3425 Similarity column 6969 (100.0%), 718.60 column/sec. Elapsed time 9.70 sec
16922.5s 3426 EvaluatorHoldout: Ignoring 29 ( 0.1%) Users that have less than 1 test interactions
16936.3s 3427 EvaluatorHoldout: Processed 27066 (100.0%) in 13.97 sec. Users per second: 1938
16936.8s 3428 Unable to load Cython Compute_Similarity, reverting to Python
16946.2s 3429 Similarity column 6969 (100.0%), 723.39 column/sec. Elapsed time 9.63 sec
16946.4s 3430 EvaluatorHoldout: Ignoring 40 ( 0.1%) Users that have less than 1 test interactions
16960.2s 3431 EvaluatorHoldout: Processed 27055 (100.0%) in 13.81 sec. Users per second: 1959
16960.6s 3432 Unable to load Cython Compute_Similarity, reverting to Python
16969.7s 3433 Similarity column 6969 (100.0%), 743.57 column/sec. Elapsed time 9.37 sec
16969.9s 3434 EvaluatorHoldout: Ignoring 31 ( 0.1%) Users that have less than 1 test interactions
16983.8s 3435 EvaluatorHoldout: Processed 27064 (100.0%) in 14.05 sec. Users per second: 1927
16984.3s 3436 Unable to load Cython Compute_Similarity, reverting to Python
16993.6s 3437 Similarity column 6969 (100.0%), 747.42 column/sec. Elapsed time 9.32 sec
16993.7s 3438 EvaluatorHoldout: Ignoring 31 ( 0.1%) Users that have less than 1 test interactions
17007.6s 3439 EvaluatorHoldout: Processed 27064 (100.0%) in 14.09 sec. Users per second: 1921
17007.6s 3440 [I 2025-12-08 01:25:41,393] Trial 141 finished with value: 0.25267984437361 and parameters: {'topK': 7, 'shrink': 100, 'tversky_alpha': 0.22974453875008738, 'tversky_beta': 1.7875015839009984}. Best is trial 140 with value: 0.2528360767678147.
17007.6s 3441 
17007.6s 3442 [I 2025-12-08 01:25:41,393] Trial 141 finished with value: 0.25267984437361 and parameters: {'topK': 7, 'shrink': 100, 'tversky_alpha': 0.22974453875008738, 'tversky_beta': 1.7875015839009984}. Best is trial 140 with value: 0.2528360767678147.
17007.8s 3443 [0.2532149256484031, 0.2526145991275771, 0.2519927927091458, 0.2530905728574679, 0.25248633152545613]
17008.1s 3444 Unable to load Cython Compute_Similarity, reverting to Python
17017.5s 3445 Similarity column 6969 (100.0%), 724.32 column/sec. Elapsed time 9.62 sec
17017.7s 3446 EvaluatorHoldout: Ignoring 31 ( 0.1%) Users that have less than 1 test interactions
17031.7s 3447 EvaluatorHoldout: Processed 27064 (100.0%) in 13.97 sec. Users per second: 1938
17032.0s 3448 Unable to load Cython Compute_Similarity, reverting to Python
17041.5s 3449 Similarity column 6969 (100.0%), 722.45 column/sec. Elapsed time 9.65 sec
17041.7s 3450 EvaluatorHoldout: Ignoring 29 ( 0.1%) Users that have less than 1 test interactions
17055.5s 3451 EvaluatorHoldout: Processed 27066 (100.0%) in 13.96 sec. Users per second: 1939
17055.9s 3452 Unable to load Cython Compute_Similarity, reverting to Python
17065.6s 3453 Similarity column 6969 (100.0%), 719.46 column/sec. Elapsed time 9.69 sec
17065.6s 3454 EvaluatorHoldout: Ignoring 40 ( 0.1%) Users that have less than 1 test interactions
17079.4s 3455 EvaluatorHoldout: Processed 27055 (100.0%) in 13.92 sec. Users per second: 1943
17079.9s 3456 Unable to load Cython Compute_Similarity, reverting to Python
17089.0s 3457 Similarity column 6969 (100.0%), 747.94 column/sec. Elapsed time 9.32 sec
17089.2s 3458 EvaluatorHoldout: Ignoring 31 ( 0.1%) Users that have less than 1 test interactions
17103.1s 3459 EvaluatorHoldout: Processed 27064 (100.0%) in 13.86 sec. Users per second: 1952
17103.4s 3460 Unable to load Cython Compute_Similarity, reverting to Python
17112.7s 3461 Similarity column 6969 (100.0%), 736.08 column/sec. Elapsed time 9.47 sec
17112.9s 3462 EvaluatorHoldout: Ignoring 31 ( 0.1%) Users that have less than 1 test interactions
17126.6s 3463 EvaluatorHoldout: Processed 27064 (100.0%) in 13.92 sec. Users per second: 1945
17126.6s 3464 [I 2025-12-08 01:27:40,428] Trial 142 finished with value: 0.2528129882419014 and parameters: {'topK': 7, 'shrink': 106, 'tversky_alpha': 0.21042778030128112, 'tversky_beta': 1.766356649494193}. Best is trial 140 with value: 0.2528360767678147.
17126.6s 3465 
17126.6s 3466 [I 2025-12-08 01:27:40,428] Trial 142 finished with value: 0.2528129882419014 and parameters: {'topK': 7, 'shrink': 106, 'tversky_alpha': 0.21042778030128112, 'tversky_beta': 1.766356649494193}. Best is trial 140 with value: 0.2528360767678147.
17126.8s 3467 [0.25296347369136857, 0.2526572897100078, 0.25240769632334353, 0.2533411770159503, 0.25269530446883687]
17127.1s 3468 Unable to load Cython Compute_Similarity, reverting to Python
17137.1s 3469 Similarity column 6969 (100.0%), 699.01 column/sec. Elapsed time 9.97 sec
17137.1s 3470 EvaluatorHoldout: Ignoring 31 ( 0.1%) Users that have less than 1 test interactions
17150.7s 3471 EvaluatorHoldout: Processed 27064 (100.0%) in 13.79 sec. Users per second: 1962
17151.2s 3472 Unable to load Cython Compute_Similarity, reverting to Python
17160.6s 3473 Similarity column 6969 (100.0%), 725.88 column/sec. Elapsed time 9.60 sec
17160.8s 3474 EvaluatorHoldout: Ignoring 29 ( 0.1%) Users that have less than 1 test interactions
17174.7s 3475 EvaluatorHoldout: Processed 27066 (100.0%) in 13.89 sec. Users per second: 1949
17175.0s 3476 Unable to load Cython Compute_Similarity, reverting to Python
17184.3s 3477 Similarity column 6969 (100.0%), 737.04 column/sec. Elapsed time 9.46 sec
17184.5s 3478 EvaluatorHoldout: Ignoring 40 ( 0.1%) Users that have less than 1 test interactions
17198.2s 3479 EvaluatorHoldout: Processed 27055 (100.0%) in 13.86 sec. Users per second: 1952
17198.7s 3480 Unable to load Cython Compute_Similarity, reverting to Python
17207.9s 3481 Similarity column 6969 (100.0%), 754.45 column/sec. Elapsed time 9.24 sec
17207.9s 3482 EvaluatorHoldout: Ignoring 31 ( 0.1%) Users that have less than 1 test interactions
17221.5s 3483 EvaluatorHoldout: Processed 27064 (100.0%) in 13.76 sec. Users per second: 1967
17222.0s 3484 Unable to load Cython Compute_Similarity, reverting to Python
17231.0s 3485 Similarity column 6969 (100.0%), 760.32 column/sec. Elapsed time 9.17 sec
17231.2s 3486 EvaluatorHoldout: Ignoring 31 ( 0.1%) Users that have less than 1 test interactions
17245.0s 3487 EvaluatorHoldout: Processed 27064 (100.0%) in 13.84 sec. Users per second: 1955
17245.0s 3488 [I 2025-12-08 01:29:38,660] Trial 143 finished with value: 0.25256963760104034 and parameters: {'topK': 6, 'shrink': 105, 'tversky_alpha': 0.21095669861730126, 'tversky_beta': 1.7617590356664892}. Best is trial 140 with value: 0.2528360767678147.
17245.0s 3489 
17245.0s 3490 [I 2025-12-08 01:29:38,660] Trial 143 finished with value: 0.25256963760104034 and parameters: {'topK': 6, 'shrink': 105, 'tversky_alpha': 0.21095669861730126, 'tversky_beta': 1.7617590356664892}. Best is trial 140 with value: 0.2528360767678147.
17245.0s 3491 [0.2530440659128675, 0.25254827254306256, 0.25193307047375224, 0.2532156727998303, 0.2521071062756893]
17245.4s 3492 Unable to load Cython Compute_Similarity, reverting to Python
17254.6s 3493 Similarity column 6969 (100.0%), 741.24 column/sec. Elapsed time 9.40 sec
17254.8s 3494 EvaluatorHoldout: Ignoring 31 ( 0.1%) Users that have less than 1 test interactions
17268.5s 3495 EvaluatorHoldout: Processed 27064 (100.0%) in 13.94 sec. Users per second: 1942
17269.0s 3496 Unable to load Cython Compute_Similarity, reverting to Python
17278.5s 3497 Similarity column 6969 (100.0%), 730.62 column/sec. Elapsed time 9.54 sec
17278.6s 3498 EvaluatorHoldout: Ignoring 29 ( 0.1%) Users that have less than 1 test interactions
17292.3s 3499 EvaluatorHoldout: Processed 27066 (100.0%) in 13.89 sec. Users per second: 1948
17292.8s 3500 Unable to load Cython Compute_Similarity, reverting to Python
17302.0s 3501 Similarity column 6969 (100.0%), 740.25 column/sec. Elapsed time 9.41 sec
17302.2s 3502 EvaluatorHoldout: Ignoring 40 ( 0.1%) Users that have less than 1 test interactions
17316.2s 3503 EvaluatorHoldout: Processed 27055 (100.0%) in 14.01 sec. Users per second: 1931
17316.5s 3504 Unable to load Cython Compute_Similarity, reverting to Python
17325.5s 3505 Similarity column 6969 (100.0%), 762.50 column/sec. Elapsed time 9.14 sec
17325.7s 3506 EvaluatorHoldout: Ignoring 31 ( 0.1%) Users that have less than 1 test interactions
17339.5s 3507 EvaluatorHoldout: Processed 27064 (100.0%) in 14.01 sec. Users per second: 1932
17340.0s 3508 Unable to load Cython Compute_Similarity, reverting to Python
17349.3s 3509 Similarity column 6969 (100.0%), 748.38 column/sec. Elapsed time 9.31 sec
17349.3s 3510 EvaluatorHoldout: Ignoring 31 ( 0.1%) Users that have less than 1 test interactions
17363.2s 3511 EvaluatorHoldout: Processed 27064 (100.0%) in 14.09 sec. Users per second: 1920
17363.2s 3512 [I 2025-12-08 01:31:37,055] Trial 144 finished with value: 0.25259483370036484 and parameters: {'topK': 7, 'shrink': 116, 'tversky_alpha': 0.20041140636872298, 'tversky_beta': 1.7686609021519968}. Best is trial 140 with value: 0.2528360767678147.
17363.2s 3513 
