4527.4s 922 [I 2025-12-07 21:57:41,251] Trial 36 finished with value: 0.24647852843535994 and parameters: {'topK': 11, 'shrink': 114, 'tversky_alpha': 0.3257103935011082, 'tversky_beta': 1.6350149544378827}. Best is trial 31 with value: 0.25256691457746683.
4527.6s 923 [0.24692511486794871, 0.2464759569597037, 0.24533416686613382, 0.24759429841389166, 0.24606310506912174]
4528.0s 924 Unable to load Cython Compute_Similarity, reverting to Python
4537.5s 925 Similarity column 6969 (100.0%), 712.76 column/sec. Elapsed time 9.78 sec
4537.7s 926 EvaluatorHoldout: Ignoring 31 ( 0.1%) Users that have less than 1 test interactions
4551.4s 927 EvaluatorHoldout: Processed 27064 (100.0%) in 13.75 sec. Users per second: 1968
4551.8s 928 Unable to load Cython Compute_Similarity, reverting to Python
4561.5s 929 Similarity column 6969 (100.0%), 704.28 column/sec. Elapsed time 9.90 sec
4561.7s 930 EvaluatorHoldout: Ignoring 29 ( 0.1%) Users that have less than 1 test interactions
4575.4s 931 EvaluatorHoldout: Processed 27066 (100.0%) in 13.88 sec. Users per second: 1950
4575.9s 932 Unable to load Cython Compute_Similarity, reverting to Python
4585.4s 933 Similarity column 6969 (100.0%), 720.73 column/sec. Elapsed time 9.67 sec
4585.6s 934 EvaluatorHoldout: Ignoring 40 ( 0.1%) Users that have less than 1 test interactions
4599.6s 935 EvaluatorHoldout: Processed 27055 (100.0%) in 14.17 sec. Users per second: 1910
4600.1s 936 Unable to load Cython Compute_Similarity, reverting to Python
4609.1s 937 Similarity column 6969 (100.0%), 753.98 column/sec. Elapsed time 9.24 sec
4609.3s 938 EvaluatorHoldout: Ignoring 31 ( 0.1%) Users that have less than 1 test interactions
4623.1s 939 EvaluatorHoldout: Processed 27064 (100.0%) in 13.87 sec. Users per second: 1952
4623.5s 940 Unable to load Cython Compute_Similarity, reverting to Python
4632.7s 941 Similarity column 6969 (100.0%), 743.52 column/sec. Elapsed time 9.37 sec
4632.9s 942 EvaluatorHoldout: Ignoring 31 ( 0.1%) Users that have less than 1 test interactions
4646.6s 943 EvaluatorHoldout: Processed 27064 (100.0%) in 13.90 sec. Users per second: 1947
4646.6s 944 [I 2025-12-07 21:59:40,431] Trial 37 finished with value: 0.2517170925562599 and parameters: {'topK': 6, 'shrink': 152, 'tversky_alpha': 0.15454358012464425, 'tversky_beta': 1.7431211911624622}. Best is trial 31 with value: 0.25256691457746683.
4646.6s 945 
4646.6s 946 [I 2025-12-07 21:59:40,431] Trial 37 finished with value: 0.2517170925562599 and parameters: {'topK': 6, 'shrink': 152, 'tversky_alpha': 0.15454358012464425, 'tversky_beta': 1.7431211911624622}. Best is trial 31 with value: 0.25256691457746683.
4646.8s 947 [0.2523992820968811, 0.2518234559181225, 0.2506333863218491, 0.25220261828103474, 0.25152672016341227]
4647.1s 948 Unable to load Cython Compute_Similarity, reverting to Python
4657.0s 949 Similarity column 6969 (100.0%), 705.59 column/sec. Elapsed time 9.88 sec
4657.0s 950 EvaluatorHoldout: Ignoring 31 ( 0.1%) Users that have less than 1 test interactions
4670.8s 951 EvaluatorHoldout: Processed 27064 (100.0%) in 13.97 sec. Users per second: 1937
4671.3s 952 Unable to load Cython Compute_Similarity, reverting to Python
4680.7s 953 Similarity column 6969 (100.0%), 729.56 column/sec. Elapsed time 9.55 sec
4680.9s 954 EvaluatorHoldout: Ignoring 29 ( 0.1%) Users that have less than 1 test interactions
4694.8s 955 EvaluatorHoldout: Processed 27066 (100.0%) in 14.05 sec. Users per second: 1926
4695.3s 956 Unable to load Cython Compute_Similarity, reverting to Python
4704.7s 957 Similarity column 6969 (100.0%), 726.31 column/sec. Elapsed time 9.60 sec
4704.9s 958 EvaluatorHoldout: Ignoring 40 ( 0.1%) Users that have less than 1 test interactions
4718.5s 959 EvaluatorHoldout: Processed 27055 (100.0%) in 13.85 sec. Users per second: 1953
4719.0s 960 Unable to load Cython Compute_Similarity, reverting to Python
4728.5s 961 Similarity column 6969 (100.0%), 722.74 column/sec. Elapsed time 9.64 sec
4728.7s 962 EvaluatorHoldout: Ignoring 31 ( 0.1%) Users that have less than 1 test interactions
4742.5s 963 EvaluatorHoldout: Processed 27064 (100.0%) in 13.99 sec. Users per second: 1934
4743.0s 964 Unable to load Cython Compute_Similarity, reverting to Python
4752.3s 965 Similarity column 6969 (100.0%), 733.50 column/sec. Elapsed time 9.50 sec
4752.5s 966 EvaluatorHoldout: Ignoring 31 ( 0.1%) Users that have less than 1 test interactions
4766.4s 967 EvaluatorHoldout: Processed 27064 (100.0%) in 14.01 sec. Users per second: 1932
4766.4s 968 [I 2025-12-07 22:01:40,149] Trial 38 finished with value: 0.25267818036663353 and parameters: {'topK': 7, 'shrink': 110, 'tversky_alpha': 0.17622695242335956, 'tversky_beta': 1.7698917592186922}. Best is trial 38 with value: 0.25267818036663353.
4766.4s 969 
4766.4s 970 [I 2025-12-07 22:01:40,149] Trial 38 finished with value: 0.25267818036663353 and parameters: {'topK': 7, 'shrink': 110, 'tversky_alpha': 0.17622695242335956, 'tversky_beta': 1.7698917592186922}. Best is trial 38 with value: 0.25267818036663353.
4766.5s 971 [0.2523961344349213, 0.2526604450169953, 0.2522344043564621, 0.2530484737105276, 0.2530514443142613]
4766.8s 972 Unable to load Cython Compute_Similarity, reverting to Python
4776.2s 973 Similarity column 6969 (100.0%), 727.34 column/sec. Elapsed time 9.58 sec
4776.4s 974 EvaluatorHoldout: Ignoring 31 ( 0.1%) Users that have less than 1 test interactions
4790.1s 975 EvaluatorHoldout: Processed 27064 (100.0%) in 13.80 sec. Users per second: 1961
4790.6s 976 Unable to load Cython Compute_Similarity, reverting to Python
4800.0s 977 Similarity column 6969 (100.0%), 726.25 column/sec. Elapsed time 9.60 sec
4800.2s 978 EvaluatorHoldout: Ignoring 29 ( 0.1%) Users that have less than 1 test interactions
4813.9s 979 EvaluatorHoldout: Processed 27066 (100.0%) in 13.93 sec. Users per second: 1943
4814.4s 980 Unable to load Cython Compute_Similarity, reverting to Python
4823.6s 981 Similarity column 6969 (100.0%), 741.53 column/sec. Elapsed time 9.40 sec
4823.8s 982 EvaluatorHoldout: Ignoring 40 ( 0.1%) Users that have less than 1 test interactions
4837.6s 983 EvaluatorHoldout: Processed 27055 (100.0%) in 13.94 sec. Users per second: 1941
4838.1s 984 Unable to load Cython Compute_Similarity, reverting to Python
4847.0s 985 Similarity column 6969 (100.0%), 761.42 column/sec. Elapsed time 9.15 sec
4847.2s 986 EvaluatorHoldout: Ignoring 31 ( 0.1%) Users that have less than 1 test interactions
4861.0s 987 EvaluatorHoldout: Processed 27064 (100.0%) in 13.98 sec. Users per second: 1936
4861.5s 988 Unable to load Cython Compute_Similarity, reverting to Python
4870.6s 989 Similarity column 6969 (100.0%), 758.26 column/sec. Elapsed time 9.19 sec
4870.7s 990 EvaluatorHoldout: Ignoring 31 ( 0.1%) Users that have less than 1 test interactions
4884.5s 991 EvaluatorHoldout: Processed 27064 (100.0%) in 13.93 sec. Users per second: 1943
4884.5s 992 [I 2025-12-07 22:03:38,291] Trial 39 finished with value: 0.2526517573146966 and parameters: {'topK': 7, 'shrink': 137, 'tversky_alpha': 0.18264476044266387, 'tversky_beta': 1.7766237783644534}. Best is trial 38 with value: 0.25267818036663353.
4884.5s 993 
4884.5s 994 [I 2025-12-07 22:03:38,291] Trial 39 finished with value: 0.2526517573146966 and parameters: {'topK': 7, 'shrink': 137, 'tversky_alpha': 0.18264476044266387, 'tversky_beta': 1.7766237783644534}. Best is trial 38 with value: 0.25267818036663353.
4884.7s 995 [0.252488738160169, 0.2526750090565506, 0.2526213752818576, 0.25268148425581566, 0.2527921798190899]
4885.0s 996 Unable to load Cython Compute_Similarity, reverting to Python
4894.2s 997 Similarity column 6969 (100.0%), 743.61 column/sec. Elapsed time 9.37 sec
4894.4s 998 EvaluatorHoldout: Ignoring 31 ( 0.1%) Users that have less than 1 test interactions
4908.1s 999 EvaluatorHoldout: Processed 27064 (100.0%) in 13.85 sec. Users per second: 1954
4908.6s 1000 Unable to load Cython Compute_Similarity, reverting to Python
4917.8s 1001 Similarity column 6969 (100.0%), 741.07 column/sec. Elapsed time 9.40 sec
4918.0s 1002 EvaluatorHoldout: Ignoring 29 ( 0.1%) Users that have less than 1 test interactions
4931.8s 1003 EvaluatorHoldout: Processed 27066 (100.0%) in 14.01 sec. Users per second: 1932
4932.3s 1004 Unable to load Cython Compute_Similarity, reverting to Python
4941.6s 1005 Similarity column 6969 (100.0%), 733.09 column/sec. Elapsed time 9.51 sec
4941.8s 1006 EvaluatorHoldout: Ignoring 40 ( 0.1%) Users that have less than 1 test interactions
4955.5s 1007 EvaluatorHoldout: Processed 27055 (100.0%) in 13.89 sec. Users per second: 1948
4956.0s 1008 Unable to load Cython Compute_Similarity, reverting to Python
4964.9s 1009 Similarity column 6969 (100.0%), 766.66 column/sec. Elapsed time 9.09 sec
4965.1s 1010 EvaluatorHoldout: Ignoring 31 ( 0.1%) Users that have less than 1 test interactions
4979.1s 1011 EvaluatorHoldout: Processed 27064 (100.0%) in 14.11 sec. Users per second: 1919
4979.5s 1012 Unable to load Cython Compute_Similarity, reverting to Python
4988.5s 1013 Similarity column 6969 (100.0%), 761.04 column/sec. Elapsed time 9.16 sec
4988.7s 1014 EvaluatorHoldout: Ignoring 31 ( 0.1%) Users that have less than 1 test interactions
5002.4s 1015 EvaluatorHoldout: Processed 27064 (100.0%) in 13.94 sec. Users per second: 1942
5002.5s 1016 [I 2025-12-07 22:05:36,265] Trial 40 finished with value: 0.2526168768250899 and parameters: {'topK': 7, 'shrink': 138, 'tversky_alpha': 0.1801821076556848, 'tversky_beta': 1.7660580267939723}. Best is trial 38 with value: 0.25267818036663353.
5002.5s 1017 
5002.5s 1018 [I 2025-12-07 22:05:36,265] Trial 40 finished with value: 0.2526168768250899 and parameters: {'topK': 7, 'shrink': 138, 'tversky_alpha': 0.1801821076556848, 'tversky_beta': 1.7660580267939723}. Best is trial 38 with value: 0.25267818036663353.
5002.6s 1019 [0.2524519061769901, 0.25262501927080794, 0.25258850999291804, 0.2526352994353314, 0.2527836492494017]
5003.0s 1020 Unable to load Cython Compute_Similarity, reverting to Python
5012.4s 1021 Similarity column 6969 (100.0%), 728.29 column/sec. Elapsed time 9.57 sec
5012.5s 1022 EvaluatorHoldout: Ignoring 31 ( 0.1%) Users that have less than 1 test interactions
5026.1s 1023 EvaluatorHoldout: Processed 27064 (100.0%) in 13.74 sec. Users per second: 1970
5026.6s 1024 Unable to load Cython Compute_Similarity, reverting to Python
5036.0s 1025 Similarity column 6969 (100.0%), 727.77 column/sec. Elapsed time 9.58 sec
5036.2s 1026 EvaluatorHoldout: Ignoring 29 ( 0.1%) Users that have less than 1 test interactions
5049.9s 1027 EvaluatorHoldout: Processed 27066 (100.0%) in 13.86 sec. Users per second: 1952
5050.4s 1028 Unable to load Cython Compute_Similarity, reverting to Python
5059.8s 1029 Similarity column 6969 (100.0%), 728.17 column/sec. Elapsed time 9.57 sec
5060.0s 1030 EvaluatorHoldout: Ignoring 40 ( 0.1%) Users that have less than 1 test interactions
5073.8s 1031 EvaluatorHoldout: Processed 27055 (100.0%) in 13.97 sec. Users per second: 1937
5074.2s 1032 Unable to load Cython Compute_Similarity, reverting to Python
5083.4s 1033 Similarity column 6969 (100.0%), 745.63 column/sec. Elapsed time 9.35 sec
5083.6s 1034 EvaluatorHoldout: Ignoring 31 ( 0.1%) Users that have less than 1 test interactions
5097.3s 1035 EvaluatorHoldout: Processed 27064 (100.0%) in 13.86 sec. Users per second: 1953
5097.8s 1036 Unable to load Cython Compute_Similarity, reverting to Python
5107.3s 1037 Similarity column 6969 (100.0%), 720.49 column/sec. Elapsed time 9.67 sec
5107.5s 1038 EvaluatorHoldout: Ignoring 31 ( 0.1%) Users that have less than 1 test interactions
5121.4s 1039 EvaluatorHoldout: Processed 27064 (100.0%) in 14.01 sec. Users per second: 1931
5121.4s 1040 [I 2025-12-07 22:07:35,125] Trial 41 finished with value: 0.252580500451972 and parameters: {'topK': 7, 'shrink': 140, 'tversky_alpha': 0.17976455456763324, 'tversky_beta': 1.772576982333354}. Best is trial 38 with value: 0.25267818036663353.
5121.4s 1041 
5121.4s 1042 [I 2025-12-07 22:07:35,125] Trial 41 finished with value: 0.252580500451972 and parameters: {'topK': 7, 'shrink': 140, 'tversky_alpha': 0.17976455456763324, 'tversky_beta': 1.772576982333354}. Best is trial 38 with value: 0.25267818036663353.
5121.5s 1043 [0.2523721493266044, 0.2526163906262703, 0.25263166670019044, 0.25250665641608183, 0.25277563919071294]
5121.8s 1044 Unable to load Cython Compute_Similarity, reverting to Python
5131.2s 1045 Similarity column 6969 (100.0%), 725.87 column/sec. Elapsed time 9.60 sec
5131.4s 1046 EvaluatorHoldout: Ignoring 31 ( 0.1%) Users that have less than 1 test interactions
5145.4s 1047 EvaluatorHoldout: Processed 27064 (100.0%) in 14.17 sec. Users per second: 1911
5145.9s 1048 Unable to load Cython Compute_Similarity, reverting to Python
5155.6s 1049 Similarity column 6969 (100.0%), 708.04 column/sec. Elapsed time 9.84 sec
5155.8s 1050 EvaluatorHoldout: Ignoring 29 ( 0.1%) Users that have less than 1 test interactions
5169.6s 1051 EvaluatorHoldout: Processed 27066 (100.0%) in 13.96 sec. Users per second: 1939
5170.1s 1052 Unable to load Cython Compute_Similarity, reverting to Python
5179.8s 1053 Similarity column 6969 (100.0%), 703.94 column/sec. Elapsed time 9.90 sec
5180.0s 1054 EvaluatorHoldout: Ignoring 40 ( 0.1%) Users that have less than 1 test interactions
5193.8s 1055 EvaluatorHoldout: Processed 27055 (100.0%) in 14.00 sec. Users per second: 1932
5194.3s 1056 Unable to load Cython Compute_Similarity, reverting to Python
5203.5s 1057 Similarity column 6969 (100.0%), 737.68 column/sec. Elapsed time 9.45 sec
5203.7s 1058 EvaluatorHoldout: Ignoring 31 ( 0.1%) Users that have less than 1 test interactions
5217.6s 1059 EvaluatorHoldout: Processed 27064 (100.0%) in 14.00 sec. Users per second: 1934
5218.1s 1060 Unable to load Cython Compute_Similarity, reverting to Python
5227.8s 1061 Similarity column 6969 (100.0%), 705.78 column/sec. Elapsed time 9.87 sec
5227.9s 1062 EvaluatorHoldout: Ignoring 31 ( 0.1%) Users that have less than 1 test interactions
5241.7s 1063 EvaluatorHoldout: Processed 27064 (100.0%) in 13.94 sec. Users per second: 1941
5241.7s 1064 [I 2025-12-07 22:09:35,534] Trial 42 finished with value: 0.2523574593860446 and parameters: {'topK': 7, 'shrink': 140, 'tversky_alpha': 0.22336667306155467, 'tversky_beta': 1.7678566484058607}. Best is trial 38 with value: 0.25267818036663353.
5241.7s 1065 
5241.7s 1066 [I 2025-12-07 22:09:35,534] Trial 42 finished with value: 0.2523574593860446 and parameters: {'topK': 7, 'shrink': 140, 'tversky_alpha': 0.22336667306155467, 'tversky_beta': 1.7678566484058607}. Best is trial 38 with value: 0.25267818036663353.
5241.9s 1067 [0.2530508541499075, 0.25224071764031913, 0.2512764296140665, 0.25258944572660447, 0.2526298497993253]
5242.2s 1068 Unable to load Cython Compute_Similarity, reverting to Python
5251.6s 1069 Similarity column 6969 (100.0%), 730.52 column/sec. Elapsed time 9.54 sec
5251.8s 1070 EvaluatorHoldout: Ignoring 31 ( 0.1%) Users that have less than 1 test interactions
5265.4s 1071 EvaluatorHoldout: Processed 27064 (100.0%) in 13.75 sec. Users per second: 1968
5265.9s 1072 Unable to load Cython Compute_Similarity, reverting to Python
5275.0s 1073 Similarity column 6969 (100.0%), 748.00 column/sec. Elapsed time 9.32 sec
5275.2s 1074 EvaluatorHoldout: Ignoring 29 ( 0.1%) Users that have less than 1 test interactions
5288.9s 1075 EvaluatorHoldout: Processed 27066 (100.0%) in 13.94 sec. Users per second: 1942
5289.4s 1076 Unable to load Cython Compute_Similarity, reverting to Python
5298.7s 1077 Similarity column 6969 (100.0%), 742.49 column/sec. Elapsed time 9.39 sec
5298.8s 1078 EvaluatorHoldout: Ignoring 40 ( 0.1%) Users that have less than 1 test interactions
5312.6s 1079 EvaluatorHoldout: Processed 27055 (100.0%) in 13.99 sec. Users per second: 1934
5313.1s 1080 Unable to load Cython Compute_Similarity, reverting to Python
5322.1s 1081 Similarity column 6969 (100.0%), 762.67 column/sec. Elapsed time 9.14 sec
5322.3s 1082 EvaluatorHoldout: Ignoring 31 ( 0.1%) Users that have less than 1 test interactions
5336.0s 1083 EvaluatorHoldout: Processed 27064 (100.0%) in 13.83 sec. Users per second: 1957
5336.4s 1084 Unable to load Cython Compute_Similarity, reverting to Python
5345.6s 1085 Similarity column 6969 (100.0%), 742.12 column/sec. Elapsed time 9.39 sec
5345.8s 1086 EvaluatorHoldout: Ignoring 31 ( 0.1%) Users that have less than 1 test interactions
5359.5s 1087 EvaluatorHoldout: Processed 27064 (100.0%) in 13.83 sec. Users per second: 1957
5359.5s 1088 [I 2025-12-07 22:11:33,286] Trial 43 finished with value: 0.25172569045755294 and parameters: {'topK': 6, 'shrink': 158, 'tversky_alpha': 0.16888528961349916, 'tversky_beta': 1.7603899178601317}. Best is trial 38 with value: 0.25267818036663353.
5359.5s 1089 
5359.5s 1090 [I 2025-12-07 22:11:33,286] Trial 43 finished with value: 0.25172569045755294 and parameters: {'topK': 6, 'shrink': 158, 'tversky_alpha': 0.16888528961349916, 'tversky_beta': 1.7603899178601317}. Best is trial 38 with value: 0.25267818036663353.
5359.7s 1091 [0.2525267867772074, 0.25200518030456776, 0.2506096806462977, 0.2520660991483036, 0.25142070541138817]
5360.0s 1092 Unable to load Cython Compute_Similarity, reverting to Python
5369.2s 1093 Similarity column 6969 (100.0%), 741.58 column/sec. Elapsed time 9.40 sec
5369.4s 1094 EvaluatorHoldout: Ignoring 31 ( 0.1%) Users that have less than 1 test interactions
5383.2s 1095 EvaluatorHoldout: Processed 27064 (100.0%) in 13.95 sec. Users per second: 1940
5383.7s 1096 Unable to load Cython Compute_Similarity, reverting to Python
5393.0s 1097 Similarity column 6969 (100.0%), 733.67 column/sec. Elapsed time 9.50 sec
5393.2s 1098 EvaluatorHoldout: Ignoring 29 ( 0.1%) Users that have less than 1 test interactions
5406.9s 1099 EvaluatorHoldout: Processed 27066 (100.0%) in 13.90 sec. Users per second: 1947
5407.4s 1100 Unable to load Cython Compute_Similarity, reverting to Python
5416.6s 1101 Similarity column 6969 (100.0%), 738.37 column/sec. Elapsed time 9.44 sec
5416.8s 1102 EvaluatorHoldout: Ignoring 40 ( 0.1%) Users that have less than 1 test interactions
5430.6s 1103 EvaluatorHoldout: Processed 27055 (100.0%) in 13.95 sec. Users per second: 1939
5431.1s 1104 Unable to load Cython Compute_Similarity, reverting to Python
5440.3s 1105 Similarity column 6969 (100.0%), 746.13 column/sec. Elapsed time 9.34 sec
5440.4s 1106 EvaluatorHoldout: Ignoring 31 ( 0.1%) Users that have less than 1 test interactions
5454.6s 1107 EvaluatorHoldout: Processed 27064 (100.0%) in 14.31 sec. Users per second: 1891
5455.1s 1108 Unable to load Cython Compute_Similarity, reverting to Python
5464.2s 1109 Similarity column 6969 (100.0%), 750.57 column/sec. Elapsed time 9.28 sec
5464.4s 1110 EvaluatorHoldout: Ignoring 31 ( 0.1%) Users that have less than 1 test interactions
5478.0s 1111 EvaluatorHoldout: Processed 27064 (100.0%) in 13.80 sec. Users per second: 1961
5478.0s 1112 [I 2025-12-07 22:13:31,807] Trial 44 finished with value: 0.2503792885169311 and parameters: {'topK': 5, 'shrink': 132, 'tversky_alpha': 0.18733327693753116, 'tversky_beta': 1.7411148913941767}. Best is trial 38 with value: 0.25267818036663353.
5478.0s 1113 
5478.0s 1114 [I 2025-12-07 22:13:31,807] Trial 44 finished with value: 0.2503792885169311 and parameters: {'topK': 5, 'shrink': 132, 'tversky_alpha': 0.18733327693753116, 'tversky_beta': 1.7411148913941767}. Best is trial 38 with value: 0.25267818036663353.
5478.2s 1115 [0.2499644317569087, 0.25014962031162125, 0.2500029469906835, 0.25097489679860013, 0.2508045467268421]
5478.5s 1116 Unable to load Cython Compute_Similarity, reverting to Python
5487.7s 1117 Similarity column 6969 (100.0%), 746.17 column/sec. Elapsed time 9.34 sec
5487.9s 1118 EvaluatorHoldout: Ignoring 31 ( 0.1%) Users that have less than 1 test interactions
5501.9s 1119 EvaluatorHoldout: Processed 27064 (100.0%) in 14.19 sec. Users per second: 1907
5502.4s 1120 Unable to load Cython Compute_Similarity, reverting to Python
5511.6s 1121 Similarity column 6969 (100.0%), 744.20 column/sec. Elapsed time 9.36 sec
5511.7s 1122 EvaluatorHoldout: Ignoring 29 ( 0.1%) Users that have less than 1 test interactions
5525.7s 1123 EvaluatorHoldout: Processed 27066 (100.0%) in 14.14 sec. Users per second: 1914
5526.2s 1124 Unable to load Cython Compute_Similarity, reverting to Python
5535.5s 1125 Similarity column 6969 (100.0%), 730.50 column/sec. Elapsed time 9.54 sec
5535.7s 1126 EvaluatorHoldout: Ignoring 40 ( 0.1%) Users that have less than 1 test interactions
5549.5s 1127 EvaluatorHoldout: Processed 27055 (100.0%) in 13.91 sec. Users per second: 1945
5550.0s 1128 Unable to load Cython Compute_Similarity, reverting to Python
5559.4s 1129 Similarity column 6969 (100.0%), 724.66 column/sec. Elapsed time 9.62 sec
5559.6s 1130 EvaluatorHoldout: Ignoring 31 ( 0.1%) Users that have less than 1 test interactions
5573.5s 1131 EvaluatorHoldout: Processed 27064 (100.0%) in 14.08 sec. Users per second: 1923
5574.0s 1132 Unable to load Cython Compute_Similarity, reverting to Python
5583.1s 1133 Similarity column 6969 (100.0%), 749.72 column/sec. Elapsed time 9.30 sec
5583.3s 1134 EvaluatorHoldout: Ignoring 31 ( 0.1%) Users that have less than 1 test interactions
5597.1s 1135 EvaluatorHoldout: Processed 27064 (100.0%) in 13.99 sec. Users per second: 1934
5597.1s 1136 [I 2025-12-07 22:15:30,927] Trial 45 finished with value: 0.25252963049848115 and parameters: {'topK': 7, 'shrink': 123, 'tversky_alpha': 0.21933325158503925, 'tversky_beta': 1.776927161146465}. Best is trial 38 with value: 0.25267818036663353.
5597.1s 1137 
