9869.4s 2002 [I 2025-12-07 23:26:43,204] Trial 81 finished with value: 0.2524539823845345 and parameters: {'topK': 9, 'shrink': 112, 'tversky_alpha': 0.18709512275084217, 'tversky_beta': 1.7277050789138224}. Best is trial 64 with value: 0.25272636140465277.
9869.6s 2003 [0.2530643447929623, 0.25281200238380447, 0.2517109114720716, 0.2522976953124535, 0.2523849579613805]
9869.9s 2004 Unable to load Cython Compute_Similarity, reverting to Python
9879.6s 2005 Similarity column 6969 (100.0%), 702.45 column/sec. Elapsed time 9.92 sec
9879.8s 2006 EvaluatorHoldout: Ignoring 31 ( 0.1%) Users that have less than 1 test interactions
9893.7s 2007 EvaluatorHoldout: Processed 27064 (100.0%) in 13.93 sec. Users per second: 1943
9894.1s 2008 Unable to load Cython Compute_Similarity, reverting to Python
9903.7s 2009 Similarity column 6969 (100.0%), 713.55 column/sec. Elapsed time 9.77 sec
9903.9s 2010 EvaluatorHoldout: Ignoring 29 ( 0.1%) Users that have less than 1 test interactions
9917.6s 2011 EvaluatorHoldout: Processed 27066 (100.0%) in 13.94 sec. Users per second: 1941
9918.1s 2012 Unable to load Cython Compute_Similarity, reverting to Python
9927.6s 2013 Similarity column 6969 (100.0%), 727.37 column/sec. Elapsed time 9.58 sec
9927.7s 2014 EvaluatorHoldout: Ignoring 40 ( 0.1%) Users that have less than 1 test interactions
9941.5s 2015 EvaluatorHoldout: Processed 27055 (100.0%) in 13.98 sec. Users per second: 1935
9942.0s 2016 Unable to load Cython Compute_Similarity, reverting to Python
9951.7s 2017 Similarity column 6969 (100.0%), 707.77 column/sec. Elapsed time 9.85 sec
9951.9s 2018 EvaluatorHoldout: Ignoring 31 ( 0.1%) Users that have less than 1 test interactions
9965.7s 2019 EvaluatorHoldout: Processed 27064 (100.0%) in 13.95 sec. Users per second: 1939
9966.1s 2020 Unable to load Cython Compute_Similarity, reverting to Python
9975.4s 2021 Similarity column 6969 (100.0%), 740.55 column/sec. Elapsed time 9.41 sec
9975.6s 2022 EvaluatorHoldout: Ignoring 31 ( 0.1%) Users that have less than 1 test interactions
9989.3s 2023 EvaluatorHoldout: Processed 27064 (100.0%) in 13.92 sec. Users per second: 1945
9989.3s 2024 [I 2025-12-07 23:28:43,121] Trial 82 finished with value: 0.2526454618430942 and parameters: {'topK': 8, 'shrink': 124, 'tversky_alpha': 0.17499064809073384, 'tversky_beta': 1.7447936274009237}. Best is trial 64 with value: 0.25272636140465277.
9989.3s 2025 
9989.3s 2026 [I 2025-12-07 23:28:43,121] Trial 82 finished with value: 0.2526454618430942 and parameters: {'topK': 8, 'shrink': 124, 'tversky_alpha': 0.17499064809073384, 'tversky_beta': 1.7447936274009237}. Best is trial 64 with value: 0.25272636140465277.
9989.5s 2027 [0.2529726141981132, 0.2528069724137368, 0.2523883335478831, 0.25207348771492993, 0.25298590134080806]
9989.8s 2028 Unable to load Cython Compute_Similarity, reverting to Python
9999.3s 2029 Similarity column 6969 (100.0%), 724.03 column/sec. Elapsed time 9.63 sec
9999.5s 2030 EvaluatorHoldout: Ignoring 31 ( 0.1%) Users that have less than 1 test interactions
10013.3s 2031 EvaluatorHoldout: Processed 27064 (100.0%) in 14.04 sec. Users per second: 1927
10013.8s 2032 Unable to load Cython Compute_Similarity, reverting to Python
10023.2s 2033 Similarity column 6969 (100.0%), 728.94 column/sec. Elapsed time 9.56 sec
10023.4s 2034 EvaluatorHoldout: Ignoring 29 ( 0.1%) Users that have less than 1 test interactions
10037.3s 2035 EvaluatorHoldout: Processed 27066 (100.0%) in 13.94 sec. Users per second: 1941
10037.6s 2036 Unable to load Cython Compute_Similarity, reverting to Python
10047.1s 2037 Similarity column 6969 (100.0%), 725.77 column/sec. Elapsed time 9.60 sec
10047.3s 2038 EvaluatorHoldout: Ignoring 40 ( 0.1%) Users that have less than 1 test interactions
10061.0s 2039 EvaluatorHoldout: Processed 27055 (100.0%) in 13.89 sec. Users per second: 1948
10061.5s 2040 Unable to load Cython Compute_Similarity, reverting to Python
10071.0s 2041 Similarity column 6969 (100.0%), 722.41 column/sec. Elapsed time 9.65 sec
10071.1s 2042 EvaluatorHoldout: Ignoring 31 ( 0.1%) Users that have less than 1 test interactions
10084.9s 2043 EvaluatorHoldout: Processed 27064 (100.0%) in 14.00 sec. Users per second: 1934
10085.4s 2044 Unable to load Cython Compute_Similarity, reverting to Python
10094.4s 2045 Similarity column 6969 (100.0%), 760.18 column/sec. Elapsed time 9.17 sec
10094.6s 2046 EvaluatorHoldout: Ignoring 31 ( 0.1%) Users that have less than 1 test interactions
10108.5s 2047 EvaluatorHoldout: Processed 27064 (100.0%) in 14.01 sec. Users per second: 1931
10108.5s 2048 [I 2025-12-07 23:30:42,270] Trial 83 finished with value: 0.2525815765662943 and parameters: {'topK': 8, 'shrink': 127, 'tversky_alpha': 0.17272208900315872, 'tversky_beta': 1.705331666989073}. Best is trial 64 with value: 0.25272636140465277.
10108.5s 2049 
10108.5s 2050 [I 2025-12-07 23:30:42,270] Trial 83 finished with value: 0.2525815765662943 and parameters: {'topK': 8, 'shrink': 127, 'tversky_alpha': 0.17272208900315872, 'tversky_beta': 1.705331666989073}. Best is trial 64 with value: 0.25272636140465277.
10108.7s 2051 [0.2528861066157771, 0.25265603583929797, 0.25228886751587165, 0.2521148713258996, 0.2529620015346252]
10109.0s 2052 Unable to load Cython Compute_Similarity, reverting to Python
10118.2s 2053 Similarity column 6969 (100.0%), 743.06 column/sec. Elapsed time 9.38 sec
10118.4s 2054 EvaluatorHoldout: Ignoring 31 ( 0.1%) Users that have less than 1 test interactions
10132.0s 2055 EvaluatorHoldout: Processed 27064 (100.0%) in 13.84 sec. Users per second: 1956
10132.5s 2056 Unable to load Cython Compute_Similarity, reverting to Python
10141.9s 2057 Similarity column 6969 (100.0%), 737.05 column/sec. Elapsed time 9.46 sec
10142.0s 2058 EvaluatorHoldout: Ignoring 29 ( 0.1%) Users that have less than 1 test interactions
10155.8s 2059 EvaluatorHoldout: Processed 27066 (100.0%) in 14.03 sec. Users per second: 1929
10156.3s 2060 Unable to load Cython Compute_Similarity, reverting to Python
10165.3s 2061 Similarity column 6969 (100.0%), 762.88 column/sec. Elapsed time 9.14 sec
10165.5s 2062 EvaluatorHoldout: Ignoring 40 ( 0.1%) Users that have less than 1 test interactions
10179.4s 2063 EvaluatorHoldout: Processed 27055 (100.0%) in 13.98 sec. Users per second: 1935
10179.8s 2064 Unable to load Cython Compute_Similarity, reverting to Python
10188.7s 2065 Similarity column 6969 (100.0%), 760.37 column/sec. Elapsed time 9.17 sec
10188.9s 2066 EvaluatorHoldout: Ignoring 31 ( 0.1%) Users that have less than 1 test interactions
10202.8s 2067 EvaluatorHoldout: Processed 27064 (100.0%) in 14.01 sec. Users per second: 1932
10203.2s 2068 Unable to load Cython Compute_Similarity, reverting to Python
10212.8s 2069 Similarity column 6969 (100.0%), 719.97 column/sec. Elapsed time 9.68 sec
10212.9s 2070 EvaluatorHoldout: Ignoring 31 ( 0.1%) Users that have less than 1 test interactions
10226.7s 2071 EvaluatorHoldout: Processed 27064 (100.0%) in 13.95 sec. Users per second: 1940
10226.7s 2072 [I 2025-12-07 23:32:40,526] Trial 84 finished with value: 0.2522661900602258 and parameters: {'topK': 9, 'shrink': 100, 'tversky_alpha': 0.15976782551677018, 'tversky_beta': 1.6799992237452683}. Best is trial 64 with value: 0.25272636140465277.
10226.7s 2073 
10226.7s 2074 [I 2025-12-07 23:32:40,526] Trial 84 finished with value: 0.2522661900602258 and parameters: {'topK': 9, 'shrink': 100, 'tversky_alpha': 0.15976782551677018, 'tversky_beta': 1.6799992237452683}. Best is trial 64 with value: 0.25272636140465277.
10226.9s 2075 [0.2526810329731835, 0.25243397281214464, 0.25176107030769707, 0.25185860617830746, 0.25259626802979634]
10227.2s 2076 Unable to load Cython Compute_Similarity, reverting to Python
10236.5s 2077 Similarity column 6969 (100.0%), 740.12 column/sec. Elapsed time 9.42 sec
10236.7s 2078 EvaluatorHoldout: Ignoring 31 ( 0.1%) Users that have less than 1 test interactions
10250.6s 2079 EvaluatorHoldout: Processed 27064 (100.0%) in 14.07 sec. Users per second: 1924
10251.0s 2080 Unable to load Cython Compute_Similarity, reverting to Python
10261.0s 2081 Similarity column 6969 (100.0%), 689.89 column/sec. Elapsed time 10.10 sec
10261.2s 2082 EvaluatorHoldout: Ignoring 29 ( 0.1%) Users that have less than 1 test interactions
10275.0s 2083 EvaluatorHoldout: Processed 27066 (100.0%) in 14.06 sec. Users per second: 1925
10275.5s 2084 Unable to load Cython Compute_Similarity, reverting to Python
10285.3s 2085 Similarity column 6969 (100.0%), 704.35 column/sec. Elapsed time 9.89 sec
10285.4s 2086 EvaluatorHoldout: Ignoring 40 ( 0.1%) Users that have less than 1 test interactions
10299.1s 2087 EvaluatorHoldout: Processed 27055 (100.0%) in 13.89 sec. Users per second: 1947
10299.6s 2088 Unable to load Cython Compute_Similarity, reverting to Python
10309.0s 2089 Similarity column 6969 (100.0%), 731.97 column/sec. Elapsed time 9.52 sec
10309.2s 2090 EvaluatorHoldout: Ignoring 31 ( 0.1%) Users that have less than 1 test interactions
10323.1s 2091 EvaluatorHoldout: Processed 27064 (100.0%) in 14.04 sec. Users per second: 1928
10323.5s 2092 Unable to load Cython Compute_Similarity, reverting to Python
10332.9s 2093 Similarity column 6969 (100.0%), 729.18 column/sec. Elapsed time 9.56 sec
10333.1s 2094 EvaluatorHoldout: Ignoring 31 ( 0.1%) Users that have less than 1 test interactions
10347.0s 2095 EvaluatorHoldout: Processed 27064 (100.0%) in 14.08 sec. Users per second: 1922
10347.0s 2096 [I 2025-12-07 23:34:40,819] Trial 85 finished with value: 0.2505632839656503 and parameters: {'topK': 8, 'shrink': 287, 'tversky_alpha': 0.19587334132929818, 'tversky_beta': 1.7621857708381623}. Best is trial 64 with value: 0.25272636140465277.
10347.0s 2097 
10347.0s 2098 [I 2025-12-07 23:34:40,819] Trial 85 finished with value: 0.2505632839656503 and parameters: {'topK': 8, 'shrink': 287, 'tversky_alpha': 0.19587334132929818, 'tversky_beta': 1.7621857708381623}. Best is trial 64 with value: 0.25272636140465277.
10347.2s 2099 [0.25146127300644167, 0.2500447093271136, 0.24949936783029572, 0.2508226496522396, 0.25098842001216076]
10347.5s 2100 Unable to load Cython Compute_Similarity, reverting to Python
10356.9s 2101 Similarity column 6969 (100.0%), 734.05 column/sec. Elapsed time 9.49 sec
10357.0s 2102 EvaluatorHoldout: Ignoring 31 ( 0.1%) Users that have less than 1 test interactions
10371.0s 2103 EvaluatorHoldout: Processed 27064 (100.0%) in 14.11 sec. Users per second: 1918
10371.5s 2104 Unable to load Cython Compute_Similarity, reverting to Python
10380.6s 2105 Similarity column 6969 (100.0%), 747.11 column/sec. Elapsed time 9.33 sec
10380.8s 2106 EvaluatorHoldout: Ignoring 29 ( 0.1%) Users that have less than 1 test interactions
10395.1s 2107 EvaluatorHoldout: Processed 27066 (100.0%) in 14.33 sec. Users per second: 1889
10395.5s 2108 Unable to load Cython Compute_Similarity, reverting to Python
10404.5s 2109 Similarity column 6969 (100.0%), 756.47 column/sec. Elapsed time 9.21 sec
10404.7s 2110 EvaluatorHoldout: Ignoring 40 ( 0.1%) Users that have less than 1 test interactions
10418.7s 2111 EvaluatorHoldout: Processed 27055 (100.0%) in 14.21 sec. Users per second: 1904
10419.2s 2112 Unable to load Cython Compute_Similarity, reverting to Python
10428.3s 2113 Similarity column 6969 (100.0%), 754.88 column/sec. Elapsed time 9.23 sec
10428.4s 2114 EvaluatorHoldout: Ignoring 31 ( 0.1%) Users that have less than 1 test interactions
10442.4s 2115 EvaluatorHoldout: Processed 27064 (100.0%) in 14.18 sec. Users per second: 1909
10442.9s 2116 Unable to load Cython Compute_Similarity, reverting to Python
10452.1s 2117 Similarity column 6969 (100.0%), 738.94 column/sec. Elapsed time 9.43 sec
10452.3s 2118 EvaluatorHoldout: Ignoring 31 ( 0.1%) Users that have less than 1 test interactions
10466.6s 2119 EvaluatorHoldout: Processed 27064 (100.0%) in 14.31 sec. Users per second: 1892
10466.6s 2120 [I 2025-12-07 23:36:40,299] Trial 86 finished with value: 0.24403706563862 and parameters: {'topK': 14, 'shrink': 113, 'tversky_alpha': 0.3376919237190017, 'tversky_beta': 1.7403522698052736}. Best is trial 64 with value: 0.25272636140465277.
10466.6s 2121 
10466.6s 2122 [I 2025-12-07 23:36:40,299] Trial 86 finished with value: 0.24403706563862 and parameters: {'topK': 14, 'shrink': 113, 'tversky_alpha': 0.3376919237190017, 'tversky_beta': 1.7403522698052736}. Best is trial 64 with value: 0.25272636140465277.
10466.7s 2123 [0.24463175119341138, 0.24306046889048086, 0.24371536889700265, 0.24429783919396159, 0.24447990001824343]
10467.0s 2124 Unable to load Cython Compute_Similarity, reverting to Python
10476.2s 2125 Similarity column 6969 (100.0%), 741.69 column/sec. Elapsed time 9.40 sec
10476.4s 2126 EvaluatorHoldout: Ignoring 31 ( 0.1%) Users that have less than 1 test interactions
10490.1s 2127 EvaluatorHoldout: Processed 27064 (100.0%) in 13.86 sec. Users per second: 1953
10490.6s 2128 Unable to load Cython Compute_Similarity, reverting to Python
10500.0s 2129 Similarity column 6969 (100.0%), 744.46 column/sec. Elapsed time 9.36 sec
10500.0s 2130 EvaluatorHoldout: Ignoring 29 ( 0.1%) Users that have less than 1 test interactions
10513.8s 2131 EvaluatorHoldout: Processed 27066 (100.0%) in 13.99 sec. Users per second: 1935
10514.3s 2132 Unable to load Cython Compute_Similarity, reverting to Python
10523.7s 2133 Similarity column 6969 (100.0%), 725.71 column/sec. Elapsed time 9.60 sec
10523.9s 2134 EvaluatorHoldout: Ignoring 40 ( 0.1%) Users that have less than 1 test interactions
10537.7s 2135 EvaluatorHoldout: Processed 27055 (100.0%) in 13.96 sec. Users per second: 1939
10538.1s 2136 Unable to load Cython Compute_Similarity, reverting to Python
10547.1s 2137 Similarity column 6969 (100.0%), 761.03 column/sec. Elapsed time 9.16 sec
10547.3s 2138 EvaluatorHoldout: Ignoring 31 ( 0.1%) Users that have less than 1 test interactions
10561.2s 2139 EvaluatorHoldout: Processed 27064 (100.0%) in 14.11 sec. Users per second: 1918
10561.7s 2140 Unable to load Cython Compute_Similarity, reverting to Python
10570.9s 2141 Similarity column 6969 (100.0%), 751.15 column/sec. Elapsed time 9.28 sec
10571.0s 2142 EvaluatorHoldout: Ignoring 31 ( 0.1%) Users that have less than 1 test interactions
10584.8s 2143 EvaluatorHoldout: Processed 27064 (100.0%) in 13.99 sec. Users per second: 1935
10584.8s 2144 [I 2025-12-07 23:38:38,638] Trial 87 finished with value: 0.25247756831655643 and parameters: {'topK': 8, 'shrink': 124, 'tversky_alpha': 0.152039049980071, 'tversky_beta': 1.7516380991843035}. Best is trial 64 with value: 0.25272636140465277.
10584.8s 2145 
10584.8s 2146 [I 2025-12-07 23:38:38,638] Trial 87 finished with value: 0.25247756831655643 and parameters: {'topK': 8, 'shrink': 124, 'tversky_alpha': 0.152039049980071, 'tversky_beta': 1.7516380991843035}. Best is trial 64 with value: 0.25272636140465277.
10585.0s 2147 [0.25240972886842, 0.2525398391294131, 0.25177599355076824, 0.2525282597504099, 0.2531340202837709]
10585.3s 2148 Unable to load Cython Compute_Similarity, reverting to Python
10594.6s 2149 Similarity column 6969 (100.0%), 733.14 column/sec. Elapsed time 9.51 sec
10594.8s 2150 EvaluatorHoldout: Ignoring 31 ( 0.1%) Users that have less than 1 test interactions
10608.7s 2151 EvaluatorHoldout: Processed 27064 (100.0%) in 13.91 sec. Users per second: 1946
10609.1s 2152 Unable to load Cython Compute_Similarity, reverting to Python
10618.2s 2153 Similarity column 6969 (100.0%), 746.48 column/sec. Elapsed time 9.34 sec
10618.4s 2154 EvaluatorHoldout: Ignoring 29 ( 0.1%) Users that have less than 1 test interactions
10632.4s 2155 EvaluatorHoldout: Processed 27066 (100.0%) in 14.21 sec. Users per second: 1905
10632.9s 2156 Unable to load Cython Compute_Similarity, reverting to Python
10642.0s 2157 Similarity column 6969 (100.0%), 761.47 column/sec. Elapsed time 9.15 sec
10642.1s 2158 EvaluatorHoldout: Ignoring 40 ( 0.1%) Users that have less than 1 test interactions
10655.7s 2159 EvaluatorHoldout: Processed 27055 (100.0%) in 13.82 sec. Users per second: 1958
10656.2s 2160 Unable to load Cython Compute_Similarity, reverting to Python
10665.5s 2161 Similarity column 6969 (100.0%), 734.99 column/sec. Elapsed time 9.48 sec
10665.7s 2162 EvaluatorHoldout: Ignoring 31 ( 0.1%) Users that have less than 1 test interactions
10679.6s 2163 EvaluatorHoldout: Processed 27064 (100.0%) in 13.93 sec. Users per second: 1943
10680.0s 2164 Unable to load Cython Compute_Similarity, reverting to Python
10689.3s 2165 Similarity column 6969 (100.0%), 731.32 column/sec. Elapsed time 9.53 sec
10689.5s 2166 EvaluatorHoldout: Ignoring 31 ( 0.1%) Users that have less than 1 test interactions
10703.6s 2167 EvaluatorHoldout: Processed 27064 (100.0%) in 14.26 sec. Users per second: 1898
10703.6s 2168 [I 2025-12-07 23:40:37,397] Trial 88 finished with value: 0.2525146708439169 and parameters: {'topK': 9, 'shrink': 106, 'tversky_alpha': 0.16451761345967367, 'tversky_beta': 1.7875027137964805}. Best is trial 64 with value: 0.25272636140465277.
10703.6s 2169 
10703.6s 2170 [I 2025-12-07 23:40:37,397] Trial 88 finished with value: 0.2525146708439169 and parameters: {'topK': 9, 'shrink': 106, 'tversky_alpha': 0.16451761345967367, 'tversky_beta': 1.7875027137964805}. Best is trial 64 with value: 0.25272636140465277.
10703.8s 2171 [0.2528543884956807, 0.252799577294662, 0.25200153520995, 0.2522917792989451, 0.25262607392034664]
10704.1s 2172 Unable to load Cython Compute_Similarity, reverting to Python
10713.6s 2173 Similarity column 6969 (100.0%), 729.21 column/sec. Elapsed time 9.56 sec
10713.7s 2174 EvaluatorHoldout: Ignoring 31 ( 0.1%) Users that have less than 1 test interactions
10727.5s 2175 EvaluatorHoldout: Processed 27064 (100.0%) in 14.00 sec. Users per second: 1933
10728.0s 2176 Unable to load Cython Compute_Similarity, reverting to Python
10737.6s 2177 Similarity column 6969 (100.0%), 713.85 column/sec. Elapsed time 9.76 sec
10737.8s 2178 EvaluatorHoldout: Ignoring 29 ( 0.1%) Users that have less than 1 test interactions
10751.8s 2179 EvaluatorHoldout: Processed 27066 (100.0%) in 14.08 sec. Users per second: 1922
10752.2s 2180 Unable to load Cython Compute_Similarity, reverting to Python
10761.6s 2181 Similarity column 6969 (100.0%), 719.31 column/sec. Elapsed time 9.69 sec
10761.8s 2182 EvaluatorHoldout: Ignoring 40 ( 0.1%) Users that have less than 1 test interactions
10775.8s 2183 EvaluatorHoldout: Processed 27055 (100.0%) in 14.09 sec. Users per second: 1920
10776.3s 2184 Unable to load Cython Compute_Similarity, reverting to Python
10785.4s 2185 Similarity column 6969 (100.0%), 754.71 column/sec. Elapsed time 9.23 sec
10785.5s 2186 EvaluatorHoldout: Ignoring 31 ( 0.1%) Users that have less than 1 test interactions
10799.3s 2187 EvaluatorHoldout: Processed 27064 (100.0%) in 14.00 sec. Users per second: 1933
10799.8s 2188 Unable to load Cython Compute_Similarity, reverting to Python
10809.0s 2189 Similarity column 6969 (100.0%), 741.37 column/sec. Elapsed time 9.40 sec
10809.2s 2190 EvaluatorHoldout: Ignoring 31 ( 0.1%) Users that have less than 1 test interactions
10823.1s 2191 EvaluatorHoldout: Processed 27064 (100.0%) in 13.90 sec. Users per second: 1947
10823.1s 2192 [I 2025-12-07 23:42:36,776] Trial 89 finished with value: 0.25252117359172493 and parameters: {'topK': 7, 'shrink': 135, 'tversky_alpha': 0.17510061791320838, 'tversky_beta': 1.7124251896277154}. Best is trial 64 with value: 0.25272636140465277.
10823.1s 2193 
10823.1s 2194 [I 2025-12-07 23:42:36,776] Trial 89 finished with value: 0.25252117359172493 and parameters: {'topK': 7, 'shrink': 135, 'tversky_alpha': 0.17510061791320838, 'tversky_beta': 1.7124251896277154}. Best is trial 64 with value: 0.25272636140465277.
10823.2s 2195 [0.25237620112583337, 0.2525439118469897, 0.2525686545872665, 0.25245296171255405, 0.2526641386859811]
10823.5s 2196 Unable to load Cython Compute_Similarity, reverting to Python
10832.7s 2197 Similarity column 6969 (100.0%), 743.17 column/sec. Elapsed time 9.38 sec
10832.9s 2198 EvaluatorHoldout: Ignoring 31 ( 0.1%) Users that have less than 1 test interactions
10846.8s 2199 EvaluatorHoldout: Processed 27064 (100.0%) in 14.11 sec. Users per second: 1918
10847.3s 2200 Unable to load Cython Compute_Similarity, reverting to Python
10856.6s 2201 Similarity column 6969 (100.0%), 739.13 column/sec. Elapsed time 9.43 sec
10856.7s 2202 EvaluatorHoldout: Ignoring 29 ( 0.1%) Users that have less than 1 test interactions
10870.6s 2203 EvaluatorHoldout: Processed 27066 (100.0%) in 14.01 sec. Users per second: 1931
10871.1s 2204 Unable to load Cython Compute_Similarity, reverting to Python
10880.2s 2205 Similarity column 6969 (100.0%), 745.92 column/sec. Elapsed time 9.34 sec
10880.4s 2206 EvaluatorHoldout: Ignoring 40 ( 0.1%) Users that have less than 1 test interactions
10894.4s 2207 EvaluatorHoldout: Processed 27055 (100.0%) in 14.11 sec. Users per second: 1917
10894.8s 2208 Unable to load Cython Compute_Similarity, reverting to Python
10903.9s 2209 Similarity column 6969 (100.0%), 751.91 column/sec. Elapsed time 9.27 sec
10904.1s 2210 EvaluatorHoldout: Ignoring 31 ( 0.1%) Users that have less than 1 test interactions
10918.1s 2211 EvaluatorHoldout: Processed 27064 (100.0%) in 14.13 sec. Users per second: 1916
10918.6s 2212 Unable to load Cython Compute_Similarity, reverting to Python
10928.0s 2213 Similarity column 6969 (100.0%), 734.11 column/sec. Elapsed time 9.49 sec
10928.1s 2214 EvaluatorHoldout: Ignoring 31 ( 0.1%) Users that have less than 1 test interactions
10941.8s 2215 EvaluatorHoldout: Processed 27064 (100.0%) in 13.95 sec. Users per second: 1940
10941.8s 2216 [I 2025-12-07 23:44:35,658] Trial 90 finished with value: 0.2524518311393066 and parameters: {'topK': 8, 'shrink': 117, 'tversky_alpha': 0.2063052082083422, 'tversky_beta': 1.7470441058277228}. Best is trial 64 with value: 0.25272636140465277.
10941.8s 2217 
