17363.2s 3514 [I 2025-12-08 01:31:37,055] Trial 144 finished with value: 0.25259483370036484 and parameters: {'topK': 7, 'shrink': 116, 'tversky_alpha': 0.20041140636872298, 'tversky_beta': 1.7686609021519968}. Best is trial 140 with value: 0.2528360767678147.
17363.4s 3515 [0.2530565779438882, 0.25253900998597745, 0.25224005852677045, 0.25257277414727775, 0.25256574789791053]
17363.8s 3516 Unable to load Cython Compute_Similarity, reverting to Python
17372.8s 3517 Similarity column 6969 (100.0%), 754.41 column/sec. Elapsed time 9.24 sec
17373.0s 3518 EvaluatorHoldout: Ignoring 31 ( 0.1%) Users that have less than 1 test interactions
17386.9s 3519 EvaluatorHoldout: Processed 27064 (100.0%) in 13.87 sec. Users per second: 1952
17387.2s 3520 Unable to load Cython Compute_Similarity, reverting to Python
17396.2s 3521 Similarity column 6969 (100.0%), 759.05 column/sec. Elapsed time 9.18 sec
17396.4s 3522 EvaluatorHoldout: Ignoring 29 ( 0.1%) Users that have less than 1 test interactions
17410.1s 3523 EvaluatorHoldout: Processed 27066 (100.0%) in 13.85 sec. Users per second: 1955
17410.5s 3524 Unable to load Cython Compute_Similarity, reverting to Python
17419.8s 3525 Similarity column 6969 (100.0%), 747.00 column/sec. Elapsed time 9.33 sec
17419.9s 3526 EvaluatorHoldout: Ignoring 40 ( 0.1%) Users that have less than 1 test interactions
17433.8s 3527 EvaluatorHoldout: Processed 27055 (100.0%) in 14.06 sec. Users per second: 1924
17434.3s 3528 Unable to load Cython Compute_Similarity, reverting to Python
17443.1s 3529 Similarity column 6969 (100.0%), 767.09 column/sec. Elapsed time 9.08 sec
17443.3s 3530 EvaluatorHoldout: Ignoring 31 ( 0.1%) Users that have less than 1 test interactions
17457.3s 3531 EvaluatorHoldout: Processed 27064 (100.0%) in 13.94 sec. Users per second: 1941
17457.6s 3532 Unable to load Cython Compute_Similarity, reverting to Python
17466.7s 3533 Similarity column 6969 (100.0%), 752.54 column/sec. Elapsed time 9.26 sec
17466.9s 3534 EvaluatorHoldout: Ignoring 31 ( 0.1%) Users that have less than 1 test interactions
17480.7s 3535 EvaluatorHoldout: Processed 27064 (100.0%) in 13.96 sec. Users per second: 1938
17480.7s 3536 [I 2025-12-08 01:33:34,493] Trial 145 finished with value: 0.2512048360903016 and parameters: {'topK': 7, 'shrink': 100, 'tversky_alpha': 0.21279789591857737, 'tversky_beta': 1.40222400062245}. Best is trial 140 with value: 0.2528360767678147.
17480.7s 3537 
17480.7s 3538 [I 2025-12-08 01:33:34,493] Trial 145 finished with value: 0.2512048360903016 and parameters: {'topK': 7, 'shrink': 100, 'tversky_alpha': 0.21279789591857737, 'tversky_beta': 1.40222400062245}. Best is trial 140 with value: 0.2528360767678147.
17480.9s 3539 [0.251441272513001, 0.2514397556374973, 0.24974459254274156, 0.25202728531998697, 0.2513712744382811]
17481.2s 3540 Unable to load Cython Compute_Similarity, reverting to Python
17490.6s 3541 Similarity column 6969 (100.0%), 740.86 column/sec. Elapsed time 9.41 sec
17490.6s 3542 EvaluatorHoldout: Ignoring 31 ( 0.1%) Users that have less than 1 test interactions
17504.4s 3543 EvaluatorHoldout: Processed 27064 (100.0%) in 13.94 sec. Users per second: 1941
17504.9s 3544 Unable to load Cython Compute_Similarity, reverting to Python
17514.0s 3545 Similarity column 6969 (100.0%), 744.00 column/sec. Elapsed time 9.37 sec
17514.2s 3546 EvaluatorHoldout: Ignoring 29 ( 0.1%) Users that have less than 1 test interactions
17528.1s 3547 EvaluatorHoldout: Processed 27066 (100.0%) in 13.84 sec. Users per second: 1955
17528.4s 3548 Unable to load Cython Compute_Similarity, reverting to Python
17537.8s 3549 Similarity column 6969 (100.0%), 727.85 column/sec. Elapsed time 9.57 sec
17538.0s 3550 EvaluatorHoldout: Ignoring 40 ( 0.1%) Users that have less than 1 test interactions
17551.7s 3551 EvaluatorHoldout: Processed 27055 (100.0%) in 13.90 sec. Users per second: 1946
17552.2s 3552 Unable to load Cython Compute_Similarity, reverting to Python
17561.6s 3553 Similarity column 6969 (100.0%), 740.64 column/sec. Elapsed time 9.41 sec
17561.6s 3554 EvaluatorHoldout: Ignoring 31 ( 0.1%) Users that have less than 1 test interactions
17575.4s 3555 EvaluatorHoldout: Processed 27064 (100.0%) in 13.96 sec. Users per second: 1938
17575.9s 3556 Unable to load Cython Compute_Similarity, reverting to Python
17585.0s 3557 Similarity column 6969 (100.0%), 748.51 column/sec. Elapsed time 9.31 sec
17585.2s 3558 EvaluatorHoldout: Ignoring 31 ( 0.1%) Users that have less than 1 test interactions
17599.0s 3559 EvaluatorHoldout: Processed 27064 (100.0%) in 13.83 sec. Users per second: 1957
17599.0s 3560 [I 2025-12-08 01:35:32,692] Trial 146 finished with value: 0.252698436528594 and parameters: {'topK': 7, 'shrink': 107, 'tversky_alpha': 0.2187973302094955, 'tversky_beta': 1.7807874376775816}. Best is trial 140 with value: 0.2528360767678147.
17599.0s 3561 
17599.0s 3562 [I 2025-12-08 01:35:32,692] Trial 146 finished with value: 0.252698436528594 and parameters: {'topK': 7, 'shrink': 107, 'tversky_alpha': 0.2187973302094955, 'tversky_beta': 1.7807874376775816}. Best is trial 140 with value: 0.2528360767678147.
17599.1s 3563 [0.2530574022954794, 0.2523181605450294, 0.25207373777903425, 0.2532149605580983, 0.2528279214653287]
17599.4s 3564 Unable to load Cython Compute_Similarity, reverting to Python
17608.5s 3565 Similarity column 6969 (100.0%), 745.27 column/sec. Elapsed time 9.35 sec
17608.7s 3566 EvaluatorHoldout: Ignoring 31 ( 0.1%) Users that have less than 1 test interactions
17622.5s 3567 EvaluatorHoldout: Processed 27064 (100.0%) in 13.91 sec. Users per second: 1945
17623.0s 3568 Unable to load Cython Compute_Similarity, reverting to Python
17632.6s 3569 Similarity column 6969 (100.0%), 729.82 column/sec. Elapsed time 9.55 sec
17632.6s 3570 EvaluatorHoldout: Ignoring 29 ( 0.1%) Users that have less than 1 test interactions
17646.3s 3571 EvaluatorHoldout: Processed 27066 (100.0%) in 13.92 sec. Users per second: 1944
17646.8s 3572 Unable to load Cython Compute_Similarity, reverting to Python
17656.0s 3573 Similarity column 6969 (100.0%), 742.32 column/sec. Elapsed time 9.39 sec
17656.2s 3574 EvaluatorHoldout: Ignoring 40 ( 0.1%) Users that have less than 1 test interactions
17670.2s 3575 EvaluatorHoldout: Processed 27055 (100.0%) in 14.00 sec. Users per second: 1933
17670.5s 3576 Unable to load Cython Compute_Similarity, reverting to Python
17679.5s 3577 Similarity column 6969 (100.0%), 758.10 column/sec. Elapsed time 9.19 sec
17679.7s 3578 EvaluatorHoldout: Ignoring 31 ( 0.1%) Users that have less than 1 test interactions
17693.4s 3579 EvaluatorHoldout: Processed 27064 (100.0%) in 13.90 sec. Users per second: 1947
17693.9s 3580 Unable to load Cython Compute_Similarity, reverting to Python
17703.2s 3581 Similarity column 6969 (100.0%), 747.50 column/sec. Elapsed time 9.32 sec
17703.2s 3582 EvaluatorHoldout: Ignoring 31 ( 0.1%) Users that have less than 1 test interactions
17717.2s 3583 EvaluatorHoldout: Processed 27064 (100.0%) in 14.15 sec. Users per second: 1912
17717.2s 3584 [I 2025-12-08 01:37:31,034] Trial 147 finished with value: 0.2526897626589833 and parameters: {'topK': 7, 'shrink': 107, 'tversky_alpha': 0.2195332676785497, 'tversky_beta': 1.7775035344264731}. Best is trial 140 with value: 0.2528360767678147.
17717.2s 3585 
17717.2s 3586 [I 2025-12-08 01:37:31,034] Trial 147 finished with value: 0.2526897626589833 and parameters: {'topK': 7, 'shrink': 107, 'tversky_alpha': 0.2195332676785497, 'tversky_beta': 1.7775035344264731}. Best is trial 140 with value: 0.2528360767678147.
17717.4s 3587 [0.252978134957559, 0.25232584730944696, 0.2521271806400191, 0.25317293095217847, 0.25284471943571285]
17717.7s 3588 Unable to load Cython Compute_Similarity, reverting to Python
17726.8s 3589 Similarity column 6969 (100.0%), 756.55 column/sec. Elapsed time 9.21 sec
17727.0s 3590 EvaluatorHoldout: Ignoring 31 ( 0.1%) Users that have less than 1 test interactions
17740.9s 3591 EvaluatorHoldout: Processed 27064 (100.0%) in 13.92 sec. Users per second: 1944
17741.2s 3592 Unable to load Cython Compute_Similarity, reverting to Python
17750.6s 3593 Similarity column 6969 (100.0%), 727.07 column/sec. Elapsed time 9.59 sec
17750.8s 3594 EvaluatorHoldout: Ignoring 29 ( 0.1%) Users that have less than 1 test interactions
17764.6s 3595 EvaluatorHoldout: Processed 27066 (100.0%) in 14.03 sec. Users per second: 1929
17765.1s 3596 Unable to load Cython Compute_Similarity, reverting to Python
17774.7s 3597 Similarity column 6969 (100.0%), 721.97 column/sec. Elapsed time 9.65 sec
17774.8s 3598 EvaluatorHoldout: Ignoring 40 ( 0.1%) Users that have less than 1 test interactions
17788.6s 3599 EvaluatorHoldout: Processed 27055 (100.0%) in 13.99 sec. Users per second: 1934
17789.1s 3600 Unable to load Cython Compute_Similarity, reverting to Python
17798.3s 3601 Similarity column 6969 (100.0%), 742.77 column/sec. Elapsed time 9.38 sec
17798.5s 3602 EvaluatorHoldout: Ignoring 31 ( 0.1%) Users that have less than 1 test interactions
17812.5s 3603 EvaluatorHoldout: Processed 27064 (100.0%) in 14.03 sec. Users per second: 1929
17812.8s 3604 Unable to load Cython Compute_Similarity, reverting to Python
17821.9s 3605 Similarity column 6969 (100.0%), 749.77 column/sec. Elapsed time 9.29 sec
17822.1s 3606 EvaluatorHoldout: Ignoring 31 ( 0.1%) Users that have less than 1 test interactions
17835.9s 3607 EvaluatorHoldout: Processed 27064 (100.0%) in 13.95 sec. Users per second: 1940
17835.9s 3608 [I 2025-12-08 01:39:29,737] Trial 148 finished with value: 0.25159408469231015 and parameters: {'topK': 8, 'shrink': 113, 'tversky_alpha': 0.20412745512988156, 'tversky_beta': 1.5235986458860398}. Best is trial 140 with value: 0.2528360767678147.
17835.9s 3609 
17835.9s 3610 [I 2025-12-08 01:39:29,737] Trial 148 finished with value: 0.25159408469231015 and parameters: {'topK': 8, 'shrink': 113, 'tversky_alpha': 0.20412745512988156, 'tversky_beta': 1.5235986458860398}. Best is trial 140 with value: 0.2528360767678147.
17836.1s 3611 [0.2516737834821432, 0.25147278768664666, 0.25072719549764577, 0.25205603959678735, 0.25204061719832777]
17836.4s 3612 Unable to load Cython Compute_Similarity, reverting to Python
17845.5s 3613 Similarity column 6969 (100.0%), 761.83 column/sec. Elapsed time 9.15 sec
17845.6s 3614 EvaluatorHoldout: Ignoring 31 ( 0.1%) Users that have less than 1 test interactions
17859.1s 3615 EvaluatorHoldout: Processed 27064 (100.0%) in 13.71 sec. Users per second: 1974
17859.6s 3616 Unable to load Cython Compute_Similarity, reverting to Python
17869.0s 3617 Similarity column 6969 (100.0%), 728.58 column/sec. Elapsed time 9.57 sec
17869.2s 3618 EvaluatorHoldout: Ignoring 29 ( 0.1%) Users that have less than 1 test interactions
17883.1s 3619 EvaluatorHoldout: Processed 27066 (100.0%) in 13.96 sec. Users per second: 1939
17883.5s 3620 Unable to load Cython Compute_Similarity, reverting to Python
17892.8s 3621 Similarity column 6969 (100.0%), 733.01 column/sec. Elapsed time 9.51 sec
17893.0s 3622 EvaluatorHoldout: Ignoring 40 ( 0.1%) Users that have less than 1 test interactions
17906.6s 3623 EvaluatorHoldout: Processed 27055 (100.0%) in 13.81 sec. Users per second: 1958
17907.1s 3624 Unable to load Cython Compute_Similarity, reverting to Python
17916.5s 3625 Similarity column 6969 (100.0%), 742.57 column/sec. Elapsed time 9.39 sec
17916.5s 3626 EvaluatorHoldout: Ignoring 31 ( 0.1%) Users that have less than 1 test interactions
17930.3s 3627 EvaluatorHoldout: Processed 27064 (100.0%) in 13.91 sec. Users per second: 1946
17930.8s 3628 Unable to load Cython Compute_Similarity, reverting to Python
17940.0s 3629 Similarity column 6969 (100.0%), 734.27 column/sec. Elapsed time 9.49 sec
17940.2s 3630 EvaluatorHoldout: Ignoring 31 ( 0.1%) Users that have less than 1 test interactions
17954.1s 3631 EvaluatorHoldout: Processed 27064 (100.0%) in 13.89 sec. Users per second: 1948
17954.1s 3632 [I 2025-12-08 01:41:27,787] Trial 149 finished with value: 0.25226719514506635 and parameters: {'topK': 6, 'shrink': 107, 'tversky_alpha': 0.2196725802997989, 'tversky_beta': 1.7528296393590774}. Best is trial 140 with value: 0.2528360767678147.
17954.1s 3633 
17954.1s 3634 [I 2025-12-08 01:41:27,787] Trial 149 finished with value: 0.25226719514506635 and parameters: {'topK': 6, 'shrink': 107, 'tversky_alpha': 0.2196725802997989, 'tversky_beta': 1.7528296393590774}. Best is trial 140 with value: 0.2528360767678147.
17954.2s 3635 [0.2522561596852068, 0.25250782495829277, 0.2514408890427996, 0.2529093662357738, 0.25222173580325874]
17954.5s 3636 Unable to load Cython Compute_Similarity, reverting to Python
17964.0s 3637 Similarity column 6969 (100.0%), 715.57 column/sec. Elapsed time 9.74 sec
17964.2s 3638 EvaluatorHoldout: Ignoring 31 ( 0.1%) Users that have less than 1 test interactions
17977.8s 3639 EvaluatorHoldout: Processed 27064 (100.0%) in 13.77 sec. Users per second: 1966
17978.3s 3640 Unable to load Cython Compute_Similarity, reverting to Python
17988.1s 3641 Similarity column 6969 (100.0%), 713.62 column/sec. Elapsed time 9.77 sec
17988.1s 3642 EvaluatorHoldout: Ignoring 29 ( 0.1%) Users that have less than 1 test interactions
18001.9s 3643 EvaluatorHoldout: Processed 27066 (100.0%) in 13.93 sec. Users per second: 1942
18002.4s 3644 Unable to load Cython Compute_Similarity, reverting to Python
18011.8s 3645 Similarity column 6969 (100.0%), 723.69 column/sec. Elapsed time 9.63 sec
18012.0s 3646 EvaluatorHoldout: Ignoring 40 ( 0.1%) Users that have less than 1 test interactions
18025.8s 3647 EvaluatorHoldout: Processed 27055 (100.0%) in 13.77 sec. Users per second: 1965
18026.1s 3648 Unable to load Cython Compute_Similarity, reverting to Python
18035.1s 3649 Similarity column 6969 (100.0%), 757.28 column/sec. Elapsed time 9.20 sec
18035.3s 3650 EvaluatorHoldout: Ignoring 31 ( 0.1%) Users that have less than 1 test interactions
18049.0s 3651 EvaluatorHoldout: Processed 27064 (100.0%) in 13.88 sec. Users per second: 1950
18049.5s 3652 Unable to load Cython Compute_Similarity, reverting to Python
18058.7s 3653 Similarity column 6969 (100.0%), 753.81 column/sec. Elapsed time 9.25 sec
18058.7s 3654 EvaluatorHoldout: Ignoring 31 ( 0.1%) Users that have less than 1 test interactions
18072.5s 3655 EvaluatorHoldout: Processed 27064 (100.0%) in 13.89 sec. Users per second: 1949
18072.5s 3656 [I 2025-12-08 01:43:26,278] Trial 150 finished with value: 0.2528899037164667 and parameters: {'topK': 7, 'shrink': 100, 'tversky_alpha': 0.1938308824781837, 'tversky_beta': 1.767560145312649}. Best is trial 150 with value: 0.2528899037164667.
18072.5s 3657 
18072.5s 3658 [I 2025-12-08 01:43:26,278] Trial 150 finished with value: 0.2528899037164667 and parameters: {'topK': 7, 'shrink': 100, 'tversky_alpha': 0.1938308824781837, 'tversky_beta': 1.767560145312649}. Best is trial 150 with value: 0.2528899037164667.
18072.7s 3659 [0.253269820914763, 0.25278487220618107, 0.2524530258422423, 0.25266984062719794, 0.2532719589919491]
18073.0s 3660 Unable to load Cython Compute_Similarity, reverting to Python
18082.1s 3661 Similarity column 6969 (100.0%), 751.11 column/sec. Elapsed time 9.28 sec
18082.3s 3662 EvaluatorHoldout: Ignoring 31 ( 0.1%) Users that have less than 1 test interactions
18096.2s 3663 EvaluatorHoldout: Processed 27064 (100.0%) in 13.93 sec. Users per second: 1943
18096.5s 3664 Unable to load Cython Compute_Similarity, reverting to Python
18105.7s 3665 Similarity column 6969 (100.0%), 742.59 column/sec. Elapsed time 9.38 sec
18105.9s 3666 EvaluatorHoldout: Ignoring 29 ( 0.1%) Users that have less than 1 test interactions
18119.5s 3667 EvaluatorHoldout: Processed 27066 (100.0%) in 13.74 sec. Users per second: 1970
18120.0s 3668 Unable to load Cython Compute_Similarity, reverting to Python
18129.3s 3669 Similarity column 6969 (100.0%), 743.25 column/sec. Elapsed time 9.38 sec
18129.3s 3670 EvaluatorHoldout: Ignoring 40 ( 0.1%) Users that have less than 1 test interactions
18143.2s 3671 EvaluatorHoldout: Processed 27055 (100.0%) in 13.99 sec. Users per second: 1934
18143.7s 3672 Unable to load Cython Compute_Similarity, reverting to Python
18152.9s 3673 Similarity column 6969 (100.0%), 736.04 column/sec. Elapsed time 9.47 sec
18153.1s 3674 EvaluatorHoldout: Ignoring 31 ( 0.1%) Users that have less than 1 test interactions
18167.1s 3675 EvaluatorHoldout: Processed 27064 (100.0%) in 13.90 sec. Users per second: 1947
18167.4s 3676 Unable to load Cython Compute_Similarity, reverting to Python
18176.8s 3677 Similarity column 6969 (100.0%), 721.78 column/sec. Elapsed time 9.66 sec
18177.0s 3678 EvaluatorHoldout: Ignoring 31 ( 0.1%) Users that have less than 1 test interactions
18190.8s 3679 EvaluatorHoldout: Processed 27064 (100.0%) in 13.99 sec. Users per second: 1934
18190.8s 3680 [I 2025-12-08 01:45:24,649] Trial 151 finished with value: 0.25285893627344114 and parameters: {'topK': 7, 'shrink': 104, 'tversky_alpha': 0.195419861627814, 'tversky_beta': 1.7837380057836265}. Best is trial 150 with value: 0.2528899037164667.
18190.8s 3681 
18190.8s 3682 [I 2025-12-08 01:45:24,649] Trial 151 finished with value: 0.25285893627344114 and parameters: {'topK': 7, 'shrink': 104, 'tversky_alpha': 0.195419861627814, 'tversky_beta': 1.7837380057836265}. Best is trial 150 with value: 0.2528899037164667.
18191.0s 3683 [0.25326927840532143, 0.25280775692623436, 0.25251745437505924, 0.2526540142275387, 0.2530461774330519]
18191.4s 3684 Unable to load Cython Compute_Similarity, reverting to Python
18200.8s 3685 Similarity column 6969 (100.0%), 738.07 column/sec. Elapsed time 9.44 sec
18200.8s 3686 EvaluatorHoldout: Ignoring 31 ( 0.1%) Users that have less than 1 test interactions
18214.6s 3687 EvaluatorHoldout: Processed 27064 (100.0%) in 13.91 sec. Users per second: 1946
18215.0s 3688 Unable to load Cython Compute_Similarity, reverting to Python
18224.7s 3689 Similarity column 6969 (100.0%), 704.96 column/sec. Elapsed time 9.89 sec
18224.9s 3690 EvaluatorHoldout: Ignoring 29 ( 0.1%) Users that have less than 1 test interactions
18238.7s 3691 EvaluatorHoldout: Processed 27066 (100.0%) in 13.80 sec. Users per second: 1961
18239.1s 3692 Unable to load Cython Compute_Similarity, reverting to Python
18248.2s 3693 Similarity column 6969 (100.0%), 748.61 column/sec. Elapsed time 9.31 sec
18248.4s 3694 EvaluatorHoldout: Ignoring 40 ( 0.1%) Users that have less than 1 test interactions
18262.1s 3695 EvaluatorHoldout: Processed 27055 (100.0%) in 13.87 sec. Users per second: 1950
18262.6s 3696 Unable to load Cython Compute_Similarity, reverting to Python
18271.8s 3697 Similarity column 6969 (100.0%), 750.85 column/sec. Elapsed time 9.28 sec
18271.8s 3698 EvaluatorHoldout: Ignoring 31 ( 0.1%) Users that have less than 1 test interactions
18285.5s 3699 EvaluatorHoldout: Processed 27064 (100.0%) in 13.87 sec. Users per second: 1951
18286.0s 3700 Unable to load Cython Compute_Similarity, reverting to Python
18295.3s 3701 Similarity column 6969 (100.0%), 739.94 column/sec. Elapsed time 9.42 sec
18295.5s 3702 EvaluatorHoldout: Ignoring 31 ( 0.1%) Users that have less than 1 test interactions
18309.4s 3703 EvaluatorHoldout: Processed 27064 (100.0%) in 13.92 sec. Users per second: 1944
18309.4s 3704 [I 2025-12-08 01:47:23,032] Trial 152 finished with value: 0.2528055717996758 and parameters: {'topK': 7, 'shrink': 103, 'tversky_alpha': 0.19432671322120113, 'tversky_beta': 1.7691701782382374}. Best is trial 150 with value: 0.2528899037164667.
18309.4s 3705 
18309.4s 3706 [I 2025-12-08 01:47:23,032] Trial 152 finished with value: 0.2528055717996758 and parameters: {'topK': 7, 'shrink': 103, 'tversky_alpha': 0.19432671322120113, 'tversky_beta': 1.7691701782382374}. Best is trial 150 with value: 0.2528899037164667.
18309.4s 3707 [0.2532265854052612, 0.25274392287940434, 0.25245749841575454, 0.2525624962377652, 0.25303735606019356]
18309.7s 3708 Unable to load Cython Compute_Similarity, reverting to Python
18318.9s 3709 Similarity column 6969 (100.0%), 743.72 column/sec. Elapsed time 9.37 sec
18319.1s 3710 EvaluatorHoldout: Ignoring 31 ( 0.1%) Users that have less than 1 test interactions
18332.8s 3711 EvaluatorHoldout: Processed 27064 (100.0%) in 13.88 sec. Users per second: 1950
18333.3s 3712 Unable to load Cython Compute_Similarity, reverting to Python
18343.0s 3713 Similarity column 6969 (100.0%), 718.99 column/sec. Elapsed time 9.69 sec
18343.0s 3714 EvaluatorHoldout: Ignoring 29 ( 0.1%) Users that have less than 1 test interactions
18357.0s 3715 EvaluatorHoldout: Processed 27066 (100.0%) in 14.16 sec. Users per second: 1911
18357.5s 3716 Unable to load Cython Compute_Similarity, reverting to Python
18366.9s 3717 Similarity column 6969 (100.0%), 725.32 column/sec. Elapsed time 9.61 sec
18367.1s 3718 EvaluatorHoldout: Ignoring 40 ( 0.1%) Users that have less than 1 test interactions
18381.2s 3719 EvaluatorHoldout: Processed 27055 (100.0%) in 14.03 sec. Users per second: 1928
18381.5s 3720 Unable to load Cython Compute_Similarity, reverting to Python
18390.5s 3721 Similarity column 6969 (100.0%), 754.32 column/sec. Elapsed time 9.24 sec
18390.7s 3722 EvaluatorHoldout: Ignoring 31 ( 0.1%) Users that have less than 1 test interactions
18404.6s 3723 EvaluatorHoldout: Processed 27064 (100.0%) in 14.02 sec. Users per second: 1930
18405.1s 3724 Unable to load Cython Compute_Similarity, reverting to Python
18414.4s 3725 Similarity column 6969 (100.0%), 741.95 column/sec. Elapsed time 9.39 sec
18414.5s 3726 EvaluatorHoldout: Ignoring 31 ( 0.1%) Users that have less than 1 test interactions
18428.2s 3727 EvaluatorHoldout: Processed 27064 (100.0%) in 13.90 sec. Users per second: 1947
18428.2s 3728 [I 2025-12-08 01:49:22,026] Trial 153 finished with value: 0.2528664021917949 and parameters: {'topK': 7, 'shrink': 100, 'tversky_alpha': 0.19441122326770505, 'tversky_beta': 1.765717538108794}. Best is trial 150 with value: 0.2528899037164667.
18428.2s 3729 
