7731.7s 1570 [I 2025-12-07 22:51:05,535] Trial 63 finished with value: 0.2520896012323138 and parameters: {'topK': 7, 'shrink': 127, 'tversky_alpha': 0.26237821704768016, 'tversky_beta': 1.786027871881537}. Best is trial 38 with value: 0.25267818036663353.
7731.9s 1571 [0.25232001016164557, 0.2525229587350931, 0.2505259730897776, 0.2529031373663732, 0.2521759268086794]
7732.2s 1572 Unable to load Cython Compute_Similarity, reverting to Python
7741.5s 1573 Similarity column 6969 (100.0%), 736.50 column/sec. Elapsed time 9.46 sec
7741.7s 1574 EvaluatorHoldout: Ignoring 31 ( 0.1%) Users that have less than 1 test interactions
7755.6s 1575 EvaluatorHoldout: Processed 27064 (100.0%) in 14.04 sec. Users per second: 1927
7756.1s 1576 Unable to load Cython Compute_Similarity, reverting to Python
7765.1s 1577 Similarity column 6969 (100.0%), 754.74 column/sec. Elapsed time 9.23 sec
7765.3s 1578 EvaluatorHoldout: Ignoring 29 ( 0.1%) Users that have less than 1 test interactions
7779.0s 1579 EvaluatorHoldout: Processed 27066 (100.0%) in 13.91 sec. Users per second: 1946
7779.5s 1580 Unable to load Cython Compute_Similarity, reverting to Python
7788.7s 1581 Similarity column 6969 (100.0%), 751.07 column/sec. Elapsed time 9.28 sec
7788.8s 1582 EvaluatorHoldout: Ignoring 40 ( 0.1%) Users that have less than 1 test interactions
7802.6s 1583 EvaluatorHoldout: Processed 27055 (100.0%) in 13.92 sec. Users per second: 1944
7803.0s 1584 Unable to load Cython Compute_Similarity, reverting to Python
7812.4s 1585 Similarity column 6969 (100.0%), 726.42 column/sec. Elapsed time 9.59 sec
7812.6s 1586 EvaluatorHoldout: Ignoring 31 ( 0.1%) Users that have less than 1 test interactions
7826.7s 1587 EvaluatorHoldout: Processed 27064 (100.0%) in 14.17 sec. Users per second: 1910
7827.1s 1588 Unable to load Cython Compute_Similarity, reverting to Python
7836.1s 1589 Similarity column 6969 (100.0%), 764.55 column/sec. Elapsed time 9.12 sec
7836.3s 1590 EvaluatorHoldout: Ignoring 31 ( 0.1%) Users that have less than 1 test interactions
7849.9s 1591 EvaluatorHoldout: Processed 27064 (100.0%) in 13.85 sec. Users per second: 1954
7849.9s 1592 [I 2025-12-07 22:53:03,751] Trial 64 finished with value: 0.25272636140465277 and parameters: {'topK': 8, 'shrink': 117, 'tversky_alpha': 0.20446540497805998, 'tversky_beta': 1.7999298563830843}. Best is trial 64 with value: 0.25272636140465277.
7849.9s 1593 
7849.9s 1594 [I 2025-12-07 22:53:03,751] Trial 64 finished with value: 0.25272636140465277 and parameters: {'topK': 8, 'shrink': 117, 'tversky_alpha': 0.20446540497805998, 'tversky_beta': 1.7999298563830843}. Best is trial 64 with value: 0.25272636140465277.
7850.1s 1595 [0.25333097405228594, 0.25262361824284296, 0.2518722042389037, 0.2527936566792052, 0.2530113538100259]
7850.5s 1596 Unable to load Cython Compute_Similarity, reverting to Python
7859.7s 1597 Similarity column 6969 (100.0%), 746.50 column/sec. Elapsed time 9.34 sec
7859.8s 1598 EvaluatorHoldout: Ignoring 31 ( 0.1%) Users that have less than 1 test interactions
7873.5s 1599 EvaluatorHoldout: Processed 27064 (100.0%) in 13.88 sec. Users per second: 1950
7874.0s 1600 Unable to load Cython Compute_Similarity, reverting to Python
7883.1s 1601 Similarity column 6969 (100.0%), 745.31 column/sec. Elapsed time 9.35 sec
7883.3s 1602 EvaluatorHoldout: Ignoring 29 ( 0.1%) Users that have less than 1 test interactions
7897.2s 1603 EvaluatorHoldout: Processed 27066 (100.0%) in 13.97 sec. Users per second: 1937
7897.6s 1604 Unable to load Cython Compute_Similarity, reverting to Python
7906.6s 1605 Similarity column 6969 (100.0%), 760.77 column/sec. Elapsed time 9.16 sec
7906.8s 1606 EvaluatorHoldout: Ignoring 40 ( 0.1%) Users that have less than 1 test interactions
7920.4s 1607 EvaluatorHoldout: Processed 27055 (100.0%) in 13.82 sec. Users per second: 1958
7920.9s 1608 Unable to load Cython Compute_Similarity, reverting to Python
7930.4s 1609 Similarity column 6969 (100.0%), 728.98 column/sec. Elapsed time 9.56 sec
7930.5s 1610 EvaluatorHoldout: Ignoring 31 ( 0.1%) Users that have less than 1 test interactions
7944.4s 1611 EvaluatorHoldout: Processed 27064 (100.0%) in 14.08 sec. Users per second: 1922
7944.9s 1612 Unable to load Cython Compute_Similarity, reverting to Python
7953.9s 1613 Similarity column 6969 (100.0%), 760.29 column/sec. Elapsed time 9.17 sec
7954.1s 1614 EvaluatorHoldout: Ignoring 31 ( 0.1%) Users that have less than 1 test interactions
7968.1s 1615 EvaluatorHoldout: Processed 27064 (100.0%) in 14.14 sec. Users per second: 1914
7968.1s 1616 [I 2025-12-07 22:55:01,846] Trial 65 finished with value: 0.252516294807691 and parameters: {'topK': 8, 'shrink': 142, 'tversky_alpha': 0.19938446963431997, 'tversky_beta': 1.792571878279567}. Best is trial 64 with value: 0.25272636140465277.
7968.1s 1617 
7968.1s 1618 [I 2025-12-07 22:55:01,846] Trial 65 finished with value: 0.252516294807691 and parameters: {'topK': 8, 'shrink': 142, 'tversky_alpha': 0.19938446963431997, 'tversky_beta': 1.792571878279567}. Best is trial 64 with value: 0.25272636140465277.
7968.2s 1619 [0.2529739602706616, 0.2524634141650446, 0.2517236865788803, 0.2525457702194516, 0.2528746428044168]
7968.5s 1620 Unable to load Cython Compute_Similarity, reverting to Python
7977.6s 1621 Similarity column 6969 (100.0%), 754.10 column/sec. Elapsed time 9.24 sec
7977.8s 1622 EvaluatorHoldout: Ignoring 31 ( 0.1%) Users that have less than 1 test interactions
7991.7s 1623 EvaluatorHoldout: Processed 27064 (100.0%) in 14.11 sec. Users per second: 1918
7992.2s 1624 Unable to load Cython Compute_Similarity, reverting to Python
8001.6s 1625 Similarity column 6969 (100.0%), 735.77 column/sec. Elapsed time 9.47 sec
8001.7s 1626 EvaluatorHoldout: Ignoring 29 ( 0.1%) Users that have less than 1 test interactions
8015.5s 1627 EvaluatorHoldout: Processed 27066 (100.0%) in 13.96 sec. Users per second: 1939
8016.0s 1628 Unable to load Cython Compute_Similarity, reverting to Python
8025.2s 1629 Similarity column 6969 (100.0%), 740.47 column/sec. Elapsed time 9.41 sec
8025.4s 1630 EvaluatorHoldout: Ignoring 40 ( 0.1%) Users that have less than 1 test interactions
8039.2s 1631 EvaluatorHoldout: Processed 27055 (100.0%) in 13.91 sec. Users per second: 1945
8039.6s 1632 Unable to load Cython Compute_Similarity, reverting to Python
8048.8s 1633 Similarity column 6969 (100.0%), 739.67 column/sec. Elapsed time 9.42 sec
8049.0s 1634 EvaluatorHoldout: Ignoring 31 ( 0.1%) Users that have less than 1 test interactions
8062.7s 1635 EvaluatorHoldout: Processed 27064 (100.0%) in 13.87 sec. Users per second: 1952
8063.2s 1636 Unable to load Cython Compute_Similarity, reverting to Python
8072.4s 1637 Similarity column 6969 (100.0%), 748.07 column/sec. Elapsed time 9.32 sec
8072.5s 1638 EvaluatorHoldout: Ignoring 31 ( 0.1%) Users that have less than 1 test interactions
8086.7s 1639 EvaluatorHoldout: Processed 27064 (100.0%) in 14.30 sec. Users per second: 1893
8086.7s 1640 [I 2025-12-07 22:57:00,482] Trial 66 finished with value: 0.25231599860740533 and parameters: {'topK': 9, 'shrink': 114, 'tversky_alpha': 0.20726474672593395, 'tversky_beta': 1.7565884174338635}. Best is trial 64 with value: 0.25272636140465277.
8086.7s 1641 
8086.7s 1642 [I 2025-12-07 22:57:00,482] Trial 66 finished with value: 0.25231599860740533 and parameters: {'topK': 9, 'shrink': 114, 'tversky_alpha': 0.20726474672593395, 'tversky_beta': 1.7565884174338635}. Best is trial 64 with value: 0.25272636140465277.
8086.9s 1643 [0.25267969314493405, 0.2525128996401476, 0.25139101034961675, 0.2525052019248237, 0.25249118797750436]
8087.2s 1644 Unable to load Cython Compute_Similarity, reverting to Python
8096.2s 1645 Similarity column 6969 (100.0%), 759.11 column/sec. Elapsed time 9.18 sec
8096.4s 1646 EvaluatorHoldout: Ignoring 31 ( 0.1%) Users that have less than 1 test interactions
8110.4s 1647 EvaluatorHoldout: Processed 27064 (100.0%) in 14.09 sec. Users per second: 1920
8110.8s 1648 Unable to load Cython Compute_Similarity, reverting to Python
8120.0s 1649 Similarity column 6969 (100.0%), 737.48 column/sec. Elapsed time 9.45 sec
8120.2s 1650 EvaluatorHoldout: Ignoring 29 ( 0.1%) Users that have less than 1 test interactions
8134.2s 1651 EvaluatorHoldout: Processed 27066 (100.0%) in 14.10 sec. Users per second: 1919
8134.7s 1652 Unable to load Cython Compute_Similarity, reverting to Python
8143.9s 1653 Similarity column 6969 (100.0%), 747.26 column/sec. Elapsed time 9.33 sec
8144.0s 1654 EvaluatorHoldout: Ignoring 40 ( 0.1%) Users that have less than 1 test interactions
8158.1s 1655 EvaluatorHoldout: Processed 27055 (100.0%) in 14.23 sec. Users per second: 1902
8158.5s 1656 Unable to load Cython Compute_Similarity, reverting to Python
8167.8s 1657 Similarity column 6969 (100.0%), 739.10 column/sec. Elapsed time 9.43 sec
8168.0s 1658 EvaluatorHoldout: Ignoring 31 ( 0.1%) Users that have less than 1 test interactions
8182.1s 1659 EvaluatorHoldout: Processed 27064 (100.0%) in 14.17 sec. Users per second: 1910
8182.5s 1660 Unable to load Cython Compute_Similarity, reverting to Python
8191.7s 1661 Similarity column 6969 (100.0%), 736.67 column/sec. Elapsed time 9.46 sec
8191.9s 1662 EvaluatorHoldout: Ignoring 31 ( 0.1%) Users that have less than 1 test interactions
8206.0s 1663 EvaluatorHoldout: Processed 27064 (100.0%) in 14.22 sec. Users per second: 1903
8206.0s 1664 [I 2025-12-07 22:58:59,793] Trial 67 finished with value: 0.24943255382744994 and parameters: {'topK': 15, 'shrink': 106, 'tversky_alpha': 0.11551966167237783, 'tversky_beta': 1.7296426485001535}. Best is trial 64 with value: 0.25272636140465277.
8206.0s 1665 
8206.0s 1666 [I 2025-12-07 22:58:59,793] Trial 67 finished with value: 0.24943255382744994 and parameters: {'topK': 15, 'shrink': 106, 'tversky_alpha': 0.11551966167237783, 'tversky_beta': 1.7296426485001535}. Best is trial 64 with value: 0.25272636140465277.
8206.2s 1667 [0.2501828734974767, 0.24872318290245804, 0.24901715442659975, 0.24976561408657433, 0.24947394422414101]
8206.5s 1668 Unable to load Cython Compute_Similarity, reverting to Python
8215.7s 1669 Similarity column 6969 (100.0%), 744.05 column/sec. Elapsed time 9.37 sec
8215.9s 1670 EvaluatorHoldout: Ignoring 31 ( 0.1%) Users that have less than 1 test interactions
8229.6s 1671 EvaluatorHoldout: Processed 27064 (100.0%) in 13.89 sec. Users per second: 1949
8230.1s 1672 Unable to load Cython Compute_Similarity, reverting to Python
8239.1s 1673 Similarity column 6969 (100.0%), 756.36 column/sec. Elapsed time 9.21 sec
8239.3s 1674 EvaluatorHoldout: Ignoring 29 ( 0.1%) Users that have less than 1 test interactions
8253.2s 1675 EvaluatorHoldout: Processed 27066 (100.0%) in 14.03 sec. Users per second: 1929
8253.6s 1676 Unable to load Cython Compute_Similarity, reverting to Python
8262.8s 1677 Similarity column 6969 (100.0%), 745.41 column/sec. Elapsed time 9.35 sec
8263.0s 1678 EvaluatorHoldout: Ignoring 40 ( 0.1%) Users that have less than 1 test interactions
8276.9s 1679 EvaluatorHoldout: Processed 27055 (100.0%) in 14.06 sec. Users per second: 1924
8277.4s 1680 Unable to load Cython Compute_Similarity, reverting to Python
8286.7s 1681 Similarity column 6969 (100.0%), 737.06 column/sec. Elapsed time 9.46 sec
8286.8s 1682 EvaluatorHoldout: Ignoring 31 ( 0.1%) Users that have less than 1 test interactions
8300.8s 1683 EvaluatorHoldout: Processed 27064 (100.0%) in 14.16 sec. Users per second: 1911
8301.3s 1684 Unable to load Cython Compute_Similarity, reverting to Python
8310.5s 1685 Similarity column 6969 (100.0%), 741.50 column/sec. Elapsed time 9.40 sec
8310.7s 1686 EvaluatorHoldout: Ignoring 31 ( 0.1%) Users that have less than 1 test interactions
8324.8s 1687 EvaluatorHoldout: Processed 27064 (100.0%) in 14.16 sec. Users per second: 1912
8324.8s 1688 [I 2025-12-07 23:00:58,522] Trial 68 finished with value: 0.25122888287531264 and parameters: {'topK': 8, 'shrink': 260, 'tversky_alpha': 0.179003487930749, 'tversky_beta': 1.796945548483614}. Best is trial 64 with value: 0.25272636140465277.
8324.8s 1689 
8324.8s 1690 [I 2025-12-07 23:00:58,522] Trial 68 finished with value: 0.25122888287531264 and parameters: {'topK': 8, 'shrink': 260, 'tversky_alpha': 0.179003487930749, 'tversky_beta': 1.796945548483614}. Best is trial 64 with value: 0.25272636140465277.
8324.9s 1691 [0.2516521698291037, 0.2507697191739367, 0.2508874436047709, 0.2509875662749528, 0.25184751549379925]
8325.2s 1692 Unable to load Cython Compute_Similarity, reverting to Python
8334.7s 1693 Similarity column 6969 (100.0%), 722.44 column/sec. Elapsed time 9.65 sec
8334.9s 1694 EvaluatorHoldout: Ignoring 31 ( 0.1%) Users that have less than 1 test interactions
8348.6s 1695 EvaluatorHoldout: Processed 27064 (100.0%) in 13.91 sec. Users per second: 1945
8349.1s 1696 Unable to load Cython Compute_Similarity, reverting to Python
8358.2s 1697 Similarity column 6969 (100.0%), 755.69 column/sec. Elapsed time 9.22 sec
8358.3s 1698 EvaluatorHoldout: Ignoring 29 ( 0.1%) Users that have less than 1 test interactions
8372.3s 1699 EvaluatorHoldout: Processed 27066 (100.0%) in 14.14 sec. Users per second: 1914
8372.8s 1700 Unable to load Cython Compute_Similarity, reverting to Python
8382.0s 1701 Similarity column 6969 (100.0%), 743.68 column/sec. Elapsed time 9.37 sec
8382.2s 1702 EvaluatorHoldout: Ignoring 40 ( 0.1%) Users that have less than 1 test interactions
8396.0s 1703 EvaluatorHoldout: Processed 27055 (100.0%) in 13.92 sec. Users per second: 1944
8396.4s 1704 Unable to load Cython Compute_Similarity, reverting to Python
8405.7s 1705 Similarity column 6969 (100.0%), 732.77 column/sec. Elapsed time 9.51 sec
8405.9s 1706 EvaluatorHoldout: Ignoring 31 ( 0.1%) Users that have less than 1 test interactions
8419.9s 1707 EvaluatorHoldout: Processed 27064 (100.0%) in 14.14 sec. Users per second: 1914
8420.4s 1708 Unable to load Cython Compute_Similarity, reverting to Python
8429.8s 1709 Similarity column 6969 (100.0%), 741.72 column/sec. Elapsed time 9.40 sec
8429.8s 1710 EvaluatorHoldout: Ignoring 31 ( 0.1%) Users that have less than 1 test interactions
8443.8s 1711 EvaluatorHoldout: Processed 27064 (100.0%) in 14.16 sec. Users per second: 1911
8443.8s 1712 [I 2025-12-07 23:02:57,580] Trial 69 finished with value: 0.25016245751282984 and parameters: {'topK': 9, 'shrink': 165, 'tversky_alpha': 0.195803124372666, 'tversky_beta': 1.4602094544772557}. Best is trial 64 with value: 0.25272636140465277.
8443.8s 1713 
8443.8s 1714 [I 2025-12-07 23:02:57,580] Trial 69 finished with value: 0.25016245751282984 and parameters: {'topK': 9, 'shrink': 165, 'tversky_alpha': 0.195803124372666, 'tversky_beta': 1.4602094544772557}. Best is trial 64 with value: 0.25272636140465277.
8444.0s 1715 [0.25025711682100316, 0.25003344180211046, 0.2492925782529302, 0.250735354996866, 0.25049379569123953]
8444.3s 1716 Unable to load Cython Compute_Similarity, reverting to Python
8453.6s 1717 Similarity column 6969 (100.0%), 732.90 column/sec. Elapsed time 9.51 sec
8453.8s 1718 EvaluatorHoldout: Ignoring 31 ( 0.1%) Users that have less than 1 test interactions
8467.7s 1719 EvaluatorHoldout: Processed 27064 (100.0%) in 13.99 sec. Users per second: 1935
8468.1s 1720 Unable to load Cython Compute_Similarity, reverting to Python
8477.5s 1721 Similarity column 6969 (100.0%), 728.28 column/sec. Elapsed time 9.57 sec
8477.7s 1722 EvaluatorHoldout: Ignoring 29 ( 0.1%) Users that have less than 1 test interactions
8491.4s 1723 EvaluatorHoldout: Processed 27066 (100.0%) in 13.86 sec. Users per second: 1953
8491.9s 1724 Unable to load Cython Compute_Similarity, reverting to Python
8501.4s 1725 Similarity column 6969 (100.0%), 719.31 column/sec. Elapsed time 9.69 sec
8501.6s 1726 EvaluatorHoldout: Ignoring 40 ( 0.1%) Users that have less than 1 test interactions
8515.2s 1727 EvaluatorHoldout: Processed 27055 (100.0%) in 13.85 sec. Users per second: 1953
8515.7s 1728 Unable to load Cython Compute_Similarity, reverting to Python
8525.6s 1729 Similarity column 6969 (100.0%), 693.84 column/sec. Elapsed time 10.04 sec
8525.8s 1730 EvaluatorHoldout: Ignoring 31 ( 0.1%) Users that have less than 1 test interactions
8539.6s 1731 EvaluatorHoldout: Processed 27064 (100.0%) in 13.92 sec. Users per second: 1944
8540.0s 1732 Unable to load Cython Compute_Similarity, reverting to Python
8549.4s 1733 Similarity column 6969 (100.0%), 729.89 column/sec. Elapsed time 9.55 sec
8549.6s 1734 EvaluatorHoldout: Ignoring 31 ( 0.1%) Users that have less than 1 test interactions
8563.3s 1735 EvaluatorHoldout: Processed 27064 (100.0%) in 13.87 sec. Users per second: 1952
8563.3s 1736 [I 2025-12-07 23:04:57,079] Trial 70 finished with value: 0.2522936111274655 and parameters: {'topK': 6, 'shrink': 154, 'tversky_alpha': 0.18520269436052333, 'tversky_beta': 1.777743947542759}. Best is trial 64 with value: 0.25272636140465277.
8563.3s 1737 
8563.3s 1738 [I 2025-12-07 23:04:57,079] Trial 70 finished with value: 0.2522936111274655 and parameters: {'topK': 6, 'shrink': 154, 'tversky_alpha': 0.18520269436052333, 'tversky_beta': 1.777743947542759}. Best is trial 64 with value: 0.25272636140465277.
8563.5s 1739 [0.2527262372971425, 0.25223768350596953, 0.2514379653713377, 0.2526924102677661, 0.25237375919511157]
8563.8s 1740 Unable to load Cython Compute_Similarity, reverting to Python
8573.5s 1741 Similarity column 6969 (100.0%), 709.14 column/sec. Elapsed time 9.83 sec
8573.6s 1742 EvaluatorHoldout: Ignoring 31 ( 0.1%) Users that have less than 1 test interactions
8587.4s 1743 EvaluatorHoldout: Processed 27064 (100.0%) in 13.92 sec. Users per second: 1944
8587.9s 1744 Unable to load Cython Compute_Similarity, reverting to Python
8597.4s 1745 Similarity column 6969 (100.0%), 715.18 column/sec. Elapsed time 9.74 sec
8597.6s 1746 EvaluatorHoldout: Ignoring 29 ( 0.1%) Users that have less than 1 test interactions
8611.4s 1747 EvaluatorHoldout: Processed 27066 (100.0%) in 13.86 sec. Users per second: 1953
8611.8s 1748 Unable to load Cython Compute_Similarity, reverting to Python
8621.2s 1749 Similarity column 6969 (100.0%), 727.77 column/sec. Elapsed time 9.58 sec
8621.4s 1750 EvaluatorHoldout: Ignoring 40 ( 0.1%) Users that have less than 1 test interactions
8635.3s 1751 EvaluatorHoldout: Processed 27055 (100.0%) in 14.06 sec. Users per second: 1924
8635.8s 1752 Unable to load Cython Compute_Similarity, reverting to Python
8645.4s 1753 Similarity column 6969 (100.0%), 712.75 column/sec. Elapsed time 9.78 sec
8645.5s 1754 EvaluatorHoldout: Ignoring 31 ( 0.1%) Users that have less than 1 test interactions
8659.2s 1755 EvaluatorHoldout: Processed 27064 (100.0%) in 13.83 sec. Users per second: 1957
8659.7s 1756 Unable to load Cython Compute_Similarity, reverting to Python
8668.8s 1757 Similarity column 6969 (100.0%), 749.93 column/sec. Elapsed time 9.29 sec
8669.0s 1758 EvaluatorHoldout: Ignoring 31 ( 0.1%) Users that have less than 1 test interactions
8683.0s 1759 EvaluatorHoldout: Processed 27064 (100.0%) in 14.08 sec. Users per second: 1922
8683.0s 1760 [I 2025-12-07 23:06:56,711] Trial 71 finished with value: 0.25256307855713744 and parameters: {'topK': 7, 'shrink': 118, 'tversky_alpha': 0.21760792326703665, 'tversky_beta': 1.7745870901763383}. Best is trial 64 with value: 0.25272636140465277.
8683.0s 1761 
8683.0s 1762 [I 2025-12-07 23:06:56,711] Trial 71 finished with value: 0.25256307855713744 and parameters: {'topK': 7, 'shrink': 118, 'tversky_alpha': 0.21760792326703665, 'tversky_beta': 1.7745870901763383}. Best is trial 64 with value: 0.25272636140465277.
8683.1s 1763 [0.25277544648739103, 0.25231760954865773, 0.2520607048358337, 0.25297126548902105, 0.25269036642478393]
8683.4s 1764 Unable to load Cython Compute_Similarity, reverting to Python
8692.4s 1765 Similarity column 6969 (100.0%), 760.17 column/sec. Elapsed time 9.17 sec
8692.6s 1766 EvaluatorHoldout: Ignoring 31 ( 0.1%) Users that have less than 1 test interactions
8706.3s 1767 EvaluatorHoldout: Processed 27064 (100.0%) in 13.93 sec. Users per second: 1943
8706.8s 1768 Unable to load Cython Compute_Similarity, reverting to Python
8716.2s 1769 Similarity column 6969 (100.0%), 735.19 column/sec. Elapsed time 9.48 sec
8716.3s 1770 EvaluatorHoldout: Ignoring 29 ( 0.1%) Users that have less than 1 test interactions
8730.2s 1771 EvaluatorHoldout: Processed 27066 (100.0%) in 14.05 sec. Users per second: 1927
8730.7s 1772 Unable to load Cython Compute_Similarity, reverting to Python
8740.0s 1773 Similarity column 6969 (100.0%), 735.65 column/sec. Elapsed time 9.47 sec
8740.2s 1774 EvaluatorHoldout: Ignoring 40 ( 0.1%) Users that have less than 1 test interactions
8754.0s 1775 EvaluatorHoldout: Processed 27055 (100.0%) in 13.96 sec. Users per second: 1938
8754.4s 1776 Unable to load Cython Compute_Similarity, reverting to Python
8763.6s 1777 Similarity column 6969 (100.0%), 744.40 column/sec. Elapsed time 9.36 sec
8763.8s 1778 EvaluatorHoldout: Ignoring 31 ( 0.1%) Users that have less than 1 test interactions
8777.5s 1779 EvaluatorHoldout: Processed 27064 (100.0%) in 13.89 sec. Users per second: 1948
8778.0s 1780 Unable to load Cython Compute_Similarity, reverting to Python
8787.0s 1781 Similarity column 6969 (100.0%), 761.98 column/sec. Elapsed time 9.15 sec
8787.2s 1782 EvaluatorHoldout: Ignoring 31 ( 0.1%) Users that have less than 1 test interactions
8800.8s 1783 EvaluatorHoldout: Processed 27064 (100.0%) in 13.84 sec. Users per second: 1955
8800.8s 1784 [I 2025-12-07 23:08:54,648] Trial 72 finished with value: 0.25213102328991666 and parameters: {'topK': 8, 'shrink': 131, 'tversky_alpha': 0.24196821271664976, 'tversky_beta': 1.7613341831342757}. Best is trial 64 with value: 0.25272636140465277.
8800.8s 1785 
