19490.0s 3946 [I 2025-12-08 02:07:03,798] Trial 162 finished with value: 0.25275395400488604 and parameters: {'topK': 8, 'shrink': 110, 'tversky_alpha': 0.19841355168082084, 'tversky_beta': 1.762865868792369}. Best is trial 161 with value: 0.2529149947872584.
19490.2s 3947 [0.2532352025115526, 0.2529171006718607, 0.2517467060064858, 0.2528764491232531, 0.2529943117112779]
19490.5s 3948 Unable to load Cython Compute_Similarity, reverting to Python
19499.8s 3949 Similarity column 6969 (100.0%), 735.65 column/sec. Elapsed time 9.47 sec
19500.0s 3950 EvaluatorHoldout: Ignoring 31 ( 0.1%) Users that have less than 1 test interactions
19513.9s 3951 EvaluatorHoldout: Processed 27064 (100.0%) in 13.92 sec. Users per second: 1944
19514.2s 3952 Unable to load Cython Compute_Similarity, reverting to Python
19523.2s 3953 Similarity column 6969 (100.0%), 757.45 column/sec. Elapsed time 9.20 sec
19523.4s 3954 EvaluatorHoldout: Ignoring 29 ( 0.1%) Users that have less than 1 test interactions
19537.3s 3955 EvaluatorHoldout: Processed 27066 (100.0%) in 14.03 sec. Users per second: 1929
19537.8s 3956 Unable to load Cython Compute_Similarity, reverting to Python
19547.1s 3957 Similarity column 6969 (100.0%), 746.72 column/sec. Elapsed time 9.33 sec
19547.1s 3958 EvaluatorHoldout: Ignoring 40 ( 0.1%) Users that have less than 1 test interactions
19560.8s 3959 EvaluatorHoldout: Processed 27055 (100.0%) in 13.82 sec. Users per second: 1958
19561.3s 3960 Unable to load Cython Compute_Similarity, reverting to Python
19570.1s 3961 Similarity column 6969 (100.0%), 771.82 column/sec. Elapsed time 9.03 sec
19570.3s 3962 EvaluatorHoldout: Ignoring 31 ( 0.1%) Users that have less than 1 test interactions
19584.3s 3963 EvaluatorHoldout: Processed 27064 (100.0%) in 13.96 sec. Users per second: 1939
19584.6s 3964 Unable to load Cython Compute_Similarity, reverting to Python
19594.0s 3965 Similarity column 6969 (100.0%), 723.73 column/sec. Elapsed time 9.63 sec
19594.2s 3966 EvaluatorHoldout: Ignoring 31 ( 0.1%) Users that have less than 1 test interactions
19608.0s 3967 EvaluatorHoldout: Processed 27064 (100.0%) in 13.96 sec. Users per second: 1939
19608.0s 3968 [I 2025-12-08 02:09:01,825] Trial 163 finished with value: 0.25276856359314503 and parameters: {'topK': 8, 'shrink': 110, 'tversky_alpha': 0.1870136721837048, 'tversky_beta': 1.7563820162850488}. Best is trial 161 with value: 0.2529149947872584.
19608.0s 3969 
19608.0s 3970 [I 2025-12-08 02:09:01,825] Trial 163 finished with value: 0.25276856359314503 and parameters: {'topK': 8, 'shrink': 110, 'tversky_alpha': 0.1870136721837048, 'tversky_beta': 1.7563820162850488}. Best is trial 161 with value: 0.2529149947872584.
19608.2s 3971 [0.25325699896616577, 0.25284960135422063, 0.252176555405538, 0.25252605826621544, 0.2530336039735855]
19608.5s 3972 Unable to load Cython Compute_Similarity, reverting to Python
19618.1s 3973 Similarity column 6969 (100.0%), 730.19 column/sec. Elapsed time 9.54 sec
19618.1s 3974 EvaluatorHoldout: Ignoring 31 ( 0.1%) Users that have less than 1 test interactions
19631.9s 3975 EvaluatorHoldout: Processed 27064 (100.0%) in 13.98 sec. Users per second: 1936
19632.4s 3976 Unable to load Cython Compute_Similarity, reverting to Python
19641.7s 3977 Similarity column 6969 (100.0%), 733.70 column/sec. Elapsed time 9.50 sec
19641.9s 3978 EvaluatorHoldout: Ignoring 29 ( 0.1%) Users that have less than 1 test interactions
19655.9s 3979 EvaluatorHoldout: Processed 27066 (100.0%) in 14.00 sec. Users per second: 1933
19656.2s 3980 Unable to load Cython Compute_Similarity, reverting to Python
19665.7s 3981 Similarity column 6969 (100.0%), 720.59 column/sec. Elapsed time 9.67 sec
19665.9s 3982 EvaluatorHoldout: Ignoring 40 ( 0.1%) Users that have less than 1 test interactions
19679.6s 3983 EvaluatorHoldout: Processed 27055 (100.0%) in 13.87 sec. Users per second: 1950
19680.1s 3984 Unable to load Cython Compute_Similarity, reverting to Python
19689.3s 3985 Similarity column 6969 (100.0%), 754.72 column/sec. Elapsed time 9.23 sec
19689.3s 3986 EvaluatorHoldout: Ignoring 31 ( 0.1%) Users that have less than 1 test interactions
19703.0s 3987 EvaluatorHoldout: Processed 27064 (100.0%) in 13.87 sec. Users per second: 1952
19703.5s 3988 Unable to load Cython Compute_Similarity, reverting to Python
19712.6s 3989 Similarity column 6969 (100.0%), 750.07 column/sec. Elapsed time 9.29 sec
19712.8s 3990 EvaluatorHoldout: Ignoring 31 ( 0.1%) Users that have less than 1 test interactions
19726.8s 3991 EvaluatorHoldout: Processed 27064 (100.0%) in 14.02 sec. Users per second: 1930
19726.8s 3992 [I 2025-12-08 02:11:00,459] Trial 164 finished with value: 0.25273255100010017 and parameters: {'topK': 8, 'shrink': 111, 'tversky_alpha': 0.1876360543861461, 'tversky_beta': 1.7565130867120708}. Best is trial 161 with value: 0.2529149947872584.
19726.8s 3993 
19726.8s 3994 [I 2025-12-08 02:11:00,459] Trial 164 finished with value: 0.25273255100010017 and parameters: {'topK': 8, 'shrink': 111, 'tversky_alpha': 0.1876360543861461, 'tversky_beta': 1.7565130867120708}. Best is trial 161 with value: 0.2529149947872584.
19726.8s 3995 [0.2532500917613244, 0.25275627568904585, 0.25212021835318205, 0.25254743777662314, 0.2529887314203255]
19727.2s 3996 Unable to load Cython Compute_Similarity, reverting to Python
19736.3s 3997 Similarity column 6969 (100.0%), 748.03 column/sec. Elapsed time 9.32 sec
19736.5s 3998 EvaluatorHoldout: Ignoring 31 ( 0.1%) Users that have less than 1 test interactions
19750.1s 3999 EvaluatorHoldout: Processed 27064 (100.0%) in 13.83 sec. Users per second: 1958
19750.6s 4000 Unable to load Cython Compute_Similarity, reverting to Python
19760.0s 4001 Similarity column 6969 (100.0%), 738.52 column/sec. Elapsed time 9.44 sec
19760.1s 4002 EvaluatorHoldout: Ignoring 29 ( 0.1%) Users that have less than 1 test interactions
19773.9s 4003 EvaluatorHoldout: Processed 27066 (100.0%) in 14.01 sec. Users per second: 1932
19774.4s 4004 Unable to load Cython Compute_Similarity, reverting to Python
19783.6s 4005 Similarity column 6969 (100.0%), 741.79 column/sec. Elapsed time 9.39 sec
19783.8s 4006 EvaluatorHoldout: Ignoring 40 ( 0.1%) Users that have less than 1 test interactions
19797.7s 4007 EvaluatorHoldout: Processed 27055 (100.0%) in 13.90 sec. Users per second: 1946
19798.0s 4008 Unable to load Cython Compute_Similarity, reverting to Python
19807.1s 4009 Similarity column 6969 (100.0%), 747.72 column/sec. Elapsed time 9.32 sec
19807.3s 4010 EvaluatorHoldout: Ignoring 31 ( 0.1%) Users that have less than 1 test interactions
19821.3s 4011 EvaluatorHoldout: Processed 27064 (100.0%) in 14.12 sec. Users per second: 1917
19821.8s 4012 Unable to load Cython Compute_Similarity, reverting to Python
19830.9s 4013 Similarity column 6969 (100.0%), 760.55 column/sec. Elapsed time 9.16 sec
19830.9s 4014 EvaluatorHoldout: Ignoring 31 ( 0.1%) Users that have less than 1 test interactions
19844.7s 4015 EvaluatorHoldout: Processed 27064 (100.0%) in 13.95 sec. Users per second: 1940
19844.7s 4016 [I 2025-12-08 02:12:58,532] Trial 165 finished with value: 0.2526844548519149 and parameters: {'topK': 8, 'shrink': 109, 'tversky_alpha': 0.19787082656884544, 'tversky_beta': 1.7470024034175282}. Best is trial 161 with value: 0.2529149947872584.
19844.7s 4017 
19844.7s 4018 [I 2025-12-08 02:12:58,532] Trial 165 finished with value: 0.2526844548519149 and parameters: {'topK': 8, 'shrink': 109, 'tversky_alpha': 0.19787082656884544, 'tversky_beta': 1.7470024034175282}. Best is trial 161 with value: 0.2529149947872584.
19844.9s 4019 [0.25317745427201765, 0.25271975736678665, 0.25171551928207037, 0.25280970500709243, 0.25299983833160733]
19845.2s 4020 Unable to load Cython Compute_Similarity, reverting to Python
19854.3s 4021 Similarity column 6969 (100.0%), 749.93 column/sec. Elapsed time 9.29 sec
19854.5s 4022 EvaluatorHoldout: Ignoring 31 ( 0.1%) Users that have less than 1 test interactions
19868.4s 4023 EvaluatorHoldout: Processed 27064 (100.0%) in 13.72 sec. Users per second: 1973
19868.6s 4024 Unable to load Cython Compute_Similarity, reverting to Python
19878.0s 4025 Similarity column 6969 (100.0%), 725.85 column/sec. Elapsed time 9.60 sec
19878.2s 4026 EvaluatorHoldout: Ignoring 29 ( 0.1%) Users that have less than 1 test interactions
19891.9s 4027 EvaluatorHoldout: Processed 27066 (100.0%) in 13.86 sec. Users per second: 1953
19892.3s 4028 Unable to load Cython Compute_Similarity, reverting to Python
19901.8s 4029 Similarity column 6969 (100.0%), 734.32 column/sec. Elapsed time 9.49 sec
19901.8s 4030 EvaluatorHoldout: Ignoring 40 ( 0.1%) Users that have less than 1 test interactions
19915.7s 4031 EvaluatorHoldout: Processed 27055 (100.0%) in 13.99 sec. Users per second: 1933
19916.1s 4032 Unable to load Cython Compute_Similarity, reverting to Python
19925.2s 4033 Similarity column 6969 (100.0%), 757.48 column/sec. Elapsed time 9.20 sec
19925.4s 4034 EvaluatorHoldout: Ignoring 31 ( 0.1%) Users that have less than 1 test interactions
19939.2s 4035 EvaluatorHoldout: Processed 27064 (100.0%) in 13.89 sec. Users per second: 1949
19939.6s 4036 Unable to load Cython Compute_Similarity, reverting to Python
19948.6s 4037 Similarity column 6969 (100.0%), 754.46 column/sec. Elapsed time 9.24 sec
19948.8s 4038 EvaluatorHoldout: Ignoring 31 ( 0.1%) Users that have less than 1 test interactions
19962.7s 4039 EvaluatorHoldout: Processed 27064 (100.0%) in 14.10 sec. Users per second: 1920
19962.7s 4040 [I 2025-12-08 02:14:56,546] Trial 166 finished with value: 0.25286489249429384 and parameters: {'topK': 8, 'shrink': 105, 'tversky_alpha': 0.18209293961643278, 'tversky_beta': 1.7368422753427513}. Best is trial 161 with value: 0.2529149947872584.
19962.7s 4041 
19962.7s 4042 [I 2025-12-08 02:14:56,546] Trial 166 finished with value: 0.25286489249429384 and parameters: {'topK': 8, 'shrink': 105, 'tversky_alpha': 0.18209293961643278, 'tversky_beta': 1.7368422753427513}. Best is trial 161 with value: 0.2529149947872584.
19962.9s 4043 [0.25337901918010086, 0.2528813013143491, 0.25243115644630104, 0.2524280105714545, 0.2532049749592636]
19963.3s 4044 Unable to load Cython Compute_Similarity, reverting to Python
19972.5s 4045 Similarity column 6969 (100.0%), 754.06 column/sec. Elapsed time 9.24 sec
19972.5s 4046 EvaluatorHoldout: Ignoring 31 ( 0.1%) Users that have less than 1 test interactions
19986.1s 4047 EvaluatorHoldout: Processed 27064 (100.0%) in 13.78 sec. Users per second: 1964
19986.6s 4048 Unable to load Cython Compute_Similarity, reverting to Python
19995.6s 4049 Similarity column 6969 (100.0%), 755.92 column/sec. Elapsed time 9.22 sec
19995.8s 4050 EvaluatorHoldout: Ignoring 29 ( 0.1%) Users that have less than 1 test interactions
20009.9s 4051 EvaluatorHoldout: Processed 27066 (100.0%) in 14.05 sec. Users per second: 1927
20010.2s 4052 Unable to load Cython Compute_Similarity, reverting to Python
20019.3s 4053 Similarity column 6969 (100.0%), 751.68 column/sec. Elapsed time 9.27 sec
20019.5s 4054 EvaluatorHoldout: Ignoring 40 ( 0.1%) Users that have less than 1 test interactions
20033.5s 4055 EvaluatorHoldout: Processed 27055 (100.0%) in 14.20 sec. Users per second: 1906
20034.0s 4056 Unable to load Cython Compute_Similarity, reverting to Python
20043.1s 4057 Similarity column 6969 (100.0%), 762.22 column/sec. Elapsed time 9.14 sec
20043.1s 4058 EvaluatorHoldout: Ignoring 31 ( 0.1%) Users that have less than 1 test interactions
20056.9s 4059 EvaluatorHoldout: Processed 27064 (100.0%) in 13.98 sec. Users per second: 1936
20057.4s 4060 Unable to load Cython Compute_Similarity, reverting to Python
20066.4s 4061 Similarity column 6969 (100.0%), 761.95 column/sec. Elapsed time 9.15 sec
20066.6s 4062 EvaluatorHoldout: Ignoring 31 ( 0.1%) Users that have less than 1 test interactions
20080.4s 4063 EvaluatorHoldout: Processed 27064 (100.0%) in 13.79 sec. Users per second: 1963
20080.4s 4064 [I 2025-12-08 02:16:54,002] Trial 167 finished with value: 0.2526535458801289 and parameters: {'topK': 8, 'shrink': 121, 'tversky_alpha': 0.1802009776377246, 'tversky_beta': 1.7329287707928394}. Best is trial 161 with value: 0.2529149947872584.
20080.4s 4065 
20080.4s 4066 [I 2025-12-08 02:16:54,002] Trial 167 finished with value: 0.2526535458801289 and parameters: {'topK': 8, 'shrink': 121, 'tversky_alpha': 0.1802009776377246, 'tversky_beta': 1.7329287707928394}. Best is trial 161 with value: 0.2529149947872584.
20080.4s 4067 [0.2529912871050308, 0.25269723716260295, 0.252247222647939, 0.252364673799943, 0.2529673086851288]
20080.7s 4068 Unable to load Cython Compute_Similarity, reverting to Python
20090.0s 4069 Similarity column 6969 (100.0%), 737.14 column/sec. Elapsed time 9.45 sec
20090.2s 4070 EvaluatorHoldout: Ignoring 31 ( 0.1%) Users that have less than 1 test interactions
20103.8s 4071 EvaluatorHoldout: Processed 27064 (100.0%) in 13.85 sec. Users per second: 1954
20104.3s 4072 Unable to load Cython Compute_Similarity, reverting to Python
20113.5s 4073 Similarity column 6969 (100.0%), 755.89 column/sec. Elapsed time 9.22 sec
20113.6s 4074 EvaluatorHoldout: Ignoring 29 ( 0.1%) Users that have less than 1 test interactions
20127.5s 4075 EvaluatorHoldout: Processed 27066 (100.0%) in 14.08 sec. Users per second: 1923
20128.0s 4076 Unable to load Cython Compute_Similarity, reverting to Python
20137.3s 4077 Similarity column 6969 (100.0%), 734.75 column/sec. Elapsed time 9.48 sec
20137.5s 4078 EvaluatorHoldout: Ignoring 40 ( 0.1%) Users that have less than 1 test interactions
20151.4s 4079 EvaluatorHoldout: Processed 27055 (100.0%) in 13.95 sec. Users per second: 1939
20151.7s 4080 Unable to load Cython Compute_Similarity, reverting to Python
20160.8s 4081 Similarity column 6969 (100.0%), 751.24 column/sec. Elapsed time 9.28 sec
20161.0s 4082 EvaluatorHoldout: Ignoring 31 ( 0.1%) Users that have less than 1 test interactions
20174.8s 4083 EvaluatorHoldout: Processed 27064 (100.0%) in 13.96 sec. Users per second: 1938
20175.3s 4084 Unable to load Cython Compute_Similarity, reverting to Python
20184.4s 4085 Similarity column 6969 (100.0%), 762.17 column/sec. Elapsed time 9.14 sec
20184.4s 4086 EvaluatorHoldout: Ignoring 31 ( 0.1%) Users that have less than 1 test interactions
20198.3s 4087 EvaluatorHoldout: Processed 27064 (100.0%) in 14.06 sec. Users per second: 1925
20198.3s 4088 [I 2025-12-08 02:18:52,145] Trial 168 finished with value: 0.2527356223114395 and parameters: {'topK': 8, 'shrink': 113, 'tversky_alpha': 0.19176723491161576, 'tversky_beta': 1.7607533111592204}. Best is trial 161 with value: 0.2529149947872584.
20198.3s 4089 
20198.3s 4090 [I 2025-12-08 02:18:52,145] Trial 168 finished with value: 0.2527356223114395 and parameters: {'topK': 8, 'shrink': 113, 'tversky_alpha': 0.19176723491161576, 'tversky_beta': 1.7607533111592204}. Best is trial 161 with value: 0.2529149947872584.
20198.5s 4091 [0.25339584989282143, 0.2528067313096805, 0.2519625352361464, 0.25261870624498034, 0.25289428887356846]
20198.8s 4092 Unable to load Cython Compute_Similarity, reverting to Python
20208.1s 4093 Similarity column 6969 (100.0%), 739.78 column/sec. Elapsed time 9.42 sec
20208.3s 4094 EvaluatorHoldout: Ignoring 31 ( 0.1%) Users that have less than 1 test interactions
20222.2s 4095 EvaluatorHoldout: Processed 27064 (100.0%) in 13.91 sec. Users per second: 1946
20222.5s 4096 Unable to load Cython Compute_Similarity, reverting to Python
20231.7s 4097 Similarity column 6969 (100.0%), 740.47 column/sec. Elapsed time 9.41 sec
20231.9s 4098 EvaluatorHoldout: Ignoring 29 ( 0.1%) Users that have less than 1 test interactions
20245.7s 4099 EvaluatorHoldout: Processed 27066 (100.0%) in 13.95 sec. Users per second: 1941
20246.2s 4100 Unable to load Cython Compute_Similarity, reverting to Python
20255.7s 4101 Similarity column 6969 (100.0%), 727.17 column/sec. Elapsed time 9.58 sec
20255.8s 4102 EvaluatorHoldout: Ignoring 40 ( 0.1%) Users that have less than 1 test interactions
20269.7s 4103 EvaluatorHoldout: Processed 27055 (100.0%) in 14.15 sec. Users per second: 1912
20270.2s 4104 Unable to load Cython Compute_Similarity, reverting to Python
20279.3s 4105 Similarity column 6969 (100.0%), 752.40 column/sec. Elapsed time 9.26 sec
20279.5s 4106 EvaluatorHoldout: Ignoring 31 ( 0.1%) Users that have less than 1 test interactions
20293.5s 4107 EvaluatorHoldout: Processed 27064 (100.0%) in 13.95 sec. Users per second: 1940
20293.8s 4108 Unable to load Cython Compute_Similarity, reverting to Python
20302.9s 4109 Similarity column 6969 (100.0%), 750.16 column/sec. Elapsed time 9.29 sec
20303.1s 4110 EvaluatorHoldout: Ignoring 31 ( 0.1%) Users that have less than 1 test interactions
20316.8s 4111 EvaluatorHoldout: Processed 27064 (100.0%) in 13.88 sec. Users per second: 1949
20316.8s 4112 [I 2025-12-08 02:20:50,594] Trial 169 finished with value: 0.2528629086267091 and parameters: {'topK': 8, 'shrink': 107, 'tversky_alpha': 0.18435068134702093, 'tversky_beta': 1.7496767765979684}. Best is trial 161 with value: 0.2529149947872584.
20316.8s 4113 
20316.8s 4114 [I 2025-12-08 02:20:50,594] Trial 169 finished with value: 0.2528629086267091 and parameters: {'topK': 8, 'shrink': 107, 'tversky_alpha': 0.18435068134702093, 'tversky_beta': 1.7496767765979684}. Best is trial 161 with value: 0.2529149947872584.
20317.0s 4115 [0.25328682340125397, 0.25297681007719264, 0.25235534526341225, 0.2525825136416363, 0.2531130507500505]
20317.3s 4116 Unable to load Cython Compute_Similarity, reverting to Python
20326.7s 4117 Similarity column 6969 (100.0%), 742.37 column/sec. Elapsed time 9.39 sec
20326.7s 4118 EvaluatorHoldout: Ignoring 31 ( 0.1%) Users that have less than 1 test interactions
20340.8s 4119 EvaluatorHoldout: Processed 27064 (100.0%) in 14.27 sec. Users per second: 1896
20341.3s 4120 Unable to load Cython Compute_Similarity, reverting to Python
20350.7s 4121 Similarity column 6969 (100.0%), 725.47 column/sec. Elapsed time 9.61 sec
20350.9s 4122 EvaluatorHoldout: Ignoring 29 ( 0.1%) Users that have less than 1 test interactions
20364.9s 4123 EvaluatorHoldout: Processed 27066 (100.0%) in 14.00 sec. Users per second: 1934
20365.2s 4124 Unable to load Cython Compute_Similarity, reverting to Python
20374.3s 4125 Similarity column 6969 (100.0%), 753.49 column/sec. Elapsed time 9.25 sec
20374.5s 4126 EvaluatorHoldout: Ignoring 40 ( 0.1%) Users that have less than 1 test interactions
20388.2s 4127 EvaluatorHoldout: Processed 27055 (100.0%) in 13.93 sec. Users per second: 1942
20388.7s 4128 Unable to load Cython Compute_Similarity, reverting to Python
20397.9s 4129 Similarity column 6969 (100.0%), 757.79 column/sec. Elapsed time 9.20 sec
20397.9s 4130 EvaluatorHoldout: Ignoring 31 ( 0.1%) Users that have less than 1 test interactions
20411.8s 4131 EvaluatorHoldout: Processed 27064 (100.0%) in 14.03 sec. Users per second: 1929
20412.3s 4132 Unable to load Cython Compute_Similarity, reverting to Python
20421.6s 4133 Similarity column 6969 (100.0%), 728.61 column/sec. Elapsed time 9.56 sec
20421.8s 4134 EvaluatorHoldout: Ignoring 31 ( 0.1%) Users that have less than 1 test interactions
20435.9s 4135 EvaluatorHoldout: Processed 27064 (100.0%) in 13.95 sec. Users per second: 1939
20435.9s 4136 [I 2025-12-08 02:22:49,442] Trial 170 finished with value: 0.25251699153082185 and parameters: {'topK': 9, 'shrink': 107, 'tversky_alpha': 0.18480988159356368, 'tversky_beta': 1.741029254596273}. Best is trial 161 with value: 0.2529149947872584.
20435.9s 4137 
20435.9s 4138 [I 2025-12-08 02:22:49,442] Trial 170 finished with value: 0.25251699153082185 and parameters: {'topK': 9, 'shrink': 107, 'tversky_alpha': 0.18480988159356368, 'tversky_beta': 1.741029254596273}. Best is trial 161 with value: 0.2529149947872584.
20435.9s 4139 [0.25295379845888977, 0.2526328263842361, 0.2518091885640408, 0.2525529097515887, 0.25263623449535383]
20436.2s 4140 Unable to load Cython Compute_Similarity, reverting to Python
20445.2s 4141 Similarity column 6969 (100.0%), 753.70 column/sec. Elapsed time 9.25 sec
20445.4s 4142 EvaluatorHoldout: Ignoring 31 ( 0.1%) Users that have less than 1 test interactions
20459.0s 4143 EvaluatorHoldout: Processed 27064 (100.0%) in 13.79 sec. Users per second: 1963
20459.5s 4144 Unable to load Cython Compute_Similarity, reverting to Python
20468.9s 4145 Similarity column 6969 (100.0%), 739.74 column/sec. Elapsed time 9.42 sec
20468.9s 4146 EvaluatorHoldout: Ignoring 29 ( 0.1%) Users that have less than 1 test interactions
20482.8s 4147 EvaluatorHoldout: Processed 27066 (100.0%) in 14.03 sec. Users per second: 1929
20483.3s 4148 Unable to load Cython Compute_Similarity, reverting to Python
20492.6s 4149 Similarity column 6969 (100.0%), 733.07 column/sec. Elapsed time 9.51 sec
20492.8s 4150 EvaluatorHoldout: Ignoring 40 ( 0.1%) Users that have less than 1 test interactions
20506.7s 4151 EvaluatorHoldout: Processed 27055 (100.0%) in 13.82 sec. Users per second: 1958
20506.9s 4152 Unable to load Cython Compute_Similarity, reverting to Python
20515.9s 4153 Similarity column 6969 (100.0%), 760.16 column/sec. Elapsed time 9.17 sec
20516.1s 4154 EvaluatorHoldout: Ignoring 31 ( 0.1%) Users that have less than 1 test interactions
20529.9s 4155 EvaluatorHoldout: Processed 27064 (100.0%) in 13.96 sec. Users per second: 1939
20530.4s 4156 Unable to load Cython Compute_Similarity, reverting to Python
20539.7s 4157 Similarity column 6969 (100.0%), 749.20 column/sec. Elapsed time 9.30 sec
20539.7s 4158 EvaluatorHoldout: Ignoring 31 ( 0.1%) Users that have less than 1 test interactions
20553.6s 4159 EvaluatorHoldout: Processed 27064 (100.0%) in 14.04 sec. Users per second: 1927
20553.6s 4160 [I 2025-12-08 02:24:47,402] Trial 171 finished with value: 0.2527807651139406 and parameters: {'topK': 8, 'shrink': 105, 'tversky_alpha': 0.19724325189457043, 'tversky_beta': 1.7510899710911885}. Best is trial 161 with value: 0.2529149947872584.
20553.6s 4161 
