[I 2025-12-28 06:52:42,681] Trial 191 finished with value: 0.2849242177661944 and parameters: {'alpha': 0.0741208387207472, 'beta': 0.08530150114550761, 'gamma': 0.3575748106293696}. Best is trial 117 with value: 0.2915359209367497.
[0.28598300778491664, 0.28441509853382013, 0.2842443815753146, 0.28499666672125945, 0.28498193421566115]
TripleIntegratedHierarchicalHybridRecommender: Fusing similarity matrices...
TripleIntegratedHierarchicalHybridRecommender: Similarity fusion complete. Final score combination with gamma=0.14081282700161837.
EvaluatorHoldout: Processed 27064 (100.0%) in 12.00 sec. Users per second: 2255
TripleIntegratedHierarchicalHybridRecommender: Fusing similarity matrices...
TripleIntegratedHierarchicalHybridRecommender: Similarity fusion complete. Final score combination with gamma=0.14081282700161837.
EvaluatorHoldout: Processed 27061 (100.0%) in 12.05 sec. Users per second: 2246
TripleIntegratedHierarchicalHybridRecommender: Fusing similarity matrices...
TripleIntegratedHierarchicalHybridRecommender: Similarity fusion complete. Final score combination with gamma=0.14081282700161837.
EvaluatorHoldout: Processed 27051 (100.0%) in 12.01 sec. Users per second: 2252
TripleIntegratedHierarchicalHybridRecommender: Fusing similarity matrices...
TripleIntegratedHierarchicalHybridRecommender: Similarity fusion complete. Final score combination with gamma=0.14081282700161837.
EvaluatorHoldout: Processed 27062 (100.0%) in 12.05 sec. Users per second: 2247
TripleIntegratedHierarchicalHybridRecommender: Fusing similarity matrices...
TripleIntegratedHierarchicalHybridRecommender: Similarity fusion complete. Final score combination with gamma=0.14081282700161837.
EvaluatorHoldout: Processed 27050 (100.0%) in 12.01 sec. Users per second: 2252
[I 2025-12-28 06:53:45,301] Trial 192 finished with value: 0.29142516252930983 and parameters: {'alpha': 0.04552783702483613, 'beta': 0.04498792598031126, 'gamma': 0.14081282700161837}. Best is trial 117 with value: 0.2915359209367497.
[0.2926074053506809, 0.2908591787751926, 0.29078554081084507, 0.2910791501737959, 0.2917945375360348]
TripleIntegratedHierarchicalHybridRecommender: Fusing similarity matrices...
TripleIntegratedHierarchicalHybridRecommender: Similarity fusion complete. Final score combination with gamma=0.14619043085138622.
EvaluatorHoldout: Processed 27064 (100.0%) in 12.00 sec. Users per second: 2255
TripleIntegratedHierarchicalHybridRecommender: Fusing similarity matrices...
TripleIntegratedHierarchicalHybridRecommender: Similarity fusion complete. Final score combination with gamma=0.14619043085138622.
EvaluatorHoldout: Processed 27061 (100.0%) in 12.06 sec. Users per second: 2244
TripleIntegratedHierarchicalHybridRecommender: Fusing similarity matrices...
TripleIntegratedHierarchicalHybridRecommender: Similarity fusion complete. Final score combination with gamma=0.14619043085138622.
EvaluatorHoldout: Processed 27051 (100.0%) in 12.01 sec. Users per second: 2252
TripleIntegratedHierarchicalHybridRecommender: Fusing similarity matrices...
TripleIntegratedHierarchicalHybridRecommender: Similarity fusion complete. Final score combination with gamma=0.14619043085138622.
EvaluatorHoldout: Processed 27062 (100.0%) in 12.03 sec. Users per second: 2250
TripleIntegratedHierarchicalHybridRecommender: Fusing similarity matrices...
TripleIntegratedHierarchicalHybridRecommender: Similarity fusion complete. Final score combination with gamma=0.14619043085138622.
EvaluatorHoldout: Processed 27050 (100.0%) in 12.02 sec. Users per second: 2251
[I 2025-12-28 06:54:47,985] Trial 193 finished with value: 0.29142213229341446 and parameters: {'alpha': 0.06484314130927295, 'beta': 0.09487409228411212, 'gamma': 0.14619043085138622}. Best is trial 117 with value: 0.2915359209367497.
[0.29265198486056626, 0.29066891996115196, 0.2909168023780113, 0.2910899692692023, 0.2917829849981404]
TripleIntegratedHierarchicalHybridRecommender: Fusing similarity matrices...
TripleIntegratedHierarchicalHybridRecommender: Similarity fusion complete. Final score combination with gamma=0.11315568124915816.
EvaluatorHoldout: Processed 27064 (100.0%) in 12.05 sec. Users per second: 2247
TripleIntegratedHierarchicalHybridRecommender: Fusing similarity matrices...
TripleIntegratedHierarchicalHybridRecommender: Similarity fusion complete. Final score combination with gamma=0.11315568124915816.
EvaluatorHoldout: Processed 27061 (100.0%) in 12.05 sec. Users per second: 2245
TripleIntegratedHierarchicalHybridRecommender: Fusing similarity matrices...
TripleIntegratedHierarchicalHybridRecommender: Similarity fusion complete. Final score combination with gamma=0.11315568124915816.
EvaluatorHoldout: Processed 27051 (100.0%) in 12.02 sec. Users per second: 2250
TripleIntegratedHierarchicalHybridRecommender: Fusing similarity matrices...
TripleIntegratedHierarchicalHybridRecommender: Similarity fusion complete. Final score combination with gamma=0.11315568124915816.
EvaluatorHoldout: Processed 27062 (100.0%) in 12.04 sec. Users per second: 2248
TripleIntegratedHierarchicalHybridRecommender: Fusing similarity matrices...
TripleIntegratedHierarchicalHybridRecommender: Similarity fusion complete. Final score combination with gamma=0.11315568124915816.
EvaluatorHoldout: Processed 27050 (100.0%) in 12.02 sec. Users per second: 2251
[I 2025-12-28 06:55:50,654] Trial 194 finished with value: 0.29142978886720117 and parameters: {'alpha': 0.09241725041790223, 'beta': 0.1516063596142317, 'gamma': 0.11315568124915816}. Best is trial 117 with value: 0.2915359209367497.
[0.2926399119831285, 0.290761528068488, 0.290846798474296, 0.29100170869171776, 0.2918989971183757]
TripleIntegratedHierarchicalHybridRecommender: Fusing similarity matrices...
TripleIntegratedHierarchicalHybridRecommender: Similarity fusion complete. Final score combination with gamma=0.1775681433992593.
EvaluatorHoldout: Processed 27064 (100.0%) in 12.01 sec. Users per second: 2253
TripleIntegratedHierarchicalHybridRecommender: Fusing similarity matrices...
TripleIntegratedHierarchicalHybridRecommender: Similarity fusion complete. Final score combination with gamma=0.1775681433992593.
EvaluatorHoldout: Processed 27061 (100.0%) in 12.05 sec. Users per second: 2246
TripleIntegratedHierarchicalHybridRecommender: Fusing similarity matrices...
TripleIntegratedHierarchicalHybridRecommender: Similarity fusion complete. Final score combination with gamma=0.1775681433992593.
EvaluatorHoldout: Processed 27051 (100.0%) in 12.03 sec. Users per second: 2248
TripleIntegratedHierarchicalHybridRecommender: Fusing similarity matrices...
TripleIntegratedHierarchicalHybridRecommender: Similarity fusion complete. Final score combination with gamma=0.1775681433992593.
EvaluatorHoldout: Processed 27062 (100.0%) in 12.02 sec. Users per second: 2251
TripleIntegratedHierarchicalHybridRecommender: Fusing similarity matrices...
TripleIntegratedHierarchicalHybridRecommender: Similarity fusion complete. Final score combination with gamma=0.1775681433992593.
EvaluatorHoldout: Processed 27050 (100.0%) in 12.01 sec. Users per second: 2253
[I 2025-12-28 06:56:53,285] Trial 195 finished with value: 0.2911749928605346 and parameters: {'alpha': 0.0525954834123062, 'beta': 0.0668225483530272, 'gamma': 0.1775681433992593}. Best is trial 117 with value: 0.2915359209367497.
[0.29215746671656223, 0.29071811732433617, 0.29059400004150976, 0.29071006365080243, 0.29169531656946246]
TripleIntegratedHierarchicalHybridRecommender: Fusing similarity matrices...
TripleIntegratedHierarchicalHybridRecommender: Similarity fusion complete. Final score combination with gamma=0.09701027482250901.
EvaluatorHoldout: Processed 27064 (100.0%) in 12.03 sec. Users per second: 2251
TripleIntegratedHierarchicalHybridRecommender: Fusing similarity matrices...
TripleIntegratedHierarchicalHybridRecommender: Similarity fusion complete. Final score combination with gamma=0.09701027482250901.
EvaluatorHoldout: Processed 27061 (100.0%) in 12.05 sec. Users per second: 2245
TripleIntegratedHierarchicalHybridRecommender: Fusing similarity matrices...
TripleIntegratedHierarchicalHybridRecommender: Similarity fusion complete. Final score combination with gamma=0.09701027482250901.
EvaluatorHoldout: Processed 27051 (100.0%) in 12.05 sec. Users per second: 2246
TripleIntegratedHierarchicalHybridRecommender: Fusing similarity matrices...
TripleIntegratedHierarchicalHybridRecommender: Similarity fusion complete. Final score combination with gamma=0.09701027482250901.
EvaluatorHoldout: Processed 27062 (100.0%) in 12.03 sec. Users per second: 2250
TripleIntegratedHierarchicalHybridRecommender: Fusing similarity matrices...
TripleIntegratedHierarchicalHybridRecommender: Similarity fusion complete. Final score combination with gamma=0.09701027482250901.
EvaluatorHoldout: Processed 27050 (100.0%) in 12.04 sec. Users per second: 2247
[I 2025-12-28 06:57:56,022] Trial 196 finished with value: 0.29132616644542947 and parameters: {'alpha': 0.12246348888798705, 'beta': 0.03328386021356013, 'gamma': 0.09701027482250901}. Best is trial 117 with value: 0.2915359209367497.
[0.2922638203140738, 0.2906838780836885, 0.2908297676601663, 0.2909464278050412, 0.2919069383641776]
TripleIntegratedHierarchicalHybridRecommender: Fusing similarity matrices...
TripleIntegratedHierarchicalHybridRecommender: Similarity fusion complete. Final score combination with gamma=0.14017333971429333.
EvaluatorHoldout: Processed 27064 (100.0%) in 12.07 sec. Users per second: 2243
TripleIntegratedHierarchicalHybridRecommender: Fusing similarity matrices...
TripleIntegratedHierarchicalHybridRecommender: Similarity fusion complete. Final score combination with gamma=0.14017333971429333.
EvaluatorHoldout: Processed 27061 (100.0%) in 12.05 sec. Users per second: 2246
TripleIntegratedHierarchicalHybridRecommender: Fusing similarity matrices...
TripleIntegratedHierarchicalHybridRecommender: Similarity fusion complete. Final score combination with gamma=0.14017333971429333.
EvaluatorHoldout: Processed 27051 (100.0%) in 12.03 sec. Users per second: 2248
TripleIntegratedHierarchicalHybridRecommender: Fusing similarity matrices...
TripleIntegratedHierarchicalHybridRecommender: Similarity fusion complete. Final score combination with gamma=0.14017333971429333.
EvaluatorHoldout: Processed 27062 (100.0%) in 12.04 sec. Users per second: 2248
TripleIntegratedHierarchicalHybridRecommender: Fusing similarity matrices...
TripleIntegratedHierarchicalHybridRecommender: Similarity fusion complete. Final score combination with gamma=0.14017333971429333.
EvaluatorHoldout: Processed 27050 (100.0%) in 12.04 sec. Users per second: 2247
[I 2025-12-28 06:58:58,727] Trial 197 finished with value: 0.2915028912643513 and parameters: {'alpha': 0.09472802373528055, 'beta': 0.08154591340579956, 'gamma': 0.14017333971429333}. Best is trial 117 with value: 0.2915359209367497.
[0.29273522166972193, 0.2908573982637493, 0.29090464611182815, 0.29113338191397475, 0.29188380836248246]
TripleIntegratedHierarchicalHybridRecommender: Fusing similarity matrices...
TripleIntegratedHierarchicalHybridRecommender: Similarity fusion complete. Final score combination with gamma=0.16166254961154022.
EvaluatorHoldout: Processed 27064 (100.0%) in 12.02 sec. Users per second: 2252
TripleIntegratedHierarchicalHybridRecommender: Fusing similarity matrices...
TripleIntegratedHierarchicalHybridRecommender: Similarity fusion complete. Final score combination with gamma=0.16166254961154022.
EvaluatorHoldout: Processed 27061 (100.0%) in 12.05 sec. Users per second: 2247
TripleIntegratedHierarchicalHybridRecommender: Fusing similarity matrices...
TripleIntegratedHierarchicalHybridRecommender: Similarity fusion complete. Final score combination with gamma=0.16166254961154022.
EvaluatorHoldout: Processed 27051 (100.0%) in 12.03 sec. Users per second: 2248
TripleIntegratedHierarchicalHybridRecommender: Fusing similarity matrices...
TripleIntegratedHierarchicalHybridRecommender: Similarity fusion complete. Final score combination with gamma=0.16166254961154022.
EvaluatorHoldout: Processed 27062 (100.0%) in 12.12 sec. Users per second: 2233
TripleIntegratedHierarchicalHybridRecommender: Fusing similarity matrices...
TripleIntegratedHierarchicalHybridRecommender: Similarity fusion complete. Final score combination with gamma=0.16166254961154022.
EvaluatorHoldout: Processed 27050 (100.0%) in 11.93 sec. Users per second: 2268
[I 2025-12-28 07:00:01,460] Trial 198 finished with value: 0.28909875047131206 and parameters: {'alpha': 0.09600507516268028, 'beta': 0.4019842453096637, 'gamma': 0.16166254961154022}. Best is trial 117 with value: 0.2915359209367497.
[0.2902999582838239, 0.28823823233782575, 0.28846213551424915, 0.2888486168868964, 0.2896448093337651]
TripleIntegratedHierarchicalHybridRecommender: Fusing similarity matrices...
TripleIntegratedHierarchicalHybridRecommender: Similarity fusion complete. Final score combination with gamma=0.12413157353956172.
EvaluatorHoldout: Processed 27064 (100.0%) in 11.91 sec. Users per second: 2272
TripleIntegratedHierarchicalHybridRecommender: Fusing similarity matrices...
TripleIntegratedHierarchicalHybridRecommender: Similarity fusion complete. Final score combination with gamma=0.12413157353956172.
EvaluatorHoldout: Processed 27061 (100.0%) in 11.95 sec. Users per second: 2265
TripleIntegratedHierarchicalHybridRecommender: Fusing similarity matrices...
TripleIntegratedHierarchicalHybridRecommender: Similarity fusion complete. Final score combination with gamma=0.12413157353956172.
EvaluatorHoldout: Processed 27051 (100.0%) in 11.94 sec. Users per second: 2266
TripleIntegratedHierarchicalHybridRecommender: Fusing similarity matrices...
TripleIntegratedHierarchicalHybridRecommender: Similarity fusion complete. Final score combination with gamma=0.12413157353956172.
EvaluatorHoldout: Processed 27062 (100.0%) in 11.94 sec. Users per second: 2267
TripleIntegratedHierarchicalHybridRecommender: Fusing similarity matrices...
TripleIntegratedHierarchicalHybridRecommender: Similarity fusion complete. Final score combination with gamma=0.12413157353956172.
EvaluatorHoldout: Processed 27050 (100.0%) in 11.95 sec. Users per second: 2263
[I 2025-12-28 07:01:03,580] Trial 199 finished with value: 0.29155426593914074 and parameters: {'alpha': 0.1339451289620436, 'beta': 0.05993866101022186, 'gamma': 0.12413157353956172}. Best is trial 199 with value: 0.29155426593914074.
[0.29269005321870584, 0.2909706729679044, 0.2908706778907721, 0.2913519901726032, 0.29188793544571817]
TripleIntegratedHierarchicalHybridRecommender: Fusing similarity matrices...
TripleIntegratedHierarchicalHybridRecommender: Similarity fusion complete. Final score combination with gamma=0.13510319573570548.
EvaluatorHoldout: Processed 27064 (100.0%) in 11.91 sec. Users per second: 2273
TripleIntegratedHierarchicalHybridRecommender: Fusing similarity matrices...
TripleIntegratedHierarchicalHybridRecommender: Similarity fusion complete. Final score combination with gamma=0.13510319573570548.
EvaluatorHoldout: Processed 27061 (100.0%) in 11.95 sec. Users per second: 2265
TripleIntegratedHierarchicalHybridRecommender: Fusing similarity matrices...
TripleIntegratedHierarchicalHybridRecommender: Similarity fusion complete. Final score combination with gamma=0.13510319573570548.
EvaluatorHoldout: Processed 27051 (100.0%) in 11.94 sec. Users per second: 2266
TripleIntegratedHierarchicalHybridRecommender: Fusing similarity matrices...
TripleIntegratedHierarchicalHybridRecommender: Similarity fusion complete. Final score combination with gamma=0.13510319573570548.
EvaluatorHoldout: Processed 27062 (100.0%) in 11.97 sec. Users per second: 2261
TripleIntegratedHierarchicalHybridRecommender: Fusing similarity matrices...
TripleIntegratedHierarchicalHybridRecommender: Similarity fusion complete. Final score combination with gamma=0.13510319573570548.
EvaluatorHoldout: Processed 27050 (100.0%) in 11.93 sec. Users per second: 2267
[I 2025-12-28 07:02:05,805] Trial 200 finished with value: 0.29150352297673104 and parameters: {'alpha': 0.13107694872188722, 'beta': 0.1238680338318301, 'gamma': 0.13510319573570548}. Best is trial 199 with value: 0.29155426593914074.
[0.2926303594877537, 0.2909753700692462, 0.29094215320669026, 0.2910991199554583, 0.29187061216450677]
TripleIntegratedHierarchicalHybridRecommender: Fusing similarity matrices...
TripleIntegratedHierarchicalHybridRecommender: Similarity fusion complete. Final score combination with gamma=0.9933944556849971.
EvaluatorHoldout: Processed 27064 (100.0%) in 11.89 sec. Users per second: 2276
TripleIntegratedHierarchicalHybridRecommender: Fusing similarity matrices...
TripleIntegratedHierarchicalHybridRecommender: Similarity fusion complete. Final score combination with gamma=0.9933944556849971.
EvaluatorHoldout: Processed 27061 (100.0%) in 11.99 sec. Users per second: 2257
TripleIntegratedHierarchicalHybridRecommender: Fusing similarity matrices...
TripleIntegratedHierarchicalHybridRecommender: Similarity fusion complete. Final score combination with gamma=0.9933944556849971.
EvaluatorHoldout: Processed 27051 (100.0%) in 11.90 sec. Users per second: 2273
TripleIntegratedHierarchicalHybridRecommender: Fusing similarity matrices...
TripleIntegratedHierarchicalHybridRecommender: Similarity fusion complete. Final score combination with gamma=0.9933944556849971.
EvaluatorHoldout: Processed 27062 (100.0%) in 11.99 sec. Users per second: 2258
TripleIntegratedHierarchicalHybridRecommender: Fusing similarity matrices...
TripleIntegratedHierarchicalHybridRecommender: Similarity fusion complete. Final score combination with gamma=0.9933944556849971.
EvaluatorHoldout: Processed 27050 (100.0%) in 11.92 sec. Users per second: 2270
[I 2025-12-28 07:03:07,995] Trial 201 finished with value: 0.24665822920436237 and parameters: {'alpha': 0.13489112191572789, 'beta': 0.12227285766085208, 'gamma': 0.9933944556849971}. Best is trial 199 with value: 0.29155426593914074.
[0.24848420517028763, 0.24620146229656742, 0.2465956837539236, 0.24629366970711464, 0.2457161250939187]
TripleIntegratedHierarchicalHybridRecommender: Fusing similarity matrices...
TripleIntegratedHierarchicalHybridRecommender: Similarity fusion complete. Final score combination with gamma=0.1344844611862082.
EvaluatorHoldout: Processed 27064 (100.0%) in 11.92 sec. Users per second: 2271
TripleIntegratedHierarchicalHybridRecommender: Fusing similarity matrices...
TripleIntegratedHierarchicalHybridRecommender: Similarity fusion complete. Final score combination with gamma=0.1344844611862082.
EvaluatorHoldout: Processed 27061 (100.0%) in 11.94 sec. Users per second: 2266
TripleIntegratedHierarchicalHybridRecommender: Fusing similarity matrices...
TripleIntegratedHierarchicalHybridRecommender: Similarity fusion complete. Final score combination with gamma=0.1344844611862082.
EvaluatorHoldout: Processed 27051 (100.0%) in 11.95 sec. Users per second: 2263
TripleIntegratedHierarchicalHybridRecommender: Fusing similarity matrices...
TripleIntegratedHierarchicalHybridRecommender: Similarity fusion complete. Final score combination with gamma=0.1344844611862082.
EvaluatorHoldout: Processed 27062 (100.0%) in 11.92 sec. Users per second: 2270
TripleIntegratedHierarchicalHybridRecommender: Fusing similarity matrices...
TripleIntegratedHierarchicalHybridRecommender: Similarity fusion complete. Final score combination with gamma=0.1344844611862082.
EvaluatorHoldout: Processed 27050 (100.0%) in 11.92 sec. Users per second: 2270
[I 2025-12-28 07:04:10,065] Trial 202 finished with value: 0.29151802630137613 and parameters: {'alpha': 0.15362480024903116, 'beta': 0.070392935976296, 'gamma': 0.1344844611862082}. Best is trial 199 with value: 0.29155426593914074.
[0.2925907103684635, 0.29104057156224045, 0.2909359513159831, 0.29120329526088296, 0.29181960299931053]
TripleIntegratedHierarchicalHybridRecommender: Fusing similarity matrices...
TripleIntegratedHierarchicalHybridRecommender: Similarity fusion complete. Final score combination with gamma=0.14157168049903754.
EvaluatorHoldout: Processed 27064 (100.0%) in 11.93 sec. Users per second: 2269
TripleIntegratedHierarchicalHybridRecommender: Fusing similarity matrices...
TripleIntegratedHierarchicalHybridRecommender: Similarity fusion complete. Final score combination with gamma=0.14157168049903754.
EvaluatorHoldout: Processed 27061 (100.0%) in 11.94 sec. Users per second: 2266
TripleIntegratedHierarchicalHybridRecommender: Fusing similarity matrices...
TripleIntegratedHierarchicalHybridRecommender: Similarity fusion complete. Final score combination with gamma=0.14157168049903754.
EvaluatorHoldout: Processed 27051 (100.0%) in 11.94 sec. Users per second: 2266
TripleIntegratedHierarchicalHybridRecommender: Fusing similarity matrices...
TripleIntegratedHierarchicalHybridRecommender: Similarity fusion complete. Final score combination with gamma=0.14157168049903754.
EvaluatorHoldout: Processed 27062 (100.0%) in 11.93 sec. Users per second: 2269
TripleIntegratedHierarchicalHybridRecommender: Fusing similarity matrices...
TripleIntegratedHierarchicalHybridRecommender: Similarity fusion complete. Final score combination with gamma=0.14157168049903754.
EvaluatorHoldout: Processed 27050 (100.0%) in 11.92 sec. Users per second: 2269
