[I 2025-12-28 06:02:35,096] Trial 143 finished with value: 0.291502953827075 and parameters: {'alpha': 0.10926127190172426, 'beta': 0.0456923595247935, 'gamma': 0.135617870212603}. Best is trial 117 with value: 0.2915359209367497.
[0.2926615649384672, 0.290893419025809, 0.29087908850807026, 0.29126276299257514, 0.2918179336704533]
TripleIntegratedHierarchicalHybridRecommender: Fusing similarity matrices...
TripleIntegratedHierarchicalHybridRecommender: Similarity fusion complete. Final score combination with gamma=0.18235457973209485.
EvaluatorHoldout: Processed 27064 (100.0%) in 12.01 sec. Users per second: 2253
TripleIntegratedHierarchicalHybridRecommender: Fusing similarity matrices...
TripleIntegratedHierarchicalHybridRecommender: Similarity fusion complete. Final score combination with gamma=0.18235457973209485.
EvaluatorHoldout: Processed 27061 (100.0%) in 12.03 sec. Users per second: 2250
TripleIntegratedHierarchicalHybridRecommender: Fusing similarity matrices...
TripleIntegratedHierarchicalHybridRecommender: Similarity fusion complete. Final score combination with gamma=0.18235457973209485.
EvaluatorHoldout: Processed 27051 (100.0%) in 12.03 sec. Users per second: 2248
TripleIntegratedHierarchicalHybridRecommender: Fusing similarity matrices...
TripleIntegratedHierarchicalHybridRecommender: Similarity fusion complete. Final score combination with gamma=0.18235457973209485.
EvaluatorHoldout: Processed 27062 (100.0%) in 12.02 sec. Users per second: 2252
TripleIntegratedHierarchicalHybridRecommender: Fusing similarity matrices...
TripleIntegratedHierarchicalHybridRecommender: Similarity fusion complete. Final score combination with gamma=0.18235457973209485.
EvaluatorHoldout: Processed 27050 (100.0%) in 12.09 sec. Users per second: 2238
[I 2025-12-28 06:03:37,776] Trial 144 finished with value: 0.29106002913913137 and parameters: {'alpha': 0.11133939768576212, 'beta': 0.06270210144749598, 'gamma': 0.18235457973209485}. Best is trial 117 with value: 0.2915359209367497.
[0.2920943422644039, 0.29052107153255, 0.29039460282694524, 0.2907492529369609, 0.29154087613479684]
TripleIntegratedHierarchicalHybridRecommender: Fusing similarity matrices...
TripleIntegratedHierarchicalHybridRecommender: Similarity fusion complete. Final score combination with gamma=0.134194026060604.
EvaluatorHoldout: Processed 27064 (100.0%) in 12.01 sec. Users per second: 2253
TripleIntegratedHierarchicalHybridRecommender: Fusing similarity matrices...
TripleIntegratedHierarchicalHybridRecommender: Similarity fusion complete. Final score combination with gamma=0.134194026060604.
EvaluatorHoldout: Processed 27061 (100.0%) in 12.05 sec. Users per second: 2246
TripleIntegratedHierarchicalHybridRecommender: Fusing similarity matrices...
TripleIntegratedHierarchicalHybridRecommender: Similarity fusion complete. Final score combination with gamma=0.134194026060604.
EvaluatorHoldout: Processed 27051 (100.0%) in 12.03 sec. Users per second: 2249
TripleIntegratedHierarchicalHybridRecommender: Fusing similarity matrices...
TripleIntegratedHierarchicalHybridRecommender: Similarity fusion complete. Final score combination with gamma=0.134194026060604.
EvaluatorHoldout: Processed 27062 (100.0%) in 12.03 sec. Users per second: 2250
TripleIntegratedHierarchicalHybridRecommender: Fusing similarity matrices...
TripleIntegratedHierarchicalHybridRecommender: Similarity fusion complete. Final score combination with gamma=0.134194026060604.
EvaluatorHoldout: Processed 27050 (100.0%) in 12.02 sec. Users per second: 2250
[I 2025-12-28 06:04:40,411] Trial 145 finished with value: 0.2914744333188749 and parameters: {'alpha': 0.08767339407010519, 'beta': 0.02704549084007174, 'gamma': 0.134194026060604}. Best is trial 117 with value: 0.2915359209367497.
[0.29257053752723045, 0.29103297968747616, 0.2908906458202917, 0.29107475270685146, 0.2918032508525247]
TripleIntegratedHierarchicalHybridRecommender: Fusing similarity matrices...
TripleIntegratedHierarchicalHybridRecommender: Similarity fusion complete. Final score combination with gamma=0.07980449618246165.
EvaluatorHoldout: Processed 27064 (100.0%) in 12.01 sec. Users per second: 2253
TripleIntegratedHierarchicalHybridRecommender: Fusing similarity matrices...
TripleIntegratedHierarchicalHybridRecommender: Similarity fusion complete. Final score combination with gamma=0.07980449618246165.
EvaluatorHoldout: Processed 27061 (100.0%) in 12.07 sec. Users per second: 2242
TripleIntegratedHierarchicalHybridRecommender: Fusing similarity matrices...
TripleIntegratedHierarchicalHybridRecommender: Similarity fusion complete. Final score combination with gamma=0.07980449618246165.
EvaluatorHoldout: Processed 27051 (100.0%) in 12.05 sec. Users per second: 2245
TripleIntegratedHierarchicalHybridRecommender: Fusing similarity matrices...
TripleIntegratedHierarchicalHybridRecommender: Similarity fusion complete. Final score combination with gamma=0.07980449618246165.
EvaluatorHoldout: Processed 27062 (100.0%) in 12.03 sec. Users per second: 2250
TripleIntegratedHierarchicalHybridRecommender: Fusing similarity matrices...
TripleIntegratedHierarchicalHybridRecommender: Similarity fusion complete. Final score combination with gamma=0.07980449618246165.
EvaluatorHoldout: Processed 27050 (100.0%) in 12.02 sec. Users per second: 2250
[I 2025-12-28 06:05:43,127] Trial 146 finished with value: 0.2911381593077069 and parameters: {'alpha': 0.1433146060050097, 'beta': 0.07893942347672617, 'gamma': 0.07980449618246165}. Best is trial 117 with value: 0.2915359209367497.
[0.2921393773878253, 0.29033424170864214, 0.29080990313663024, 0.2906055748338941, 0.2918016994715429]
TripleIntegratedHierarchicalHybridRecommender: Fusing similarity matrices...
TripleIntegratedHierarchicalHybridRecommender: Similarity fusion complete. Final score combination with gamma=0.578459008871003.
EvaluatorHoldout: Processed 27064 (100.0%) in 12.03 sec. Users per second: 2249
TripleIntegratedHierarchicalHybridRecommender: Fusing similarity matrices...
TripleIntegratedHierarchicalHybridRecommender: Similarity fusion complete. Final score combination with gamma=0.578459008871003.
EvaluatorHoldout: Processed 27061 (100.0%) in 12.02 sec. Users per second: 2251
TripleIntegratedHierarchicalHybridRecommender: Fusing similarity matrices...
TripleIntegratedHierarchicalHybridRecommender: Similarity fusion complete. Final score combination with gamma=0.578459008871003.
EvaluatorHoldout: Processed 27051 (100.0%) in 12.04 sec. Users per second: 2247
TripleIntegratedHierarchicalHybridRecommender: Fusing similarity matrices...
TripleIntegratedHierarchicalHybridRecommender: Similarity fusion complete. Final score combination with gamma=0.578459008871003.
EvaluatorHoldout: Processed 27062 (100.0%) in 12.02 sec. Users per second: 2252
TripleIntegratedHierarchicalHybridRecommender: Fusing similarity matrices...
TripleIntegratedHierarchicalHybridRecommender: Similarity fusion complete. Final score combination with gamma=0.578459008871003.
EvaluatorHoldout: Processed 27050 (100.0%) in 12.00 sec. Users per second: 2254
[I 2025-12-28 06:06:45,873] Trial 147 finished with value: 0.2721727276054049 and parameters: {'alpha': 0.039455128870790085, 'beta': 0.09555199189708492, 'gamma': 0.578459008871003}. Best is trial 117 with value: 0.2915359209367497.
[0.2733786200445438, 0.27203118332415305, 0.2718133277050705, 0.27200971629031184, 0.27163079066294527]
TripleIntegratedHierarchicalHybridRecommender: Fusing similarity matrices...
TripleIntegratedHierarchicalHybridRecommender: Similarity fusion complete. Final score combination with gamma=0.17053954494733228.
EvaluatorHoldout: Processed 27064 (100.0%) in 12.01 sec. Users per second: 2254
TripleIntegratedHierarchicalHybridRecommender: Fusing similarity matrices...
TripleIntegratedHierarchicalHybridRecommender: Similarity fusion complete. Final score combination with gamma=0.17053954494733228.
EvaluatorHoldout: Processed 27061 (100.0%) in 12.04 sec. Users per second: 2247
TripleIntegratedHierarchicalHybridRecommender: Fusing similarity matrices...
TripleIntegratedHierarchicalHybridRecommender: Similarity fusion complete. Final score combination with gamma=0.17053954494733228.
EvaluatorHoldout: Processed 27051 (100.0%) in 12.02 sec. Users per second: 2251
TripleIntegratedHierarchicalHybridRecommender: Fusing similarity matrices...
TripleIntegratedHierarchicalHybridRecommender: Similarity fusion complete. Final score combination with gamma=0.17053954494733228.
EvaluatorHoldout: Processed 27062 (100.0%) in 12.02 sec. Users per second: 2252
TripleIntegratedHierarchicalHybridRecommender: Fusing similarity matrices...
TripleIntegratedHierarchicalHybridRecommender: Similarity fusion complete. Final score combination with gamma=0.17053954494733228.
EvaluatorHoldout: Processed 27050 (100.0%) in 12.01 sec. Users per second: 2253
[I 2025-12-28 06:07:48,453] Trial 148 finished with value: 0.2912327881308418 and parameters: {'alpha': 0.10515884328942728, 'beta': 0.04831791782129643, 'gamma': 0.17053954494733228}. Best is trial 117 with value: 0.2915359209367497.
[0.292253724151306, 0.29077694285674666, 0.29064912296178397, 0.2907685242226668, 0.2917156264617056]
TripleIntegratedHierarchicalHybridRecommender: Fusing similarity matrices...
TripleIntegratedHierarchicalHybridRecommender: Similarity fusion complete. Final score combination with gamma=0.15276209038096644.
EvaluatorHoldout: Processed 27064 (100.0%) in 12.09 sec. Users per second: 2239
TripleIntegratedHierarchicalHybridRecommender: Fusing similarity matrices...
TripleIntegratedHierarchicalHybridRecommender: Similarity fusion complete. Final score combination with gamma=0.15276209038096644.
EvaluatorHoldout: Processed 27061 (100.0%) in 12.04 sec. Users per second: 2247
TripleIntegratedHierarchicalHybridRecommender: Fusing similarity matrices...
TripleIntegratedHierarchicalHybridRecommender: Similarity fusion complete. Final score combination with gamma=0.15276209038096644.
EvaluatorHoldout: Processed 27051 (100.0%) in 12.02 sec. Users per second: 2250
TripleIntegratedHierarchicalHybridRecommender: Fusing similarity matrices...
TripleIntegratedHierarchicalHybridRecommender: Similarity fusion complete. Final score combination with gamma=0.15276209038096644.
EvaluatorHoldout: Processed 27062 (100.0%) in 12.02 sec. Users per second: 2251
TripleIntegratedHierarchicalHybridRecommender: Fusing similarity matrices...
TripleIntegratedHierarchicalHybridRecommender: Similarity fusion complete. Final score combination with gamma=0.15276209038096644.
EvaluatorHoldout: Processed 27050 (100.0%) in 12.01 sec. Users per second: 2253
[I 2025-12-28 06:08:51,121] Trial 149 finished with value: 0.29135387859809225 and parameters: {'alpha': 0.0030510997153705838, 'beta': 0.020755305495404143, 'gamma': 0.15276209038096644}. Best is trial 117 with value: 0.2915359209367497.
[0.2924681185429068, 0.29072521342273727, 0.29081542160773954, 0.29095423939893633, 0.2918064000181413]
TripleIntegratedHierarchicalHybridRecommender: Fusing similarity matrices...
TripleIntegratedHierarchicalHybridRecommender: Similarity fusion complete. Final score combination with gamma=0.6246516242657064.
EvaluatorHoldout: Processed 27064 (100.0%) in 12.03 sec. Users per second: 2250
TripleIntegratedHierarchicalHybridRecommender: Fusing similarity matrices...
TripleIntegratedHierarchicalHybridRecommender: Similarity fusion complete. Final score combination with gamma=0.6246516242657064.
EvaluatorHoldout: Processed 27061 (100.0%) in 12.01 sec. Users per second: 2253
TripleIntegratedHierarchicalHybridRecommender: Fusing similarity matrices...
TripleIntegratedHierarchicalHybridRecommender: Similarity fusion complete. Final score combination with gamma=0.6246516242657064.
EvaluatorHoldout: Processed 27051 (100.0%) in 12.07 sec. Users per second: 2240
TripleIntegratedHierarchicalHybridRecommender: Fusing similarity matrices...
TripleIntegratedHierarchicalHybridRecommender: Similarity fusion complete. Final score combination with gamma=0.6246516242657064.
EvaluatorHoldout: Processed 27062 (100.0%) in 12.01 sec. Users per second: 2254
TripleIntegratedHierarchicalHybridRecommender: Fusing similarity matrices...
TripleIntegratedHierarchicalHybridRecommender: Similarity fusion complete. Final score combination with gamma=0.6246516242657064.
EvaluatorHoldout: Processed 27050 (100.0%) in 12.02 sec. Users per second: 2251
[I 2025-12-28 06:09:53,790] Trial 150 finished with value: 0.268400746703251 and parameters: {'alpha': 0.13131811283426922, 'beta': 0.11174780834179568, 'gamma': 0.6246516242657064}. Best is trial 117 with value: 0.2915359209367497.
[0.26952953897002035, 0.26836136742813493, 0.268248903714272, 0.2681420325047333, 0.26772189089909426]
TripleIntegratedHierarchicalHybridRecommender: Fusing similarity matrices...
TripleIntegratedHierarchicalHybridRecommender: Similarity fusion complete. Final score combination with gamma=0.12665799485669652.
EvaluatorHoldout: Processed 27064 (100.0%) in 12.03 sec. Users per second: 2249
TripleIntegratedHierarchicalHybridRecommender: Fusing similarity matrices...
TripleIntegratedHierarchicalHybridRecommender: Similarity fusion complete. Final score combination with gamma=0.12665799485669652.
EvaluatorHoldout: Processed 27061 (100.0%) in 12.04 sec. Users per second: 2247
TripleIntegratedHierarchicalHybridRecommender: Fusing similarity matrices...
TripleIntegratedHierarchicalHybridRecommender: Similarity fusion complete. Final score combination with gamma=0.12665799485669652.
EvaluatorHoldout: Processed 27051 (100.0%) in 12.03 sec. Users per second: 2249
TripleIntegratedHierarchicalHybridRecommender: Fusing similarity matrices...
TripleIntegratedHierarchicalHybridRecommender: Similarity fusion complete. Final score combination with gamma=0.12665799485669652.
EvaluatorHoldout: Processed 27062 (100.0%) in 12.03 sec. Users per second: 2250
TripleIntegratedHierarchicalHybridRecommender: Fusing similarity matrices...
TripleIntegratedHierarchicalHybridRecommender: Similarity fusion complete. Final score combination with gamma=0.12665799485669652.
EvaluatorHoldout: Processed 27050 (100.0%) in 12.02 sec. Users per second: 2250
[I 2025-12-28 06:10:56,431] Trial 151 finished with value: 0.2914325361061585 and parameters: {'alpha': 0.0745357568641807, 'beta': 0.04748960897452582, 'gamma': 0.12665799485669652}. Best is trial 117 with value: 0.2915359209367497.
[0.292554680379714, 0.2908993318882469, 0.2908130544868792, 0.2911455570203188, 0.2917500567556335]
TripleIntegratedHierarchicalHybridRecommender: Fusing similarity matrices...
TripleIntegratedHierarchicalHybridRecommender: Similarity fusion complete. Final score combination with gamma=0.09184086559450509.
EvaluatorHoldout: Processed 27064 (100.0%) in 12.04 sec. Users per second: 2248
TripleIntegratedHierarchicalHybridRecommender: Fusing similarity matrices...
TripleIntegratedHierarchicalHybridRecommender: Similarity fusion complete. Final score combination with gamma=0.09184086559450509.
EvaluatorHoldout: Processed 27061 (100.0%) in 12.05 sec. Users per second: 2246
TripleIntegratedHierarchicalHybridRecommender: Fusing similarity matrices...
TripleIntegratedHierarchicalHybridRecommender: Similarity fusion complete. Final score combination with gamma=0.09184086559450509.
EvaluatorHoldout: Processed 27051 (100.0%) in 12.03 sec. Users per second: 2248
TripleIntegratedHierarchicalHybridRecommender: Fusing similarity matrices...
TripleIntegratedHierarchicalHybridRecommender: Similarity fusion complete. Final score combination with gamma=0.09184086559450509.
EvaluatorHoldout: Processed 27062 (100.0%) in 12.02 sec. Users per second: 2251
TripleIntegratedHierarchicalHybridRecommender: Fusing similarity matrices...
TripleIntegratedHierarchicalHybridRecommender: Similarity fusion complete. Final score combination with gamma=0.09184086559450509.
EvaluatorHoldout: Processed 27050 (100.0%) in 12.02 sec. Users per second: 2250
[I 2025-12-28 06:11:59,119] Trial 152 finished with value: 0.29129230329847833 and parameters: {'alpha': 0.12123134781282822, 'beta': 0.06915808123711935, 'gamma': 0.09184086559450509}. Best is trial 117 with value: 0.2915359209367497.
[0.2922851152926354, 0.2905815938727997, 0.29085733763756577, 0.29087053307649824, 0.29186693661289265]
TripleIntegratedHierarchicalHybridRecommender: Fusing similarity matrices...
TripleIntegratedHierarchicalHybridRecommender: Similarity fusion complete. Final score combination with gamma=0.13406890410907527.
EvaluatorHoldout: Processed 27064 (100.0%) in 12.02 sec. Users per second: 2251
TripleIntegratedHierarchicalHybridRecommender: Fusing similarity matrices...
TripleIntegratedHierarchicalHybridRecommender: Similarity fusion complete. Final score combination with gamma=0.13406890410907527.
EvaluatorHoldout: Processed 27061 (100.0%) in 12.03 sec. Users per second: 2250
TripleIntegratedHierarchicalHybridRecommender: Fusing similarity matrices...
TripleIntegratedHierarchicalHybridRecommender: Similarity fusion complete. Final score combination with gamma=0.13406890410907527.
EvaluatorHoldout: Processed 27051 (100.0%) in 12.02 sec. Users per second: 2251
TripleIntegratedHierarchicalHybridRecommender: Fusing similarity matrices...
TripleIntegratedHierarchicalHybridRecommender: Similarity fusion complete. Final score combination with gamma=0.13406890410907527.
EvaluatorHoldout: Processed 27062 (100.0%) in 12.03 sec. Users per second: 2249
TripleIntegratedHierarchicalHybridRecommender: Fusing similarity matrices...
TripleIntegratedHierarchicalHybridRecommender: Similarity fusion complete. Final score combination with gamma=0.13406890410907527.
EvaluatorHoldout: Processed 27050 (100.0%) in 12.04 sec. Users per second: 2246
[I 2025-12-28 06:13:01,849] Trial 153 finished with value: 0.2914573049603565 and parameters: {'alpha': 0.052106716243576434, 'beta': 0.038796258383386475, 'gamma': 0.13406890410907527}. Best is trial 117 with value: 0.2915359209367497.
[0.2926295281654766, 0.29095898149470145, 0.2908156486263832, 0.2911034273874054, 0.29177893912781566]
TripleIntegratedHierarchicalHybridRecommender: Fusing similarity matrices...
TripleIntegratedHierarchicalHybridRecommender: Similarity fusion complete. Final score combination with gamma=0.15400562755821184.
EvaluatorHoldout: Processed 27064 (100.0%) in 12.01 sec. Users per second: 2253
TripleIntegratedHierarchicalHybridRecommender: Fusing similarity matrices...
TripleIntegratedHierarchicalHybridRecommender: Similarity fusion complete. Final score combination with gamma=0.15400562755821184.
EvaluatorHoldout: Processed 27061 (100.0%) in 12.03 sec. Users per second: 2250
TripleIntegratedHierarchicalHybridRecommender: Fusing similarity matrices...
TripleIntegratedHierarchicalHybridRecommender: Similarity fusion complete. Final score combination with gamma=0.15400562755821184.
EvaluatorHoldout: Processed 27051 (100.0%) in 12.04 sec. Users per second: 2247
TripleIntegratedHierarchicalHybridRecommender: Fusing similarity matrices...
TripleIntegratedHierarchicalHybridRecommender: Similarity fusion complete. Final score combination with gamma=0.15400562755821184.
EvaluatorHoldout: Processed 27062 (100.0%) in 12.09 sec. Users per second: 2238
TripleIntegratedHierarchicalHybridRecommender: Fusing similarity matrices...
TripleIntegratedHierarchicalHybridRecommender: Similarity fusion complete. Final score combination with gamma=0.15400562755821184.
EvaluatorHoldout: Processed 27050 (100.0%) in 12.02 sec. Users per second: 2250
[I 2025-12-28 06:14:04,542] Trial 154 finished with value: 0.29140209505254594 and parameters: {'alpha': 0.09214682953598693, 'beta': 0.01993766554404696, 'gamma': 0.15400562755821184}. Best is trial 117 with value: 0.2915359209367497.
[0.2923654167782341, 0.290843883660136, 0.2908880608171689, 0.29105993435650135, 0.29185317965068935]
TripleIntegratedHierarchicalHybridRecommender: Fusing similarity matrices...
TripleIntegratedHierarchicalHybridRecommender: Similarity fusion complete. Final score combination with gamma=0.1927533785237318.
EvaluatorHoldout: Processed 27064 (100.0%) in 12.02 sec. Users per second: 2252
TripleIntegratedHierarchicalHybridRecommender: Fusing similarity matrices...
TripleIntegratedHierarchicalHybridRecommender: Similarity fusion complete. Final score combination with gamma=0.1927533785237318.
EvaluatorHoldout: Processed 27061 (100.0%) in 12.02 sec. Users per second: 2251
TripleIntegratedHierarchicalHybridRecommender: Fusing similarity matrices...
TripleIntegratedHierarchicalHybridRecommender: Similarity fusion complete. Final score combination with gamma=0.1927533785237318.
EvaluatorHoldout: Processed 27051 (100.0%) in 11.99 sec. Users per second: 2257
TripleIntegratedHierarchicalHybridRecommender: Fusing similarity matrices...
TripleIntegratedHierarchicalHybridRecommender: Similarity fusion complete. Final score combination with gamma=0.1927533785237318.
EvaluatorHoldout: Processed 27062 (100.0%) in 12.02 sec. Users per second: 2252
TripleIntegratedHierarchicalHybridRecommender: Fusing similarity matrices...
TripleIntegratedHierarchicalHybridRecommender: Similarity fusion complete. Final score combination with gamma=0.1927533785237318.
EvaluatorHoldout: Processed 27050 (100.0%) in 12.04 sec. Users per second: 2247
