[I 2025-12-28 07:05:12,263] Trial 203 finished with value: 0.29150284731203646 and parameters: {'alpha': 0.15226019956315445, 'beta': 0.0661790793344741, 'gamma': 0.14157168049903754}. Best is trial 199 with value: 0.29155426593914074.
[0.2925250715059958, 0.2910208327535314, 0.2909836155978265, 0.29113075272691163, 0.2918539639759169]
TripleIntegratedHierarchicalHybridRecommender: Fusing similarity matrices...
TripleIntegratedHierarchicalHybridRecommender: Similarity fusion complete. Final score combination with gamma=0.14519301966424256.
EvaluatorHoldout: Processed 27064 (100.0%) in 11.92 sec. Users per second: 2271
TripleIntegratedHierarchicalHybridRecommender: Fusing similarity matrices...
TripleIntegratedHierarchicalHybridRecommender: Similarity fusion complete. Final score combination with gamma=0.14519301966424256.
EvaluatorHoldout: Processed 27061 (100.0%) in 11.95 sec. Users per second: 2264
TripleIntegratedHierarchicalHybridRecommender: Fusing similarity matrices...
TripleIntegratedHierarchicalHybridRecommender: Similarity fusion complete. Final score combination with gamma=0.14519301966424256.
EvaluatorHoldout: Processed 27051 (100.0%) in 11.96 sec. Users per second: 2262
TripleIntegratedHierarchicalHybridRecommender: Fusing similarity matrices...
TripleIntegratedHierarchicalHybridRecommender: Similarity fusion complete. Final score combination with gamma=0.14519301966424256.
EvaluatorHoldout: Processed 27062 (100.0%) in 11.93 sec. Users per second: 2268
TripleIntegratedHierarchicalHybridRecommender: Fusing similarity matrices...
TripleIntegratedHierarchicalHybridRecommender: Similarity fusion complete. Final score combination with gamma=0.14519301966424256.
EvaluatorHoldout: Processed 27050 (100.0%) in 11.92 sec. Users per second: 2270
[I 2025-12-28 07:06:14,176] Trial 204 finished with value: 0.2913877531315853 and parameters: {'alpha': 0.17260621226872394, 'beta': 0.0720806856417645, 'gamma': 0.14519301966424256}. Best is trial 199 with value: 0.29155426593914074.
[0.29257429688989706, 0.29081472621676113, 0.29085136346807966, 0.2910187544797918, 0.29167962460339697]
TripleIntegratedHierarchicalHybridRecommender: Fusing similarity matrices...
TripleIntegratedHierarchicalHybridRecommender: Similarity fusion complete. Final score combination with gamma=0.1691971526567136.
EvaluatorHoldout: Processed 27064 (100.0%) in 11.92 sec. Users per second: 2271
TripleIntegratedHierarchicalHybridRecommender: Fusing similarity matrices...
TripleIntegratedHierarchicalHybridRecommender: Similarity fusion complete. Final score combination with gamma=0.1691971526567136.
EvaluatorHoldout: Processed 27061 (100.0%) in 11.94 sec. Users per second: 2266
TripleIntegratedHierarchicalHybridRecommender: Fusing similarity matrices...
TripleIntegratedHierarchicalHybridRecommender: Similarity fusion complete. Final score combination with gamma=0.1691971526567136.
EvaluatorHoldout: Processed 27051 (100.0%) in 11.95 sec. Users per second: 2264
TripleIntegratedHierarchicalHybridRecommender: Fusing similarity matrices...
TripleIntegratedHierarchicalHybridRecommender: Similarity fusion complete. Final score combination with gamma=0.1691971526567136.
EvaluatorHoldout: Processed 27062 (100.0%) in 11.92 sec. Users per second: 2270
TripleIntegratedHierarchicalHybridRecommender: Fusing similarity matrices...
TripleIntegratedHierarchicalHybridRecommender: Similarity fusion complete. Final score combination with gamma=0.1691971526567136.
EvaluatorHoldout: Processed 27050 (100.0%) in 11.92 sec. Users per second: 2269
[I 2025-12-28 07:07:16,343] Trial 205 finished with value: 0.29108568567952836 and parameters: {'alpha': 0.15644212883322495, 'beta': 0.0922108782315612, 'gamma': 0.1691971526567136}. Best is trial 199 with value: 0.29155426593914074.
[0.29208499985838654, 0.2904384408795846, 0.2904073887168377, 0.2908463063495848, 0.291651292593248]
TripleIntegratedHierarchicalHybridRecommender: Fusing similarity matrices...
TripleIntegratedHierarchicalHybridRecommender: Similarity fusion complete. Final score combination with gamma=0.18800407322741025.
EvaluatorHoldout: Processed 27064 (100.0%) in 11.92 sec. Users per second: 2271
TripleIntegratedHierarchicalHybridRecommender: Fusing similarity matrices...
TripleIntegratedHierarchicalHybridRecommender: Similarity fusion complete. Final score combination with gamma=0.18800407322741025.
EvaluatorHoldout: Processed 27061 (100.0%) in 11.94 sec. Users per second: 2266
TripleIntegratedHierarchicalHybridRecommender: Fusing similarity matrices...
TripleIntegratedHierarchicalHybridRecommender: Similarity fusion complete. Final score combination with gamma=0.18800407322741025.
EvaluatorHoldout: Processed 27051 (100.0%) in 11.93 sec. Users per second: 2267
TripleIntegratedHierarchicalHybridRecommender: Fusing similarity matrices...
TripleIntegratedHierarchicalHybridRecommender: Similarity fusion complete. Final score combination with gamma=0.18800407322741025.
EvaluatorHoldout: Processed 27062 (100.0%) in 11.92 sec. Users per second: 2271
TripleIntegratedHierarchicalHybridRecommender: Fusing similarity matrices...
TripleIntegratedHierarchicalHybridRecommender: Similarity fusion complete. Final score combination with gamma=0.18800407322741025.
EvaluatorHoldout: Processed 27050 (100.0%) in 11.93 sec. Users per second: 2268
[I 2025-12-28 07:08:18,501] Trial 206 finished with value: 0.2907007429753419 and parameters: {'alpha': 0.1795656374385991, 'beta': 0.05780747391698243, 'gamma': 0.18800407322741025}. Best is trial 199 with value: 0.29155426593914074.
[0.291624946978668, 0.2902068110572313, 0.2900446397271161, 0.29050577825874346, 0.29112153885495046]
TripleIntegratedHierarchicalHybridRecommender: Fusing similarity matrices...
TripleIntegratedHierarchicalHybridRecommender: Similarity fusion complete. Final score combination with gamma=0.15292342469898085.
EvaluatorHoldout: Processed 27064 (100.0%) in 11.92 sec. Users per second: 2270
TripleIntegratedHierarchicalHybridRecommender: Fusing similarity matrices...
TripleIntegratedHierarchicalHybridRecommender: Similarity fusion complete. Final score combination with gamma=0.15292342469898085.
EvaluatorHoldout: Processed 27061 (100.0%) in 11.95 sec. Users per second: 2265
TripleIntegratedHierarchicalHybridRecommender: Fusing similarity matrices...
TripleIntegratedHierarchicalHybridRecommender: Similarity fusion complete. Final score combination with gamma=0.15292342469898085.
EvaluatorHoldout: Processed 27051 (100.0%) in 11.92 sec. Users per second: 2268
TripleIntegratedHierarchicalHybridRecommender: Fusing similarity matrices...
TripleIntegratedHierarchicalHybridRecommender: Similarity fusion complete. Final score combination with gamma=0.15292342469898085.
EvaluatorHoldout: Processed 27062 (100.0%) in 11.93 sec. Users per second: 2268
TripleIntegratedHierarchicalHybridRecommender: Fusing similarity matrices...
TripleIntegratedHierarchicalHybridRecommender: Similarity fusion complete. Final score combination with gamma=0.15292342469898085.
EvaluatorHoldout: Processed 27050 (100.0%) in 11.92 sec. Users per second: 2270
[I 2025-12-28 07:09:20,647] Trial 207 finished with value: 0.29129446982893414 and parameters: {'alpha': 0.14569230468597874, 'beta': 0.10507189035275344, 'gamma': 0.15292342469898085}. Best is trial 199 with value: 0.29155426593914074.
[0.29231792651685556, 0.2907207197792848, 0.29082102775337587, 0.291005055141089, 0.2916076199540654]
TripleIntegratedHierarchicalHybridRecommender: Fusing similarity matrices...
TripleIntegratedHierarchicalHybridRecommender: Similarity fusion complete. Final score combination with gamma=0.0963854705721956.
EvaluatorHoldout: Processed 27064 (100.0%) in 11.93 sec. Users per second: 2269
TripleIntegratedHierarchicalHybridRecommender: Fusing similarity matrices...
TripleIntegratedHierarchicalHybridRecommender: Similarity fusion complete. Final score combination with gamma=0.0963854705721956.
EvaluatorHoldout: Processed 27061 (100.0%) in 11.96 sec. Users per second: 2263
TripleIntegratedHierarchicalHybridRecommender: Fusing similarity matrices...
TripleIntegratedHierarchicalHybridRecommender: Similarity fusion complete. Final score combination with gamma=0.0963854705721956.
EvaluatorHoldout: Processed 27051 (100.0%) in 11.95 sec. Users per second: 2264
TripleIntegratedHierarchicalHybridRecommender: Fusing similarity matrices...
TripleIntegratedHierarchicalHybridRecommender: Similarity fusion complete. Final score combination with gamma=0.0963854705721956.
EvaluatorHoldout: Processed 27062 (100.0%) in 11.93 sec. Users per second: 2268
TripleIntegratedHierarchicalHybridRecommender: Fusing similarity matrices...
TripleIntegratedHierarchicalHybridRecommender: Similarity fusion complete. Final score combination with gamma=0.0963854705721956.
EvaluatorHoldout: Processed 27050 (100.0%) in 11.93 sec. Users per second: 2268
[I 2025-12-28 07:10:22,772] Trial 208 finished with value: 0.2913464848702959 and parameters: {'alpha': 0.13018092740644432, 'beta': 0.076642271994755, 'gamma': 0.0963854705721956}. Best is trial 199 with value: 0.29155426593914074.
[0.292272972199146, 0.29061878735753294, 0.2909120306286466, 0.29092648011974664, 0.29200215404640734]
TripleIntegratedHierarchicalHybridRecommender: Fusing similarity matrices...
TripleIntegratedHierarchicalHybridRecommender: Similarity fusion complete. Final score combination with gamma=0.12968774075226985.
EvaluatorHoldout: Processed 27064 (100.0%) in 11.94 sec. Users per second: 2267
TripleIntegratedHierarchicalHybridRecommender: Fusing similarity matrices...
TripleIntegratedHierarchicalHybridRecommender: Similarity fusion complete. Final score combination with gamma=0.12968774075226985.
EvaluatorHoldout: Processed 27061 (100.0%) in 11.95 sec. Users per second: 2265
TripleIntegratedHierarchicalHybridRecommender: Fusing similarity matrices...
TripleIntegratedHierarchicalHybridRecommender: Similarity fusion complete. Final score combination with gamma=0.12968774075226985.
EvaluatorHoldout: Processed 27051 (100.0%) in 11.94 sec. Users per second: 2266
TripleIntegratedHierarchicalHybridRecommender: Fusing similarity matrices...
TripleIntegratedHierarchicalHybridRecommender: Similarity fusion complete. Final score combination with gamma=0.12968774075226985.
EvaluatorHoldout: Processed 27062 (100.0%) in 11.94 sec. Users per second: 2267
TripleIntegratedHierarchicalHybridRecommender: Fusing similarity matrices...
TripleIntegratedHierarchicalHybridRecommender: Similarity fusion complete. Final score combination with gamma=0.12968774075226985.
EvaluatorHoldout: Processed 27050 (100.0%) in 11.93 sec. Users per second: 2267
[I 2025-12-28 07:11:25,029] Trial 209 finished with value: 0.29152551353657485 and parameters: {'alpha': 0.1942616702729051, 'beta': 0.05608014581284971, 'gamma': 0.12968774075226985}. Best is trial 199 with value: 0.29155426593914074.
[0.2925297482623612, 0.29096576368186267, 0.2910524368106648, 0.2914106440533836, 0.29166897487460197]
TripleIntegratedHierarchicalHybridRecommender: Fusing similarity matrices...
TripleIntegratedHierarchicalHybridRecommender: Similarity fusion complete. Final score combination with gamma=0.12426954746634168.
EvaluatorHoldout: Processed 27064 (100.0%) in 11.92 sec. Users per second: 2270
TripleIntegratedHierarchicalHybridRecommender: Fusing similarity matrices...
TripleIntegratedHierarchicalHybridRecommender: Similarity fusion complete. Final score combination with gamma=0.12426954746634168.
EvaluatorHoldout: Processed 27061 (100.0%) in 11.93 sec. Users per second: 2268
TripleIntegratedHierarchicalHybridRecommender: Fusing similarity matrices...
TripleIntegratedHierarchicalHybridRecommender: Similarity fusion complete. Final score combination with gamma=0.12426954746634168.
EvaluatorHoldout: Processed 27051 (100.0%) in 11.93 sec. Users per second: 2268
TripleIntegratedHierarchicalHybridRecommender: Fusing similarity matrices...
TripleIntegratedHierarchicalHybridRecommender: Similarity fusion complete. Final score combination with gamma=0.12426954746634168.
EvaluatorHoldout: Processed 27062 (100.0%) in 11.94 sec. Users per second: 2267
TripleIntegratedHierarchicalHybridRecommender: Fusing similarity matrices...
TripleIntegratedHierarchicalHybridRecommender: Similarity fusion complete. Final score combination with gamma=0.12426954746634168.
EvaluatorHoldout: Processed 27050 (100.0%) in 11.92 sec. Users per second: 2270
[I 2025-12-28 07:12:27,340] Trial 210 finished with value: 0.29154518381428884 and parameters: {'alpha': 0.18769829235448585, 'beta': 0.059740503018722524, 'gamma': 0.12426954746634168}. Best is trial 199 with value: 0.29155426593914074.
[0.2926346219388292, 0.2908681852346593, 0.2910345574928723, 0.2914754013195735, 0.2917131530855098]
TripleIntegratedHierarchicalHybridRecommender: Fusing similarity matrices...
TripleIntegratedHierarchicalHybridRecommender: Similarity fusion complete. Final score combination with gamma=0.12528224980090832.
EvaluatorHoldout: Processed 27064 (100.0%) in 11.91 sec. Users per second: 2272
TripleIntegratedHierarchicalHybridRecommender: Fusing similarity matrices...
TripleIntegratedHierarchicalHybridRecommender: Similarity fusion complete. Final score combination with gamma=0.12528224980090832.
EvaluatorHoldout: Processed 27061 (100.0%) in 11.94 sec. Users per second: 2266
TripleIntegratedHierarchicalHybridRecommender: Fusing similarity matrices...
TripleIntegratedHierarchicalHybridRecommender: Similarity fusion complete. Final score combination with gamma=0.12528224980090832.
EvaluatorHoldout: Processed 27051 (100.0%) in 11.94 sec. Users per second: 2266
TripleIntegratedHierarchicalHybridRecommender: Fusing similarity matrices...
TripleIntegratedHierarchicalHybridRecommender: Similarity fusion complete. Final score combination with gamma=0.12528224980090832.
EvaluatorHoldout: Processed 27062 (100.0%) in 11.93 sec. Users per second: 2269
TripleIntegratedHierarchicalHybridRecommender: Fusing similarity matrices...
TripleIntegratedHierarchicalHybridRecommender: Similarity fusion complete. Final score combination with gamma=0.12528224980090832.
EvaluatorHoldout: Processed 27050 (100.0%) in 11.92 sec. Users per second: 2269
[I 2025-12-28 07:13:29,490] Trial 211 finished with value: 0.2915599813502045 and parameters: {'alpha': 0.19105218261797155, 'beta': 0.059895898253335945, 'gamma': 0.12528224980090832}. Best is trial 211 with value: 0.2915599813502045.
[0.29260265319003703, 0.2908904143028308, 0.29105744838447456, 0.2914912231950179, 0.2917581676786623]
TripleIntegratedHierarchicalHybridRecommender: Fusing similarity matrices...
TripleIntegratedHierarchicalHybridRecommender: Similarity fusion complete. Final score combination with gamma=0.1295133145002657.
EvaluatorHoldout: Processed 27064 (100.0%) in 11.96 sec. Users per second: 2262
TripleIntegratedHierarchicalHybridRecommender: Fusing similarity matrices...
TripleIntegratedHierarchicalHybridRecommender: Similarity fusion complete. Final score combination with gamma=0.1295133145002657.
EvaluatorHoldout: Processed 27061 (100.0%) in 11.95 sec. Users per second: 2265
TripleIntegratedHierarchicalHybridRecommender: Fusing similarity matrices...
TripleIntegratedHierarchicalHybridRecommender: Similarity fusion complete. Final score combination with gamma=0.1295133145002657.
EvaluatorHoldout: Processed 27051 (100.0%) in 11.95 sec. Users per second: 2264
TripleIntegratedHierarchicalHybridRecommender: Fusing similarity matrices...
TripleIntegratedHierarchicalHybridRecommender: Similarity fusion complete. Final score combination with gamma=0.1295133145002657.
EvaluatorHoldout: Processed 27062 (100.0%) in 11.93 sec. Users per second: 2268
TripleIntegratedHierarchicalHybridRecommender: Fusing similarity matrices...
TripleIntegratedHierarchicalHybridRecommender: Similarity fusion complete. Final score combination with gamma=0.1295133145002657.
EvaluatorHoldout: Processed 27050 (100.0%) in 11.93 sec. Users per second: 2268
[I 2025-12-28 07:14:31,736] Trial 212 finished with value: 0.2915511333967619 and parameters: {'alpha': 0.17403868459553642, 'beta': 0.05820323145253533, 'gamma': 0.1295133145002657}. Best is trial 211 with value: 0.2915599813502045.
[0.2925729253276636, 0.2910930992489039, 0.29107427155693905, 0.29127087459113815, 0.2917444962591648]
TripleIntegratedHierarchicalHybridRecommender: Fusing similarity matrices...
TripleIntegratedHierarchicalHybridRecommender: Similarity fusion complete. Final score combination with gamma=0.13536291522499092.
EvaluatorHoldout: Processed 27064 (100.0%) in 11.93 sec. Users per second: 2269
TripleIntegratedHierarchicalHybridRecommender: Fusing similarity matrices...
TripleIntegratedHierarchicalHybridRecommender: Similarity fusion complete. Final score combination with gamma=0.13536291522499092.
EvaluatorHoldout: Processed 27061 (100.0%) in 11.94 sec. Users per second: 2266
TripleIntegratedHierarchicalHybridRecommender: Fusing similarity matrices...
TripleIntegratedHierarchicalHybridRecommender: Similarity fusion complete. Final score combination with gamma=0.13536291522499092.
EvaluatorHoldout: Processed 27051 (100.0%) in 11.93 sec. Users per second: 2267
TripleIntegratedHierarchicalHybridRecommender: Fusing similarity matrices...
TripleIntegratedHierarchicalHybridRecommender: Similarity fusion complete. Final score combination with gamma=0.13536291522499092.
EvaluatorHoldout: Processed 27062 (100.0%) in 11.94 sec. Users per second: 2267
TripleIntegratedHierarchicalHybridRecommender: Fusing similarity matrices...
TripleIntegratedHierarchicalHybridRecommender: Similarity fusion complete. Final score combination with gamma=0.13536291522499092.
EvaluatorHoldout: Processed 27050 (100.0%) in 11.95 sec. Users per second: 2264
[I 2025-12-28 07:15:33,996] Trial 213 finished with value: 0.29142246199254196 and parameters: {'alpha': 0.19829220176167195, 'beta': 0.06141995885129015, 'gamma': 0.13536291522499092}. Best is trial 211 with value: 0.2915599813502045.
[0.2924206215190017, 0.290747743043001, 0.2909374079593415, 0.2913520650615992, 0.2916544723797663]
TripleIntegratedHierarchicalHybridRecommender: Fusing similarity matrices...
TripleIntegratedHierarchicalHybridRecommender: Similarity fusion complete. Final score combination with gamma=0.16051646200607325.
EvaluatorHoldout: Processed 27064 (100.0%) in 11.93 sec. Users per second: 2268
TripleIntegratedHierarchicalHybridRecommender: Fusing similarity matrices...
TripleIntegratedHierarchicalHybridRecommender: Similarity fusion complete. Final score combination with gamma=0.16051646200607325.
EvaluatorHoldout: Processed 27061 (100.0%) in 11.94 sec. Users per second: 2267
TripleIntegratedHierarchicalHybridRecommender: Fusing similarity matrices...
TripleIntegratedHierarchicalHybridRecommender: Similarity fusion complete. Final score combination with gamma=0.16051646200607325.
EvaluatorHoldout: Processed 27051 (100.0%) in 11.93 sec. Users per second: 2267
TripleIntegratedHierarchicalHybridRecommender: Fusing similarity matrices...
TripleIntegratedHierarchicalHybridRecommender: Similarity fusion complete. Final score combination with gamma=0.16051646200607325.
EvaluatorHoldout: Processed 27062 (100.0%) in 11.93 sec. Users per second: 2269
TripleIntegratedHierarchicalHybridRecommender: Fusing similarity matrices...
TripleIntegratedHierarchicalHybridRecommender: Similarity fusion complete. Final score combination with gamma=0.16051646200607325.
EvaluatorHoldout: Processed 27050 (100.0%) in 11.93 sec. Users per second: 2267
[I 2025-12-28 07:16:36,174] Trial 214 finished with value: 0.291084609351932 and parameters: {'alpha': 0.21393240344826975, 'beta': 0.08092366707809892, 'gamma': 0.16051646200607325}. Best is trial 211 with value: 0.2915599813502045.
[0.29198181479564883, 0.29052831900889076, 0.29059861770743844, 0.2908110944629122, 0.29150320078476954]
TripleIntegratedHierarchicalHybridRecommender: Fusing similarity matrices...
TripleIntegratedHierarchicalHybridRecommender: Similarity fusion complete. Final score combination with gamma=0.1010565438387781.
EvaluatorHoldout: Processed 27064 (100.0%) in 11.93 sec. Users per second: 2268
TripleIntegratedHierarchicalHybridRecommender: Fusing similarity matrices...
TripleIntegratedHierarchicalHybridRecommender: Similarity fusion complete. Final score combination with gamma=0.1010565438387781.
EvaluatorHoldout: Processed 27061 (100.0%) in 11.95 sec. Users per second: 2264
TripleIntegratedHierarchicalHybridRecommender: Fusing similarity matrices...
TripleIntegratedHierarchicalHybridRecommender: Similarity fusion complete. Final score combination with gamma=0.1010565438387781.
EvaluatorHoldout: Processed 27051 (100.0%) in 11.96 sec. Users per second: 2263
TripleIntegratedHierarchicalHybridRecommender: Fusing similarity matrices...
TripleIntegratedHierarchicalHybridRecommender: Similarity fusion complete. Final score combination with gamma=0.1010565438387781.
EvaluatorHoldout: Processed 27062 (100.0%) in 11.98 sec. Users per second: 2259
TripleIntegratedHierarchicalHybridRecommender: Fusing similarity matrices...
TripleIntegratedHierarchicalHybridRecommender: Similarity fusion complete. Final score combination with gamma=0.1010565438387781.
EvaluatorHoldout: Processed 27050 (100.0%) in 11.92 sec. Users per second: 2269
