[I 2025-12-28 03:32:02,749] A new study created in memory with name: no-name-f03917ee-2705-4b94-86d9-7e25352bfaa6
TripleIntegratedHierarchicalHybridRecommender: Fusing similarity matrices...
TripleIntegratedHierarchicalHybridRecommender: Similarity fusion complete. Final score combination with gamma=0.3544983127305267.
EvaluatorHoldout: Processed 27064 (100.0%) in 12.59 sec. Users per second: 2149
TripleIntegratedHierarchicalHybridRecommender: Fusing similarity matrices...
TripleIntegratedHierarchicalHybridRecommender: Similarity fusion complete. Final score combination with gamma=0.3544983127305267.
EvaluatorHoldout: Processed 27061 (100.0%) in 12.21 sec. Users per second: 2216
TripleIntegratedHierarchicalHybridRecommender: Fusing similarity matrices...
TripleIntegratedHierarchicalHybridRecommender: Similarity fusion complete. Final score combination with gamma=0.3544983127305267.
EvaluatorHoldout: Processed 27051 (100.0%) in 12.27 sec. Users per second: 2205
TripleIntegratedHierarchicalHybridRecommender: Fusing similarity matrices...
TripleIntegratedHierarchicalHybridRecommender: Similarity fusion complete. Final score combination with gamma=0.3544983127305267.
EvaluatorHoldout: Processed 27062 (100.0%) in 12.14 sec. Users per second: 2230
TripleIntegratedHierarchicalHybridRecommender: Fusing similarity matrices...
TripleIntegratedHierarchicalHybridRecommender: Similarity fusion complete. Final score combination with gamma=0.3544983127305267.
EvaluatorHoldout: Processed 27050 (100.0%) in 12.11 sec. Users per second: 2233
[I 2025-12-28 03:33:08,043] Trial 0 finished with value: 0.2700355253443477 and parameters: {'alpha': 0.7477091282008962, 'beta': 0.8298392043778696, 'gamma': 0.3544983127305267}. Best is trial 0 with value: 0.2700355253443477.
[0.2711706482000808, 0.2697776247994978, 0.269227278463839, 0.26974705457905185, 0.2702550206792692]
TripleIntegratedHierarchicalHybridRecommender: Fusing similarity matrices...
TripleIntegratedHierarchicalHybridRecommender: Similarity fusion complete. Final score combination with gamma=0.0494596542339244.
EvaluatorHoldout: Processed 27064 (100.0%) in 12.10 sec. Users per second: 2237
TripleIntegratedHierarchicalHybridRecommender: Fusing similarity matrices...
TripleIntegratedHierarchicalHybridRecommender: Similarity fusion complete. Final score combination with gamma=0.0494596542339244.
EvaluatorHoldout: Processed 27061 (100.0%) in 12.16 sec. Users per second: 2225
TripleIntegratedHierarchicalHybridRecommender: Fusing similarity matrices...
TripleIntegratedHierarchicalHybridRecommender: Similarity fusion complete. Final score combination with gamma=0.0494596542339244.
EvaluatorHoldout: Processed 27051 (100.0%) in 12.24 sec. Users per second: 2210
TripleIntegratedHierarchicalHybridRecommender: Fusing similarity matrices...
TripleIntegratedHierarchicalHybridRecommender: Similarity fusion complete. Final score combination with gamma=0.0494596542339244.
EvaluatorHoldout: Processed 27062 (100.0%) in 12.07 sec. Users per second: 2242
TripleIntegratedHierarchicalHybridRecommender: Fusing similarity matrices...
TripleIntegratedHierarchicalHybridRecommender: Similarity fusion complete. Final score combination with gamma=0.0494596542339244.
EvaluatorHoldout: Processed 27050 (100.0%) in 12.12 sec. Users per second: 2233
[I 2025-12-28 03:34:11,311] Trial 1 finished with value: 0.26660265412291395 and parameters: {'alpha': 0.7407786659028044, 'beta': 0.9034244789998933, 'gamma': 0.0494596542339244}. Best is trial 0 with value: 0.2700355253443477.
[0.26759553566916844, 0.26530639276527634, 0.2658938180766668, 0.26662559778278455, 0.2675919263206734]
TripleIntegratedHierarchicalHybridRecommender: Fusing similarity matrices...
TripleIntegratedHierarchicalHybridRecommender: Similarity fusion complete. Final score combination with gamma=0.18512448514335578.
EvaluatorHoldout: Processed 27064 (100.0%) in 12.06 sec. Users per second: 2244
TripleIntegratedHierarchicalHybridRecommender: Fusing similarity matrices...
TripleIntegratedHierarchicalHybridRecommender: Similarity fusion complete. Final score combination with gamma=0.18512448514335578.
EvaluatorHoldout: Processed 27061 (100.0%) in 12.09 sec. Users per second: 2237
TripleIntegratedHierarchicalHybridRecommender: Fusing similarity matrices...
TripleIntegratedHierarchicalHybridRecommender: Similarity fusion complete. Final score combination with gamma=0.18512448514335578.
EvaluatorHoldout: Processed 27051 (100.0%) in 12.57 sec. Users per second: 2153
TripleIntegratedHierarchicalHybridRecommender: Fusing similarity matrices...
TripleIntegratedHierarchicalHybridRecommender: Similarity fusion complete. Final score combination with gamma=0.18512448514335578.
EvaluatorHoldout: Processed 27062 (100.0%) in 12.92 sec. Users per second: 2094
TripleIntegratedHierarchicalHybridRecommender: Fusing similarity matrices...
TripleIntegratedHierarchicalHybridRecommender: Similarity fusion complete. Final score combination with gamma=0.18512448514335578.
EvaluatorHoldout: Processed 27050 (100.0%) in 12.60 sec. Users per second: 2147
[I 2025-12-28 03:35:16,208] Trial 2 finished with value: 0.28811153554583147 and parameters: {'alpha': 0.49488448327452617, 'beta': 0.2379381801090561, 'gamma': 0.18512448514335578}. Best is trial 2 with value: 0.28811153554583147.
[0.28947881150672533, 0.28731244537755407, 0.28743994204516, 0.2879699657186071, 0.2883565130811108]
TripleIntegratedHierarchicalHybridRecommender: Fusing similarity matrices...
TripleIntegratedHierarchicalHybridRecommender: Similarity fusion complete. Final score combination with gamma=0.5633613138759711.
EvaluatorHoldout: Processed 27064 (100.0%) in 12.22 sec. Users per second: 2215
TripleIntegratedHierarchicalHybridRecommender: Fusing similarity matrices...
TripleIntegratedHierarchicalHybridRecommender: Similarity fusion complete. Final score combination with gamma=0.5633613138759711.
EvaluatorHoldout: Processed 27061 (100.0%) in 12.38 sec. Users per second: 2186
TripleIntegratedHierarchicalHybridRecommender: Fusing similarity matrices...
TripleIntegratedHierarchicalHybridRecommender: Similarity fusion complete. Final score combination with gamma=0.5633613138759711.
EvaluatorHoldout: Processed 27051 (100.0%) in 12.40 sec. Users per second: 2181
TripleIntegratedHierarchicalHybridRecommender: Fusing similarity matrices...
TripleIntegratedHierarchicalHybridRecommender: Similarity fusion complete. Final score combination with gamma=0.5633613138759711.
EvaluatorHoldout: Processed 27062 (100.0%) in 12.10 sec. Users per second: 2236
TripleIntegratedHierarchicalHybridRecommender: Fusing similarity matrices...
TripleIntegratedHierarchicalHybridRecommender: Similarity fusion complete. Final score combination with gamma=0.5633613138759711.
EvaluatorHoldout: Processed 27050 (100.0%) in 12.05 sec. Users per second: 2245
[I 2025-12-28 03:36:19,905] Trial 3 finished with value: 0.27406149590954404 and parameters: {'alpha': 0.028941525639686216, 'beta': 0.013422456569890495, 'gamma': 0.5633613138759711}. Best is trial 2 with value: 0.28811153554583147.
[0.27529901688959735, 0.27387659678885096, 0.2737718174105326, 0.2738766052615609, 0.2734834431971784]
TripleIntegratedHierarchicalHybridRecommender: Fusing similarity matrices...
TripleIntegratedHierarchicalHybridRecommender: Similarity fusion complete. Final score combination with gamma=0.9776907038478723.
EvaluatorHoldout: Processed 27064 (100.0%) in 12.10 sec. Users per second: 2236
TripleIntegratedHierarchicalHybridRecommender: Fusing similarity matrices...
TripleIntegratedHierarchicalHybridRecommender: Similarity fusion complete. Final score combination with gamma=0.9776907038478723.
EvaluatorHoldout: Processed 27061 (100.0%) in 12.26 sec. Users per second: 2208
TripleIntegratedHierarchicalHybridRecommender: Fusing similarity matrices...
TripleIntegratedHierarchicalHybridRecommender: Similarity fusion complete. Final score combination with gamma=0.9776907038478723.
EvaluatorHoldout: Processed 27051 (100.0%) in 12.16 sec. Users per second: 2225
TripleIntegratedHierarchicalHybridRecommender: Fusing similarity matrices...
TripleIntegratedHierarchicalHybridRecommender: Similarity fusion complete. Final score combination with gamma=0.9776907038478723.
EvaluatorHoldout: Processed 27062 (100.0%) in 12.18 sec. Users per second: 2223
TripleIntegratedHierarchicalHybridRecommender: Fusing similarity matrices...
TripleIntegratedHierarchicalHybridRecommender: Similarity fusion complete. Final score combination with gamma=0.9776907038478723.
EvaluatorHoldout: Processed 27050 (100.0%) in 12.22 sec. Users per second: 2214
[I 2025-12-28 03:37:23,373] Trial 4 finished with value: 0.24692107454808787 and parameters: {'alpha': 0.9613788721955527, 'beta': 0.91831429927388, 'gamma': 0.9776907038478723}. Best is trial 2 with value: 0.28811153554583147.
[0.24874690773502872, 0.2464792505924272, 0.24673046487466985, 0.24651260138782016, 0.2461361481504934]
TripleIntegratedHierarchicalHybridRecommender: Fusing similarity matrices...
TripleIntegratedHierarchicalHybridRecommender: Similarity fusion complete. Final score combination with gamma=0.1636727107163235.
EvaluatorHoldout: Processed 27064 (100.0%) in 12.08 sec. Users per second: 2240
TripleIntegratedHierarchicalHybridRecommender: Fusing similarity matrices...
TripleIntegratedHierarchicalHybridRecommender: Similarity fusion complete. Final score combination with gamma=0.1636727107163235.
EvaluatorHoldout: Processed 27061 (100.0%) in 12.09 sec. Users per second: 2239
TripleIntegratedHierarchicalHybridRecommender: Fusing similarity matrices...
TripleIntegratedHierarchicalHybridRecommender: Similarity fusion complete. Final score combination with gamma=0.1636727107163235.
EvaluatorHoldout: Processed 27051 (100.0%) in 12.16 sec. Users per second: 2224
TripleIntegratedHierarchicalHybridRecommender: Fusing similarity matrices...
TripleIntegratedHierarchicalHybridRecommender: Similarity fusion complete. Final score combination with gamma=0.1636727107163235.
EvaluatorHoldout: Processed 27062 (100.0%) in 12.11 sec. Users per second: 2235
TripleIntegratedHierarchicalHybridRecommender: Fusing similarity matrices...
TripleIntegratedHierarchicalHybridRecommender: Similarity fusion complete. Final score combination with gamma=0.1636727107163235.
EvaluatorHoldout: Processed 27050 (100.0%) in 12.31 sec. Users per second: 2197
[I 2025-12-28 03:38:26,645] Trial 5 finished with value: 0.2890854809721777 and parameters: {'alpha': 0.2766496188905966, 'beta': 0.34212633267233217, 'gamma': 0.1636727107163235}. Best is trial 5 with value: 0.2890854809721777.
[0.29044595341458335, 0.2881109364688243, 0.2885294708900923, 0.28880141034175794, 0.28953963374563063]
TripleIntegratedHierarchicalHybridRecommender: Fusing similarity matrices...
TripleIntegratedHierarchicalHybridRecommender: Similarity fusion complete. Final score combination with gamma=0.5889680776499041.
EvaluatorHoldout: Processed 27064 (100.0%) in 12.46 sec. Users per second: 2172
TripleIntegratedHierarchicalHybridRecommender: Fusing similarity matrices...
TripleIntegratedHierarchicalHybridRecommender: Similarity fusion complete. Final score combination with gamma=0.5889680776499041.
EvaluatorHoldout: Processed 27061 (100.0%) in 12.24 sec. Users per second: 2212
TripleIntegratedHierarchicalHybridRecommender: Fusing similarity matrices...
TripleIntegratedHierarchicalHybridRecommender: Similarity fusion complete. Final score combination with gamma=0.5889680776499041.
EvaluatorHoldout: Processed 27051 (100.0%) in 12.56 sec. Users per second: 2153
TripleIntegratedHierarchicalHybridRecommender: Fusing similarity matrices...
TripleIntegratedHierarchicalHybridRecommender: Similarity fusion complete. Final score combination with gamma=0.5889680776499041.
EvaluatorHoldout: Processed 27062 (100.0%) in 12.63 sec. Users per second: 2144
TripleIntegratedHierarchicalHybridRecommender: Fusing similarity matrices...
TripleIntegratedHierarchicalHybridRecommender: Similarity fusion complete. Final score combination with gamma=0.5889680776499041.
EvaluatorHoldout: Processed 27050 (100.0%) in 12.07 sec. Users per second: 2242
[I 2025-12-28 03:39:31,272] Trial 6 finished with value: 0.2647407656207325 and parameters: {'alpha': 0.8485680606306623, 'beta': 0.3740326696533087, 'gamma': 0.5889680776499041}. Best is trial 5 with value: 0.2890854809721777.
[0.2659593655954709, 0.26477458698256184, 0.26448898485679173, 0.264435872867759, 0.2640450178010792]
TripleIntegratedHierarchicalHybridRecommender: Fusing similarity matrices...
TripleIntegratedHierarchicalHybridRecommender: Similarity fusion complete. Final score combination with gamma=0.4752072907375646.
EvaluatorHoldout: Processed 27064 (100.0%) in 12.35 sec. Users per second: 2192
TripleIntegratedHierarchicalHybridRecommender: Fusing similarity matrices...
TripleIntegratedHierarchicalHybridRecommender: Similarity fusion complete. Final score combination with gamma=0.4752072907375646.
EvaluatorHoldout: Processed 27061 (100.0%) in 12.21 sec. Users per second: 2217
TripleIntegratedHierarchicalHybridRecommender: Fusing similarity matrices...
TripleIntegratedHierarchicalHybridRecommender: Similarity fusion complete. Final score combination with gamma=0.4752072907375646.
EvaluatorHoldout: Processed 27051 (100.0%) in 12.42 sec. Users per second: 2179
TripleIntegratedHierarchicalHybridRecommender: Fusing similarity matrices...
TripleIntegratedHierarchicalHybridRecommender: Similarity fusion complete. Final score combination with gamma=0.4752072907375646.
EvaluatorHoldout: Processed 27062 (100.0%) in 12.35 sec. Users per second: 2191
TripleIntegratedHierarchicalHybridRecommender: Fusing similarity matrices...
TripleIntegratedHierarchicalHybridRecommender: Similarity fusion complete. Final score combination with gamma=0.4752072907375646.
EvaluatorHoldout: Processed 27050 (100.0%) in 12.09 sec. Users per second: 2237
[I 2025-12-28 03:40:35,349] Trial 7 finished with value: 0.26658576426846864 and parameters: {'alpha': 0.10161307087470461, 'beta': 0.8199828417488949, 'gamma': 0.4752072907375646}. Best is trial 5 with value: 0.2890854809721777.
[0.26797876976958834, 0.2666288080146656, 0.26588264195808403, 0.2662470301849307, 0.2661915714150745]
TripleIntegratedHierarchicalHybridRecommender: Fusing similarity matrices...
TripleIntegratedHierarchicalHybridRecommender: Similarity fusion complete. Final score combination with gamma=0.5017919450260043.
EvaluatorHoldout: Processed 27064 (100.0%) in 12.15 sec. Users per second: 2227
TripleIntegratedHierarchicalHybridRecommender: Fusing similarity matrices...
TripleIntegratedHierarchicalHybridRecommender: Similarity fusion complete. Final score combination with gamma=0.5017919450260043.
EvaluatorHoldout: Processed 27061 (100.0%) in 12.10 sec. Users per second: 2237
TripleIntegratedHierarchicalHybridRecommender: Fusing similarity matrices...
TripleIntegratedHierarchicalHybridRecommender: Similarity fusion complete. Final score combination with gamma=0.5017919450260043.
EvaluatorHoldout: Processed 27051 (100.0%) in 12.11 sec. Users per second: 2234
TripleIntegratedHierarchicalHybridRecommender: Fusing similarity matrices...
TripleIntegratedHierarchicalHybridRecommender: Similarity fusion complete. Final score combination with gamma=0.5017919450260043.
EvaluatorHoldout: Processed 27062 (100.0%) in 12.17 sec. Users per second: 2223
TripleIntegratedHierarchicalHybridRecommender: Fusing similarity matrices...
TripleIntegratedHierarchicalHybridRecommender: Similarity fusion complete. Final score combination with gamma=0.5017919450260043.
EvaluatorHoldout: Processed 27050 (100.0%) in 12.21 sec. Users per second: 2216
[I 2025-12-28 03:41:38,799] Trial 8 finished with value: 0.2722000791217609 and parameters: {'alpha': 0.28747265224008434, 'beta': 0.37359862149493217, 'gamma': 0.5017919450260043}. Best is trial 5 with value: 0.2890854809721777.
[0.27350677522413935, 0.2720701672082796, 0.27184239933273896, 0.27173320716190746, 0.27184784668173917]
TripleIntegratedHierarchicalHybridRecommender: Fusing similarity matrices...
TripleIntegratedHierarchicalHybridRecommender: Similarity fusion complete. Final score combination with gamma=0.8635177166472529.
EvaluatorHoldout: Processed 27064 (100.0%) in 12.23 sec. Users per second: 2213
TripleIntegratedHierarchicalHybridRecommender: Fusing similarity matrices...
TripleIntegratedHierarchicalHybridRecommender: Similarity fusion complete. Final score combination with gamma=0.8635177166472529.
EvaluatorHoldout: Processed 27061 (100.0%) in 12.08 sec. Users per second: 2241
TripleIntegratedHierarchicalHybridRecommender: Fusing similarity matrices...
TripleIntegratedHierarchicalHybridRecommender: Similarity fusion complete. Final score combination with gamma=0.8635177166472529.
EvaluatorHoldout: Processed 27051 (100.0%) in 12.10 sec. Users per second: 2236
TripleIntegratedHierarchicalHybridRecommender: Fusing similarity matrices...
TripleIntegratedHierarchicalHybridRecommender: Similarity fusion complete. Final score combination with gamma=0.8635177166472529.
EvaluatorHoldout: Processed 27062 (100.0%) in 12.07 sec. Users per second: 2241
TripleIntegratedHierarchicalHybridRecommender: Fusing similarity matrices...
TripleIntegratedHierarchicalHybridRecommender: Similarity fusion complete. Final score combination with gamma=0.8635177166472529.
EvaluatorHoldout: Processed 27050 (100.0%) in 12.06 sec. Users per second: 2243
[I 2025-12-28 03:42:41,984] Trial 9 finished with value: 0.25318182097348285 and parameters: {'alpha': 0.507237037227921, 'beta': 0.0984490677817923, 'gamma': 0.8635177166472529}. Best is trial 5 with value: 0.2890854809721777.
[0.2545482814269194, 0.2530824392593968, 0.25309484443242547, 0.2526722542946744, 0.2525112854539983]
TripleIntegratedHierarchicalHybridRecommender: Fusing similarity matrices...
TripleIntegratedHierarchicalHybridRecommender: Similarity fusion complete. Final score combination with gamma=0.2479407221895461.
EvaluatorHoldout: Processed 27064 (100.0%) in 12.21 sec. Users per second: 2217
TripleIntegratedHierarchicalHybridRecommender: Fusing similarity matrices...
TripleIntegratedHierarchicalHybridRecommender: Similarity fusion complete. Final score combination with gamma=0.2479407221895461.
EvaluatorHoldout: Processed 27061 (100.0%) in 12.13 sec. Users per second: 2232
TripleIntegratedHierarchicalHybridRecommender: Fusing similarity matrices...
TripleIntegratedHierarchicalHybridRecommender: Similarity fusion complete. Final score combination with gamma=0.2479407221895461.
EvaluatorHoldout: Processed 27051 (100.0%) in 12.35 sec. Users per second: 2191
TripleIntegratedHierarchicalHybridRecommender: Fusing similarity matrices...
TripleIntegratedHierarchicalHybridRecommender: Similarity fusion complete. Final score combination with gamma=0.2479407221895461.
EvaluatorHoldout: Processed 27062 (100.0%) in 12.20 sec. Users per second: 2218
TripleIntegratedHierarchicalHybridRecommender: Fusing similarity matrices...
TripleIntegratedHierarchicalHybridRecommender: Similarity fusion complete. Final score combination with gamma=0.2479407221895461.
EvaluatorHoldout: Processed 27050 (100.0%) in 12.24 sec. Users per second: 2210
[I 2025-12-28 03:43:45,647] Trial 10 finished with value: 0.2819998842153058 and parameters: {'alpha': 0.2921748194871743, 'beta': 0.5925606350507486, 'gamma': 0.2479407221895461}. Best is trial 5 with value: 0.2890854809721777.
[0.28340850317943395, 0.2812436208100704, 0.2812637858954502, 0.28195034530347773, 0.2821331658880967]
TripleIntegratedHierarchicalHybridRecommender: Fusing similarity matrices...
TripleIntegratedHierarchicalHybridRecommender: Similarity fusion complete. Final score combination with gamma=0.04087035984493087.
EvaluatorHoldout: Processed 27064 (100.0%) in 12.18 sec. Users per second: 2221
TripleIntegratedHierarchicalHybridRecommender: Fusing similarity matrices...
TripleIntegratedHierarchicalHybridRecommender: Similarity fusion complete. Final score combination with gamma=0.04087035984493087.
EvaluatorHoldout: Processed 27061 (100.0%) in 12.19 sec. Users per second: 2221
TripleIntegratedHierarchicalHybridRecommender: Fusing similarity matrices...
TripleIntegratedHierarchicalHybridRecommender: Similarity fusion complete. Final score combination with gamma=0.04087035984493087.
EvaluatorHoldout: Processed 27051 (100.0%) in 12.13 sec. Users per second: 2230
TripleIntegratedHierarchicalHybridRecommender: Fusing similarity matrices...
TripleIntegratedHierarchicalHybridRecommender: Similarity fusion complete. Final score combination with gamma=0.04087035984493087.
EvaluatorHoldout: Processed 27062 (100.0%) in 12.09 sec. Users per second: 2239
TripleIntegratedHierarchicalHybridRecommender: Fusing similarity matrices...
TripleIntegratedHierarchicalHybridRecommender: Similarity fusion complete. Final score combination with gamma=0.04087035984493087.
EvaluatorHoldout: Processed 27050 (100.0%) in 12.14 sec. Users per second: 2228
