[I 2025-12-28 07:17:38,423] Trial 215 finished with value: 0.2914113228140796 and parameters: {'alpha': 0.17990299789844685, 'beta': 0.056864425634090394, 'gamma': 0.1010565438387781}. Best is trial 211 with value: 0.2915599813502045.
[0.2924108083218413, 0.29066543676648454, 0.2909435130237934, 0.2912110439220242, 0.29182581203625463]
TripleIntegratedHierarchicalHybridRecommender: Fusing similarity matrices...
TripleIntegratedHierarchicalHybridRecommender: Similarity fusion complete. Final score combination with gamma=0.1276833029041823.
EvaluatorHoldout: Processed 27064 (100.0%) in 11.93 sec. Users per second: 2268
TripleIntegratedHierarchicalHybridRecommender: Fusing similarity matrices...
TripleIntegratedHierarchicalHybridRecommender: Similarity fusion complete. Final score combination with gamma=0.1276833029041823.
EvaluatorHoldout: Processed 27061 (100.0%) in 11.95 sec. Users per second: 2265
TripleIntegratedHierarchicalHybridRecommender: Fusing similarity matrices...
TripleIntegratedHierarchicalHybridRecommender: Similarity fusion complete. Final score combination with gamma=0.1276833029041823.
EvaluatorHoldout: Processed 27051 (100.0%) in 12.04 sec. Users per second: 2247
TripleIntegratedHierarchicalHybridRecommender: Fusing similarity matrices...
TripleIntegratedHierarchicalHybridRecommender: Similarity fusion complete. Final score combination with gamma=0.1276833029041823.
EvaluatorHoldout: Processed 27062 (100.0%) in 11.92 sec. Users per second: 2269
TripleIntegratedHierarchicalHybridRecommender: Fusing similarity matrices...
TripleIntegratedHierarchicalHybridRecommender: Similarity fusion complete. Final score combination with gamma=0.1276833029041823.
EvaluatorHoldout: Processed 27050 (100.0%) in 11.93 sec. Users per second: 2267
[I 2025-12-28 07:18:40,739] Trial 216 finished with value: 0.2914525483206976 and parameters: {'alpha': 0.2244977982736363, 'beta': 0.10175598766349828, 'gamma': 0.1276833029041823}. Best is trial 211 with value: 0.2915599813502045.
[0.2924617073743613, 0.2907879026256142, 0.29090215904128486, 0.29138019433943163, 0.2917307782227961]
TripleIntegratedHierarchicalHybridRecommender: Fusing similarity matrices...
TripleIntegratedHierarchicalHybridRecommender: Similarity fusion complete. Final score combination with gamma=0.07534953024772796.
EvaluatorHoldout: Processed 27064 (100.0%) in 11.92 sec. Users per second: 2270
TripleIntegratedHierarchicalHybridRecommender: Fusing similarity matrices...
TripleIntegratedHierarchicalHybridRecommender: Similarity fusion complete. Final score combination with gamma=0.07534953024772796.
EvaluatorHoldout: Processed 27061 (100.0%) in 11.97 sec. Users per second: 2261
TripleIntegratedHierarchicalHybridRecommender: Fusing similarity matrices...
TripleIntegratedHierarchicalHybridRecommender: Similarity fusion complete. Final score combination with gamma=0.07534953024772796.
EvaluatorHoldout: Processed 27051 (100.0%) in 11.97 sec. Users per second: 2260
TripleIntegratedHierarchicalHybridRecommender: Fusing similarity matrices...
TripleIntegratedHierarchicalHybridRecommender: Similarity fusion complete. Final score combination with gamma=0.07534953024772796.
EvaluatorHoldout: Processed 27062 (100.0%) in 11.94 sec. Users per second: 2266
TripleIntegratedHierarchicalHybridRecommender: Fusing similarity matrices...
TripleIntegratedHierarchicalHybridRecommender: Similarity fusion complete. Final score combination with gamma=0.07534953024772796.
EvaluatorHoldout: Processed 27050 (100.0%) in 11.94 sec. Users per second: 2266
[I 2025-12-28 07:19:42,990] Trial 217 finished with value: 0.2910404490274461 and parameters: {'alpha': 0.1996193488685865, 'beta': 0.016795526680509012, 'gamma': 0.07534953024772796}. Best is trial 211 with value: 0.2915599813502045.
[0.2918783283300719, 0.290216725052754, 0.2907524462010307, 0.29060346324430064, 0.29175128230907327]
TripleIntegratedHierarchicalHybridRecommender: Fusing similarity matrices...
TripleIntegratedHierarchicalHybridRecommender: Similarity fusion complete. Final score combination with gamma=0.15228169835602484.
EvaluatorHoldout: Processed 27064 (100.0%) in 11.93 sec. Users per second: 2269
TripleIntegratedHierarchicalHybridRecommender: Fusing similarity matrices...
TripleIntegratedHierarchicalHybridRecommender: Similarity fusion complete. Final score combination with gamma=0.15228169835602484.
EvaluatorHoldout: Processed 27061 (100.0%) in 11.95 sec. Users per second: 2265
TripleIntegratedHierarchicalHybridRecommender: Fusing similarity matrices...
TripleIntegratedHierarchicalHybridRecommender: Similarity fusion complete. Final score combination with gamma=0.15228169835602484.
EvaluatorHoldout: Processed 27051 (100.0%) in 11.94 sec. Users per second: 2266
TripleIntegratedHierarchicalHybridRecommender: Fusing similarity matrices...
TripleIntegratedHierarchicalHybridRecommender: Similarity fusion complete. Final score combination with gamma=0.15228169835602484.
EvaluatorHoldout: Processed 27062 (100.0%) in 11.92 sec. Users per second: 2270
TripleIntegratedHierarchicalHybridRecommender: Fusing similarity matrices...
TripleIntegratedHierarchicalHybridRecommender: Similarity fusion complete. Final score combination with gamma=0.15228169835602484.
EvaluatorHoldout: Processed 27050 (100.0%) in 11.91 sec. Users per second: 2270
[I 2025-12-28 07:20:45,216] Trial 218 finished with value: 0.29134206645228095 and parameters: {'alpha': 0.16934446924267121, 'beta': 0.06260795612515367, 'gamma': 0.15228169835602484}. Best is trial 211 with value: 0.2915599813502045.
[0.29248769996209845, 0.290826600400976, 0.2907598893622503, 0.2909709397230701, 0.2916652028130099]
TripleIntegratedHierarchicalHybridRecommender: Fusing similarity matrices...
TripleIntegratedHierarchicalHybridRecommender: Similarity fusion complete. Final score combination with gamma=0.13170587144749996.
EvaluatorHoldout: Processed 27064 (100.0%) in 11.91 sec. Users per second: 2273
TripleIntegratedHierarchicalHybridRecommender: Fusing similarity matrices...
TripleIntegratedHierarchicalHybridRecommender: Similarity fusion complete. Final score combination with gamma=0.13170587144749996.
EvaluatorHoldout: Processed 27061 (100.0%) in 11.94 sec. Users per second: 2267
TripleIntegratedHierarchicalHybridRecommender: Fusing similarity matrices...
TripleIntegratedHierarchicalHybridRecommender: Similarity fusion complete. Final score combination with gamma=0.13170587144749996.
EvaluatorHoldout: Processed 27051 (100.0%) in 11.93 sec. Users per second: 2267
TripleIntegratedHierarchicalHybridRecommender: Fusing similarity matrices...
TripleIntegratedHierarchicalHybridRecommender: Similarity fusion complete. Final score combination with gamma=0.13170587144749996.
EvaluatorHoldout: Processed 27062 (100.0%) in 11.94 sec. Users per second: 2266
TripleIntegratedHierarchicalHybridRecommender: Fusing similarity matrices...
TripleIntegratedHierarchicalHybridRecommender: Similarity fusion complete. Final score combination with gamma=0.13170587144749996.
EvaluatorHoldout: Processed 27050 (100.0%) in 11.92 sec. Users per second: 2268
[I 2025-12-28 07:21:47,367] Trial 219 finished with value: 0.29146810909455445 and parameters: {'alpha': 0.19000962479454084, 'beta': 0.091039152779278, 'gamma': 0.13170587144749996}. Best is trial 211 with value: 0.2915599813502045.
[0.2923981571406567, 0.2909395245456946, 0.2910325425274224, 0.2913804387610569, 0.2915898824979417]
TripleIntegratedHierarchicalHybridRecommender: Fusing similarity matrices...
TripleIntegratedHierarchicalHybridRecommender: Similarity fusion complete. Final score combination with gamma=0.17496428064421277.
EvaluatorHoldout: Processed 27064 (100.0%) in 11.91 sec. Users per second: 2272
TripleIntegratedHierarchicalHybridRecommender: Fusing similarity matrices...
TripleIntegratedHierarchicalHybridRecommender: Similarity fusion complete. Final score combination with gamma=0.17496428064421277.
EvaluatorHoldout: Processed 27061 (100.0%) in 11.93 sec. Users per second: 2269
TripleIntegratedHierarchicalHybridRecommender: Fusing similarity matrices...
TripleIntegratedHierarchicalHybridRecommender: Similarity fusion complete. Final score combination with gamma=0.17496428064421277.
EvaluatorHoldout: Processed 27051 (100.0%) in 11.93 sec. Users per second: 2268
TripleIntegratedHierarchicalHybridRecommender: Fusing similarity matrices...
TripleIntegratedHierarchicalHybridRecommender: Similarity fusion complete. Final score combination with gamma=0.17496428064421277.
EvaluatorHoldout: Processed 27062 (100.0%) in 11.92 sec. Users per second: 2271
TripleIntegratedHierarchicalHybridRecommender: Fusing similarity matrices...
TripleIntegratedHierarchicalHybridRecommender: Similarity fusion complete. Final score combination with gamma=0.17496428064421277.
EvaluatorHoldout: Processed 27050 (100.0%) in 11.93 sec. Users per second: 2267
[I 2025-12-28 07:22:49,416] Trial 220 finished with value: 0.286833419681022 and parameters: {'alpha': 0.15558507036790006, 'beta': 0.5033332003865889, 'gamma': 0.17496428064421277}. Best is trial 211 with value: 0.2915599813502045.
[0.28817786900211495, 0.2858858445530384, 0.28616128469688323, 0.2865026128198118, 0.2874394873332616]
TripleIntegratedHierarchicalHybridRecommender: Fusing similarity matrices...
TripleIntegratedHierarchicalHybridRecommender: Similarity fusion complete. Final score combination with gamma=0.11260473245919037.
EvaluatorHoldout: Processed 27064 (100.0%) in 11.92 sec. Users per second: 2271
TripleIntegratedHierarchicalHybridRecommender: Fusing similarity matrices...
TripleIntegratedHierarchicalHybridRecommender: Similarity fusion complete. Final score combination with gamma=0.11260473245919037.
EvaluatorHoldout: Processed 27061 (100.0%) in 11.95 sec. Users per second: 2265
TripleIntegratedHierarchicalHybridRecommender: Fusing similarity matrices...
TripleIntegratedHierarchicalHybridRecommender: Similarity fusion complete. Final score combination with gamma=0.11260473245919037.
EvaluatorHoldout: Processed 27051 (100.0%) in 11.93 sec. Users per second: 2267
TripleIntegratedHierarchicalHybridRecommender: Fusing similarity matrices...
TripleIntegratedHierarchicalHybridRecommender: Similarity fusion complete. Final score combination with gamma=0.11260473245919037.
EvaluatorHoldout: Processed 27062 (100.0%) in 11.93 sec. Users per second: 2268
TripleIntegratedHierarchicalHybridRecommender: Fusing similarity matrices...
TripleIntegratedHierarchicalHybridRecommender: Similarity fusion complete. Final score combination with gamma=0.11260473245919037.
EvaluatorHoldout: Processed 27050 (100.0%) in 11.91 sec. Users per second: 2270
[I 2025-12-28 07:23:51,573] Trial 221 finished with value: 0.2914583214759123 and parameters: {'alpha': 0.1594623596009097, 'beta': 0.04945564018002946, 'gamma': 0.11260473245919037}. Best is trial 211 with value: 0.2915599813502045.
[0.2926048163501825, 0.2907224715901949, 0.2908154187928021, 0.29138122960398377, 0.2917676710423983]
TripleIntegratedHierarchicalHybridRecommender: Fusing similarity matrices...
TripleIntegratedHierarchicalHybridRecommender: Similarity fusion complete. Final score combination with gamma=0.10970418675866507.
EvaluatorHoldout: Processed 27064 (100.0%) in 11.93 sec. Users per second: 2269
TripleIntegratedHierarchicalHybridRecommender: Fusing similarity matrices...
TripleIntegratedHierarchicalHybridRecommender: Similarity fusion complete. Final score combination with gamma=0.10970418675866507.
EvaluatorHoldout: Processed 27061 (100.0%) in 11.95 sec. Users per second: 2265
TripleIntegratedHierarchicalHybridRecommender: Fusing similarity matrices...
TripleIntegratedHierarchicalHybridRecommender: Similarity fusion complete. Final score combination with gamma=0.10970418675866507.
EvaluatorHoldout: Processed 27051 (100.0%) in 11.94 sec. Users per second: 2265
TripleIntegratedHierarchicalHybridRecommender: Fusing similarity matrices...
TripleIntegratedHierarchicalHybridRecommender: Similarity fusion complete. Final score combination with gamma=0.10970418675866507.
EvaluatorHoldout: Processed 27062 (100.0%) in 11.93 sec. Users per second: 2268
TripleIntegratedHierarchicalHybridRecommender: Fusing similarity matrices...
TripleIntegratedHierarchicalHybridRecommender: Similarity fusion complete. Final score combination with gamma=0.10970418675866507.
EvaluatorHoldout: Processed 27050 (100.0%) in 11.93 sec. Users per second: 2268
[I 2025-12-28 07:24:53,863] Trial 222 finished with value: 0.29143281497978035 and parameters: {'alpha': 0.1402758876914454, 'beta': 0.031794123909740825, 'gamma': 0.10970418675866507}. Best is trial 211 with value: 0.2915599813502045.
[0.2924655124507228, 0.29079815261791564, 0.2908013705379806, 0.29115455761518483, 0.29194448167709797]
TripleIntegratedHierarchicalHybridRecommender: Fusing similarity matrices...
TripleIntegratedHierarchicalHybridRecommender: Similarity fusion complete. Final score combination with gamma=0.1435539039271211.
EvaluatorHoldout: Processed 27064 (100.0%) in 11.94 sec. Users per second: 2266
TripleIntegratedHierarchicalHybridRecommender: Fusing similarity matrices...
TripleIntegratedHierarchicalHybridRecommender: Similarity fusion complete. Final score combination with gamma=0.1435539039271211.
EvaluatorHoldout: Processed 27061 (100.0%) in 11.96 sec. Users per second: 2263
TripleIntegratedHierarchicalHybridRecommender: Fusing similarity matrices...
TripleIntegratedHierarchicalHybridRecommender: Similarity fusion complete. Final score combination with gamma=0.1435539039271211.
EvaluatorHoldout: Processed 27051 (100.0%) in 11.93 sec. Users per second: 2267
TripleIntegratedHierarchicalHybridRecommender: Fusing similarity matrices...
TripleIntegratedHierarchicalHybridRecommender: Similarity fusion complete. Final score combination with gamma=0.1435539039271211.
EvaluatorHoldout: Processed 27062 (100.0%) in 11.94 sec. Users per second: 2267
TripleIntegratedHierarchicalHybridRecommender: Fusing similarity matrices...
TripleIntegratedHierarchicalHybridRecommender: Similarity fusion complete. Final score combination with gamma=0.1435539039271211.
EvaluatorHoldout: Processed 27050 (100.0%) in 11.92 sec. Users per second: 2269
[I 2025-12-28 07:25:56,084] Trial 223 finished with value: 0.2913757993388416 and parameters: {'alpha': 0.18897258130405015, 'beta': 0.06872708100663184, 'gamma': 0.1435539039271211}. Best is trial 211 with value: 0.2915599813502045.
[0.29248195448788517, 0.29086380790652316, 0.29084834384089386, 0.2910190984858335, 0.2916657919730726]
TripleIntegratedHierarchicalHybridRecommender: Fusing similarity matrices...
TripleIntegratedHierarchicalHybridRecommender: Similarity fusion complete. Final score combination with gamma=0.09272332358176441.
EvaluatorHoldout: Processed 27064 (100.0%) in 11.98 sec. Users per second: 2259
TripleIntegratedHierarchicalHybridRecommender: Fusing similarity matrices...
TripleIntegratedHierarchicalHybridRecommender: Similarity fusion complete. Final score combination with gamma=0.09272332358176441.
EvaluatorHoldout: Processed 27061 (100.0%) in 11.96 sec. Users per second: 2263
TripleIntegratedHierarchicalHybridRecommender: Fusing similarity matrices...
TripleIntegratedHierarchicalHybridRecommender: Similarity fusion complete. Final score combination with gamma=0.09272332358176441.
EvaluatorHoldout: Processed 27051 (100.0%) in 11.96 sec. Users per second: 2263
TripleIntegratedHierarchicalHybridRecommender: Fusing similarity matrices...
TripleIntegratedHierarchicalHybridRecommender: Similarity fusion complete. Final score combination with gamma=0.09272332358176441.
EvaluatorHoldout: Processed 27062 (100.0%) in 11.99 sec. Users per second: 2257
TripleIntegratedHierarchicalHybridRecommender: Fusing similarity matrices...
TripleIntegratedHierarchicalHybridRecommender: Similarity fusion complete. Final score combination with gamma=0.09272332358176441.
EvaluatorHoldout: Processed 27050 (100.0%) in 11.94 sec. Users per second: 2266
[I 2025-12-28 07:26:58,439] Trial 224 finished with value: 0.2913354599591836 and parameters: {'alpha': 0.1679503738968872, 'beta': 0.05639005134423429, 'gamma': 0.09272332358176441}. Best is trial 211 with value: 0.2915599813502045.
[0.2921840672402518, 0.2907644155266277, 0.2908842558254952, 0.29090823296789586, 0.29193632823564736]
TripleIntegratedHierarchicalHybridRecommender: Fusing similarity matrices...
TripleIntegratedHierarchicalHybridRecommender: Similarity fusion complete. Final score combination with gamma=0.12376201021726528.
EvaluatorHoldout: Processed 27064 (100.0%) in 11.93 sec. Users per second: 2268
TripleIntegratedHierarchicalHybridRecommender: Fusing similarity matrices...
TripleIntegratedHierarchicalHybridRecommender: Similarity fusion complete. Final score combination with gamma=0.12376201021726528.
EvaluatorHoldout: Processed 27061 (100.0%) in 11.95 sec. Users per second: 2264
TripleIntegratedHierarchicalHybridRecommender: Fusing similarity matrices...
TripleIntegratedHierarchicalHybridRecommender: Similarity fusion complete. Final score combination with gamma=0.12376201021726528.
EvaluatorHoldout: Processed 27051 (100.0%) in 11.93 sec. Users per second: 2267
TripleIntegratedHierarchicalHybridRecommender: Fusing similarity matrices...
TripleIntegratedHierarchicalHybridRecommender: Similarity fusion complete. Final score combination with gamma=0.12376201021726528.
EvaluatorHoldout: Processed 27062 (100.0%) in 11.94 sec. Users per second: 2266
TripleIntegratedHierarchicalHybridRecommender: Fusing similarity matrices...
TripleIntegratedHierarchicalHybridRecommender: Similarity fusion complete. Final score combination with gamma=0.12376201021726528.
EvaluatorHoldout: Processed 27050 (100.0%) in 11.94 sec. Users per second: 2266
[I 2025-12-28 07:28:00,650] Trial 225 finished with value: 0.29154581236727334 and parameters: {'alpha': 0.1400601224201257, 'beta': 0.08099429513245031, 'gamma': 0.12376201021726528}. Best is trial 211 with value: 0.2915599813502045.
[0.2926927996280973, 0.2909956378413444, 0.2908894100988053, 0.29137304201617276, 0.29177817225194685]
TripleIntegratedHierarchicalHybridRecommender: Fusing similarity matrices...
TripleIntegratedHierarchicalHybridRecommender: Similarity fusion complete. Final score combination with gamma=0.12382167855105689.
EvaluatorHoldout: Processed 27064 (100.0%) in 12.00 sec. Users per second: 2255
TripleIntegratedHierarchicalHybridRecommender: Fusing similarity matrices...
TripleIntegratedHierarchicalHybridRecommender: Similarity fusion complete. Final score combination with gamma=0.12382167855105689.
EvaluatorHoldout: Processed 27061 (100.0%) in 11.97 sec. Users per second: 2260
TripleIntegratedHierarchicalHybridRecommender: Fusing similarity matrices...
TripleIntegratedHierarchicalHybridRecommender: Similarity fusion complete. Final score combination with gamma=0.12382167855105689.
EvaluatorHoldout: Processed 27051 (100.0%) in 11.94 sec. Users per second: 2265
TripleIntegratedHierarchicalHybridRecommender: Fusing similarity matrices...
TripleIntegratedHierarchicalHybridRecommender: Similarity fusion complete. Final score combination with gamma=0.12382167855105689.
EvaluatorHoldout: Processed 27062 (100.0%) in 11.94 sec. Users per second: 2266
TripleIntegratedHierarchicalHybridRecommender: Fusing similarity matrices...
TripleIntegratedHierarchicalHybridRecommender: Similarity fusion complete. Final score combination with gamma=0.12382167855105689.
EvaluatorHoldout: Processed 27050 (100.0%) in 11.93 sec. Users per second: 2267
[I 2025-12-28 07:29:02,954] Trial 226 finished with value: 0.2915559177134549 and parameters: {'alpha': 0.14533129783992482, 'beta': 0.08287176463960395, 'gamma': 0.12382167855105689}. Best is trial 211 with value: 0.2915599813502045.
[0.292684686221135, 0.2909712091163266, 0.29095421792781306, 0.29139142231777204, 0.2917780529842278]
TripleIntegratedHierarchicalHybridRecommender: Fusing similarity matrices...
TripleIntegratedHierarchicalHybridRecommender: Similarity fusion complete. Final score combination with gamma=0.15997061290216144.
EvaluatorHoldout: Processed 27064 (100.0%) in 11.91 sec. Users per second: 2273
TripleIntegratedHierarchicalHybridRecommender: Fusing similarity matrices...
TripleIntegratedHierarchicalHybridRecommender: Similarity fusion complete. Final score combination with gamma=0.15997061290216144.
EvaluatorHoldout: Processed 27061 (100.0%) in 11.96 sec. Users per second: 2263
TripleIntegratedHierarchicalHybridRecommender: Fusing similarity matrices...
TripleIntegratedHierarchicalHybridRecommender: Similarity fusion complete. Final score combination with gamma=0.15997061290216144.
EvaluatorHoldout: Processed 27051 (100.0%) in 11.93 sec. Users per second: 2268
TripleIntegratedHierarchicalHybridRecommender: Fusing similarity matrices...
TripleIntegratedHierarchicalHybridRecommender: Similarity fusion complete. Final score combination with gamma=0.15997061290216144.
EvaluatorHoldout: Processed 27062 (100.0%) in 11.95 sec. Users per second: 2264
TripleIntegratedHierarchicalHybridRecommender: Fusing similarity matrices...
TripleIntegratedHierarchicalHybridRecommender: Similarity fusion complete. Final score combination with gamma=0.15997061290216144.
EvaluatorHoldout: Processed 27050 (100.0%) in 11.91 sec. Users per second: 2270
