[I 2025-12-28 04:47:30,849] Trial 71 finished with value: 0.29116734042977527 and parameters: {'alpha': 0.04079633614729821, 'beta': 0.1995923624223056, 'gamma': 0.14913968023655677}. Best is trial 61 with value: 0.2913748713901499.
[0.2925309863921579, 0.29033101076878404, 0.290583926815845, 0.2905902007655089, 0.29180057740658044]
TripleIntegratedHierarchicalHybridRecommender: Fusing similarity matrices...
TripleIntegratedHierarchicalHybridRecommender: Similarity fusion complete. Final score combination with gamma=0.08339482805075812.
EvaluatorHoldout: Processed 27064 (100.0%) in 12.02 sec. Users per second: 2252
TripleIntegratedHierarchicalHybridRecommender: Fusing similarity matrices...
TripleIntegratedHierarchicalHybridRecommender: Similarity fusion complete. Final score combination with gamma=0.08339482805075812.
EvaluatorHoldout: Processed 27061 (100.0%) in 12.05 sec. Users per second: 2246
TripleIntegratedHierarchicalHybridRecommender: Fusing similarity matrices...
TripleIntegratedHierarchicalHybridRecommender: Similarity fusion complete. Final score combination with gamma=0.08339482805075812.
EvaluatorHoldout: Processed 27051 (100.0%) in 12.04 sec. Users per second: 2246
TripleIntegratedHierarchicalHybridRecommender: Fusing similarity matrices...
TripleIntegratedHierarchicalHybridRecommender: Similarity fusion complete. Final score combination with gamma=0.08339482805075812.
EvaluatorHoldout: Processed 27062 (100.0%) in 12.03 sec. Users per second: 2249
TripleIntegratedHierarchicalHybridRecommender: Fusing similarity matrices...
TripleIntegratedHierarchicalHybridRecommender: Similarity fusion complete. Final score combination with gamma=0.08339482805075812.
EvaluatorHoldout: Processed 27050 (100.0%) in 12.03 sec. Users per second: 2248
[I 2025-12-28 04:48:33,534] Trial 72 finished with value: 0.29106561292941224 and parameters: {'alpha': 0.08017567190726313, 'beta': 0.186174033124949, 'gamma': 0.08339482805075812}. Best is trial 61 with value: 0.2913748713901499.
[0.29220790074949776, 0.2902798616621081, 0.29045681533688156, 0.29053682814650933, 0.29184665875206445]
TripleIntegratedHierarchicalHybridRecommender: Fusing similarity matrices...
TripleIntegratedHierarchicalHybridRecommender: Similarity fusion complete. Final score combination with gamma=0.23031628018604144.
EvaluatorHoldout: Processed 27064 (100.0%) in 12.00 sec. Users per second: 2256
TripleIntegratedHierarchicalHybridRecommender: Fusing similarity matrices...
TripleIntegratedHierarchicalHybridRecommender: Similarity fusion complete. Final score combination with gamma=0.23031628018604144.
EvaluatorHoldout: Processed 27061 (100.0%) in 12.01 sec. Users per second: 2253
TripleIntegratedHierarchicalHybridRecommender: Fusing similarity matrices...
TripleIntegratedHierarchicalHybridRecommender: Similarity fusion complete. Final score combination with gamma=0.23031628018604144.
EvaluatorHoldout: Processed 27051 (100.0%) in 12.00 sec. Users per second: 2255
TripleIntegratedHierarchicalHybridRecommender: Fusing similarity matrices...
TripleIntegratedHierarchicalHybridRecommender: Similarity fusion complete. Final score combination with gamma=0.23031628018604144.
EvaluatorHoldout: Processed 27062 (100.0%) in 12.00 sec. Users per second: 2256
TripleIntegratedHierarchicalHybridRecommender: Fusing similarity matrices...
TripleIntegratedHierarchicalHybridRecommender: Similarity fusion complete. Final score combination with gamma=0.23031628018604144.
EvaluatorHoldout: Processed 27050 (100.0%) in 11.99 sec. Users per second: 2255
[I 2025-12-28 04:49:36,111] Trial 73 finished with value: 0.28997205101837153 and parameters: {'alpha': 0.07628182522018705, 'beta': 0.08281236108499716, 'gamma': 0.23031628018604144}. Best is trial 61 with value: 0.2913748713901499.
[0.29085871460947954, 0.28925274089392855, 0.2894314113644962, 0.2898698226964501, 0.2904475655275033]
TripleIntegratedHierarchicalHybridRecommender: Fusing similarity matrices...
TripleIntegratedHierarchicalHybridRecommender: Similarity fusion complete. Final score combination with gamma=0.14446015158053346.
EvaluatorHoldout: Processed 27064 (100.0%) in 12.04 sec. Users per second: 2248
TripleIntegratedHierarchicalHybridRecommender: Fusing similarity matrices...
TripleIntegratedHierarchicalHybridRecommender: Similarity fusion complete. Final score combination with gamma=0.14446015158053346.
EvaluatorHoldout: Processed 27061 (100.0%) in 12.06 sec. Users per second: 2243
TripleIntegratedHierarchicalHybridRecommender: Fusing similarity matrices...
TripleIntegratedHierarchicalHybridRecommender: Similarity fusion complete. Final score combination with gamma=0.14446015158053346.
EvaluatorHoldout: Processed 27051 (100.0%) in 12.04 sec. Users per second: 2247
TripleIntegratedHierarchicalHybridRecommender: Fusing similarity matrices...
TripleIntegratedHierarchicalHybridRecommender: Similarity fusion complete. Final score combination with gamma=0.14446015158053346.
EvaluatorHoldout: Processed 27062 (100.0%) in 11.98 sec. Users per second: 2258
TripleIntegratedHierarchicalHybridRecommender: Fusing similarity matrices...
TripleIntegratedHierarchicalHybridRecommender: Similarity fusion complete. Final score combination with gamma=0.14446015158053346.
EvaluatorHoldout: Processed 27050 (100.0%) in 11.98 sec. Users per second: 2258
[I 2025-12-28 04:50:38,837] Trial 74 finished with value: 0.29039160245301904 and parameters: {'alpha': 0.16637050398329079, 'beta': 0.29766862100475083, 'gamma': 0.14446015158053346}. Best is trial 61 with value: 0.2913748713901499.
[0.2916350859021618, 0.28951923734892754, 0.28994159976912004, 0.29004178814726345, 0.29082030109762247]
TripleIntegratedHierarchicalHybridRecommender: Fusing similarity matrices...
TripleIntegratedHierarchicalHybridRecommender: Similarity fusion complete. Final score combination with gamma=0.18546895016786802.
EvaluatorHoldout: Processed 27064 (100.0%) in 11.98 sec. Users per second: 2260
TripleIntegratedHierarchicalHybridRecommender: Fusing similarity matrices...
TripleIntegratedHierarchicalHybridRecommender: Similarity fusion complete. Final score combination with gamma=0.18546895016786802.
EvaluatorHoldout: Processed 27061 (100.0%) in 12.01 sec. Users per second: 2253
TripleIntegratedHierarchicalHybridRecommender: Fusing similarity matrices...
TripleIntegratedHierarchicalHybridRecommender: Similarity fusion complete. Final score combination with gamma=0.18546895016786802.
EvaluatorHoldout: Processed 27051 (100.0%) in 11.99 sec. Users per second: 2256
TripleIntegratedHierarchicalHybridRecommender: Fusing similarity matrices...
TripleIntegratedHierarchicalHybridRecommender: Similarity fusion complete. Final score combination with gamma=0.18546895016786802.
EvaluatorHoldout: Processed 27062 (100.0%) in 12.00 sec. Users per second: 2256
TripleIntegratedHierarchicalHybridRecommender: Fusing similarity matrices...
TripleIntegratedHierarchicalHybridRecommender: Similarity fusion complete. Final score combination with gamma=0.18546895016786802.
EvaluatorHoldout: Processed 27050 (100.0%) in 12.00 sec. Users per second: 2254
[I 2025-12-28 04:51:41,258] Trial 75 finished with value: 0.2907728603376506 and parameters: {'alpha': 0.11351538143111749, 'beta': 0.13899270916925932, 'gamma': 0.18546895016786802}. Best is trial 61 with value: 0.2913748713901499.
[0.2917534739804048, 0.29020819071999054, 0.2903363023795399, 0.2902676440705984, 0.29129869053771945]
TripleIntegratedHierarchicalHybridRecommender: Fusing similarity matrices...
TripleIntegratedHierarchicalHybridRecommender: Similarity fusion complete. Final score combination with gamma=0.02351835535503198.
EvaluatorHoldout: Processed 27064 (100.0%) in 12.01 sec. Users per second: 2254
TripleIntegratedHierarchicalHybridRecommender: Fusing similarity matrices...
TripleIntegratedHierarchicalHybridRecommender: Similarity fusion complete. Final score combination with gamma=0.02351835535503198.
EvaluatorHoldout: Processed 27061 (100.0%) in 12.08 sec. Users per second: 2241
TripleIntegratedHierarchicalHybridRecommender: Fusing similarity matrices...
TripleIntegratedHierarchicalHybridRecommender: Similarity fusion complete. Final score combination with gamma=0.02351835535503198.
EvaluatorHoldout: Processed 27051 (100.0%) in 12.08 sec. Users per second: 2240
TripleIntegratedHierarchicalHybridRecommender: Fusing similarity matrices...
TripleIntegratedHierarchicalHybridRecommender: Similarity fusion complete. Final score combination with gamma=0.02351835535503198.
EvaluatorHoldout: Processed 27062 (100.0%) in 12.08 sec. Users per second: 2240
TripleIntegratedHierarchicalHybridRecommender: Fusing similarity matrices...
TripleIntegratedHierarchicalHybridRecommender: Similarity fusion complete. Final score combination with gamma=0.02351835535503198.
EvaluatorHoldout: Processed 27050 (100.0%) in 12.04 sec. Users per second: 2247
[I 2025-12-28 04:52:44,030] Trial 76 finished with value: 0.28917838077118974 and parameters: {'alpha': 0.04389207717212753, 'beta': 0.1857865716195691, 'gamma': 0.02351835535503198}. Best is trial 61 with value: 0.2913748713901499.
[0.2902397219413667, 0.28805680775932535, 0.28885027656278234, 0.2888424499993766, 0.28990264759309753]
TripleIntegratedHierarchicalHybridRecommender: Fusing similarity matrices...
TripleIntegratedHierarchicalHybridRecommender: Similarity fusion complete. Final score combination with gamma=0.2634075807719002.
EvaluatorHoldout: Processed 27064 (100.0%) in 11.99 sec. Users per second: 2258
TripleIntegratedHierarchicalHybridRecommender: Fusing similarity matrices...
TripleIntegratedHierarchicalHybridRecommender: Similarity fusion complete. Final score combination with gamma=0.2634075807719002.
EvaluatorHoldout: Processed 27061 (100.0%) in 12.06 sec. Users per second: 2244
TripleIntegratedHierarchicalHybridRecommender: Fusing similarity matrices...
TripleIntegratedHierarchicalHybridRecommender: Similarity fusion complete. Final score combination with gamma=0.2634075807719002.
EvaluatorHoldout: Processed 27051 (100.0%) in 11.99 sec. Users per second: 2257
TripleIntegratedHierarchicalHybridRecommender: Fusing similarity matrices...
TripleIntegratedHierarchicalHybridRecommender: Similarity fusion complete. Final score combination with gamma=0.2634075807719002.
EvaluatorHoldout: Processed 27062 (100.0%) in 11.98 sec. Users per second: 2259
TripleIntegratedHierarchicalHybridRecommender: Fusing similarity matrices...
TripleIntegratedHierarchicalHybridRecommender: Similarity fusion complete. Final score combination with gamma=0.2634075807719002.
EvaluatorHoldout: Processed 27050 (100.0%) in 11.98 sec. Users per second: 2258
[I 2025-12-28 04:53:46,507] Trial 77 finished with value: 0.2869846114546183 and parameters: {'alpha': 0.4460295545239277, 'beta': 0.028538058407509184, 'gamma': 0.2634075807719002}. Best is trial 61 with value: 0.2913748713901499.
[0.28826307218512187, 0.2862057310216526, 0.2862648900957883, 0.2868295600737772, 0.2873598038967514]
TripleIntegratedHierarchicalHybridRecommender: Fusing similarity matrices...
TripleIntegratedHierarchicalHybridRecommender: Similarity fusion complete. Final score combination with gamma=0.08333957320946346.
EvaluatorHoldout: Processed 27064 (100.0%) in 11.99 sec. Users per second: 2258
TripleIntegratedHierarchicalHybridRecommender: Fusing similarity matrices...
TripleIntegratedHierarchicalHybridRecommender: Similarity fusion complete. Final score combination with gamma=0.08333957320946346.
EvaluatorHoldout: Processed 27061 (100.0%) in 12.06 sec. Users per second: 2245
TripleIntegratedHierarchicalHybridRecommender: Fusing similarity matrices...
TripleIntegratedHierarchicalHybridRecommender: Similarity fusion complete. Final score combination with gamma=0.08333957320946346.
EvaluatorHoldout: Processed 27051 (100.0%) in 12.00 sec. Users per second: 2254
TripleIntegratedHierarchicalHybridRecommender: Fusing similarity matrices...
TripleIntegratedHierarchicalHybridRecommender: Similarity fusion complete. Final score combination with gamma=0.08333957320946346.
EvaluatorHoldout: Processed 27062 (100.0%) in 12.00 sec. Users per second: 2254
TripleIntegratedHierarchicalHybridRecommender: Fusing similarity matrices...
TripleIntegratedHierarchicalHybridRecommender: Similarity fusion complete. Final score combination with gamma=0.08333957320946346.
EvaluatorHoldout: Processed 27050 (100.0%) in 12.00 sec. Users per second: 2255
[I 2025-12-28 04:54:49,081] Trial 78 finished with value: 0.28663312104542593 and parameters: {'alpha': 0.26587786406087704, 'beta': 0.5444306874962875, 'gamma': 0.08333957320946346}. Best is trial 61 with value: 0.2913748713901499.
[0.28814865226774095, 0.2852792953987173, 0.28586425632546625, 0.2862289547109097, 0.28764444652429544]
TripleIntegratedHierarchicalHybridRecommender: Fusing similarity matrices...
TripleIntegratedHierarchicalHybridRecommender: Similarity fusion complete. Final score combination with gamma=0.14234014432276373.
EvaluatorHoldout: Processed 27064 (100.0%) in 11.99 sec. Users per second: 2258
TripleIntegratedHierarchicalHybridRecommender: Fusing similarity matrices...
TripleIntegratedHierarchicalHybridRecommender: Similarity fusion complete. Final score combination with gamma=0.14234014432276373.
EvaluatorHoldout: Processed 27061 (100.0%) in 12.03 sec. Users per second: 2250
TripleIntegratedHierarchicalHybridRecommender: Fusing similarity matrices...
TripleIntegratedHierarchicalHybridRecommender: Similarity fusion complete. Final score combination with gamma=0.14234014432276373.
EvaluatorHoldout: Processed 27051 (100.0%) in 11.99 sec. Users per second: 2256
TripleIntegratedHierarchicalHybridRecommender: Fusing similarity matrices...
TripleIntegratedHierarchicalHybridRecommender: Similarity fusion complete. Final score combination with gamma=0.14234014432276373.
EvaluatorHoldout: Processed 27062 (100.0%) in 11.99 sec. Users per second: 2257
TripleIntegratedHierarchicalHybridRecommender: Fusing similarity matrices...
TripleIntegratedHierarchicalHybridRecommender: Similarity fusion complete. Final score combination with gamma=0.14234014432276373.
EvaluatorHoldout: Processed 27050 (100.0%) in 11.99 sec. Users per second: 2255
[I 2025-12-28 04:55:51,574] Trial 79 finished with value: 0.29082400971393085 and parameters: {'alpha': 0.0865821871195363, 'beta': 0.25551921692044727, 'gamma': 0.14234014432276373}. Best is trial 61 with value: 0.2913748713901499.
[0.29209048121120923, 0.29011985687065284, 0.29034998804207585, 0.2901993850883996, 0.29136033735731687]
TripleIntegratedHierarchicalHybridRecommender: Fusing similarity matrices...
TripleIntegratedHierarchicalHybridRecommender: Similarity fusion complete. Final score combination with gamma=0.10534404408554872.
EvaluatorHoldout: Processed 27064 (100.0%) in 11.99 sec. Users per second: 2257
TripleIntegratedHierarchicalHybridRecommender: Fusing similarity matrices...
TripleIntegratedHierarchicalHybridRecommender: Similarity fusion complete. Final score combination with gamma=0.10534404408554872.
EvaluatorHoldout: Processed 27061 (100.0%) in 12.03 sec. Users per second: 2250
TripleIntegratedHierarchicalHybridRecommender: Fusing similarity matrices...
TripleIntegratedHierarchicalHybridRecommender: Similarity fusion complete. Final score combination with gamma=0.10534404408554872.
EvaluatorHoldout: Processed 27051 (100.0%) in 12.00 sec. Users per second: 2254
TripleIntegratedHierarchicalHybridRecommender: Fusing similarity matrices...
TripleIntegratedHierarchicalHybridRecommender: Similarity fusion complete. Final score combination with gamma=0.10534404408554872.
EvaluatorHoldout: Processed 27062 (100.0%) in 12.02 sec. Users per second: 2251
TripleIntegratedHierarchicalHybridRecommender: Fusing similarity matrices...
TripleIntegratedHierarchicalHybridRecommender: Similarity fusion complete. Final score combination with gamma=0.10534404408554872.
EvaluatorHoldout: Processed 27050 (100.0%) in 11.99 sec. Users per second: 2256
[I 2025-12-28 04:56:54,080] Trial 80 finished with value: 0.29133646559412635 and parameters: {'alpha': 0.13327910409604843, 'beta': 0.023652437327252106, 'gamma': 0.10534404408554872}. Best is trial 61 with value: 0.2913748713901499.
[0.2923424953865599, 0.2907248679862114, 0.2908126622020505, 0.290986115535712, 0.29181618686009814]
TripleIntegratedHierarchicalHybridRecommender: Fusing similarity matrices...
TripleIntegratedHierarchicalHybridRecommender: Similarity fusion complete. Final score combination with gamma=0.10024729199031197.
EvaluatorHoldout: Processed 27064 (100.0%) in 12.00 sec. Users per second: 2256
TripleIntegratedHierarchicalHybridRecommender: Fusing similarity matrices...
TripleIntegratedHierarchicalHybridRecommender: Similarity fusion complete. Final score combination with gamma=0.10024729199031197.
EvaluatorHoldout: Processed 27061 (100.0%) in 12.02 sec. Users per second: 2251
TripleIntegratedHierarchicalHybridRecommender: Fusing similarity matrices...
TripleIntegratedHierarchicalHybridRecommender: Similarity fusion complete. Final score combination with gamma=0.10024729199031197.
EvaluatorHoldout: Processed 27051 (100.0%) in 12.01 sec. Users per second: 2253
TripleIntegratedHierarchicalHybridRecommender: Fusing similarity matrices...
TripleIntegratedHierarchicalHybridRecommender: Similarity fusion complete. Final score combination with gamma=0.10024729199031197.
EvaluatorHoldout: Processed 27062 (100.0%) in 11.99 sec. Users per second: 2256
TripleIntegratedHierarchicalHybridRecommender: Fusing similarity matrices...
TripleIntegratedHierarchicalHybridRecommender: Similarity fusion complete. Final score combination with gamma=0.10024729199031197.
EvaluatorHoldout: Processed 27050 (100.0%) in 11.99 sec. Users per second: 2255
[I 2025-12-28 04:57:56,531] Trial 81 finished with value: 0.2912935671907232 and parameters: {'alpha': 0.1384416707729573, 'beta': 0.023282342559329313, 'gamma': 0.10024729199031197}. Best is trial 61 with value: 0.2913748713901499.
[0.29229446026633826, 0.29061248682428054, 0.290833423332155, 0.29096971825838713, 0.2917577472724552]
TripleIntegratedHierarchicalHybridRecommender: Fusing similarity matrices...
TripleIntegratedHierarchicalHybridRecommender: Similarity fusion complete. Final score combination with gamma=0.12453953351284992.
EvaluatorHoldout: Processed 27064 (100.0%) in 12.01 sec. Users per second: 2253
TripleIntegratedHierarchicalHybridRecommender: Fusing similarity matrices...
TripleIntegratedHierarchicalHybridRecommender: Similarity fusion complete. Final score combination with gamma=0.12453953351284992.
EvaluatorHoldout: Processed 27061 (100.0%) in 12.04 sec. Users per second: 2248
TripleIntegratedHierarchicalHybridRecommender: Fusing similarity matrices...
TripleIntegratedHierarchicalHybridRecommender: Similarity fusion complete. Final score combination with gamma=0.12453953351284992.
EvaluatorHoldout: Processed 27051 (100.0%) in 12.01 sec. Users per second: 2253
TripleIntegratedHierarchicalHybridRecommender: Fusing similarity matrices...
TripleIntegratedHierarchicalHybridRecommender: Similarity fusion complete. Final score combination with gamma=0.12453953351284992.
EvaluatorHoldout: Processed 27062 (100.0%) in 12.01 sec. Users per second: 2253
TripleIntegratedHierarchicalHybridRecommender: Fusing similarity matrices...
TripleIntegratedHierarchicalHybridRecommender: Similarity fusion complete. Final score combination with gamma=0.12453953351284992.
EvaluatorHoldout: Processed 27050 (100.0%) in 12.01 sec. Users per second: 2253
[I 2025-12-28 04:58:58,911] Trial 82 finished with value: 0.29152156280492453 and parameters: {'alpha': 0.13500512491273634, 'beta': 0.07723672715359675, 'gamma': 0.12453953351284992}. Best is trial 82 with value: 0.29152156280492453.
[0.2926217764088426, 0.29102469663761243, 0.2909005696115568, 0.2913326152673514, 0.29172815609925956]
TripleIntegratedHierarchicalHybridRecommender: Fusing similarity matrices...
TripleIntegratedHierarchicalHybridRecommender: Similarity fusion complete. Final score combination with gamma=0.10543970926999005.
EvaluatorHoldout: Processed 27064 (100.0%) in 12.00 sec. Users per second: 2255
TripleIntegratedHierarchicalHybridRecommender: Fusing similarity matrices...
TripleIntegratedHierarchicalHybridRecommender: Similarity fusion complete. Final score combination with gamma=0.10543970926999005.
EvaluatorHoldout: Processed 27061 (100.0%) in 12.03 sec. Users per second: 2250
TripleIntegratedHierarchicalHybridRecommender: Fusing similarity matrices...
TripleIntegratedHierarchicalHybridRecommender: Similarity fusion complete. Final score combination with gamma=0.10543970926999005.
EvaluatorHoldout: Processed 27051 (100.0%) in 12.01 sec. Users per second: 2253
TripleIntegratedHierarchicalHybridRecommender: Fusing similarity matrices...
TripleIntegratedHierarchicalHybridRecommender: Similarity fusion complete. Final score combination with gamma=0.10543970926999005.
EvaluatorHoldout: Processed 27062 (100.0%) in 12.01 sec. Users per second: 2253
TripleIntegratedHierarchicalHybridRecommender: Fusing similarity matrices...
TripleIntegratedHierarchicalHybridRecommender: Similarity fusion complete. Final score combination with gamma=0.10543970926999005.
EvaluatorHoldout: Processed 27050 (100.0%) in 12.02 sec. Users per second: 2251
