[I 2025-12-28 05:12:29,539] Trial 95 finished with value: 0.29144140804948593 and parameters: {'alpha': 0.15984807524345615, 'beta': 3.137485867743539e-05, 'gamma': 0.11880647285682691}. Best is trial 82 with value: 0.29152156280492453.
[0.2924453934388558, 0.29080720946650473, 0.2909019419383785, 0.2913830012212625, 0.29166949418242816]
TripleIntegratedHierarchicalHybridRecommender: Fusing similarity matrices...
TripleIntegratedHierarchicalHybridRecommender: Similarity fusion complete. Final score combination with gamma=0.18045933520714993.
EvaluatorHoldout: Processed 27064 (100.0%) in 12.00 sec. Users per second: 2255
TripleIntegratedHierarchicalHybridRecommender: Fusing similarity matrices...
TripleIntegratedHierarchicalHybridRecommender: Similarity fusion complete. Final score combination with gamma=0.18045933520714993.
EvaluatorHoldout: Processed 27061 (100.0%) in 12.02 sec. Users per second: 2251
TripleIntegratedHierarchicalHybridRecommender: Fusing similarity matrices...
TripleIntegratedHierarchicalHybridRecommender: Similarity fusion complete. Final score combination with gamma=0.18045933520714993.
EvaluatorHoldout: Processed 27051 (100.0%) in 12.03 sec. Users per second: 2248
TripleIntegratedHierarchicalHybridRecommender: Fusing similarity matrices...
TripleIntegratedHierarchicalHybridRecommender: Similarity fusion complete. Final score combination with gamma=0.18045933520714993.
EvaluatorHoldout: Processed 27062 (100.0%) in 12.00 sec. Users per second: 2255
TripleIntegratedHierarchicalHybridRecommender: Fusing similarity matrices...
TripleIntegratedHierarchicalHybridRecommender: Similarity fusion complete. Final score combination with gamma=0.18045933520714993.
EvaluatorHoldout: Processed 27050 (100.0%) in 12.00 sec. Users per second: 2254
[I 2025-12-28 05:13:32,021] Trial 96 finished with value: 0.29092063696270937 and parameters: {'alpha': 0.1843200737288026, 'beta': 0.04787907580168582, 'gamma': 0.18045933520714993}. Best is trial 82 with value: 0.29152156280492453.
[0.2918662045088571, 0.29034665489523503, 0.29024899743978544, 0.2907318556076881, 0.29140947236198117]
TripleIntegratedHierarchicalHybridRecommender: Fusing similarity matrices...
TripleIntegratedHierarchicalHybridRecommender: Similarity fusion complete. Final score combination with gamma=0.05315060454087005.
EvaluatorHoldout: Processed 27064 (100.0%) in 12.07 sec. Users per second: 2242
TripleIntegratedHierarchicalHybridRecommender: Fusing similarity matrices...
TripleIntegratedHierarchicalHybridRecommender: Similarity fusion complete. Final score combination with gamma=0.05315060454087005.
EvaluatorHoldout: Processed 27061 (100.0%) in 12.06 sec. Users per second: 2244
TripleIntegratedHierarchicalHybridRecommender: Fusing similarity matrices...
TripleIntegratedHierarchicalHybridRecommender: Similarity fusion complete. Final score combination with gamma=0.05315060454087005.
EvaluatorHoldout: Processed 27051 (100.0%) in 12.06 sec. Users per second: 2243
TripleIntegratedHierarchicalHybridRecommender: Fusing similarity matrices...
TripleIntegratedHierarchicalHybridRecommender: Similarity fusion complete. Final score combination with gamma=0.05315060454087005.
EvaluatorHoldout: Processed 27062 (100.0%) in 12.03 sec. Users per second: 2250
TripleIntegratedHierarchicalHybridRecommender: Fusing similarity matrices...
TripleIntegratedHierarchicalHybridRecommender: Similarity fusion complete. Final score combination with gamma=0.05315060454087005.
EvaluatorHoldout: Processed 27050 (100.0%) in 12.01 sec. Users per second: 2252
[I 2025-12-28 05:14:34,741] Trial 97 finished with value: 0.2903894660681885 and parameters: {'alpha': 0.16432928583324072, 'beta': 0.0005249445403873433, 'gamma': 0.05315060454087005}. Best is trial 82 with value: 0.29152156280492453.
[0.2912055549499832, 0.289375324740715, 0.2900061499508687, 0.29015255553427466, 0.29120774516510095]
TripleIntegratedHierarchicalHybridRecommender: Fusing similarity matrices...
TripleIntegratedHierarchicalHybridRecommender: Similarity fusion complete. Final score combination with gamma=0.11854230636434408.
EvaluatorHoldout: Processed 27064 (100.0%) in 11.99 sec. Users per second: 2258
TripleIntegratedHierarchicalHybridRecommender: Fusing similarity matrices...
TripleIntegratedHierarchicalHybridRecommender: Similarity fusion complete. Final score combination with gamma=0.11854230636434408.
EvaluatorHoldout: Processed 27061 (100.0%) in 12.05 sec. Users per second: 2245
TripleIntegratedHierarchicalHybridRecommender: Fusing similarity matrices...
TripleIntegratedHierarchicalHybridRecommender: Similarity fusion complete. Final score combination with gamma=0.11854230636434408.
EvaluatorHoldout: Processed 27051 (100.0%) in 12.04 sec. Users per second: 2247
TripleIntegratedHierarchicalHybridRecommender: Fusing similarity matrices...
TripleIntegratedHierarchicalHybridRecommender: Similarity fusion complete. Final score combination with gamma=0.11854230636434408.
EvaluatorHoldout: Processed 27062 (100.0%) in 12.01 sec. Users per second: 2254
TripleIntegratedHierarchicalHybridRecommender: Fusing similarity matrices...
TripleIntegratedHierarchicalHybridRecommender: Similarity fusion complete. Final score combination with gamma=0.11854230636434408.
EvaluatorHoldout: Processed 27050 (100.0%) in 12.00 sec. Users per second: 2254
[I 2025-12-28 05:15:37,373] Trial 98 finished with value: 0.29142634700934594 and parameters: {'alpha': 0.24503959498743422, 'beta': 0.13348502060162126, 'gamma': 0.11854230636434408}. Best is trial 82 with value: 0.29152156280492453.
[0.29248688731734307, 0.29073478616101206, 0.2909857088566736, 0.29127754188765426, 0.2916468108240466]
TripleIntegratedHierarchicalHybridRecommender: Fusing similarity matrices...
TripleIntegratedHierarchicalHybridRecommender: Similarity fusion complete. Final score combination with gamma=0.004612716215828039.
EvaluatorHoldout: Processed 27064 (100.0%) in 12.00 sec. Users per second: 2256
TripleIntegratedHierarchicalHybridRecommender: Fusing similarity matrices...
TripleIntegratedHierarchicalHybridRecommender: Similarity fusion complete. Final score combination with gamma=0.004612716215828039.
EvaluatorHoldout: Processed 27061 (100.0%) in 12.13 sec. Users per second: 2231
TripleIntegratedHierarchicalHybridRecommender: Fusing similarity matrices...
TripleIntegratedHierarchicalHybridRecommender: Similarity fusion complete. Final score combination with gamma=0.004612716215828039.
EvaluatorHoldout: Processed 27051 (100.0%) in 12.08 sec. Users per second: 2240
TripleIntegratedHierarchicalHybridRecommender: Fusing similarity matrices...
TripleIntegratedHierarchicalHybridRecommender: Similarity fusion complete. Final score combination with gamma=0.004612716215828039.
EvaluatorHoldout: Processed 27062 (100.0%) in 12.05 sec. Users per second: 2246
TripleIntegratedHierarchicalHybridRecommender: Fusing similarity matrices...
TripleIntegratedHierarchicalHybridRecommender: Similarity fusion complete. Final score combination with gamma=0.004612716215828039.
EvaluatorHoldout: Processed 27050 (100.0%) in 12.10 sec. Users per second: 2235
[I 2025-12-28 05:16:39,976] Trial 99 finished with value: 0.28929542641562167 and parameters: {'alpha': 0.24677657863214003, 'beta': 0.13063697585028744, 'gamma': 0.004612716215828039}. Best is trial 82 with value: 0.29152156280492453.
[0.28998546770687433, 0.2884246865315937, 0.28926560953912733, 0.28885870130028346, 0.2899426670002296]
TripleIntegratedHierarchicalHybridRecommender: Fusing similarity matrices...
TripleIntegratedHierarchicalHybridRecommender: Similarity fusion complete. Final score combination with gamma=0.12002438164556542.
EvaluatorHoldout: Processed 27064 (100.0%) in 12.00 sec. Users per second: 2255
TripleIntegratedHierarchicalHybridRecommender: Fusing similarity matrices...
TripleIntegratedHierarchicalHybridRecommender: Similarity fusion complete. Final score combination with gamma=0.12002438164556542.
EvaluatorHoldout: Processed 27061 (100.0%) in 12.06 sec. Users per second: 2244
TripleIntegratedHierarchicalHybridRecommender: Fusing similarity matrices...
TripleIntegratedHierarchicalHybridRecommender: Similarity fusion complete. Final score combination with gamma=0.12002438164556542.
EvaluatorHoldout: Processed 27051 (100.0%) in 12.02 sec. Users per second: 2250
TripleIntegratedHierarchicalHybridRecommender: Fusing similarity matrices...
TripleIntegratedHierarchicalHybridRecommender: Similarity fusion complete. Final score combination with gamma=0.12002438164556542.
EvaluatorHoldout: Processed 27062 (100.0%) in 12.01 sec. Users per second: 2253
TripleIntegratedHierarchicalHybridRecommender: Fusing similarity matrices...
TripleIntegratedHierarchicalHybridRecommender: Similarity fusion complete. Final score combination with gamma=0.12002438164556542.
EvaluatorHoldout: Processed 27050 (100.0%) in 12.00 sec. Users per second: 2255
[I 2025-12-28 05:17:42,523] Trial 100 finished with value: 0.29139472960831886 and parameters: {'alpha': 0.26897475563742324, 'beta': 0.10115832048709154, 'gamma': 0.12002438164556542}. Best is trial 82 with value: 0.29152156280492453.
[0.292485282994123, 0.29065599897621264, 0.2909067976036658, 0.29137750793927003, 0.29154806052832266]
TripleIntegratedHierarchicalHybridRecommender: Fusing similarity matrices...
TripleIntegratedHierarchicalHybridRecommender: Similarity fusion complete. Final score combination with gamma=0.11952193951018669.
EvaluatorHoldout: Processed 27064 (100.0%) in 12.00 sec. Users per second: 2256
TripleIntegratedHierarchicalHybridRecommender: Fusing similarity matrices...
TripleIntegratedHierarchicalHybridRecommender: Similarity fusion complete. Final score combination with gamma=0.11952193951018669.
EvaluatorHoldout: Processed 27061 (100.0%) in 12.06 sec. Users per second: 2243
TripleIntegratedHierarchicalHybridRecommender: Fusing similarity matrices...
TripleIntegratedHierarchicalHybridRecommender: Similarity fusion complete. Final score combination with gamma=0.11952193951018669.
EvaluatorHoldout: Processed 27051 (100.0%) in 12.02 sec. Users per second: 2251
TripleIntegratedHierarchicalHybridRecommender: Fusing similarity matrices...
TripleIntegratedHierarchicalHybridRecommender: Similarity fusion complete. Final score combination with gamma=0.11952193951018669.
EvaluatorHoldout: Processed 27062 (100.0%) in 12.03 sec. Users per second: 2250
TripleIntegratedHierarchicalHybridRecommender: Fusing similarity matrices...
TripleIntegratedHierarchicalHybridRecommender: Similarity fusion complete. Final score combination with gamma=0.11952193951018669.
EvaluatorHoldout: Processed 27050 (100.0%) in 12.00 sec. Users per second: 2254
[I 2025-12-28 05:18:44,911] Trial 101 finished with value: 0.29146002995434445 and parameters: {'alpha': 0.2731653366854918, 'beta': 0.09152281111882687, 'gamma': 0.11952193951018669}. Best is trial 82 with value: 0.29152156280492453.
[0.29250067766526544, 0.29077129007699426, 0.29100342084980896, 0.2914476968939858, 0.2915770642856676]
TripleIntegratedHierarchicalHybridRecommender: Fusing similarity matrices...
TripleIntegratedHierarchicalHybridRecommender: Similarity fusion complete. Final score combination with gamma=0.11977175356237109.
EvaluatorHoldout: Processed 27064 (100.0%) in 12.00 sec. Users per second: 2255
TripleIntegratedHierarchicalHybridRecommender: Fusing similarity matrices...
TripleIntegratedHierarchicalHybridRecommender: Similarity fusion complete. Final score combination with gamma=0.11977175356237109.
EvaluatorHoldout: Processed 27061 (100.0%) in 12.05 sec. Users per second: 2246
TripleIntegratedHierarchicalHybridRecommender: Fusing similarity matrices...
TripleIntegratedHierarchicalHybridRecommender: Similarity fusion complete. Final score combination with gamma=0.11977175356237109.
EvaluatorHoldout: Processed 27051 (100.0%) in 12.02 sec. Users per second: 2251
TripleIntegratedHierarchicalHybridRecommender: Fusing similarity matrices...
TripleIntegratedHierarchicalHybridRecommender: Similarity fusion complete. Final score combination with gamma=0.11977175356237109.
EvaluatorHoldout: Processed 27062 (100.0%) in 12.03 sec. Users per second: 2250
TripleIntegratedHierarchicalHybridRecommender: Fusing similarity matrices...
TripleIntegratedHierarchicalHybridRecommender: Similarity fusion complete. Final score combination with gamma=0.11977175356237109.
EvaluatorHoldout: Processed 27050 (100.0%) in 12.01 sec. Users per second: 2253
[I 2025-12-28 05:19:47,538] Trial 102 finished with value: 0.2913445170053857 and parameters: {'alpha': 0.2879349880916823, 'beta': 0.10280956658435556, 'gamma': 0.11977175356237109}. Best is trial 82 with value: 0.29152156280492453.
[0.29240160786987895, 0.29055126215193666, 0.29084944275628855, 0.29131242177584166, 0.29160785047298277]
TripleIntegratedHierarchicalHybridRecommender: Fusing similarity matrices...
TripleIntegratedHierarchicalHybridRecommender: Similarity fusion complete. Final score combination with gamma=0.12753236466989215.
EvaluatorHoldout: Processed 27064 (100.0%) in 12.01 sec. Users per second: 2254
TripleIntegratedHierarchicalHybridRecommender: Fusing similarity matrices...
TripleIntegratedHierarchicalHybridRecommender: Similarity fusion complete. Final score combination with gamma=0.12753236466989215.
EvaluatorHoldout: Processed 27061 (100.0%) in 12.06 sec. Users per second: 2244
TripleIntegratedHierarchicalHybridRecommender: Fusing similarity matrices...
TripleIntegratedHierarchicalHybridRecommender: Similarity fusion complete. Final score combination with gamma=0.12753236466989215.
EvaluatorHoldout: Processed 27051 (100.0%) in 12.02 sec. Users per second: 2250
TripleIntegratedHierarchicalHybridRecommender: Fusing similarity matrices...
TripleIntegratedHierarchicalHybridRecommender: Similarity fusion complete. Final score combination with gamma=0.12753236466989215.
EvaluatorHoldout: Processed 27062 (100.0%) in 12.01 sec. Users per second: 2253
TripleIntegratedHierarchicalHybridRecommender: Fusing similarity matrices...
TripleIntegratedHierarchicalHybridRecommender: Similarity fusion complete. Final score combination with gamma=0.12753236466989215.
EvaluatorHoldout: Processed 27050 (100.0%) in 12.00 sec. Users per second: 2254
[I 2025-12-28 05:20:50,076] Trial 103 finished with value: 0.2913482039440306 and parameters: {'alpha': 0.25958524791828946, 'beta': 0.12409686960522796, 'gamma': 0.12753236466989215}. Best is trial 82 with value: 0.29152156280492453.
[0.2924283276417484, 0.29063119429984663, 0.290912802611319, 0.2911566707801744, 0.2916120243870644]
TripleIntegratedHierarchicalHybridRecommender: Fusing similarity matrices...
TripleIntegratedHierarchicalHybridRecommender: Similarity fusion complete. Final score combination with gamma=0.04452256472123496.
EvaluatorHoldout: Processed 27064 (100.0%) in 12.02 sec. Users per second: 2251
TripleIntegratedHierarchicalHybridRecommender: Fusing similarity matrices...
TripleIntegratedHierarchicalHybridRecommender: Similarity fusion complete. Final score combination with gamma=0.04452256472123496.
EvaluatorHoldout: Processed 27061 (100.0%) in 12.06 sec. Users per second: 2243
TripleIntegratedHierarchicalHybridRecommender: Fusing similarity matrices...
TripleIntegratedHierarchicalHybridRecommender: Similarity fusion complete. Final score combination with gamma=0.04452256472123496.
EvaluatorHoldout: Processed 27051 (100.0%) in 12.05 sec. Users per second: 2245
TripleIntegratedHierarchicalHybridRecommender: Fusing similarity matrices...
TripleIntegratedHierarchicalHybridRecommender: Similarity fusion complete. Final score combination with gamma=0.04452256472123496.
EvaluatorHoldout: Processed 27062 (100.0%) in 12.03 sec. Users per second: 2250
TripleIntegratedHierarchicalHybridRecommender: Fusing similarity matrices...
TripleIntegratedHierarchicalHybridRecommender: Similarity fusion complete. Final score combination with gamma=0.04452256472123496.
EvaluatorHoldout: Processed 27050 (100.0%) in 12.02 sec. Users per second: 2251
[I 2025-12-28 05:21:52,403] Trial 104 finished with value: 0.2904584108024308 and parameters: {'alpha': 0.22176898660280764, 'beta': 0.06316585363882603, 'gamma': 0.04452256472123496}. Best is trial 82 with value: 0.29152156280492453.
[0.2912292596915431, 0.2894121102904062, 0.29024789266812795, 0.2902455853000978, 0.2911572060619789]
TripleIntegratedHierarchicalHybridRecommender: Fusing similarity matrices...
TripleIntegratedHierarchicalHybridRecommender: Similarity fusion complete. Final score combination with gamma=0.16719086543836265.
EvaluatorHoldout: Processed 27064 (100.0%) in 12.00 sec. Users per second: 2255
TripleIntegratedHierarchicalHybridRecommender: Fusing similarity matrices...
TripleIntegratedHierarchicalHybridRecommender: Similarity fusion complete. Final score combination with gamma=0.16719086543836265.
EvaluatorHoldout: Processed 27061 (100.0%) in 12.03 sec. Users per second: 2250
TripleIntegratedHierarchicalHybridRecommender: Fusing similarity matrices...
TripleIntegratedHierarchicalHybridRecommender: Similarity fusion complete. Final score combination with gamma=0.16719086543836265.
EvaluatorHoldout: Processed 27051 (100.0%) in 12.01 sec. Users per second: 2252
TripleIntegratedHierarchicalHybridRecommender: Fusing similarity matrices...
TripleIntegratedHierarchicalHybridRecommender: Similarity fusion complete. Final score combination with gamma=0.16719086543836265.
EvaluatorHoldout: Processed 27062 (100.0%) in 12.01 sec. Users per second: 2253
TripleIntegratedHierarchicalHybridRecommender: Fusing similarity matrices...
TripleIntegratedHierarchicalHybridRecommender: Similarity fusion complete. Final score combination with gamma=0.16719086543836265.
EvaluatorHoldout: Processed 27050 (100.0%) in 12.02 sec. Users per second: 2251
[I 2025-12-28 05:22:54,954] Trial 105 finished with value: 0.29074042389200494 and parameters: {'alpha': 0.27516093517153, 'beta': 0.08498768282376684, 'gamma': 0.16719086543836265}. Best is trial 82 with value: 0.29152156280492453.
[0.2916545589662377, 0.29009083748522824, 0.29028365380961607, 0.29059542936042804, 0.29107763983851465]
TripleIntegratedHierarchicalHybridRecommender: Fusing similarity matrices...
TripleIntegratedHierarchicalHybridRecommender: Similarity fusion complete. Final score combination with gamma=0.21570357852147312.
EvaluatorHoldout: Processed 27064 (100.0%) in 12.01 sec. Users per second: 2254
TripleIntegratedHierarchicalHybridRecommender: Fusing similarity matrices...
TripleIntegratedHierarchicalHybridRecommender: Similarity fusion complete. Final score combination with gamma=0.21570357852147312.
EvaluatorHoldout: Processed 27061 (100.0%) in 12.03 sec. Users per second: 2250
TripleIntegratedHierarchicalHybridRecommender: Fusing similarity matrices...
TripleIntegratedHierarchicalHybridRecommender: Similarity fusion complete. Final score combination with gamma=0.21570357852147312.
EvaluatorHoldout: Processed 27051 (100.0%) in 12.01 sec. Users per second: 2252
TripleIntegratedHierarchicalHybridRecommender: Fusing similarity matrices...
TripleIntegratedHierarchicalHybridRecommender: Similarity fusion complete. Final score combination with gamma=0.21570357852147312.
EvaluatorHoldout: Processed 27062 (100.0%) in 12.01 sec. Users per second: 2254
TripleIntegratedHierarchicalHybridRecommender: Fusing similarity matrices...
TripleIntegratedHierarchicalHybridRecommender: Similarity fusion complete. Final score combination with gamma=0.21570357852147312.
EvaluatorHoldout: Processed 27050 (100.0%) in 12.01 sec. Users per second: 2253
[I 2025-12-28 05:23:57,488] Trial 106 finished with value: 0.2900436130595637 and parameters: {'alpha': 0.16231201245081073, 'beta': 0.09480670491634047, 'gamma': 0.21570357852147312}. Best is trial 82 with value: 0.29152156280492453.
[0.29098940370009113, 0.289458950199675, 0.2894044972100214, 0.28993220789199076, 0.29043300629604013]
TripleIntegratedHierarchicalHybridRecommender: Fusing similarity matrices...
TripleIntegratedHierarchicalHybridRecommender: Similarity fusion complete. Final score combination with gamma=0.06591300803488674.
EvaluatorHoldout: Processed 27064 (100.0%) in 12.01 sec. Users per second: 2254
TripleIntegratedHierarchicalHybridRecommender: Fusing similarity matrices...
TripleIntegratedHierarchicalHybridRecommender: Similarity fusion complete. Final score combination with gamma=0.06591300803488674.
EvaluatorHoldout: Processed 27061 (100.0%) in 12.05 sec. Users per second: 2246
TripleIntegratedHierarchicalHybridRecommender: Fusing similarity matrices...
TripleIntegratedHierarchicalHybridRecommender: Similarity fusion complete. Final score combination with gamma=0.06591300803488674.
EvaluatorHoldout: Processed 27051 (100.0%) in 12.05 sec. Users per second: 2244
TripleIntegratedHierarchicalHybridRecommender: Fusing similarity matrices...
TripleIntegratedHierarchicalHybridRecommender: Similarity fusion complete. Final score combination with gamma=0.06591300803488674.
EvaluatorHoldout: Processed 27062 (100.0%) in 12.03 sec. Users per second: 2249
TripleIntegratedHierarchicalHybridRecommender: Fusing similarity matrices...
TripleIntegratedHierarchicalHybridRecommender: Similarity fusion complete. Final score combination with gamma=0.06591300803488674.
EvaluatorHoldout: Processed 27050 (100.0%) in 12.02 sec. Users per second: 2250
