[I 2025-12-28 04:22:27,106] Trial 47 finished with value: 0.2898711574576661 and parameters: {'alpha': 0.2379731895053003, 'beta': 0.2641566001090962, 'gamma': 0.17035409875092022}. Best is trial 37 with value: 0.2911012982237904.
[0.29099302062808025, 0.2890768994945769, 0.2893921644817199, 0.28952444480056844, 0.29036925788338513]
TripleIntegratedHierarchicalHybridRecommender: Fusing similarity matrices...
TripleIntegratedHierarchicalHybridRecommender: Similarity fusion complete. Final score combination with gamma=0.05481280854333692.
EvaluatorHoldout: Processed 27064 (100.0%) in 12.02 sec. Users per second: 2252
TripleIntegratedHierarchicalHybridRecommender: Fusing similarity matrices...
TripleIntegratedHierarchicalHybridRecommender: Similarity fusion complete. Final score combination with gamma=0.05481280854333692.
EvaluatorHoldout: Processed 27061 (100.0%) in 12.06 sec. Users per second: 2245
TripleIntegratedHierarchicalHybridRecommender: Fusing similarity matrices...
TripleIntegratedHierarchicalHybridRecommender: Similarity fusion complete. Final score combination with gamma=0.05481280854333692.
EvaluatorHoldout: Processed 27051 (100.0%) in 12.06 sec. Users per second: 2242
TripleIntegratedHierarchicalHybridRecommender: Fusing similarity matrices...
TripleIntegratedHierarchicalHybridRecommender: Similarity fusion complete. Final score combination with gamma=0.05481280854333692.
EvaluatorHoldout: Processed 27062 (100.0%) in 12.04 sec. Users per second: 2249
TripleIntegratedHierarchicalHybridRecommender: Fusing similarity matrices...
TripleIntegratedHierarchicalHybridRecommender: Similarity fusion complete. Final score combination with gamma=0.05481280854333692.
EvaluatorHoldout: Processed 27050 (100.0%) in 12.04 sec. Users per second: 2247
[I 2025-12-28 04:23:29,822] Trial 48 finished with value: 0.28947207203843534 and parameters: {'alpha': 0.2968176046205723, 'beta': 0.3485755534276209, 'gamma': 0.05481280854333692}. Best is trial 37 with value: 0.2911012982237904.
[0.29067208757019314, 0.2885005588503598, 0.2887295843135403, 0.2891141863498383, 0.29034394310824513]
TripleIntegratedHierarchicalHybridRecommender: Fusing similarity matrices...
TripleIntegratedHierarchicalHybridRecommender: Similarity fusion complete. Final score combination with gamma=0.9194368347626783.
EvaluatorHoldout: Processed 27064 (100.0%) in 12.02 sec. Users per second: 2252
TripleIntegratedHierarchicalHybridRecommender: Fusing similarity matrices...
TripleIntegratedHierarchicalHybridRecommender: Similarity fusion complete. Final score combination with gamma=0.9194368347626783.
EvaluatorHoldout: Processed 27061 (100.0%) in 12.05 sec. Users per second: 2246
TripleIntegratedHierarchicalHybridRecommender: Fusing similarity matrices...
TripleIntegratedHierarchicalHybridRecommender: Similarity fusion complete. Final score combination with gamma=0.9194368347626783.
EvaluatorHoldout: Processed 27051 (100.0%) in 12.02 sec. Users per second: 2250
TripleIntegratedHierarchicalHybridRecommender: Fusing similarity matrices...
TripleIntegratedHierarchicalHybridRecommender: Similarity fusion complete. Final score combination with gamma=0.9194368347626783.
EvaluatorHoldout: Processed 27062 (100.0%) in 11.98 sec. Users per second: 2259
TripleIntegratedHierarchicalHybridRecommender: Fusing similarity matrices...
TripleIntegratedHierarchicalHybridRecommender: Similarity fusion complete. Final score combination with gamma=0.9194368347626783.
EvaluatorHoldout: Processed 27050 (100.0%) in 11.98 sec. Users per second: 2258
[I 2025-12-28 04:24:32,418] Trial 49 finished with value: 0.2503045963661818 and parameters: {'alpha': 0.3173944148738892, 'beta': 0.17169530150555515, 'gamma': 0.9194368347626783}. Best is trial 37 with value: 0.2911012982237904.
[0.2519712045282538, 0.25000963213450983, 0.25020417976360415, 0.2497437628026719, 0.24959420260186943]
TripleIntegratedHierarchicalHybridRecommender: Fusing similarity matrices...
TripleIntegratedHierarchicalHybridRecommender: Similarity fusion complete. Final score combination with gamma=0.3775626652901918.
EvaluatorHoldout: Processed 27064 (100.0%) in 11.97 sec. Users per second: 2260
TripleIntegratedHierarchicalHybridRecommender: Fusing similarity matrices...
TripleIntegratedHierarchicalHybridRecommender: Similarity fusion complete. Final score combination with gamma=0.3775626652901918.
EvaluatorHoldout: Processed 27061 (100.0%) in 12.06 sec. Users per second: 2244
TripleIntegratedHierarchicalHybridRecommender: Fusing similarity matrices...
TripleIntegratedHierarchicalHybridRecommender: Similarity fusion complete. Final score combination with gamma=0.3775626652901918.
EvaluatorHoldout: Processed 27051 (100.0%) in 12.05 sec. Users per second: 2244
TripleIntegratedHierarchicalHybridRecommender: Fusing similarity matrices...
TripleIntegratedHierarchicalHybridRecommender: Similarity fusion complete. Final score combination with gamma=0.3775626652901918.
EvaluatorHoldout: Processed 27062 (100.0%) in 11.99 sec. Users per second: 2257
TripleIntegratedHierarchicalHybridRecommender: Fusing similarity matrices...
TripleIntegratedHierarchicalHybridRecommender: Similarity fusion complete. Final score combination with gamma=0.3775626652901918.
EvaluatorHoldout: Processed 27050 (100.0%) in 12.02 sec. Users per second: 2251
[I 2025-12-28 04:25:34,980] Trial 50 finished with value: 0.276148612514154 and parameters: {'alpha': 0.979096418609177, 'beta': 0.05683469414461367, 'gamma': 0.3775626652901918}. Best is trial 37 with value: 0.2911012982237904.
[0.27718258092880893, 0.27579413204765674, 0.27589160264130086, 0.27625603226806517, 0.27561871468493854]
TripleIntegratedHierarchicalHybridRecommender: Fusing similarity matrices...
TripleIntegratedHierarchicalHybridRecommender: Similarity fusion complete. Final score combination with gamma=0.04079155654598528.
EvaluatorHoldout: Processed 27064 (100.0%) in 12.02 sec. Users per second: 2252
TripleIntegratedHierarchicalHybridRecommender: Fusing similarity matrices...
TripleIntegratedHierarchicalHybridRecommender: Similarity fusion complete. Final score combination with gamma=0.04079155654598528.
EvaluatorHoldout: Processed 27061 (100.0%) in 12.08 sec. Users per second: 2240
TripleIntegratedHierarchicalHybridRecommender: Fusing similarity matrices...
TripleIntegratedHierarchicalHybridRecommender: Similarity fusion complete. Final score combination with gamma=0.04079155654598528.
EvaluatorHoldout: Processed 27051 (100.0%) in 12.07 sec. Users per second: 2240
TripleIntegratedHierarchicalHybridRecommender: Fusing similarity matrices...
TripleIntegratedHierarchicalHybridRecommender: Similarity fusion complete. Final score combination with gamma=0.04079155654598528.
EvaluatorHoldout: Processed 27062 (100.0%) in 12.04 sec. Users per second: 2249
TripleIntegratedHierarchicalHybridRecommender: Fusing similarity matrices...
TripleIntegratedHierarchicalHybridRecommender: Similarity fusion complete. Final score combination with gamma=0.04079155654598528.
EvaluatorHoldout: Processed 27050 (100.0%) in 12.02 sec. Users per second: 2250
[I 2025-12-28 04:26:37,694] Trial 51 finished with value: 0.2903845606651124 and parameters: {'alpha': 0.25415682404267514, 'beta': 0.11474662733217512, 'gamma': 0.04079155654598528}. Best is trial 37 with value: 0.2911012982237904.
[0.2912377236861611, 0.2894766674508688, 0.290123203297254, 0.290074814930887, 0.29101039396039113]
TripleIntegratedHierarchicalHybridRecommender: Fusing similarity matrices...
TripleIntegratedHierarchicalHybridRecommender: Similarity fusion complete. Final score combination with gamma=0.12406419256085854.
EvaluatorHoldout: Processed 27064 (100.0%) in 12.00 sec. Users per second: 2256
TripleIntegratedHierarchicalHybridRecommender: Fusing similarity matrices...
TripleIntegratedHierarchicalHybridRecommender: Similarity fusion complete. Final score combination with gamma=0.12406419256085854.
EvaluatorHoldout: Processed 27061 (100.0%) in 12.08 sec. Users per second: 2240
TripleIntegratedHierarchicalHybridRecommender: Fusing similarity matrices...
TripleIntegratedHierarchicalHybridRecommender: Similarity fusion complete. Final score combination with gamma=0.12406419256085854.
EvaluatorHoldout: Processed 27051 (100.0%) in 12.07 sec. Users per second: 2242
TripleIntegratedHierarchicalHybridRecommender: Fusing similarity matrices...
TripleIntegratedHierarchicalHybridRecommender: Similarity fusion complete. Final score combination with gamma=0.12406419256085854.
EvaluatorHoldout: Processed 27062 (100.0%) in 12.06 sec. Users per second: 2243
TripleIntegratedHierarchicalHybridRecommender: Fusing similarity matrices...
TripleIntegratedHierarchicalHybridRecommender: Similarity fusion complete. Final score combination with gamma=0.12406419256085854.
EvaluatorHoldout: Processed 27050 (100.0%) in 12.04 sec. Users per second: 2247
[I 2025-12-28 04:27:40,477] Trial 52 finished with value: 0.2863599970959593 and parameters: {'alpha': 0.8584635874029992, 'beta': 0.09289138270911551, 'gamma': 0.12406419256085854}. Best is trial 37 with value: 0.2911012982237904.
[0.28741641641603166, 0.285581344527466, 0.285745745278365, 0.2861447289437503, 0.2869117503141834]
TripleIntegratedHierarchicalHybridRecommender: Fusing similarity matrices...
TripleIntegratedHierarchicalHybridRecommender: Similarity fusion complete. Final score combination with gamma=0.15832641810837203.
EvaluatorHoldout: Processed 27064 (100.0%) in 12.03 sec. Users per second: 2251
TripleIntegratedHierarchicalHybridRecommender: Fusing similarity matrices...
TripleIntegratedHierarchicalHybridRecommender: Similarity fusion complete. Final score combination with gamma=0.15832641810837203.
EvaluatorHoldout: Processed 27061 (100.0%) in 12.05 sec. Users per second: 2246
TripleIntegratedHierarchicalHybridRecommender: Fusing similarity matrices...
TripleIntegratedHierarchicalHybridRecommender: Similarity fusion complete. Final score combination with gamma=0.15832641810837203.
EvaluatorHoldout: Processed 27051 (100.0%) in 12.03 sec. Users per second: 2249
TripleIntegratedHierarchicalHybridRecommender: Fusing similarity matrices...
TripleIntegratedHierarchicalHybridRecommender: Similarity fusion complete. Final score combination with gamma=0.15832641810837203.
EvaluatorHoldout: Processed 27062 (100.0%) in 12.03 sec. Users per second: 2250
TripleIntegratedHierarchicalHybridRecommender: Fusing similarity matrices...
TripleIntegratedHierarchicalHybridRecommender: Similarity fusion complete. Final score combination with gamma=0.15832641810837203.
EvaluatorHoldout: Processed 27050 (100.0%) in 12.01 sec. Users per second: 2252
[I 2025-12-28 04:28:43,068] Trial 53 finished with value: 0.2909371675223399 and parameters: {'alpha': 0.04641240579013492, 'beta': 0.20586110329947568, 'gamma': 0.15832641810837203}. Best is trial 37 with value: 0.2911012982237904.
[0.2921579721712117, 0.2902006040662617, 0.2904475318367633, 0.29032480006511857, 0.291554929472344]
TripleIntegratedHierarchicalHybridRecommender: Fusing similarity matrices...
TripleIntegratedHierarchicalHybridRecommender: Similarity fusion complete. Final score combination with gamma=0.17239600789952333.
EvaluatorHoldout: Processed 27064 (100.0%) in 12.01 sec. Users per second: 2253
TripleIntegratedHierarchicalHybridRecommender: Fusing similarity matrices...
TripleIntegratedHierarchicalHybridRecommender: Similarity fusion complete. Final score combination with gamma=0.17239600789952333.
EvaluatorHoldout: Processed 27061 (100.0%) in 12.04 sec. Users per second: 2248
TripleIntegratedHierarchicalHybridRecommender: Fusing similarity matrices...
TripleIntegratedHierarchicalHybridRecommender: Similarity fusion complete. Final score combination with gamma=0.17239600789952333.
EvaluatorHoldout: Processed 27051 (100.0%) in 12.04 sec. Users per second: 2247
TripleIntegratedHierarchicalHybridRecommender: Fusing similarity matrices...
TripleIntegratedHierarchicalHybridRecommender: Similarity fusion complete. Final score combination with gamma=0.17239600789952333.
EvaluatorHoldout: Processed 27062 (100.0%) in 12.04 sec. Users per second: 2248
TripleIntegratedHierarchicalHybridRecommender: Fusing similarity matrices...
TripleIntegratedHierarchicalHybridRecommender: Similarity fusion complete. Final score combination with gamma=0.17239600789952333.
EvaluatorHoldout: Processed 27050 (100.0%) in 12.01 sec. Users per second: 2252
[I 2025-12-28 04:29:45,719] Trial 54 finished with value: 0.2907720072036699 and parameters: {'alpha': 0.05783833396485954, 'beta': 0.2124330431823115, 'gamma': 0.17239600789952333}. Best is trial 37 with value: 0.2911012982237904.
[0.29175812358442044, 0.29027747728755066, 0.2902858414837287, 0.2902122992934011, 0.2913262943692487]
TripleIntegratedHierarchicalHybridRecommender: Fusing similarity matrices...
TripleIntegratedHierarchicalHybridRecommender: Similarity fusion complete. Final score combination with gamma=0.04012369913225895.
EvaluatorHoldout: Processed 27064 (100.0%) in 12.02 sec. Users per second: 2252
TripleIntegratedHierarchicalHybridRecommender: Fusing similarity matrices...
TripleIntegratedHierarchicalHybridRecommender: Similarity fusion complete. Final score combination with gamma=0.04012369913225895.
EvaluatorHoldout: Processed 27061 (100.0%) in 12.10 sec. Users per second: 2236
TripleIntegratedHierarchicalHybridRecommender: Fusing similarity matrices...
TripleIntegratedHierarchicalHybridRecommender: Similarity fusion complete. Final score combination with gamma=0.04012369913225895.
EvaluatorHoldout: Processed 27051 (100.0%) in 12.06 sec. Users per second: 2242
TripleIntegratedHierarchicalHybridRecommender: Fusing similarity matrices...
TripleIntegratedHierarchicalHybridRecommender: Similarity fusion complete. Final score combination with gamma=0.04012369913225895.
EvaluatorHoldout: Processed 27062 (100.0%) in 12.06 sec. Users per second: 2244
TripleIntegratedHierarchicalHybridRecommender: Fusing similarity matrices...
TripleIntegratedHierarchicalHybridRecommender: Similarity fusion complete. Final score combination with gamma=0.04012369913225895.
EvaluatorHoldout: Processed 27050 (100.0%) in 12.02 sec. Users per second: 2250
[I 2025-12-28 04:30:48,482] Trial 55 finished with value: 0.290153617533855 and parameters: {'alpha': 0.14488855682974316, 'beta': 0.04233603036271402, 'gamma': 0.04012369913225895}. Best is trial 37 with value: 0.2911012982237904.
[0.29100543158755837, 0.28912154519207695, 0.2900384889001079, 0.28980307922341464, 0.29079954276611725]
TripleIntegratedHierarchicalHybridRecommender: Fusing similarity matrices...
TripleIntegratedHierarchicalHybridRecommender: Similarity fusion complete. Final score combination with gamma=0.5411903092748059.
EvaluatorHoldout: Processed 27064 (100.0%) in 12.01 sec. Users per second: 2253
TripleIntegratedHierarchicalHybridRecommender: Fusing similarity matrices...
TripleIntegratedHierarchicalHybridRecommender: Similarity fusion complete. Final score combination with gamma=0.5411903092748059.
EvaluatorHoldout: Processed 27061 (100.0%) in 12.02 sec. Users per second: 2251
TripleIntegratedHierarchicalHybridRecommender: Fusing similarity matrices...
TripleIntegratedHierarchicalHybridRecommender: Similarity fusion complete. Final score combination with gamma=0.5411903092748059.
EvaluatorHoldout: Processed 27051 (100.0%) in 12.00 sec. Users per second: 2254
TripleIntegratedHierarchicalHybridRecommender: Fusing similarity matrices...
TripleIntegratedHierarchicalHybridRecommender: Similarity fusion complete. Final score combination with gamma=0.5411903092748059.
EvaluatorHoldout: Processed 27062 (100.0%) in 12.03 sec. Users per second: 2249
TripleIntegratedHierarchicalHybridRecommender: Fusing similarity matrices...
TripleIntegratedHierarchicalHybridRecommender: Similarity fusion complete. Final score combination with gamma=0.5411903092748059.
EvaluatorHoldout: Processed 27050 (100.0%) in 12.00 sec. Users per second: 2255
[I 2025-12-28 04:31:51,054] Trial 56 finished with value: 0.27387693344513425 and parameters: {'alpha': 0.033796855721636904, 'beta': 0.15419629130157642, 'gamma': 0.5411903092748059}. Best is trial 37 with value: 0.2911012982237904.
[0.27505257537539596, 0.27373177628701323, 0.2735320252677236, 0.273689143114333, 0.27337914718120543]
TripleIntegratedHierarchicalHybridRecommender: Fusing similarity matrices...
TripleIntegratedHierarchicalHybridRecommender: Similarity fusion complete. Final score combination with gamma=0.28684821076485056.
EvaluatorHoldout: Processed 27064 (100.0%) in 12.03 sec. Users per second: 2250
TripleIntegratedHierarchicalHybridRecommender: Fusing similarity matrices...
TripleIntegratedHierarchicalHybridRecommender: Similarity fusion complete. Final score combination with gamma=0.28684821076485056.
EvaluatorHoldout: Processed 27061 (100.0%) in 12.02 sec. Users per second: 2252
TripleIntegratedHierarchicalHybridRecommender: Fusing similarity matrices...
TripleIntegratedHierarchicalHybridRecommender: Similarity fusion complete. Final score combination with gamma=0.28684821076485056.
EvaluatorHoldout: Processed 27051 (100.0%) in 12.01 sec. Users per second: 2252
TripleIntegratedHierarchicalHybridRecommender: Fusing similarity matrices...
TripleIntegratedHierarchicalHybridRecommender: Similarity fusion complete. Final score combination with gamma=0.28684821076485056.
EvaluatorHoldout: Processed 27062 (100.0%) in 12.01 sec. Users per second: 2253
TripleIntegratedHierarchicalHybridRecommender: Fusing similarity matrices...
TripleIntegratedHierarchicalHybridRecommender: Similarity fusion complete. Final score combination with gamma=0.28684821076485056.
EvaluatorHoldout: Processed 27050 (100.0%) in 12.00 sec. Users per second: 2255
[I 2025-12-28 04:32:53,605] Trial 57 finished with value: 0.28779941795677555 and parameters: {'alpha': 0.10763103123495987, 'beta': 0.10775802416996497, 'gamma': 0.28684821076485056}. Best is trial 37 with value: 0.2911012982237904.
[0.2890469165954036, 0.2872193425574554, 0.28688735825296935, 0.28777836464187645, 0.28806510773617294]
TripleIntegratedHierarchicalHybridRecommender: Fusing similarity matrices...
TripleIntegratedHierarchicalHybridRecommender: Similarity fusion complete. Final score combination with gamma=0.23813884531811166.
EvaluatorHoldout: Processed 27064 (100.0%) in 12.02 sec. Users per second: 2252
TripleIntegratedHierarchicalHybridRecommender: Fusing similarity matrices...
TripleIntegratedHierarchicalHybridRecommender: Similarity fusion complete. Final score combination with gamma=0.23813884531811166.
EvaluatorHoldout: Processed 27061 (100.0%) in 12.03 sec. Users per second: 2249
TripleIntegratedHierarchicalHybridRecommender: Fusing similarity matrices...
TripleIntegratedHierarchicalHybridRecommender: Similarity fusion complete. Final score combination with gamma=0.23813884531811166.
EvaluatorHoldout: Processed 27051 (100.0%) in 12.03 sec. Users per second: 2249
TripleIntegratedHierarchicalHybridRecommender: Fusing similarity matrices...
TripleIntegratedHierarchicalHybridRecommender: Similarity fusion complete. Final score combination with gamma=0.23813884531811166.
EvaluatorHoldout: Processed 27062 (100.0%) in 12.01 sec. Users per second: 2253
TripleIntegratedHierarchicalHybridRecommender: Fusing similarity matrices...
TripleIntegratedHierarchicalHybridRecommender: Similarity fusion complete. Final score combination with gamma=0.23813884531811166.
EvaluatorHoldout: Processed 27050 (100.0%) in 12.10 sec. Users per second: 2235
[I 2025-12-28 04:33:56,284] Trial 58 finished with value: 0.2882050163900835 and parameters: {'alpha': 0.1959170121364381, 'beta': 0.23523460322971682, 'gamma': 0.23813884531811166}. Best is trial 37 with value: 0.2911012982237904.
[0.2893606985297554, 0.28754140798075467, 0.2877737776782102, 0.2880210880479409, 0.28832810971375644]
TripleIntegratedHierarchicalHybridRecommender: Fusing similarity matrices...
TripleIntegratedHierarchicalHybridRecommender: Similarity fusion complete. Final score combination with gamma=0.08851579199916931.
EvaluatorHoldout: Processed 27064 (100.0%) in 12.03 sec. Users per second: 2250
TripleIntegratedHierarchicalHybridRecommender: Fusing similarity matrices...
TripleIntegratedHierarchicalHybridRecommender: Similarity fusion complete. Final score combination with gamma=0.08851579199916931.
EvaluatorHoldout: Processed 27061 (100.0%) in 12.04 sec. Users per second: 2248
TripleIntegratedHierarchicalHybridRecommender: Fusing similarity matrices...
TripleIntegratedHierarchicalHybridRecommender: Similarity fusion complete. Final score combination with gamma=0.08851579199916931.
EvaluatorHoldout: Processed 27051 (100.0%) in 12.03 sec. Users per second: 2249
TripleIntegratedHierarchicalHybridRecommender: Fusing similarity matrices...
TripleIntegratedHierarchicalHybridRecommender: Similarity fusion complete. Final score combination with gamma=0.08851579199916931.
EvaluatorHoldout: Processed 27062 (100.0%) in 12.04 sec. Users per second: 2249
TripleIntegratedHierarchicalHybridRecommender: Fusing similarity matrices...
TripleIntegratedHierarchicalHybridRecommender: Similarity fusion complete. Final score combination with gamma=0.08851579199916931.
EvaluatorHoldout: Processed 27050 (100.0%) in 12.02 sec. Users per second: 2251
