[I 2025-12-28 07:30:05,157] Trial 227 finished with value: 0.2911737833340259 and parameters: {'alpha': 0.1373916757830919, 'beta': 0.11031779243554847, 'gamma': 0.15997061290216144}. Best is trial 211 with value: 0.2915599813502045.
[0.2922070685745835, 0.2905766884155542, 0.29060974430060876, 0.290850468442743, 0.2916249469366401]
TripleIntegratedHierarchicalHybridRecommender: Fusing similarity matrices...
TripleIntegratedHierarchicalHybridRecommender: Similarity fusion complete. Final score combination with gamma=0.13241736950293387.
EvaluatorHoldout: Processed 27064 (100.0%) in 11.92 sec. Users per second: 2270
TripleIntegratedHierarchicalHybridRecommender: Fusing similarity matrices...
TripleIntegratedHierarchicalHybridRecommender: Similarity fusion complete. Final score combination with gamma=0.13241736950293387.
EvaluatorHoldout: Processed 27061 (100.0%) in 11.95 sec. Users per second: 2265
TripleIntegratedHierarchicalHybridRecommender: Fusing similarity matrices...
TripleIntegratedHierarchicalHybridRecommender: Similarity fusion complete. Final score combination with gamma=0.13241736950293387.
EvaluatorHoldout: Processed 27051 (100.0%) in 11.95 sec. Users per second: 2263
TripleIntegratedHierarchicalHybridRecommender: Fusing similarity matrices...
TripleIntegratedHierarchicalHybridRecommender: Similarity fusion complete. Final score combination with gamma=0.13241736950293387.
EvaluatorHoldout: Processed 27062 (100.0%) in 11.94 sec. Users per second: 2266
TripleIntegratedHierarchicalHybridRecommender: Fusing similarity matrices...
TripleIntegratedHierarchicalHybridRecommender: Similarity fusion complete. Final score combination with gamma=0.13241736950293387.
EvaluatorHoldout: Processed 27050 (100.0%) in 11.93 sec. Users per second: 2268
[I 2025-12-28 07:31:07,343] Trial 228 finished with value: 0.2915580910089078 and parameters: {'alpha': 0.15299947369089992, 'beta': 0.08379013292517876, 'gamma': 0.13241736950293387}. Best is trial 211 with value: 0.2915599813502045.
[0.2926179078664789, 0.29107233847462255, 0.29098924973402723, 0.2913194380493339, 0.2917915209200762]
TripleIntegratedHierarchicalHybridRecommender: Fusing similarity matrices...
TripleIntegratedHierarchicalHybridRecommender: Similarity fusion complete. Final score combination with gamma=0.12728641243252908.
EvaluatorHoldout: Processed 27064 (100.0%) in 11.91 sec. Users per second: 2271
TripleIntegratedHierarchicalHybridRecommender: Fusing similarity matrices...
TripleIntegratedHierarchicalHybridRecommender: Similarity fusion complete. Final score combination with gamma=0.12728641243252908.
EvaluatorHoldout: Processed 27061 (100.0%) in 11.94 sec. Users per second: 2266
TripleIntegratedHierarchicalHybridRecommender: Fusing similarity matrices...
TripleIntegratedHierarchicalHybridRecommender: Similarity fusion complete. Final score combination with gamma=0.12728641243252908.
EvaluatorHoldout: Processed 27051 (100.0%) in 11.96 sec. Users per second: 2261
TripleIntegratedHierarchicalHybridRecommender: Fusing similarity matrices...
TripleIntegratedHierarchicalHybridRecommender: Similarity fusion complete. Final score combination with gamma=0.12728641243252908.
EvaluatorHoldout: Processed 27062 (100.0%) in 11.93 sec. Users per second: 2267
TripleIntegratedHierarchicalHybridRecommender: Fusing similarity matrices...
TripleIntegratedHierarchicalHybridRecommender: Similarity fusion complete. Final score combination with gamma=0.12728641243252908.
EvaluatorHoldout: Processed 27050 (100.0%) in 12.00 sec. Users per second: 2254
[I 2025-12-28 07:32:09,581] Trial 229 finished with value: 0.29159097449025867 and parameters: {'alpha': 0.15724832635414948, 'beta': 0.08802471282205815, 'gamma': 0.12728641243252908}. Best is trial 229 with value: 0.29159097449025867.
[0.29262839707731314, 0.29101436556321275, 0.2910605845083461, 0.2914012514978653, 0.291850273804556]
TripleIntegratedHierarchicalHybridRecommender: Fusing similarity matrices...
TripleIntegratedHierarchicalHybridRecommender: Similarity fusion complete. Final score combination with gamma=0.12436813695285837.
EvaluatorHoldout: Processed 27064 (100.0%) in 11.93 sec. Users per second: 2268
TripleIntegratedHierarchicalHybridRecommender: Fusing similarity matrices...
TripleIntegratedHierarchicalHybridRecommender: Similarity fusion complete. Final score combination with gamma=0.12436813695285837.
EvaluatorHoldout: Processed 27061 (100.0%) in 11.95 sec. Users per second: 2265
TripleIntegratedHierarchicalHybridRecommender: Fusing similarity matrices...
TripleIntegratedHierarchicalHybridRecommender: Similarity fusion complete. Final score combination with gamma=0.12436813695285837.
EvaluatorHoldout: Processed 27051 (100.0%) in 11.99 sec. Users per second: 2256
TripleIntegratedHierarchicalHybridRecommender: Fusing similarity matrices...
TripleIntegratedHierarchicalHybridRecommender: Similarity fusion complete. Final score combination with gamma=0.12436813695285837.
EvaluatorHoldout: Processed 27062 (100.0%) in 11.93 sec. Users per second: 2268
TripleIntegratedHierarchicalHybridRecommender: Fusing similarity matrices...
TripleIntegratedHierarchicalHybridRecommender: Similarity fusion complete. Final score combination with gamma=0.12436813695285837.
EvaluatorHoldout: Processed 27050 (100.0%) in 11.93 sec. Users per second: 2268
[I 2025-12-28 07:33:11,834] Trial 230 finished with value: 0.2915428557288757 and parameters: {'alpha': 0.16277501256461208, 'beta': 0.07856663373643494, 'gamma': 0.12436813695285837}. Best is trial 229 with value: 0.29159097449025867.
[0.29262119168685663, 0.2909549274208396, 0.29102540530399934, 0.29131183521609616, 0.2918009190165869]
TripleIntegratedHierarchicalHybridRecommender: Fusing similarity matrices...
TripleIntegratedHierarchicalHybridRecommender: Similarity fusion complete. Final score combination with gamma=0.12627785884908022.
EvaluatorHoldout: Processed 27064 (100.0%) in 11.92 sec. Users per second: 2271
TripleIntegratedHierarchicalHybridRecommender: Fusing similarity matrices...
TripleIntegratedHierarchicalHybridRecommender: Similarity fusion complete. Final score combination with gamma=0.12627785884908022.
EvaluatorHoldout: Processed 27061 (100.0%) in 11.93 sec. Users per second: 2268
TripleIntegratedHierarchicalHybridRecommender: Fusing similarity matrices...
TripleIntegratedHierarchicalHybridRecommender: Similarity fusion complete. Final score combination with gamma=0.12627785884908022.
EvaluatorHoldout: Processed 27051 (100.0%) in 11.94 sec. Users per second: 2265
TripleIntegratedHierarchicalHybridRecommender: Fusing similarity matrices...
TripleIntegratedHierarchicalHybridRecommender: Similarity fusion complete. Final score combination with gamma=0.12627785884908022.
EvaluatorHoldout: Processed 27062 (100.0%) in 11.92 sec. Users per second: 2270
TripleIntegratedHierarchicalHybridRecommender: Fusing similarity matrices...
TripleIntegratedHierarchicalHybridRecommender: Similarity fusion complete. Final score combination with gamma=0.12627785884908022.
EvaluatorHoldout: Processed 27050 (100.0%) in 11.98 sec. Users per second: 2258
[I 2025-12-28 07:34:14,136] Trial 231 finished with value: 0.291547843436572 and parameters: {'alpha': 0.15156027182841006, 'beta': 0.07918220159507006, 'gamma': 0.12627785884908022}. Best is trial 229 with value: 0.29159097449025867.
[0.2925441302827468, 0.29100454426009187, 0.2910077372683259, 0.2913791104972299, 0.29180369487446534]
TripleIntegratedHierarchicalHybridRecommender: Fusing similarity matrices...
TripleIntegratedHierarchicalHybridRecommender: Similarity fusion complete. Final score combination with gamma=0.12375659162828744.
EvaluatorHoldout: Processed 27064 (100.0%) in 11.92 sec. Users per second: 2270
TripleIntegratedHierarchicalHybridRecommender: Fusing similarity matrices...
TripleIntegratedHierarchicalHybridRecommender: Similarity fusion complete. Final score combination with gamma=0.12375659162828744.
EvaluatorHoldout: Processed 27061 (100.0%) in 11.94 sec. Users per second: 2267
TripleIntegratedHierarchicalHybridRecommender: Fusing similarity matrices...
TripleIntegratedHierarchicalHybridRecommender: Similarity fusion complete. Final score combination with gamma=0.12375659162828744.
EvaluatorHoldout: Processed 27051 (100.0%) in 11.94 sec. Users per second: 2265
TripleIntegratedHierarchicalHybridRecommender: Fusing similarity matrices...
TripleIntegratedHierarchicalHybridRecommender: Similarity fusion complete. Final score combination with gamma=0.12375659162828744.
EvaluatorHoldout: Processed 27062 (100.0%) in 11.93 sec. Users per second: 2268
TripleIntegratedHierarchicalHybridRecommender: Fusing similarity matrices...
TripleIntegratedHierarchicalHybridRecommender: Similarity fusion complete. Final score combination with gamma=0.12375659162828744.
EvaluatorHoldout: Processed 27050 (100.0%) in 11.93 sec. Users per second: 2267
[I 2025-12-28 07:35:16,336] Trial 232 finished with value: 0.2915632295723972 and parameters: {'alpha': 0.17265088502033896, 'beta': 0.08174543937747321, 'gamma': 0.12375659162828744}. Best is trial 229 with value: 0.29159097449025867.
[0.29260240574800706, 0.29096742237700224, 0.2910873555060354, 0.2914044596798148, 0.29175450455112656]
TripleIntegratedHierarchicalHybridRecommender: Fusing similarity matrices...
TripleIntegratedHierarchicalHybridRecommender: Similarity fusion complete. Final score combination with gamma=0.09928704452405145.
EvaluatorHoldout: Processed 27064 (100.0%) in 11.92 sec. Users per second: 2270
TripleIntegratedHierarchicalHybridRecommender: Fusing similarity matrices...
TripleIntegratedHierarchicalHybridRecommender: Similarity fusion complete. Final score combination with gamma=0.09928704452405145.
EvaluatorHoldout: Processed 27061 (100.0%) in 11.95 sec. Users per second: 2265
TripleIntegratedHierarchicalHybridRecommender: Fusing similarity matrices...
TripleIntegratedHierarchicalHybridRecommender: Similarity fusion complete. Final score combination with gamma=0.09928704452405145.
EvaluatorHoldout: Processed 27051 (100.0%) in 11.94 sec. Users per second: 2265
TripleIntegratedHierarchicalHybridRecommender: Fusing similarity matrices...
TripleIntegratedHierarchicalHybridRecommender: Similarity fusion complete. Final score combination with gamma=0.09928704452405145.
EvaluatorHoldout: Processed 27062 (100.0%) in 11.94 sec. Users per second: 2266
TripleIntegratedHierarchicalHybridRecommender: Fusing similarity matrices...
TripleIntegratedHierarchicalHybridRecommender: Similarity fusion complete. Final score combination with gamma=0.09928704452405145.
EvaluatorHoldout: Processed 27050 (100.0%) in 11.93 sec. Users per second: 2267
[I 2025-12-28 07:36:18,578] Trial 233 finished with value: 0.2914740516156776 and parameters: {'alpha': 0.18012810637152782, 'beta': 0.10318233875436165, 'gamma': 0.09928704452405145}. Best is trial 229 with value: 0.29159097449025867.
[0.29250193593774937, 0.2908309024581705, 0.2908751668802956, 0.2912453059835819, 0.29191694681859043]
TripleIntegratedHierarchicalHybridRecommender: Fusing similarity matrices...
TripleIntegratedHierarchicalHybridRecommender: Similarity fusion complete. Final score combination with gamma=0.12178885701773973.
EvaluatorHoldout: Processed 27064 (100.0%) in 11.91 sec. Users per second: 2273
TripleIntegratedHierarchicalHybridRecommender: Fusing similarity matrices...
TripleIntegratedHierarchicalHybridRecommender: Similarity fusion complete. Final score combination with gamma=0.12178885701773973.
EvaluatorHoldout: Processed 27061 (100.0%) in 11.93 sec. Users per second: 2269
TripleIntegratedHierarchicalHybridRecommender: Fusing similarity matrices...
TripleIntegratedHierarchicalHybridRecommender: Similarity fusion complete. Final score combination with gamma=0.12178885701773973.
EvaluatorHoldout: Processed 27051 (100.0%) in 11.91 sec. Users per second: 2271
TripleIntegratedHierarchicalHybridRecommender: Fusing similarity matrices...
TripleIntegratedHierarchicalHybridRecommender: Similarity fusion complete. Final score combination with gamma=0.12178885701773973.
EvaluatorHoldout: Processed 27062 (100.0%) in 11.92 sec. Users per second: 2270
TripleIntegratedHierarchicalHybridRecommender: Fusing similarity matrices...
TripleIntegratedHierarchicalHybridRecommender: Similarity fusion complete. Final score combination with gamma=0.12178885701773973.
EvaluatorHoldout: Processed 27050 (100.0%) in 11.92 sec. Users per second: 2269
[I 2025-12-28 07:37:20,605] Trial 234 finished with value: 0.2767831613962964 and parameters: {'alpha': 0.15843780047483497, 'beta': 0.8212098144913847, 'gamma': 0.12178885701773973}. Best is trial 229 with value: 0.29159097449025867.
[0.2777996645054873, 0.2757988745989292, 0.27620540181859465, 0.27654030311102723, 0.2775715629474434]
TripleIntegratedHierarchicalHybridRecommender: Fusing similarity matrices...
TripleIntegratedHierarchicalHybridRecommender: Similarity fusion complete. Final score combination with gamma=0.11557277706223536.
EvaluatorHoldout: Processed 27064 (100.0%) in 11.94 sec. Users per second: 2267
TripleIntegratedHierarchicalHybridRecommender: Fusing similarity matrices...
TripleIntegratedHierarchicalHybridRecommender: Similarity fusion complete. Final score combination with gamma=0.11557277706223536.
EvaluatorHoldout: Processed 27061 (100.0%) in 11.93 sec. Users per second: 2269
TripleIntegratedHierarchicalHybridRecommender: Fusing similarity matrices...
TripleIntegratedHierarchicalHybridRecommender: Similarity fusion complete. Final score combination with gamma=0.11557277706223536.
EvaluatorHoldout: Processed 27051 (100.0%) in 11.94 sec. Users per second: 2266
TripleIntegratedHierarchicalHybridRecommender: Fusing similarity matrices...
TripleIntegratedHierarchicalHybridRecommender: Similarity fusion complete. Final score combination with gamma=0.11557277706223536.
EvaluatorHoldout: Processed 27062 (100.0%) in 11.93 sec. Users per second: 2269
TripleIntegratedHierarchicalHybridRecommender: Fusing similarity matrices...
TripleIntegratedHierarchicalHybridRecommender: Similarity fusion complete. Final score combination with gamma=0.11557277706223536.
EvaluatorHoldout: Processed 27050 (100.0%) in 11.92 sec. Users per second: 2269
[I 2025-12-28 07:38:22,791] Trial 235 finished with value: 0.29154578075260773 and parameters: {'alpha': 0.18941794705611076, 'beta': 0.08111077983690039, 'gamma': 0.11557277706223536}. Best is trial 229 with value: 0.29159097449025867.
[0.29247044622822366, 0.29086392989119675, 0.2909976899661032, 0.2914986572682582, 0.29189818040925675]
TripleIntegratedHierarchicalHybridRecommender: Fusing similarity matrices...
TripleIntegratedHierarchicalHybridRecommender: Similarity fusion complete. Final score combination with gamma=0.08013047857842431.
EvaluatorHoldout: Processed 27064 (100.0%) in 11.94 sec. Users per second: 2267
TripleIntegratedHierarchicalHybridRecommender: Fusing similarity matrices...
TripleIntegratedHierarchicalHybridRecommender: Similarity fusion complete. Final score combination with gamma=0.08013047857842431.
EvaluatorHoldout: Processed 27061 (100.0%) in 11.95 sec. Users per second: 2264
TripleIntegratedHierarchicalHybridRecommender: Fusing similarity matrices...
TripleIntegratedHierarchicalHybridRecommender: Similarity fusion complete. Final score combination with gamma=0.08013047857842431.
EvaluatorHoldout: Processed 27051 (100.0%) in 11.94 sec. Users per second: 2265
TripleIntegratedHierarchicalHybridRecommender: Fusing similarity matrices...
TripleIntegratedHierarchicalHybridRecommender: Similarity fusion complete. Final score combination with gamma=0.08013047857842431.
EvaluatorHoldout: Processed 27062 (100.0%) in 11.92 sec. Users per second: 2270
TripleIntegratedHierarchicalHybridRecommender: Fusing similarity matrices...
TripleIntegratedHierarchicalHybridRecommender: Similarity fusion complete. Final score combination with gamma=0.08013047857842431.
EvaluatorHoldout: Processed 27050 (100.0%) in 11.93 sec. Users per second: 2267
[I 2025-12-28 07:39:25,122] Trial 236 finished with value: 0.29122513218495805 and parameters: {'alpha': 0.19185107574604, 'beta': 0.13475986273007864, 'gamma': 0.08013047857842431}. Best is trial 229 with value: 0.29159097449025867.
[0.2924008696654269, 0.2905429166491274, 0.29063509075279415, 0.290808682056245, 0.29173810180119686]
TripleIntegratedHierarchicalHybridRecommender: Fusing similarity matrices...
TripleIntegratedHierarchicalHybridRecommender: Similarity fusion complete. Final score combination with gamma=0.10644938561778361.
EvaluatorHoldout: Processed 27064 (100.0%) in 11.92 sec. Users per second: 2270
TripleIntegratedHierarchicalHybridRecommender: Fusing similarity matrices...
TripleIntegratedHierarchicalHybridRecommender: Similarity fusion complete. Final score combination with gamma=0.10644938561778361.
EvaluatorHoldout: Processed 27061 (100.0%) in 11.93 sec. Users per second: 2269
TripleIntegratedHierarchicalHybridRecommender: Fusing similarity matrices...
TripleIntegratedHierarchicalHybridRecommender: Similarity fusion complete. Final score combination with gamma=0.10644938561778361.
EvaluatorHoldout: Processed 27051 (100.0%) in 11.94 sec. Users per second: 2266
TripleIntegratedHierarchicalHybridRecommender: Fusing similarity matrices...
TripleIntegratedHierarchicalHybridRecommender: Similarity fusion complete. Final score combination with gamma=0.10644938561778361.
EvaluatorHoldout: Processed 27062 (100.0%) in 11.95 sec. Users per second: 2264
TripleIntegratedHierarchicalHybridRecommender: Fusing similarity matrices...
TripleIntegratedHierarchicalHybridRecommender: Similarity fusion complete. Final score combination with gamma=0.10644938561778361.
EvaluatorHoldout: Processed 27050 (100.0%) in 11.92 sec. Users per second: 2269
[I 2025-12-28 07:40:27,338] Trial 237 finished with value: 0.2914387165436863 and parameters: {'alpha': 0.16545615327926205, 'beta': 0.08207836658244563, 'gamma': 0.10644938561778361}. Best is trial 229 with value: 0.29159097449025867.
[0.29244687563672966, 0.2907083797647705, 0.29077512167700803, 0.29136203181732007, 0.2919011738226033]
TripleIntegratedHierarchicalHybridRecommender: Fusing similarity matrices...
TripleIntegratedHierarchicalHybridRecommender: Similarity fusion complete. Final score combination with gamma=0.1169755487725716.
EvaluatorHoldout: Processed 27064 (100.0%) in 11.93 sec. Users per second: 2268
TripleIntegratedHierarchicalHybridRecommender: Fusing similarity matrices...
TripleIntegratedHierarchicalHybridRecommender: Similarity fusion complete. Final score combination with gamma=0.1169755487725716.
EvaluatorHoldout: Processed 27061 (100.0%) in 11.94 sec. Users per second: 2267
TripleIntegratedHierarchicalHybridRecommender: Fusing similarity matrices...
TripleIntegratedHierarchicalHybridRecommender: Similarity fusion complete. Final score combination with gamma=0.1169755487725716.
EvaluatorHoldout: Processed 27051 (100.0%) in 11.92 sec. Users per second: 2269
TripleIntegratedHierarchicalHybridRecommender: Fusing similarity matrices...
TripleIntegratedHierarchicalHybridRecommender: Similarity fusion complete. Final score combination with gamma=0.1169755487725716.
EvaluatorHoldout: Processed 27062 (100.0%) in 11.92 sec. Users per second: 2270
TripleIntegratedHierarchicalHybridRecommender: Fusing similarity matrices...
TripleIntegratedHierarchicalHybridRecommender: Similarity fusion complete. Final score combination with gamma=0.1169755487725716.
EvaluatorHoldout: Processed 27050 (100.0%) in 11.93 sec. Users per second: 2268
[I 2025-12-28 07:41:29,513] Trial 238 finished with value: 0.2915414105373979 and parameters: {'alpha': 0.20738344574498613, 'beta': 0.11949459253263525, 'gamma': 0.1169755487725716}. Best is trial 229 with value: 0.29159097449025867.
[0.2924872410844487, 0.290943799628346, 0.2909801888153392, 0.2914046091959714, 0.29189121396288414]
TripleIntegratedHierarchicalHybridRecommender: Fusing similarity matrices...
TripleIntegratedHierarchicalHybridRecommender: Similarity fusion complete. Final score combination with gamma=0.08379070695622712.
EvaluatorHoldout: Processed 27064 (100.0%) in 11.92 sec. Users per second: 2271
TripleIntegratedHierarchicalHybridRecommender: Fusing similarity matrices...
TripleIntegratedHierarchicalHybridRecommender: Similarity fusion complete. Final score combination with gamma=0.08379070695622712.
EvaluatorHoldout: Processed 27061 (100.0%) in 11.95 sec. Users per second: 2265
TripleIntegratedHierarchicalHybridRecommender: Fusing similarity matrices...
TripleIntegratedHierarchicalHybridRecommender: Similarity fusion complete. Final score combination with gamma=0.08379070695622712.
EvaluatorHoldout: Processed 27051 (100.0%) in 11.94 sec. Users per second: 2265
TripleIntegratedHierarchicalHybridRecommender: Fusing similarity matrices...
TripleIntegratedHierarchicalHybridRecommender: Similarity fusion complete. Final score combination with gamma=0.08379070695622712.
EvaluatorHoldout: Processed 27062 (100.0%) in 11.93 sec. Users per second: 2268
TripleIntegratedHierarchicalHybridRecommender: Fusing similarity matrices...
TripleIntegratedHierarchicalHybridRecommender: Similarity fusion complete. Final score combination with gamma=0.08379070695622712.
EvaluatorHoldout: Processed 27050 (100.0%) in 11.92 sec. Users per second: 2269
