[I 2025-12-28 03:44:48,929] Trial 11 finished with value: 0.2899149747803823 and parameters: {'alpha': 0.478181352296457, 'beta': 0.22350938548092705, 'gamma': 0.04087035984493087}. Best is trial 11 with value: 0.2899149747803823.
[0.2911685015451208, 0.28868938317654697, 0.2893675572118603, 0.289601730805961, 0.29074770116242243]
TripleIntegratedHierarchicalHybridRecommender: Fusing similarity matrices...
TripleIntegratedHierarchicalHybridRecommender: Similarity fusion complete. Final score combination with gamma=0.037371123311940355.
EvaluatorHoldout: Processed 27064 (100.0%) in 12.06 sec. Users per second: 2244
TripleIntegratedHierarchicalHybridRecommender: Fusing similarity matrices...
TripleIntegratedHierarchicalHybridRecommender: Similarity fusion complete. Final score combination with gamma=0.037371123311940355.
EvaluatorHoldout: Processed 27061 (100.0%) in 12.12 sec. Users per second: 2233
TripleIntegratedHierarchicalHybridRecommender: Fusing similarity matrices...
TripleIntegratedHierarchicalHybridRecommender: Similarity fusion complete. Final score combination with gamma=0.037371123311940355.
EvaluatorHoldout: Processed 27051 (100.0%) in 12.10 sec. Users per second: 2236
TripleIntegratedHierarchicalHybridRecommender: Fusing similarity matrices...
TripleIntegratedHierarchicalHybridRecommender: Similarity fusion complete. Final score combination with gamma=0.037371123311940355.
EvaluatorHoldout: Processed 27062 (100.0%) in 12.12 sec. Users per second: 2233
TripleIntegratedHierarchicalHybridRecommender: Fusing similarity matrices...
TripleIntegratedHierarchicalHybridRecommender: Similarity fusion complete. Final score combination with gamma=0.037371123311940355.
EvaluatorHoldout: Processed 27050 (100.0%) in 12.09 sec. Users per second: 2237
[I 2025-12-28 03:45:51,925] Trial 12 finished with value: 0.2856464049674891 and parameters: {'alpha': 0.4488175035759663, 'beta': 0.526922111644534, 'gamma': 0.037371123311940355}. Best is trial 11 with value: 0.2899149747803823.
[0.28661100209898716, 0.2846676516394724, 0.2849883245890736, 0.2852356340421821, 0.2867294124677304]
TripleIntegratedHierarchicalHybridRecommender: Fusing similarity matrices...
TripleIntegratedHierarchicalHybridRecommender: Similarity fusion complete. Final score combination with gamma=0.1715206010234322.
EvaluatorHoldout: Processed 27064 (100.0%) in 12.06 sec. Users per second: 2245
TripleIntegratedHierarchicalHybridRecommender: Fusing similarity matrices...
TripleIntegratedHierarchicalHybridRecommender: Similarity fusion complete. Final score combination with gamma=0.1715206010234322.
EvaluatorHoldout: Processed 27061 (100.0%) in 12.12 sec. Users per second: 2233
TripleIntegratedHierarchicalHybridRecommender: Fusing similarity matrices...
TripleIntegratedHierarchicalHybridRecommender: Similarity fusion complete. Final score combination with gamma=0.1715206010234322.
EvaluatorHoldout: Processed 27051 (100.0%) in 12.08 sec. Users per second: 2240
TripleIntegratedHierarchicalHybridRecommender: Fusing similarity matrices...
TripleIntegratedHierarchicalHybridRecommender: Similarity fusion complete. Final score combination with gamma=0.1715206010234322.
EvaluatorHoldout: Processed 27062 (100.0%) in 12.07 sec. Users per second: 2243
TripleIntegratedHierarchicalHybridRecommender: Fusing similarity matrices...
TripleIntegratedHierarchicalHybridRecommender: Similarity fusion complete. Final score combination with gamma=0.1715206010234322.
EvaluatorHoldout: Processed 27050 (100.0%) in 12.07 sec. Users per second: 2240
[I 2025-12-28 03:46:54,682] Trial 13 finished with value: 0.2900414959030781 and parameters: {'alpha': 0.26170644646363495, 'beta': 0.22092149580478215, 'gamma': 0.1715206010234322}. Best is trial 13 with value: 0.2900414959030781.
[0.2911129793816468, 0.2892129807497022, 0.289562812727371, 0.289901510529683, 0.2904171961269875]
TripleIntegratedHierarchicalHybridRecommender: Fusing similarity matrices...
TripleIntegratedHierarchicalHybridRecommender: Similarity fusion complete. Final score combination with gamma=0.010630424519455756.
EvaluatorHoldout: Processed 27064 (100.0%) in 12.11 sec. Users per second: 2234
TripleIntegratedHierarchicalHybridRecommender: Fusing similarity matrices...
TripleIntegratedHierarchicalHybridRecommender: Similarity fusion complete. Final score combination with gamma=0.010630424519455756.
EvaluatorHoldout: Processed 27061 (100.0%) in 12.13 sec. Users per second: 2232
TripleIntegratedHierarchicalHybridRecommender: Fusing similarity matrices...
TripleIntegratedHierarchicalHybridRecommender: Similarity fusion complete. Final score combination with gamma=0.010630424519455756.
EvaluatorHoldout: Processed 27051 (100.0%) in 12.13 sec. Users per second: 2229
TripleIntegratedHierarchicalHybridRecommender: Fusing similarity matrices...
TripleIntegratedHierarchicalHybridRecommender: Similarity fusion complete. Final score combination with gamma=0.010630424519455756.
EvaluatorHoldout: Processed 27062 (100.0%) in 12.06 sec. Users per second: 2244
TripleIntegratedHierarchicalHybridRecommender: Fusing similarity matrices...
TripleIntegratedHierarchicalHybridRecommender: Similarity fusion complete. Final score combination with gamma=0.010630424519455756.
EvaluatorHoldout: Processed 27050 (100.0%) in 12.13 sec. Users per second: 2230
[I 2025-12-28 03:47:57,792] Trial 14 finished with value: 0.2885026269332546 and parameters: {'alpha': 0.6193418291760728, 'beta': 0.18909300856921746, 'gamma': 0.010630424519455756}. Best is trial 13 with value: 0.2900414959030781.
[0.28980148678774537, 0.28711450637060926, 0.28800989145309824, 0.28809772851866133, 0.2894895215361589]
TripleIntegratedHierarchicalHybridRecommender: Fusing similarity matrices...
TripleIntegratedHierarchicalHybridRecommender: Similarity fusion complete. Final score combination with gamma=0.3351573015256337.
EvaluatorHoldout: Processed 27064 (100.0%) in 12.06 sec. Users per second: 2245
TripleIntegratedHierarchicalHybridRecommender: Fusing similarity matrices...
TripleIntegratedHierarchicalHybridRecommender: Similarity fusion complete. Final score combination with gamma=0.3351573015256337.
EvaluatorHoldout: Processed 27061 (100.0%) in 12.06 sec. Users per second: 2245
TripleIntegratedHierarchicalHybridRecommender: Fusing similarity matrices...
TripleIntegratedHierarchicalHybridRecommender: Similarity fusion complete. Final score combination with gamma=0.3351573015256337.
EvaluatorHoldout: Processed 27051 (100.0%) in 12.13 sec. Users per second: 2231
TripleIntegratedHierarchicalHybridRecommender: Fusing similarity matrices...
TripleIntegratedHierarchicalHybridRecommender: Similarity fusion complete. Final score combination with gamma=0.3351573015256337.
EvaluatorHoldout: Processed 27062 (100.0%) in 12.05 sec. Users per second: 2246
TripleIntegratedHierarchicalHybridRecommender: Fusing similarity matrices...
TripleIntegratedHierarchicalHybridRecommender: Similarity fusion complete. Final score combination with gamma=0.3351573015256337.
EvaluatorHoldout: Processed 27050 (100.0%) in 12.05 sec. Users per second: 2244
[I 2025-12-28 03:49:00,334] Trial 15 finished with value: 0.2771587703752183 and parameters: {'alpha': 0.19224620692539696, 'beta': 0.6477248100387074, 'gamma': 0.3351573015256337}. Best is trial 13 with value: 0.2900414959030781.
[0.27838263582716816, 0.2768840777314502, 0.2765183798674819, 0.2770281303723755, 0.27698062807761575]
TripleIntegratedHierarchicalHybridRecommender: Fusing similarity matrices...
TripleIntegratedHierarchicalHybridRecommender: Similarity fusion complete. Final score combination with gamma=0.13736191281733515.
EvaluatorHoldout: Processed 27064 (100.0%) in 12.35 sec. Users per second: 2191
TripleIntegratedHierarchicalHybridRecommender: Fusing similarity matrices...
TripleIntegratedHierarchicalHybridRecommender: Similarity fusion complete. Final score combination with gamma=0.13736191281733515.
EvaluatorHoldout: Processed 27061 (100.0%) in 12.08 sec. Users per second: 2241
TripleIntegratedHierarchicalHybridRecommender: Fusing similarity matrices...
TripleIntegratedHierarchicalHybridRecommender: Similarity fusion complete. Final score combination with gamma=0.13736191281733515.
EvaluatorHoldout: Processed 27051 (100.0%) in 12.04 sec. Users per second: 2247
TripleIntegratedHierarchicalHybridRecommender: Fusing similarity matrices...
TripleIntegratedHierarchicalHybridRecommender: Similarity fusion complete. Final score combination with gamma=0.13736191281733515.
EvaluatorHoldout: Processed 27062 (100.0%) in 12.02 sec. Users per second: 2251
TripleIntegratedHierarchicalHybridRecommender: Fusing similarity matrices...
TripleIntegratedHierarchicalHybridRecommender: Similarity fusion complete. Final score combination with gamma=0.13736191281733515.
EvaluatorHoldout: Processed 27050 (100.0%) in 12.05 sec. Users per second: 2245
[I 2025-12-28 03:50:03,341] Trial 16 finished with value: 0.29063029736108625 and parameters: {'alpha': 0.3549394485956937, 'beta': 0.18384216934770975, 'gamma': 0.13736191281733515}. Best is trial 16 with value: 0.29063029736108625.
[0.2916425336989997, 0.2899785965220163, 0.2902977134869602, 0.2902472040174337, 0.29098543908002117]
TripleIntegratedHierarchicalHybridRecommender: Fusing similarity matrices...
TripleIntegratedHierarchicalHybridRecommender: Similarity fusion complete. Final score combination with gamma=0.7229167694367685.
EvaluatorHoldout: Processed 27064 (100.0%) in 12.02 sec. Users per second: 2251
TripleIntegratedHierarchicalHybridRecommender: Fusing similarity matrices...
TripleIntegratedHierarchicalHybridRecommender: Similarity fusion complete. Final score combination with gamma=0.7229167694367685.
EvaluatorHoldout: Processed 27061 (100.0%) in 12.03 sec. Users per second: 2250
TripleIntegratedHierarchicalHybridRecommender: Fusing similarity matrices...
TripleIntegratedHierarchicalHybridRecommender: Similarity fusion complete. Final score combination with gamma=0.7229167694367685.
EvaluatorHoldout: Processed 27051 (100.0%) in 12.02 sec. Users per second: 2250
TripleIntegratedHierarchicalHybridRecommender: Fusing similarity matrices...
TripleIntegratedHierarchicalHybridRecommender: Similarity fusion complete. Final score combination with gamma=0.7229167694367685.
EvaluatorHoldout: Processed 27062 (100.0%) in 12.01 sec. Users per second: 2253
TripleIntegratedHierarchicalHybridRecommender: Fusing similarity matrices...
TripleIntegratedHierarchicalHybridRecommender: Similarity fusion complete. Final score combination with gamma=0.7229167694367685.
EvaluatorHoldout: Processed 27050 (100.0%) in 12.05 sec. Users per second: 2245
[I 2025-12-28 03:51:05,917] Trial 17 finished with value: 0.2628968568613185 and parameters: {'alpha': 0.1784254426663126, 'beta': 0.013322025774100743, 'gamma': 0.7229167694367685}. Best is trial 16 with value: 0.29063029736108625.
[0.2641299261488784, 0.2629895482006288, 0.2625677613683548, 0.2627523665151927, 0.2620446820735375]
TripleIntegratedHierarchicalHybridRecommender: Fusing similarity matrices...
TripleIntegratedHierarchicalHybridRecommender: Similarity fusion complete. Final score combination with gamma=0.33413551794906254.
EvaluatorHoldout: Processed 27064 (100.0%) in 12.01 sec. Users per second: 2253
TripleIntegratedHierarchicalHybridRecommender: Fusing similarity matrices...
TripleIntegratedHierarchicalHybridRecommender: Similarity fusion complete. Final score combination with gamma=0.33413551794906254.
EvaluatorHoldout: Processed 27061 (100.0%) in 12.02 sec. Users per second: 2252
TripleIntegratedHierarchicalHybridRecommender: Fusing similarity matrices...
TripleIntegratedHierarchicalHybridRecommender: Similarity fusion complete. Final score combination with gamma=0.33413551794906254.
EvaluatorHoldout: Processed 27051 (100.0%) in 12.03 sec. Users per second: 2249
TripleIntegratedHierarchicalHybridRecommender: Fusing similarity matrices...
TripleIntegratedHierarchicalHybridRecommender: Similarity fusion complete. Final score combination with gamma=0.33413551794906254.
EvaluatorHoldout: Processed 27062 (100.0%) in 12.01 sec. Users per second: 2253
TripleIntegratedHierarchicalHybridRecommender: Fusing similarity matrices...
TripleIntegratedHierarchicalHybridRecommender: Similarity fusion complete. Final score combination with gamma=0.33413551794906254.
EvaluatorHoldout: Processed 27050 (100.0%) in 12.06 sec. Users per second: 2242
[I 2025-12-28 03:52:08,241] Trial 18 finished with value: 0.28028097112408684 and parameters: {'alpha': 0.37260257353963044, 'beta': 0.44387869229559784, 'gamma': 0.33413551794906254}. Best is trial 16 with value: 0.29063029736108625.
[0.2815281704600775, 0.2799953435129189, 0.27937088688770706, 0.2802171522590414, 0.28029330250068923]
TripleIntegratedHierarchicalHybridRecommender: Fusing similarity matrices...
TripleIntegratedHierarchicalHybridRecommender: Similarity fusion complete. Final score combination with gamma=0.19276905131131272.
EvaluatorHoldout: Processed 27064 (100.0%) in 12.00 sec. Users per second: 2255
TripleIntegratedHierarchicalHybridRecommender: Fusing similarity matrices...
TripleIntegratedHierarchicalHybridRecommender: Similarity fusion complete. Final score combination with gamma=0.19276905131131272.
EvaluatorHoldout: Processed 27061 (100.0%) in 12.04 sec. Users per second: 2247
TripleIntegratedHierarchicalHybridRecommender: Fusing similarity matrices...
TripleIntegratedHierarchicalHybridRecommender: Similarity fusion complete. Final score combination with gamma=0.19276905131131272.
EvaluatorHoldout: Processed 27051 (100.0%) in 12.06 sec. Users per second: 2244
TripleIntegratedHierarchicalHybridRecommender: Fusing similarity matrices...
TripleIntegratedHierarchicalHybridRecommender: Similarity fusion complete. Final score combination with gamma=0.19276905131131272.
EvaluatorHoldout: Processed 27062 (100.0%) in 12.02 sec. Users per second: 2252
TripleIntegratedHierarchicalHybridRecommender: Fusing similarity matrices...
TripleIntegratedHierarchicalHybridRecommender: Similarity fusion complete. Final score combination with gamma=0.19276905131131272.
EvaluatorHoldout: Processed 27050 (100.0%) in 12.07 sec. Users per second: 2240
[I 2025-12-28 03:53:10,748] Trial 19 finished with value: 0.28773357370212943 and parameters: {'alpha': 0.6046659890826539, 'beta': 0.1120546567410661, 'gamma': 0.19276905131131272}. Best is trial 16 with value: 0.29063029736108625.
[0.28896906003870687, 0.28719081808607483, 0.28713439991495204, 0.2874429921553564, 0.287930598315557]
TripleIntegratedHierarchicalHybridRecommender: Fusing similarity matrices...
TripleIntegratedHierarchicalHybridRecommender: Similarity fusion complete. Final score combination with gamma=0.43406658558389566.
EvaluatorHoldout: Processed 27064 (100.0%) in 12.02 sec. Users per second: 2252
TripleIntegratedHierarchicalHybridRecommender: Fusing similarity matrices...
TripleIntegratedHierarchicalHybridRecommender: Similarity fusion complete. Final score combination with gamma=0.43406658558389566.
EvaluatorHoldout: Processed 27061 (100.0%) in 12.02 sec. Users per second: 2251
TripleIntegratedHierarchicalHybridRecommender: Fusing similarity matrices...
TripleIntegratedHierarchicalHybridRecommender: Similarity fusion complete. Final score combination with gamma=0.43406658558389566.
EvaluatorHoldout: Processed 27051 (100.0%) in 12.04 sec. Users per second: 2247
TripleIntegratedHierarchicalHybridRecommender: Fusing similarity matrices...
TripleIntegratedHierarchicalHybridRecommender: Similarity fusion complete. Final score combination with gamma=0.43406658558389566.
EvaluatorHoldout: Processed 27062 (100.0%) in 12.02 sec. Users per second: 2251
TripleIntegratedHierarchicalHybridRecommender: Fusing similarity matrices...
TripleIntegratedHierarchicalHybridRecommender: Similarity fusion complete. Final score combination with gamma=0.43406658558389566.
EvaluatorHoldout: Processed 27050 (100.0%) in 12.03 sec. Users per second: 2248
[I 2025-12-28 03:54:13,355] Trial 20 finished with value: 0.2788707719998171 and parameters: {'alpha': 0.0036033840203251732, 'beta': 0.2938146949739827, 'gamma': 0.43406658558389566}. Best is trial 16 with value: 0.29063029736108625.
[0.2800026266426254, 0.27863293954773527, 0.27803351510510843, 0.27888157124348995, 0.2788032074601265]
TripleIntegratedHierarchicalHybridRecommender: Fusing similarity matrices...
TripleIntegratedHierarchicalHybridRecommender: Similarity fusion complete. Final score combination with gamma=0.12613925298690934.
EvaluatorHoldout: Processed 27064 (100.0%) in 12.00 sec. Users per second: 2255
TripleIntegratedHierarchicalHybridRecommender: Fusing similarity matrices...
TripleIntegratedHierarchicalHybridRecommender: Similarity fusion complete. Final score combination with gamma=0.12613925298690934.
EvaluatorHoldout: Processed 27061 (100.0%) in 12.04 sec. Users per second: 2247
TripleIntegratedHierarchicalHybridRecommender: Fusing similarity matrices...
TripleIntegratedHierarchicalHybridRecommender: Similarity fusion complete. Final score combination with gamma=0.12613925298690934.
EvaluatorHoldout: Processed 27051 (100.0%) in 12.07 sec. Users per second: 2242
TripleIntegratedHierarchicalHybridRecommender: Fusing similarity matrices...
TripleIntegratedHierarchicalHybridRecommender: Similarity fusion complete. Final score combination with gamma=0.12613925298690934.
EvaluatorHoldout: Processed 27062 (100.0%) in 12.02 sec. Users per second: 2251
TripleIntegratedHierarchicalHybridRecommender: Fusing similarity matrices...
TripleIntegratedHierarchicalHybridRecommender: Similarity fusion complete. Final score combination with gamma=0.12613925298690934.
EvaluatorHoldout: Processed 27050 (100.0%) in 12.04 sec. Users per second: 2246
[I 2025-12-28 03:55:15,635] Trial 21 finished with value: 0.29042312667028514 and parameters: {'alpha': 0.3765121375452865, 'beta': 0.224035429936541, 'gamma': 0.12613925298690934}. Best is trial 16 with value: 0.29063029736108625.
[0.29145584330565993, 0.28959229285319005, 0.29014152590792297, 0.29009387266155884, 0.290832098623094]
TripleIntegratedHierarchicalHybridRecommender: Fusing similarity matrices...
TripleIntegratedHierarchicalHybridRecommender: Similarity fusion complete. Final score combination with gamma=0.12761000619860252.
EvaluatorHoldout: Processed 27064 (100.0%) in 12.56 sec. Users per second: 2154
TripleIntegratedHierarchicalHybridRecommender: Fusing similarity matrices...
TripleIntegratedHierarchicalHybridRecommender: Similarity fusion complete. Final score combination with gamma=0.12761000619860252.
EvaluatorHoldout: Processed 27061 (100.0%) in 12.37 sec. Users per second: 2188
TripleIntegratedHierarchicalHybridRecommender: Fusing similarity matrices...
TripleIntegratedHierarchicalHybridRecommender: Similarity fusion complete. Final score combination with gamma=0.12761000619860252.
EvaluatorHoldout: Processed 27051 (100.0%) in 12.14 sec. Users per second: 2228
TripleIntegratedHierarchicalHybridRecommender: Fusing similarity matrices...
TripleIntegratedHierarchicalHybridRecommender: Similarity fusion complete. Final score combination with gamma=0.12761000619860252.
EvaluatorHoldout: Processed 27062 (100.0%) in 12.07 sec. Users per second: 2243
TripleIntegratedHierarchicalHybridRecommender: Fusing similarity matrices...
TripleIntegratedHierarchicalHybridRecommender: Similarity fusion complete. Final score combination with gamma=0.12761000619860252.
EvaluatorHoldout: Processed 27050 (100.0%) in 12.11 sec. Users per second: 2234
[I 2025-12-28 03:56:19,621] Trial 22 finished with value: 0.2908796979626248 and parameters: {'alpha': 0.38707698504834803, 'beta': 0.10620345135779116, 'gamma': 0.12761000619860252}. Best is trial 22 with value: 0.2908796979626248.
[0.2918187765803717, 0.2902041082621225, 0.29043271878523036, 0.2907862201903026, 0.291156665995097]
TripleIntegratedHierarchicalHybridRecommender: Fusing similarity matrices...
TripleIntegratedHierarchicalHybridRecommender: Similarity fusion complete. Final score combination with gamma=0.1170818756661588.
EvaluatorHoldout: Processed 27064 (100.0%) in 12.05 sec. Users per second: 2247
TripleIntegratedHierarchicalHybridRecommender: Fusing similarity matrices...
TripleIntegratedHierarchicalHybridRecommender: Similarity fusion complete. Final score combination with gamma=0.1170818756661588.
EvaluatorHoldout: Processed 27061 (100.0%) in 12.10 sec. Users per second: 2237
TripleIntegratedHierarchicalHybridRecommender: Fusing similarity matrices...
TripleIntegratedHierarchicalHybridRecommender: Similarity fusion complete. Final score combination with gamma=0.1170818756661588.
EvaluatorHoldout: Processed 27051 (100.0%) in 12.09 sec. Users per second: 2238
TripleIntegratedHierarchicalHybridRecommender: Fusing similarity matrices...
TripleIntegratedHierarchicalHybridRecommender: Similarity fusion complete. Final score combination with gamma=0.1170818756661588.
EvaluatorHoldout: Processed 27062 (100.0%) in 12.06 sec. Users per second: 2245
TripleIntegratedHierarchicalHybridRecommender: Fusing similarity matrices...
TripleIntegratedHierarchicalHybridRecommender: Similarity fusion complete. Final score combination with gamma=0.1170818756661588.
EvaluatorHoldout: Processed 27050 (100.0%) in 12.07 sec. Users per second: 2242
