[I 2025-12-28 06:27:38,381] Trial 167 finished with value: 0.28938964508286136 and parameters: {'alpha': 0.486601342232932, 'beta': 0.10486720997253554, 'gamma': 0.16810057401254858}. Best is trial 117 with value: 0.2915359209367497.
[0.29040119317333046, 0.2886246011766454, 0.2887631150472247, 0.2892853735969261, 0.28987394242018016]
TripleIntegratedHierarchicalHybridRecommender: Fusing similarity matrices...
TripleIntegratedHierarchicalHybridRecommender: Similarity fusion complete. Final score combination with gamma=0.07692162728941912.
EvaluatorHoldout: Processed 27064 (100.0%) in 12.01 sec. Users per second: 2253
TripleIntegratedHierarchicalHybridRecommender: Fusing similarity matrices...
TripleIntegratedHierarchicalHybridRecommender: Similarity fusion complete. Final score combination with gamma=0.07692162728941912.
EvaluatorHoldout: Processed 27061 (100.0%) in 12.07 sec. Users per second: 2242
TripleIntegratedHierarchicalHybridRecommender: Fusing similarity matrices...
TripleIntegratedHierarchicalHybridRecommender: Similarity fusion complete. Final score combination with gamma=0.07692162728941912.
EvaluatorHoldout: Processed 27051 (100.0%) in 12.03 sec. Users per second: 2250
TripleIntegratedHierarchicalHybridRecommender: Fusing similarity matrices...
TripleIntegratedHierarchicalHybridRecommender: Similarity fusion complete. Final score combination with gamma=0.07692162728941912.
EvaluatorHoldout: Processed 27062 (100.0%) in 12.04 sec. Users per second: 2248
TripleIntegratedHierarchicalHybridRecommender: Fusing similarity matrices...
TripleIntegratedHierarchicalHybridRecommender: Similarity fusion complete. Final score combination with gamma=0.07692162728941912.
EvaluatorHoldout: Processed 27050 (100.0%) in 12.02 sec. Users per second: 2250
[I 2025-12-28 06:28:41,063] Trial 168 finished with value: 0.29088824316955564 and parameters: {'alpha': 0.10894721641981041, 'beta': 0.014249360384872227, 'gamma': 0.07692162728941912}. Best is trial 117 with value: 0.2915359209367497.
[0.2917931664806259, 0.2900334116815129, 0.29057857454827163, 0.29057469007592035, 0.2914613730614474]
TripleIntegratedHierarchicalHybridRecommender: Fusing similarity matrices...
TripleIntegratedHierarchicalHybridRecommender: Similarity fusion complete. Final score combination with gamma=0.12082706369712914.
EvaluatorHoldout: Processed 27064 (100.0%) in 12.00 sec. Users per second: 2255
TripleIntegratedHierarchicalHybridRecommender: Fusing similarity matrices...
TripleIntegratedHierarchicalHybridRecommender: Similarity fusion complete. Final score combination with gamma=0.12082706369712914.
EvaluatorHoldout: Processed 27061 (100.0%) in 12.06 sec. Users per second: 2244
TripleIntegratedHierarchicalHybridRecommender: Fusing similarity matrices...
TripleIntegratedHierarchicalHybridRecommender: Similarity fusion complete. Final score combination with gamma=0.12082706369712914.
EvaluatorHoldout: Processed 27051 (100.0%) in 12.02 sec. Users per second: 2250
TripleIntegratedHierarchicalHybridRecommender: Fusing similarity matrices...
TripleIntegratedHierarchicalHybridRecommender: Similarity fusion complete. Final score combination with gamma=0.12082706369712914.
EvaluatorHoldout: Processed 27062 (100.0%) in 12.06 sec. Users per second: 2244
TripleIntegratedHierarchicalHybridRecommender: Fusing similarity matrices...
TripleIntegratedHierarchicalHybridRecommender: Similarity fusion complete. Final score combination with gamma=0.12082706369712914.
EvaluatorHoldout: Processed 27050 (100.0%) in 12.00 sec. Users per second: 2254
[I 2025-12-28 06:29:43,748] Trial 169 finished with value: 0.2914569317069809 and parameters: {'alpha': 0.14886801425781715, 'beta': 0.04178828173031134, 'gamma': 0.12082706369712914}. Best is trial 117 with value: 0.2915359209367497.
[0.29253054611647794, 0.29081925437654405, 0.2908573906995023, 0.2913723946514308, 0.2917050726909495]
TripleIntegratedHierarchicalHybridRecommender: Fusing similarity matrices...
TripleIntegratedHierarchicalHybridRecommender: Similarity fusion complete. Final score combination with gamma=0.1519445338693018.
EvaluatorHoldout: Processed 27064 (100.0%) in 12.01 sec. Users per second: 2254
TripleIntegratedHierarchicalHybridRecommender: Fusing similarity matrices...
TripleIntegratedHierarchicalHybridRecommender: Similarity fusion complete. Final score combination with gamma=0.1519445338693018.
EvaluatorHoldout: Processed 27061 (100.0%) in 12.06 sec. Users per second: 2243
TripleIntegratedHierarchicalHybridRecommender: Fusing similarity matrices...
TripleIntegratedHierarchicalHybridRecommender: Similarity fusion complete. Final score combination with gamma=0.1519445338693018.
EvaluatorHoldout: Processed 27051 (100.0%) in 12.01 sec. Users per second: 2252
TripleIntegratedHierarchicalHybridRecommender: Fusing similarity matrices...
TripleIntegratedHierarchicalHybridRecommender: Similarity fusion complete. Final score combination with gamma=0.1519445338693018.
EvaluatorHoldout: Processed 27062 (100.0%) in 12.03 sec. Users per second: 2249
TripleIntegratedHierarchicalHybridRecommender: Fusing similarity matrices...
TripleIntegratedHierarchicalHybridRecommender: Similarity fusion complete. Final score combination with gamma=0.1519445338693018.
EvaluatorHoldout: Processed 27050 (100.0%) in 12.00 sec. Users per second: 2254
[I 2025-12-28 06:30:46,390] Trial 170 finished with value: 0.2914274370092328 and parameters: {'alpha': 0.08495823998114138, 'beta': 0.07182897125723049, 'gamma': 0.1519445338693018}. Best is trial 117 with value: 0.2915359209367497.
[0.2926258469556103, 0.29064861329487235, 0.29099275236954275, 0.29105684936519494, 0.29181312306094387]
TripleIntegratedHierarchicalHybridRecommender: Fusing similarity matrices...
TripleIntegratedHierarchicalHybridRecommender: Similarity fusion complete. Final score combination with gamma=0.11411728987766796.
EvaluatorHoldout: Processed 27064 (100.0%) in 12.00 sec. Users per second: 2255
TripleIntegratedHierarchicalHybridRecommender: Fusing similarity matrices...
TripleIntegratedHierarchicalHybridRecommender: Similarity fusion complete. Final score combination with gamma=0.11411728987766796.
EvaluatorHoldout: Processed 27061 (100.0%) in 12.09 sec. Users per second: 2239
TripleIntegratedHierarchicalHybridRecommender: Fusing similarity matrices...
TripleIntegratedHierarchicalHybridRecommender: Similarity fusion complete. Final score combination with gamma=0.11411728987766796.
EvaluatorHoldout: Processed 27051 (100.0%) in 12.02 sec. Users per second: 2250
TripleIntegratedHierarchicalHybridRecommender: Fusing similarity matrices...
TripleIntegratedHierarchicalHybridRecommender: Similarity fusion complete. Final score combination with gamma=0.11411728987766796.
EvaluatorHoldout: Processed 27062 (100.0%) in 12.02 sec. Users per second: 2252
TripleIntegratedHierarchicalHybridRecommender: Fusing similarity matrices...
TripleIntegratedHierarchicalHybridRecommender: Similarity fusion complete. Final score combination with gamma=0.11411728987766796.
EvaluatorHoldout: Processed 27050 (100.0%) in 12.03 sec. Users per second: 2249
[I 2025-12-28 06:31:49,004] Trial 171 finished with value: 0.2914335138176694 and parameters: {'alpha': 0.11575163172015514, 'beta': 0.0947650619355994, 'gamma': 0.11411728987766796}. Best is trial 117 with value: 0.2915359209367497.
[0.2925636610259828, 0.2908024105698863, 0.29085848416799087, 0.29114701948614435, 0.2917959938383427]
TripleIntegratedHierarchicalHybridRecommender: Fusing similarity matrices...
TripleIntegratedHierarchicalHybridRecommender: Similarity fusion complete. Final score combination with gamma=0.14619884597314273.
EvaluatorHoldout: Processed 27064 (100.0%) in 12.01 sec. Users per second: 2253
TripleIntegratedHierarchicalHybridRecommender: Fusing similarity matrices...
TripleIntegratedHierarchicalHybridRecommender: Similarity fusion complete. Final score combination with gamma=0.14619884597314273.
EvaluatorHoldout: Processed 27061 (100.0%) in 12.05 sec. Users per second: 2245
TripleIntegratedHierarchicalHybridRecommender: Fusing similarity matrices...
TripleIntegratedHierarchicalHybridRecommender: Similarity fusion complete. Final score combination with gamma=0.14619884597314273.
EvaluatorHoldout: Processed 27051 (100.0%) in 12.02 sec. Users per second: 2251
TripleIntegratedHierarchicalHybridRecommender: Fusing similarity matrices...
TripleIntegratedHierarchicalHybridRecommender: Similarity fusion complete. Final score combination with gamma=0.14619884597314273.
EvaluatorHoldout: Processed 27062 (100.0%) in 12.03 sec. Users per second: 2250
TripleIntegratedHierarchicalHybridRecommender: Fusing similarity matrices...
TripleIntegratedHierarchicalHybridRecommender: Similarity fusion complete. Final score combination with gamma=0.14619884597314273.
EvaluatorHoldout: Processed 27050 (100.0%) in 12.00 sec. Users per second: 2254
[I 2025-12-28 06:32:51,607] Trial 172 finished with value: 0.29151283511709253 and parameters: {'alpha': 0.08773933977729201, 'beta': 0.07792392621544861, 'gamma': 0.14619884597314273}. Best is trial 117 with value: 0.2915359209367497.
[0.29263635348704636, 0.29081560967378045, 0.29105032600793, 0.29118822281569545, 0.29187366360101036]
TripleIntegratedHierarchicalHybridRecommender: Fusing similarity matrices...
TripleIntegratedHierarchicalHybridRecommender: Similarity fusion complete. Final score combination with gamma=0.17750878113325455.
EvaluatorHoldout: Processed 27064 (100.0%) in 12.01 sec. Users per second: 2254
TripleIntegratedHierarchicalHybridRecommender: Fusing similarity matrices...
TripleIntegratedHierarchicalHybridRecommender: Similarity fusion complete. Final score combination with gamma=0.17750878113325455.
EvaluatorHoldout: Processed 27061 (100.0%) in 12.06 sec. Users per second: 2244
TripleIntegratedHierarchicalHybridRecommender: Fusing similarity matrices...
TripleIntegratedHierarchicalHybridRecommender: Similarity fusion complete. Final score combination with gamma=0.17750878113325455.
EvaluatorHoldout: Processed 27051 (100.0%) in 12.04 sec. Users per second: 2247
TripleIntegratedHierarchicalHybridRecommender: Fusing similarity matrices...
TripleIntegratedHierarchicalHybridRecommender: Similarity fusion complete. Final score combination with gamma=0.17750878113325455.
EvaluatorHoldout: Processed 27062 (100.0%) in 12.01 sec. Users per second: 2252
TripleIntegratedHierarchicalHybridRecommender: Fusing similarity matrices...
TripleIntegratedHierarchicalHybridRecommender: Similarity fusion complete. Final score combination with gamma=0.17750878113325455.
EvaluatorHoldout: Processed 27050 (100.0%) in 12.01 sec. Users per second: 2253
[I 2025-12-28 06:33:54,265] Trial 173 finished with value: 0.28440312189556527 and parameters: {'alpha': 0.9149181630564164, 'beta': 0.05991256480226845, 'gamma': 0.17750878113325455}. Best is trial 117 with value: 0.2915359209367497.
[0.28567990074599314, 0.28356149284016885, 0.28398277231816893, 0.2840175311716572, 0.28477391240183847]
TripleIntegratedHierarchicalHybridRecommender: Fusing similarity matrices...
TripleIntegratedHierarchicalHybridRecommender: Similarity fusion complete. Final score combination with gamma=0.10202974171563041.
EvaluatorHoldout: Processed 27064 (100.0%) in 12.03 sec. Users per second: 2250
TripleIntegratedHierarchicalHybridRecommender: Fusing similarity matrices...
TripleIntegratedHierarchicalHybridRecommender: Similarity fusion complete. Final score combination with gamma=0.10202974171563041.
EvaluatorHoldout: Processed 27061 (100.0%) in 12.11 sec. Users per second: 2235
TripleIntegratedHierarchicalHybridRecommender: Fusing similarity matrices...
TripleIntegratedHierarchicalHybridRecommender: Similarity fusion complete. Final score combination with gamma=0.10202974171563041.
EvaluatorHoldout: Processed 27051 (100.0%) in 12.03 sec. Users per second: 2249
TripleIntegratedHierarchicalHybridRecommender: Fusing similarity matrices...
TripleIntegratedHierarchicalHybridRecommender: Similarity fusion complete. Final score combination with gamma=0.10202974171563041.
EvaluatorHoldout: Processed 27062 (100.0%) in 12.03 sec. Users per second: 2250
TripleIntegratedHierarchicalHybridRecommender: Fusing similarity matrices...
TripleIntegratedHierarchicalHybridRecommender: Similarity fusion complete. Final score combination with gamma=0.10202974171563041.
EvaluatorHoldout: Processed 27050 (100.0%) in 12.02 sec. Users per second: 2251
[I 2025-12-28 06:34:56,985] Trial 174 finished with value: 0.2913214266250483 and parameters: {'alpha': 0.09317694700977558, 'beta': 0.03299081504804384, 'gamma': 0.10202974171563041}. Best is trial 117 with value: 0.2915359209367497.
[0.2923864523255573, 0.29072267119298245, 0.2907581457223766, 0.29094787266322114, 0.29179199122110405]
TripleIntegratedHierarchicalHybridRecommender: Fusing similarity matrices...
TripleIntegratedHierarchicalHybridRecommender: Similarity fusion complete. Final score combination with gamma=0.14966035391090385.
EvaluatorHoldout: Processed 27064 (100.0%) in 12.01 sec. Users per second: 2253
TripleIntegratedHierarchicalHybridRecommender: Fusing similarity matrices...
TripleIntegratedHierarchicalHybridRecommender: Similarity fusion complete. Final score combination with gamma=0.14966035391090385.
EvaluatorHoldout: Processed 27061 (100.0%) in 12.06 sec. Users per second: 2245
TripleIntegratedHierarchicalHybridRecommender: Fusing similarity matrices...
TripleIntegratedHierarchicalHybridRecommender: Similarity fusion complete. Final score combination with gamma=0.14966035391090385.
EvaluatorHoldout: Processed 27051 (100.0%) in 12.02 sec. Users per second: 2251
TripleIntegratedHierarchicalHybridRecommender: Fusing similarity matrices...
TripleIntegratedHierarchicalHybridRecommender: Similarity fusion complete. Final score combination with gamma=0.14966035391090385.
EvaluatorHoldout: Processed 27062 (100.0%) in 12.02 sec. Users per second: 2251
TripleIntegratedHierarchicalHybridRecommender: Fusing similarity matrices...
TripleIntegratedHierarchicalHybridRecommender: Similarity fusion complete. Final score combination with gamma=0.14966035391090385.
EvaluatorHoldout: Processed 27050 (100.0%) in 11.99 sec. Users per second: 2255
[I 2025-12-28 06:35:59,610] Trial 175 finished with value: 0.29143394530232636 and parameters: {'alpha': 0.1376752938419443, 'beta': 0.07169772888581168, 'gamma': 0.14966035391090385}. Best is trial 117 with value: 0.2915359209367497.
[0.2924808164336889, 0.29085229779126925, 0.2909989642921453, 0.291086277943055, 0.2917513700514733]
TripleIntegratedHierarchicalHybridRecommender: Fusing similarity matrices...
TripleIntegratedHierarchicalHybridRecommender: Similarity fusion complete. Final score combination with gamma=0.8889851954025355.
EvaluatorHoldout: Processed 27064 (100.0%) in 12.01 sec. Users per second: 2254
TripleIntegratedHierarchicalHybridRecommender: Fusing similarity matrices...
TripleIntegratedHierarchicalHybridRecommender: Similarity fusion complete. Final score combination with gamma=0.8889851954025355.
EvaluatorHoldout: Processed 27061 (100.0%) in 12.02 sec. Users per second: 2252
TripleIntegratedHierarchicalHybridRecommender: Fusing similarity matrices...
TripleIntegratedHierarchicalHybridRecommender: Similarity fusion complete. Final score combination with gamma=0.8889851954025355.
EvaluatorHoldout: Processed 27051 (100.0%) in 12.00 sec. Users per second: 2254
TripleIntegratedHierarchicalHybridRecommender: Fusing similarity matrices...
TripleIntegratedHierarchicalHybridRecommender: Similarity fusion complete. Final score combination with gamma=0.8889851954025355.
EvaluatorHoldout: Processed 27062 (100.0%) in 12.02 sec. Users per second: 2252
TripleIntegratedHierarchicalHybridRecommender: Fusing similarity matrices...
TripleIntegratedHierarchicalHybridRecommender: Similarity fusion complete. Final score combination with gamma=0.8889851954025355.
EvaluatorHoldout: Processed 27050 (100.0%) in 12.02 sec. Users per second: 2251
[I 2025-12-28 06:37:02,168] Trial 176 finished with value: 0.25258821634666134 and parameters: {'alpha': 0.167368564396969, 'beta': 0.014485135074190927, 'gamma': 0.8889851954025355}. Best is trial 117 with value: 0.2915359209367497.
[0.25392960067124504, 0.2525229752512283, 0.2525510556920836, 0.25199465580763136, 0.25194279431111843]
TripleIntegratedHierarchicalHybridRecommender: Fusing similarity matrices...
TripleIntegratedHierarchicalHybridRecommender: Similarity fusion complete. Final score combination with gamma=0.11776655847256805.
EvaluatorHoldout: Processed 27064 (100.0%) in 12.02 sec. Users per second: 2252
TripleIntegratedHierarchicalHybridRecommender: Fusing similarity matrices...
TripleIntegratedHierarchicalHybridRecommender: Similarity fusion complete. Final score combination with gamma=0.11776655847256805.
EvaluatorHoldout: Processed 27061 (100.0%) in 12.05 sec. Users per second: 2246
TripleIntegratedHierarchicalHybridRecommender: Fusing similarity matrices...
TripleIntegratedHierarchicalHybridRecommender: Similarity fusion complete. Final score combination with gamma=0.11776655847256805.
EvaluatorHoldout: Processed 27051 (100.0%) in 12.02 sec. Users per second: 2251
TripleIntegratedHierarchicalHybridRecommender: Fusing similarity matrices...
TripleIntegratedHierarchicalHybridRecommender: Similarity fusion complete. Final score combination with gamma=0.11776655847256805.
EvaluatorHoldout: Processed 27062 (100.0%) in 12.04 sec. Users per second: 2248
TripleIntegratedHierarchicalHybridRecommender: Fusing similarity matrices...
TripleIntegratedHierarchicalHybridRecommender: Similarity fusion complete. Final score combination with gamma=0.11776655847256805.
EvaluatorHoldout: Processed 27050 (100.0%) in 12.02 sec. Users per second: 2250
[I 2025-12-28 06:38:04,912] Trial 177 finished with value: 0.29148532927921206 and parameters: {'alpha': 0.1102548492511272, 'beta': 0.12548023325531055, 'gamma': 0.11776655847256805}. Best is trial 117 with value: 0.2915359209367497.
[0.2925994899774153, 0.2909108839453293, 0.29091049333205704, 0.2911663206702462, 0.2918394584710124]
TripleIntegratedHierarchicalHybridRecommender: Fusing similarity matrices...
TripleIntegratedHierarchicalHybridRecommender: Similarity fusion complete. Final score combination with gamma=0.13023443403306947.
EvaluatorHoldout: Processed 27064 (100.0%) in 12.00 sec. Users per second: 2256
TripleIntegratedHierarchicalHybridRecommender: Fusing similarity matrices...
TripleIntegratedHierarchicalHybridRecommender: Similarity fusion complete. Final score combination with gamma=0.13023443403306947.
EvaluatorHoldout: Processed 27061 (100.0%) in 12.06 sec. Users per second: 2243
TripleIntegratedHierarchicalHybridRecommender: Fusing similarity matrices...
TripleIntegratedHierarchicalHybridRecommender: Similarity fusion complete. Final score combination with gamma=0.13023443403306947.
EvaluatorHoldout: Processed 27051 (100.0%) in 12.03 sec. Users per second: 2248
TripleIntegratedHierarchicalHybridRecommender: Fusing similarity matrices...
TripleIntegratedHierarchicalHybridRecommender: Similarity fusion complete. Final score combination with gamma=0.13023443403306947.
EvaluatorHoldout: Processed 27062 (100.0%) in 12.02 sec. Users per second: 2252
TripleIntegratedHierarchicalHybridRecommender: Fusing similarity matrices...
TripleIntegratedHierarchicalHybridRecommender: Similarity fusion complete. Final score combination with gamma=0.13023443403306947.
EvaluatorHoldout: Processed 27050 (100.0%) in 12.01 sec. Users per second: 2251
[I 2025-12-28 06:39:07,546] Trial 178 finished with value: 0.2897265539705505 and parameters: {'alpha': 0.5393616073214603, 'beta': 0.1294388786826082, 'gamma': 0.13023443403306947}. Best is trial 117 with value: 0.2915359209367497.
[0.29071421374087647, 0.28894786650098236, 0.2893193605917281, 0.2894158540278291, 0.2902354749913367]
TripleIntegratedHierarchicalHybridRecommender: Fusing similarity matrices...
TripleIntegratedHierarchicalHybridRecommender: Similarity fusion complete. Final score combination with gamma=0.0857431542182696.
EvaluatorHoldout: Processed 27064 (100.0%) in 12.02 sec. Users per second: 2252
TripleIntegratedHierarchicalHybridRecommender: Fusing similarity matrices...
TripleIntegratedHierarchicalHybridRecommender: Similarity fusion complete. Final score combination with gamma=0.0857431542182696.
EvaluatorHoldout: Processed 27061 (100.0%) in 12.05 sec. Users per second: 2245
TripleIntegratedHierarchicalHybridRecommender: Fusing similarity matrices...
TripleIntegratedHierarchicalHybridRecommender: Similarity fusion complete. Final score combination with gamma=0.0857431542182696.
EvaluatorHoldout: Processed 27051 (100.0%) in 12.03 sec. Users per second: 2248
TripleIntegratedHierarchicalHybridRecommender: Fusing similarity matrices...
TripleIntegratedHierarchicalHybridRecommender: Similarity fusion complete. Final score combination with gamma=0.0857431542182696.
EvaluatorHoldout: Processed 27062 (100.0%) in 12.04 sec. Users per second: 2247
TripleIntegratedHierarchicalHybridRecommender: Fusing similarity matrices...
TripleIntegratedHierarchicalHybridRecommender: Similarity fusion complete. Final score combination with gamma=0.0857431542182696.
EvaluatorHoldout: Processed 27050 (100.0%) in 12.04 sec. Users per second: 2248
