[I 2025-12-28 05:37:31,274] Trial 119 finished with value: 0.2910717112691265 and parameters: {'alpha': 0.19451394937571842, 'beta': 0.018535673722177806, 'gamma': 0.17341675349408614}. Best is trial 117 with value: 0.2915359209367497.
[0.29193818213451844, 0.2905353849429648, 0.29052767179135847, 0.29093041941218867, 0.2914268980646023]
TripleIntegratedHierarchicalHybridRecommender: Fusing similarity matrices...
TripleIntegratedHierarchicalHybridRecommender: Similarity fusion complete. Final score combination with gamma=0.040554227804000975.
EvaluatorHoldout: Processed 27064 (100.0%) in 12.04 sec. Users per second: 2248
TripleIntegratedHierarchicalHybridRecommender: Fusing similarity matrices...
TripleIntegratedHierarchicalHybridRecommender: Similarity fusion complete. Final score combination with gamma=0.040554227804000975.
EvaluatorHoldout: Processed 27061 (100.0%) in 12.07 sec. Users per second: 2243
TripleIntegratedHierarchicalHybridRecommender: Fusing similarity matrices...
TripleIntegratedHierarchicalHybridRecommender: Similarity fusion complete. Final score combination with gamma=0.040554227804000975.
EvaluatorHoldout: Processed 27051 (100.0%) in 12.08 sec. Users per second: 2239
TripleIntegratedHierarchicalHybridRecommender: Fusing similarity matrices...
TripleIntegratedHierarchicalHybridRecommender: Similarity fusion complete. Final score combination with gamma=0.040554227804000975.
EvaluatorHoldout: Processed 27062 (100.0%) in 12.05 sec. Users per second: 2246
TripleIntegratedHierarchicalHybridRecommender: Fusing similarity matrices...
TripleIntegratedHierarchicalHybridRecommender: Similarity fusion complete. Final score combination with gamma=0.040554227804000975.
EvaluatorHoldout: Processed 27050 (100.0%) in 12.04 sec. Users per second: 2246
[I 2025-12-28 05:38:33,936] Trial 120 finished with value: 0.28989208278143913 and parameters: {'alpha': 0.09751544620266764, 'beta': 0.0019013559306075547, 'gamma': 0.040554227804000975}. Best is trial 117 with value: 0.2915359209367497.
[0.29075130993136983, 0.2889306891772497, 0.2896564040797001, 0.28960606803250766, 0.29051594268636827]
TripleIntegratedHierarchicalHybridRecommender: Fusing similarity matrices...
TripleIntegratedHierarchicalHybridRecommender: Similarity fusion complete. Final score combination with gamma=0.13274744835727956.
EvaluatorHoldout: Processed 27064 (100.0%) in 12.02 sec. Users per second: 2251
TripleIntegratedHierarchicalHybridRecommender: Fusing similarity matrices...
TripleIntegratedHierarchicalHybridRecommender: Similarity fusion complete. Final score combination with gamma=0.13274744835727956.
EvaluatorHoldout: Processed 27061 (100.0%) in 12.04 sec. Users per second: 2247
TripleIntegratedHierarchicalHybridRecommender: Fusing similarity matrices...
TripleIntegratedHierarchicalHybridRecommender: Similarity fusion complete. Final score combination with gamma=0.13274744835727956.
EvaluatorHoldout: Processed 27051 (100.0%) in 12.04 sec. Users per second: 2246
TripleIntegratedHierarchicalHybridRecommender: Fusing similarity matrices...
TripleIntegratedHierarchicalHybridRecommender: Similarity fusion complete. Final score combination with gamma=0.13274744835727956.
EvaluatorHoldout: Processed 27062 (100.0%) in 12.02 sec. Users per second: 2251
TripleIntegratedHierarchicalHybridRecommender: Fusing similarity matrices...
TripleIntegratedHierarchicalHybridRecommender: Similarity fusion complete. Final score combination with gamma=0.13274744835727956.
EvaluatorHoldout: Processed 27050 (100.0%) in 12.02 sec. Users per second: 2251
[I 2025-12-28 05:39:36,605] Trial 121 finished with value: 0.2915222817027133 and parameters: {'alpha': 0.14641100333471024, 'beta': 0.054611260661708974, 'gamma': 0.13274744835727956}. Best is trial 117 with value: 0.2915359209367497.
[0.29258230878573527, 0.29105497544822534, 0.29093374200871264, 0.2912401741495794, 0.2918002081213138]
TripleIntegratedHierarchicalHybridRecommender: Fusing similarity matrices...
TripleIntegratedHierarchicalHybridRecommender: Similarity fusion complete. Final score combination with gamma=0.13194446014557118.
EvaluatorHoldout: Processed 27064 (100.0%) in 12.03 sec. Users per second: 2250
TripleIntegratedHierarchicalHybridRecommender: Fusing similarity matrices...
TripleIntegratedHierarchicalHybridRecommender: Similarity fusion complete. Final score combination with gamma=0.13194446014557118.
EvaluatorHoldout: Processed 27061 (100.0%) in 12.05 sec. Users per second: 2245
TripleIntegratedHierarchicalHybridRecommender: Fusing similarity matrices...
TripleIntegratedHierarchicalHybridRecommender: Similarity fusion complete. Final score combination with gamma=0.13194446014557118.
EvaluatorHoldout: Processed 27051 (100.0%) in 12.07 sec. Users per second: 2241
TripleIntegratedHierarchicalHybridRecommender: Fusing similarity matrices...
TripleIntegratedHierarchicalHybridRecommender: Similarity fusion complete. Final score combination with gamma=0.13194446014557118.
EvaluatorHoldout: Processed 27062 (100.0%) in 12.05 sec. Users per second: 2245
TripleIntegratedHierarchicalHybridRecommender: Fusing similarity matrices...
TripleIntegratedHierarchicalHybridRecommender: Similarity fusion complete. Final score combination with gamma=0.13194446014557118.
EvaluatorHoldout: Processed 27050 (100.0%) in 12.05 sec. Users per second: 2245
[I 2025-12-28 05:40:39,269] Trial 122 finished with value: 0.29152870807662046 and parameters: {'alpha': 0.15133715361311734, 'beta': 0.03938275973761801, 'gamma': 0.13194446014557118}. Best is trial 117 with value: 0.2915359209367497.
[0.2925857698256259, 0.29095018138011747, 0.2909748986653544, 0.291316920330954, 0.2918157701810506]
TripleIntegratedHierarchicalHybridRecommender: Fusing similarity matrices...
TripleIntegratedHierarchicalHybridRecommender: Similarity fusion complete. Final score combination with gamma=0.14157423882779513.
EvaluatorHoldout: Processed 27064 (100.0%) in 12.01 sec. Users per second: 2253
TripleIntegratedHierarchicalHybridRecommender: Fusing similarity matrices...
TripleIntegratedHierarchicalHybridRecommender: Similarity fusion complete. Final score combination with gamma=0.14157423882779513.
EvaluatorHoldout: Processed 27061 (100.0%) in 12.04 sec. Users per second: 2247
TripleIntegratedHierarchicalHybridRecommender: Fusing similarity matrices...
TripleIntegratedHierarchicalHybridRecommender: Similarity fusion complete. Final score combination with gamma=0.14157423882779513.
EvaluatorHoldout: Processed 27051 (100.0%) in 12.03 sec. Users per second: 2249
TripleIntegratedHierarchicalHybridRecommender: Fusing similarity matrices...
TripleIntegratedHierarchicalHybridRecommender: Similarity fusion complete. Final score combination with gamma=0.14157423882779513.
EvaluatorHoldout: Processed 27062 (100.0%) in 12.02 sec. Users per second: 2251
TripleIntegratedHierarchicalHybridRecommender: Fusing similarity matrices...
TripleIntegratedHierarchicalHybridRecommender: Similarity fusion complete. Final score combination with gamma=0.14157423882779513.
EvaluatorHoldout: Processed 27050 (100.0%) in 12.01 sec. Users per second: 2252
[I 2025-12-28 05:41:41,882] Trial 123 finished with value: 0.29147295900475056 and parameters: {'alpha': 0.06714493764916316, 'beta': 0.03663746030574486, 'gamma': 0.14157423882779513}. Best is trial 117 with value: 0.2915359209367497.
[0.2925947189463825, 0.2908894505489198, 0.29084490080348124, 0.29123371832861455, 0.2918020063963547]
TripleIntegratedHierarchicalHybridRecommender: Fusing similarity matrices...
TripleIntegratedHierarchicalHybridRecommender: Similarity fusion complete. Final score combination with gamma=0.13874914610932765.
EvaluatorHoldout: Processed 27064 (100.0%) in 12.02 sec. Users per second: 2252
TripleIntegratedHierarchicalHybridRecommender: Fusing similarity matrices...
TripleIntegratedHierarchicalHybridRecommender: Similarity fusion complete. Final score combination with gamma=0.13874914610932765.
EvaluatorHoldout: Processed 27061 (100.0%) in 12.04 sec. Users per second: 2247
TripleIntegratedHierarchicalHybridRecommender: Fusing similarity matrices...
TripleIntegratedHierarchicalHybridRecommender: Similarity fusion complete. Final score combination with gamma=0.13874914610932765.
EvaluatorHoldout: Processed 27051 (100.0%) in 12.04 sec. Users per second: 2247
TripleIntegratedHierarchicalHybridRecommender: Fusing similarity matrices...
TripleIntegratedHierarchicalHybridRecommender: Similarity fusion complete. Final score combination with gamma=0.13874914610932765.
EvaluatorHoldout: Processed 27062 (100.0%) in 12.01 sec. Users per second: 2253
TripleIntegratedHierarchicalHybridRecommender: Fusing similarity matrices...
TripleIntegratedHierarchicalHybridRecommender: Similarity fusion complete. Final score combination with gamma=0.13874914610932765.
EvaluatorHoldout: Processed 27050 (100.0%) in 12.02 sec. Users per second: 2250
[I 2025-12-28 05:42:44,535] Trial 124 finished with value: 0.2915016734489961 and parameters: {'alpha': 0.08823385535777631, 'beta': 0.09335414192774867, 'gamma': 0.13874914610932765}. Best is trial 117 with value: 0.2915359209367497.
[0.29274796629087935, 0.2908906673094316, 0.29087884520502527, 0.2911349743952413, 0.29185591404440286]
TripleIntegratedHierarchicalHybridRecommender: Fusing similarity matrices...
TripleIntegratedHierarchicalHybridRecommender: Similarity fusion complete. Final score combination with gamma=0.24789469673871428.
EvaluatorHoldout: Processed 27064 (100.0%) in 12.01 sec. Users per second: 2254
TripleIntegratedHierarchicalHybridRecommender: Fusing similarity matrices...
TripleIntegratedHierarchicalHybridRecommender: Similarity fusion complete. Final score combination with gamma=0.24789469673871428.
EvaluatorHoldout: Processed 27061 (100.0%) in 12.03 sec. Users per second: 2249
TripleIntegratedHierarchicalHybridRecommender: Fusing similarity matrices...
TripleIntegratedHierarchicalHybridRecommender: Similarity fusion complete. Final score combination with gamma=0.24789469673871428.
EvaluatorHoldout: Processed 27051 (100.0%) in 12.01 sec. Users per second: 2252
TripleIntegratedHierarchicalHybridRecommender: Fusing similarity matrices...
TripleIntegratedHierarchicalHybridRecommender: Similarity fusion complete. Final score combination with gamma=0.24789469673871428.
EvaluatorHoldout: Processed 27062 (100.0%) in 12.01 sec. Users per second: 2253
TripleIntegratedHierarchicalHybridRecommender: Fusing similarity matrices...
TripleIntegratedHierarchicalHybridRecommender: Similarity fusion complete. Final score combination with gamma=0.24789469673871428.
EvaluatorHoldout: Processed 27050 (100.0%) in 12.01 sec. Users per second: 2251
[I 2025-12-28 05:43:47,127] Trial 125 finished with value: 0.28914866373204307 and parameters: {'alpha': 0.06785294422866747, 'beta': 0.14859566663430845, 'gamma': 0.24789469673871428}. Best is trial 117 with value: 0.2915359209367497.
[0.2903237726759447, 0.2883633789163354, 0.2885910593946972, 0.288839865628756, 0.2896252420444821]
TripleIntegratedHierarchicalHybridRecommender: Fusing similarity matrices...
TripleIntegratedHierarchicalHybridRecommender: Similarity fusion complete. Final score combination with gamma=0.15829403577459988.
EvaluatorHoldout: Processed 27064 (100.0%) in 12.02 sec. Users per second: 2251
TripleIntegratedHierarchicalHybridRecommender: Fusing similarity matrices...
TripleIntegratedHierarchicalHybridRecommender: Similarity fusion complete. Final score combination with gamma=0.15829403577459988.
EvaluatorHoldout: Processed 27061 (100.0%) in 12.03 sec. Users per second: 2249
TripleIntegratedHierarchicalHybridRecommender: Fusing similarity matrices...
TripleIntegratedHierarchicalHybridRecommender: Similarity fusion complete. Final score combination with gamma=0.15829403577459988.
EvaluatorHoldout: Processed 27051 (100.0%) in 12.02 sec. Users per second: 2250
TripleIntegratedHierarchicalHybridRecommender: Fusing similarity matrices...
TripleIntegratedHierarchicalHybridRecommender: Similarity fusion complete. Final score combination with gamma=0.15829403577459988.
EvaluatorHoldout: Processed 27062 (100.0%) in 12.02 sec. Users per second: 2252
TripleIntegratedHierarchicalHybridRecommender: Fusing similarity matrices...
TripleIntegratedHierarchicalHybridRecommender: Similarity fusion complete. Final score combination with gamma=0.15829403577459988.
EvaluatorHoldout: Processed 27050 (100.0%) in 12.02 sec. Users per second: 2250
[I 2025-12-28 05:44:49,824] Trial 126 finished with value: 0.2912958059469283 and parameters: {'alpha': 0.09398103393417759, 'beta': 0.107646812169979, 'gamma': 0.15829403577459988}. Best is trial 117 with value: 0.2915359209367497.
[0.2923632895975491, 0.29073667728905456, 0.29076929926509926, 0.2908361079959985, 0.29177365558694]
TripleIntegratedHierarchicalHybridRecommender: Fusing similarity matrices...
TripleIntegratedHierarchicalHybridRecommender: Similarity fusion complete. Final score combination with gamma=0.1402000132567299.
EvaluatorHoldout: Processed 27064 (100.0%) in 12.04 sec. Users per second: 2248
TripleIntegratedHierarchicalHybridRecommender: Fusing similarity matrices...
TripleIntegratedHierarchicalHybridRecommender: Similarity fusion complete. Final score combination with gamma=0.1402000132567299.
EvaluatorHoldout: Processed 27061 (100.0%) in 12.05 sec. Users per second: 2246
TripleIntegratedHierarchicalHybridRecommender: Fusing similarity matrices...
TripleIntegratedHierarchicalHybridRecommender: Similarity fusion complete. Final score combination with gamma=0.1402000132567299.
EvaluatorHoldout: Processed 27051 (100.0%) in 12.03 sec. Users per second: 2249
TripleIntegratedHierarchicalHybridRecommender: Fusing similarity matrices...
TripleIntegratedHierarchicalHybridRecommender: Similarity fusion complete. Final score combination with gamma=0.1402000132567299.
EvaluatorHoldout: Processed 27062 (100.0%) in 12.03 sec. Users per second: 2250
TripleIntegratedHierarchicalHybridRecommender: Fusing similarity matrices...
TripleIntegratedHierarchicalHybridRecommender: Similarity fusion complete. Final score combination with gamma=0.1402000132567299.
EvaluatorHoldout: Processed 27050 (100.0%) in 12.02 sec. Users per second: 2250
[I 2025-12-28 05:45:52,554] Trial 127 finished with value: 0.2914807100867228 and parameters: {'alpha': 0.061523812703707687, 'beta': 0.08877991536431402, 'gamma': 0.1402000132567299}. Best is trial 117 with value: 0.2915359209367497.
[0.2928263631442803, 0.2908411487430587, 0.2909082200710994, 0.29107837967985356, 0.2917494387953223]
TripleIntegratedHierarchicalHybridRecommender: Fusing similarity matrices...
TripleIntegratedHierarchicalHybridRecommender: Similarity fusion complete. Final score combination with gamma=0.13817653585031442.
EvaluatorHoldout: Processed 27064 (100.0%) in 12.03 sec. Users per second: 2250
TripleIntegratedHierarchicalHybridRecommender: Fusing similarity matrices...
TripleIntegratedHierarchicalHybridRecommender: Similarity fusion complete. Final score combination with gamma=0.13817653585031442.
EvaluatorHoldout: Processed 27061 (100.0%) in 12.04 sec. Users per second: 2248
TripleIntegratedHierarchicalHybridRecommender: Fusing similarity matrices...
TripleIntegratedHierarchicalHybridRecommender: Similarity fusion complete. Final score combination with gamma=0.13817653585031442.
EvaluatorHoldout: Processed 27051 (100.0%) in 12.03 sec. Users per second: 2248
TripleIntegratedHierarchicalHybridRecommender: Fusing similarity matrices...
TripleIntegratedHierarchicalHybridRecommender: Similarity fusion complete. Final score combination with gamma=0.13817653585031442.
EvaluatorHoldout: Processed 27062 (100.0%) in 12.02 sec. Users per second: 2252
TripleIntegratedHierarchicalHybridRecommender: Fusing similarity matrices...
TripleIntegratedHierarchicalHybridRecommender: Similarity fusion complete. Final score combination with gamma=0.13817653585031442.
EvaluatorHoldout: Processed 27050 (100.0%) in 12.02 sec. Users per second: 2250
[I 2025-12-28 05:46:55,167] Trial 128 finished with value: 0.29149854516811147 and parameters: {'alpha': 0.06798301574623578, 'beta': 0.08885993233621557, 'gamma': 0.13817653585031442}. Best is trial 117 with value: 0.2915359209367497.
[0.29282292433580565, 0.29088635457114265, 0.2909228933882501, 0.29111580776272145, 0.2917447457826376]
TripleIntegratedHierarchicalHybridRecommender: Fusing similarity matrices...
TripleIntegratedHierarchicalHybridRecommender: Similarity fusion complete. Final score combination with gamma=0.195194778689559.
EvaluatorHoldout: Processed 27064 (100.0%) in 12.03 sec. Users per second: 2250
TripleIntegratedHierarchicalHybridRecommender: Fusing similarity matrices...
TripleIntegratedHierarchicalHybridRecommender: Similarity fusion complete. Final score combination with gamma=0.195194778689559.
EvaluatorHoldout: Processed 27061 (100.0%) in 12.02 sec. Users per second: 2251
TripleIntegratedHierarchicalHybridRecommender: Fusing similarity matrices...
TripleIntegratedHierarchicalHybridRecommender: Similarity fusion complete. Final score combination with gamma=0.195194778689559.
EvaluatorHoldout: Processed 27051 (100.0%) in 12.02 sec. Users per second: 2250
TripleIntegratedHierarchicalHybridRecommender: Fusing similarity matrices...
TripleIntegratedHierarchicalHybridRecommender: Similarity fusion complete. Final score combination with gamma=0.195194778689559.
EvaluatorHoldout: Processed 27062 (100.0%) in 12.00 sec. Users per second: 2256
TripleIntegratedHierarchicalHybridRecommender: Fusing similarity matrices...
TripleIntegratedHierarchicalHybridRecommender: Similarity fusion complete. Final score combination with gamma=0.195194778689559.
EvaluatorHoldout: Processed 27050 (100.0%) in 12.02 sec. Users per second: 2251
[I 2025-12-28 05:47:57,802] Trial 129 finished with value: 0.29092179559459186 and parameters: {'alpha': 0.0737435308139874, 'beta': 0.07347519232948865, 'gamma': 0.195194778689559}. Best is trial 117 with value: 0.2915359209367497.
[0.2919349038487822, 0.29038538046513274, 0.29020396483626687, 0.2905912343123424, 0.29149349451043516]
TripleIntegratedHierarchicalHybridRecommender: Fusing similarity matrices...
TripleIntegratedHierarchicalHybridRecommender: Similarity fusion complete. Final score combination with gamma=0.14209114730389066.
EvaluatorHoldout: Processed 27064 (100.0%) in 12.03 sec. Users per second: 2249
TripleIntegratedHierarchicalHybridRecommender: Fusing similarity matrices...
TripleIntegratedHierarchicalHybridRecommender: Similarity fusion complete. Final score combination with gamma=0.14209114730389066.
EvaluatorHoldout: Processed 27061 (100.0%) in 12.02 sec. Users per second: 2251
TripleIntegratedHierarchicalHybridRecommender: Fusing similarity matrices...
TripleIntegratedHierarchicalHybridRecommender: Similarity fusion complete. Final score combination with gamma=0.14209114730389066.
EvaluatorHoldout: Processed 27051 (100.0%) in 12.03 sec. Users per second: 2250
TripleIntegratedHierarchicalHybridRecommender: Fusing similarity matrices...
TripleIntegratedHierarchicalHybridRecommender: Similarity fusion complete. Final score combination with gamma=0.14209114730389066.
EvaluatorHoldout: Processed 27062 (100.0%) in 12.01 sec. Users per second: 2252
TripleIntegratedHierarchicalHybridRecommender: Fusing similarity matrices...
TripleIntegratedHierarchicalHybridRecommender: Similarity fusion complete. Final score combination with gamma=0.14209114730389066.
EvaluatorHoldout: Processed 27050 (100.0%) in 12.04 sec. Users per second: 2247
[I 2025-12-28 05:49:00,443] Trial 130 finished with value: 0.2853117461544562 and parameters: {'alpha': 0.10331039575012486, 'beta': 0.6074966557080983, 'gamma': 0.14209114730389066}. Best is trial 117 with value: 0.2915359209367497.
[0.2866432913921308, 0.2840548314637376, 0.2848456225826979, 0.28495022320065905, 0.2860647621330557]
TripleIntegratedHierarchicalHybridRecommender: Fusing similarity matrices...
TripleIntegratedHierarchicalHybridRecommender: Similarity fusion complete. Final score combination with gamma=0.17090933739972713.
EvaluatorHoldout: Processed 27064 (100.0%) in 12.02 sec. Users per second: 2252
TripleIntegratedHierarchicalHybridRecommender: Fusing similarity matrices...
TripleIntegratedHierarchicalHybridRecommender: Similarity fusion complete. Final score combination with gamma=0.17090933739972713.
EvaluatorHoldout: Processed 27061 (100.0%) in 12.02 sec. Users per second: 2250
TripleIntegratedHierarchicalHybridRecommender: Fusing similarity matrices...
TripleIntegratedHierarchicalHybridRecommender: Similarity fusion complete. Final score combination with gamma=0.17090933739972713.
EvaluatorHoldout: Processed 27051 (100.0%) in 12.02 sec. Users per second: 2250
TripleIntegratedHierarchicalHybridRecommender: Fusing similarity matrices...
TripleIntegratedHierarchicalHybridRecommender: Similarity fusion complete. Final score combination with gamma=0.17090933739972713.
EvaluatorHoldout: Processed 27062 (100.0%) in 12.01 sec. Users per second: 2254
TripleIntegratedHierarchicalHybridRecommender: Fusing similarity matrices...
TripleIntegratedHierarchicalHybridRecommender: Similarity fusion complete. Final score combination with gamma=0.17090933739972713.
EvaluatorHoldout: Processed 27050 (100.0%) in 12.04 sec. Users per second: 2247
