[I 2025-12-28 07:42:31,733] Trial 239 finished with value: 0.2912936150062929 and parameters: {'alpha': 0.2217300007743161, 'beta': 0.08765278283016506, 'gamma': 0.08379070695622712}. Best is trial 229 with value: 0.29159097449025867.
[0.29240910340644816, 0.29055900983525773, 0.2908790441311485, 0.2910016013901143, 0.2916193162684958]
TripleIntegratedHierarchicalHybridRecommender: Fusing similarity matrices...
TripleIntegratedHierarchicalHybridRecommender: Similarity fusion complete. Final score combination with gamma=0.12105770774299189.
EvaluatorHoldout: Processed 27064 (100.0%) in 11.92 sec. Users per second: 2271
TripleIntegratedHierarchicalHybridRecommender: Fusing similarity matrices...
TripleIntegratedHierarchicalHybridRecommender: Similarity fusion complete. Final score combination with gamma=0.12105770774299189.
EvaluatorHoldout: Processed 27061 (100.0%) in 11.94 sec. Users per second: 2266
TripleIntegratedHierarchicalHybridRecommender: Fusing similarity matrices...
TripleIntegratedHierarchicalHybridRecommender: Similarity fusion complete. Final score combination with gamma=0.12105770774299189.
EvaluatorHoldout: Processed 27051 (100.0%) in 11.94 sec. Users per second: 2266
TripleIntegratedHierarchicalHybridRecommender: Fusing similarity matrices...
TripleIntegratedHierarchicalHybridRecommender: Similarity fusion complete. Final score combination with gamma=0.12105770774299189.
EvaluatorHoldout: Processed 27062 (100.0%) in 11.93 sec. Users per second: 2269
TripleIntegratedHierarchicalHybridRecommender: Fusing similarity matrices...
TripleIntegratedHierarchicalHybridRecommender: Similarity fusion complete. Final score combination with gamma=0.12105770774299189.
EvaluatorHoldout: Processed 27050 (100.0%) in 11.93 sec. Users per second: 2267
[I 2025-12-28 07:43:33,925] Trial 240 finished with value: 0.29153765593193937 and parameters: {'alpha': 0.20244475711962434, 'beta': 0.11248725567164067, 'gamma': 0.12105770774299189}. Best is trial 229 with value: 0.29159097449025867.
[0.29241293000559365, 0.2909687937095301, 0.29103357051561707, 0.2914591201053261, 0.29181386532363]
TripleIntegratedHierarchicalHybridRecommender: Fusing similarity matrices...
TripleIntegratedHierarchicalHybridRecommender: Similarity fusion complete. Final score combination with gamma=0.11916682788335467.
EvaluatorHoldout: Processed 27064 (100.0%) in 11.92 sec. Users per second: 2271
TripleIntegratedHierarchicalHybridRecommender: Fusing similarity matrices...
TripleIntegratedHierarchicalHybridRecommender: Similarity fusion complete. Final score combination with gamma=0.11916682788335467.
EvaluatorHoldout: Processed 27061 (100.0%) in 11.94 sec. Users per second: 2266
TripleIntegratedHierarchicalHybridRecommender: Fusing similarity matrices...
TripleIntegratedHierarchicalHybridRecommender: Similarity fusion complete. Final score combination with gamma=0.11916682788335467.
EvaluatorHoldout: Processed 27051 (100.0%) in 11.94 sec. Users per second: 2265
TripleIntegratedHierarchicalHybridRecommender: Fusing similarity matrices...
TripleIntegratedHierarchicalHybridRecommender: Similarity fusion complete. Final score combination with gamma=0.11916682788335467.
EvaluatorHoldout: Processed 27062 (100.0%) in 11.94 sec. Users per second: 2267
TripleIntegratedHierarchicalHybridRecommender: Fusing similarity matrices...
TripleIntegratedHierarchicalHybridRecommender: Similarity fusion complete. Final score combination with gamma=0.11916682788335467.
EvaluatorHoldout: Processed 27050 (100.0%) in 11.93 sec. Users per second: 2268
[I 2025-12-28 07:44:36,130] Trial 241 finished with value: 0.291538765526036 and parameters: {'alpha': 0.20383408881641477, 'beta': 0.09914181573518668, 'gamma': 0.11916682788335467}. Best is trial 229 with value: 0.29159097449025867.
[0.29242313747231286, 0.2908776851710519, 0.2910456571983174, 0.2914333408069623, 0.29191400698153563]
TripleIntegratedHierarchicalHybridRecommender: Fusing similarity matrices...
TripleIntegratedHierarchicalHybridRecommender: Similarity fusion complete. Final score combination with gamma=0.1136604284626141.
EvaluatorHoldout: Processed 27064 (100.0%) in 11.91 sec. Users per second: 2273
TripleIntegratedHierarchicalHybridRecommender: Fusing similarity matrices...
TripleIntegratedHierarchicalHybridRecommender: Similarity fusion complete. Final score combination with gamma=0.1136604284626141.
EvaluatorHoldout: Processed 27061 (100.0%) in 11.95 sec. Users per second: 2265
TripleIntegratedHierarchicalHybridRecommender: Fusing similarity matrices...
TripleIntegratedHierarchicalHybridRecommender: Similarity fusion complete. Final score combination with gamma=0.1136604284626141.
EvaluatorHoldout: Processed 27051 (100.0%) in 11.95 sec. Users per second: 2263
TripleIntegratedHierarchicalHybridRecommender: Fusing similarity matrices...
TripleIntegratedHierarchicalHybridRecommender: Similarity fusion complete. Final score combination with gamma=0.1136604284626141.
EvaluatorHoldout: Processed 27062 (100.0%) in 11.94 sec. Users per second: 2266
TripleIntegratedHierarchicalHybridRecommender: Fusing similarity matrices...
TripleIntegratedHierarchicalHybridRecommender: Similarity fusion complete. Final score combination with gamma=0.1136604284626141.
EvaluatorHoldout: Processed 27050 (100.0%) in 11.93 sec. Users per second: 2267
[I 2025-12-28 07:45:38,354] Trial 242 finished with value: 0.29155637222980535 and parameters: {'alpha': 0.23649861490697294, 'beta': 0.11198550313954538, 'gamma': 0.1136604284626141}. Best is trial 229 with value: 0.29159097449025867.
[0.29249372161006226, 0.29077284017913313, 0.29121718862336043, 0.29147733717626695, 0.291820773560204]
TripleIntegratedHierarchicalHybridRecommender: Fusing similarity matrices...
TripleIntegratedHierarchicalHybridRecommender: Similarity fusion complete. Final score combination with gamma=0.10299678548257521.
EvaluatorHoldout: Processed 27064 (100.0%) in 11.90 sec. Users per second: 2274
TripleIntegratedHierarchicalHybridRecommender: Fusing similarity matrices...
TripleIntegratedHierarchicalHybridRecommender: Similarity fusion complete. Final score combination with gamma=0.10299678548257521.
EvaluatorHoldout: Processed 27061 (100.0%) in 11.94 sec. Users per second: 2266
TripleIntegratedHierarchicalHybridRecommender: Fusing similarity matrices...
TripleIntegratedHierarchicalHybridRecommender: Similarity fusion complete. Final score combination with gamma=0.10299678548257521.
EvaluatorHoldout: Processed 27051 (100.0%) in 11.93 sec. Users per second: 2268
TripleIntegratedHierarchicalHybridRecommender: Fusing similarity matrices...
TripleIntegratedHierarchicalHybridRecommender: Similarity fusion complete. Final score combination with gamma=0.10299678548257521.
EvaluatorHoldout: Processed 27062 (100.0%) in 11.92 sec. Users per second: 2270
TripleIntegratedHierarchicalHybridRecommender: Fusing similarity matrices...
TripleIntegratedHierarchicalHybridRecommender: Similarity fusion complete. Final score combination with gamma=0.10299678548257521.
EvaluatorHoldout: Processed 27050 (100.0%) in 11.95 sec. Users per second: 2264
[I 2025-12-28 07:46:40,542] Trial 243 finished with value: 0.29142829935649395 and parameters: {'alpha': 0.23754920561779871, 'beta': 0.14768215938991944, 'gamma': 0.10299678548257521}. Best is trial 229 with value: 0.29159097449025867.
[0.2924063682032384, 0.2906749471975862, 0.29087176905034184, 0.2912830429991724, 0.2919053693321311]
TripleIntegratedHierarchicalHybridRecommender: Fusing similarity matrices...
TripleIntegratedHierarchicalHybridRecommender: Similarity fusion complete. Final score combination with gamma=0.11528134025381706.
EvaluatorHoldout: Processed 27064 (100.0%) in 11.89 sec. Users per second: 2276
TripleIntegratedHierarchicalHybridRecommender: Fusing similarity matrices...
TripleIntegratedHierarchicalHybridRecommender: Similarity fusion complete. Final score combination with gamma=0.11528134025381706.
EvaluatorHoldout: Processed 27061 (100.0%) in 11.93 sec. Users per second: 2268
TripleIntegratedHierarchicalHybridRecommender: Fusing similarity matrices...
TripleIntegratedHierarchicalHybridRecommender: Similarity fusion complete. Final score combination with gamma=0.11528134025381706.
EvaluatorHoldout: Processed 27051 (100.0%) in 11.96 sec. Users per second: 2261
TripleIntegratedHierarchicalHybridRecommender: Fusing similarity matrices...
TripleIntegratedHierarchicalHybridRecommender: Similarity fusion complete. Final score combination with gamma=0.11528134025381706.
EvaluatorHoldout: Processed 27062 (100.0%) in 11.93 sec. Users per second: 2268
TripleIntegratedHierarchicalHybridRecommender: Fusing similarity matrices...
TripleIntegratedHierarchicalHybridRecommender: Similarity fusion complete. Final score combination with gamma=0.11528134025381706.
EvaluatorHoldout: Processed 27050 (100.0%) in 11.91 sec. Users per second: 2270
[I 2025-12-28 07:47:42,744] Trial 244 finished with value: 0.2914734046254062 and parameters: {'alpha': 0.19976086527962506, 'beta': 0.10951302750044487, 'gamma': 0.11528134025381706}. Best is trial 229 with value: 0.29159097449025867.
[0.2925026650466398, 0.29087842632553207, 0.290899230778084, 0.2913062147569342, 0.29178048621984104]
TripleIntegratedHierarchicalHybridRecommender: Fusing similarity matrices...
TripleIntegratedHierarchicalHybridRecommender: Similarity fusion complete. Final score combination with gamma=0.0694479875420067.
EvaluatorHoldout: Processed 27064 (100.0%) in 11.96 sec. Users per second: 2263
TripleIntegratedHierarchicalHybridRecommender: Fusing similarity matrices...
TripleIntegratedHierarchicalHybridRecommender: Similarity fusion complete. Final score combination with gamma=0.0694479875420067.
EvaluatorHoldout: Processed 27061 (100.0%) in 11.95 sec. Users per second: 2264
TripleIntegratedHierarchicalHybridRecommender: Fusing similarity matrices...
TripleIntegratedHierarchicalHybridRecommender: Similarity fusion complete. Final score combination with gamma=0.0694479875420067.
EvaluatorHoldout: Processed 27051 (100.0%) in 11.93 sec. Users per second: 2268
TripleIntegratedHierarchicalHybridRecommender: Fusing similarity matrices...
TripleIntegratedHierarchicalHybridRecommender: Similarity fusion complete. Final score combination with gamma=0.0694479875420067.
EvaluatorHoldout: Processed 27062 (100.0%) in 11.95 sec. Users per second: 2264
TripleIntegratedHierarchicalHybridRecommender: Fusing similarity matrices...
TripleIntegratedHierarchicalHybridRecommender: Similarity fusion complete. Final score combination with gamma=0.0694479875420067.
EvaluatorHoldout: Processed 27050 (100.0%) in 11.93 sec. Users per second: 2268
[I 2025-12-28 07:48:45,007] Trial 245 finished with value: 0.2910421013035988 and parameters: {'alpha': 0.21470361948655, 'beta': 0.16660433007622977, 'gamma': 0.0694479875420067}. Best is trial 229 with value: 0.29159097449025867.
[0.2921177413980537, 0.2903455227261512, 0.2905592378242147, 0.29068692239010463, 0.2915010821794699]
TripleIntegratedHierarchicalHybridRecommender: Fusing similarity matrices...
TripleIntegratedHierarchicalHybridRecommender: Similarity fusion complete. Final score combination with gamma=0.09755922369646561.
EvaluatorHoldout: Processed 27064 (100.0%) in 11.91 sec. Users per second: 2273
TripleIntegratedHierarchicalHybridRecommender: Fusing similarity matrices...
TripleIntegratedHierarchicalHybridRecommender: Similarity fusion complete. Final score combination with gamma=0.09755922369646561.
EvaluatorHoldout: Processed 27061 (100.0%) in 11.95 sec. Users per second: 2265
TripleIntegratedHierarchicalHybridRecommender: Fusing similarity matrices...
TripleIntegratedHierarchicalHybridRecommender: Similarity fusion complete. Final score combination with gamma=0.09755922369646561.
EvaluatorHoldout: Processed 27051 (100.0%) in 11.92 sec. Users per second: 2270
TripleIntegratedHierarchicalHybridRecommender: Fusing similarity matrices...
TripleIntegratedHierarchicalHybridRecommender: Similarity fusion complete. Final score combination with gamma=0.09755922369646561.
EvaluatorHoldout: Processed 27062 (100.0%) in 11.95 sec. Users per second: 2266
TripleIntegratedHierarchicalHybridRecommender: Fusing similarity matrices...
TripleIntegratedHierarchicalHybridRecommender: Similarity fusion complete. Final score combination with gamma=0.09755922369646561.
EvaluatorHoldout: Processed 27050 (100.0%) in 11.93 sec. Users per second: 2267
[I 2025-12-28 07:49:47,200] Trial 246 finished with value: 0.29150212679971743 and parameters: {'alpha': 0.19334845640958884, 'beta': 0.10509470402215321, 'gamma': 0.09755922369646561}. Best is trial 229 with value: 0.29159097449025867.
[0.29254217226525353, 0.2908681623143842, 0.2909302933225751, 0.291219277253156, 0.29195072884321815]
TripleIntegratedHierarchicalHybridRecommender: Fusing similarity matrices...
TripleIntegratedHierarchicalHybridRecommender: Similarity fusion complete. Final score combination with gamma=0.12180777737763163.
EvaluatorHoldout: Processed 27064 (100.0%) in 11.91 sec. Users per second: 2273
TripleIntegratedHierarchicalHybridRecommender: Fusing similarity matrices...
TripleIntegratedHierarchicalHybridRecommender: Similarity fusion complete. Final score combination with gamma=0.12180777737763163.
EvaluatorHoldout: Processed 27061 (100.0%) in 11.98 sec. Users per second: 2259
TripleIntegratedHierarchicalHybridRecommender: Fusing similarity matrices...
TripleIntegratedHierarchicalHybridRecommender: Similarity fusion complete. Final score combination with gamma=0.12180777737763163.
EvaluatorHoldout: Processed 27051 (100.0%) in 11.95 sec. Users per second: 2263
TripleIntegratedHierarchicalHybridRecommender: Fusing similarity matrices...
TripleIntegratedHierarchicalHybridRecommender: Similarity fusion complete. Final score combination with gamma=0.12180777737763163.
EvaluatorHoldout: Processed 27062 (100.0%) in 11.94 sec. Users per second: 2266
TripleIntegratedHierarchicalHybridRecommender: Fusing similarity matrices...
TripleIntegratedHierarchicalHybridRecommender: Similarity fusion complete. Final score combination with gamma=0.12180777737763163.
EvaluatorHoldout: Processed 27050 (100.0%) in 11.93 sec. Users per second: 2268
[I 2025-12-28 07:50:49,406] Trial 247 finished with value: 0.29147043407424644 and parameters: {'alpha': 0.22671268160090022, 'beta': 0.12553457855309272, 'gamma': 0.12180777737763163}. Best is trial 229 with value: 0.29159097449025867.
[0.2925177340397891, 0.29078255610077125, 0.2909648559581322, 0.29133187046831854, 0.2917551538042212]
TripleIntegratedHierarchicalHybridRecommender: Fusing similarity matrices...
TripleIntegratedHierarchicalHybridRecommender: Similarity fusion complete. Final score combination with gamma=0.11811775172947118.
EvaluatorHoldout: Processed 27064 (100.0%) in 11.90 sec. Users per second: 2273
TripleIntegratedHierarchicalHybridRecommender: Fusing similarity matrices...
TripleIntegratedHierarchicalHybridRecommender: Similarity fusion complete. Final score combination with gamma=0.11811775172947118.
EvaluatorHoldout: Processed 27061 (100.0%) in 12.01 sec. Users per second: 2253
TripleIntegratedHierarchicalHybridRecommender: Fusing similarity matrices...
TripleIntegratedHierarchicalHybridRecommender: Similarity fusion complete. Final score combination with gamma=0.11811775172947118.
EvaluatorHoldout: Processed 27051 (100.0%) in 11.93 sec. Users per second: 2268
TripleIntegratedHierarchicalHybridRecommender: Fusing similarity matrices...
TripleIntegratedHierarchicalHybridRecommender: Similarity fusion complete. Final score combination with gamma=0.11811775172947118.
EvaluatorHoldout: Processed 27062 (100.0%) in 11.93 sec. Users per second: 2268
TripleIntegratedHierarchicalHybridRecommender: Fusing similarity matrices...
TripleIntegratedHierarchicalHybridRecommender: Similarity fusion complete. Final score combination with gamma=0.11811775172947118.
EvaluatorHoldout: Processed 27050 (100.0%) in 11.97 sec. Users per second: 2260
[I 2025-12-28 07:51:51,650] Trial 248 finished with value: 0.2915125125352234 and parameters: {'alpha': 0.17777698280604845, 'beta': 0.09774998726144307, 'gamma': 0.11811775172947118}. Best is trial 229 with value: 0.29159097449025867.
[0.29254823893810633, 0.290787854079701, 0.2910309241858006, 0.29136947731036367, 0.29182606816214557]
TripleIntegratedHierarchicalHybridRecommender: Fusing similarity matrices...
TripleIntegratedHierarchicalHybridRecommender: Similarity fusion complete. Final score combination with gamma=0.09179640248245836.
EvaluatorHoldout: Processed 27064 (100.0%) in 11.94 sec. Users per second: 2267
TripleIntegratedHierarchicalHybridRecommender: Fusing similarity matrices...
TripleIntegratedHierarchicalHybridRecommender: Similarity fusion complete. Final score combination with gamma=0.09179640248245836.
EvaluatorHoldout: Processed 27061 (100.0%) in 11.94 sec. Users per second: 2266
TripleIntegratedHierarchicalHybridRecommender: Fusing similarity matrices...
TripleIntegratedHierarchicalHybridRecommender: Similarity fusion complete. Final score combination with gamma=0.09179640248245836.
EvaluatorHoldout: Processed 27051 (100.0%) in 11.92 sec. Users per second: 2269
TripleIntegratedHierarchicalHybridRecommender: Fusing similarity matrices...
TripleIntegratedHierarchicalHybridRecommender: Similarity fusion complete. Final score combination with gamma=0.09179640248245836.
EvaluatorHoldout: Processed 27062 (100.0%) in 11.93 sec. Users per second: 2268
TripleIntegratedHierarchicalHybridRecommender: Fusing similarity matrices...
TripleIntegratedHierarchicalHybridRecommender: Similarity fusion complete. Final score combination with gamma=0.09179640248245836.
EvaluatorHoldout: Processed 27050 (100.0%) in 11.92 sec. Users per second: 2269
[I 2025-12-28 07:52:53,892] Trial 249 finished with value: 0.2913554113567995 and parameters: {'alpha': 0.18642641011272404, 'beta': 0.11616732852611542, 'gamma': 0.09179640248245836}. Best is trial 229 with value: 0.29159097449025867.
[0.29242566538530657, 0.2907127920855808, 0.2908278944579467, 0.2909578894260796, 0.29185281542908387]