[I 2025-12-28 05:00:01,173] Trial 83 finished with value: 0.2913491412494643 and parameters: {'alpha': 0.13867315345798764, 'beta': 0.02085447220018863, 'gamma': 0.10543970926999005}. Best is trial 82 with value: 0.29152156280492453.
[0.29240250081916475, 0.29070988622421123, 0.29084392302574236, 0.29102858487146155, 0.29176081130674186]
TripleIntegratedHierarchicalHybridRecommender: Fusing similarity matrices...
TripleIntegratedHierarchicalHybridRecommender: Similarity fusion complete. Final score combination with gamma=0.1855626256834661.
EvaluatorHoldout: Processed 27064 (100.0%) in 12.00 sec. Users per second: 2255
TripleIntegratedHierarchicalHybridRecommender: Fusing similarity matrices...
TripleIntegratedHierarchicalHybridRecommender: Similarity fusion complete. Final score combination with gamma=0.1855626256834661.
EvaluatorHoldout: Processed 27061 (100.0%) in 12.02 sec. Users per second: 2251
TripleIntegratedHierarchicalHybridRecommender: Fusing similarity matrices...
TripleIntegratedHierarchicalHybridRecommender: Similarity fusion complete. Final score combination with gamma=0.1855626256834661.
EvaluatorHoldout: Processed 27051 (100.0%) in 12.00 sec. Users per second: 2255
TripleIntegratedHierarchicalHybridRecommender: Fusing similarity matrices...
TripleIntegratedHierarchicalHybridRecommender: Similarity fusion complete. Final score combination with gamma=0.1855626256834661.
EvaluatorHoldout: Processed 27062 (100.0%) in 12.00 sec. Users per second: 2254
TripleIntegratedHierarchicalHybridRecommender: Fusing similarity matrices...
TripleIntegratedHierarchicalHybridRecommender: Similarity fusion complete. Final score combination with gamma=0.1855626256834661.
EvaluatorHoldout: Processed 27050 (100.0%) in 12.01 sec. Users per second: 2252
[I 2025-12-28 05:01:03,571] Trial 84 finished with value: 0.29087250744920634 and parameters: {'alpha': 0.13642052321648027, 'beta': 0.0701020190052013, 'gamma': 0.1855626256834661}. Best is trial 82 with value: 0.29152156280492453.
[0.2919338396713822, 0.29046536663055417, 0.29005237166974546, 0.2904714603286437, 0.29143949894570614]
TripleIntegratedHierarchicalHybridRecommender: Fusing similarity matrices...
TripleIntegratedHierarchicalHybridRecommender: Similarity fusion complete. Final score combination with gamma=0.10515378940281267.
EvaluatorHoldout: Processed 27064 (100.0%) in 11.99 sec. Users per second: 2258
TripleIntegratedHierarchicalHybridRecommender: Fusing similarity matrices...
TripleIntegratedHierarchicalHybridRecommender: Similarity fusion complete. Final score combination with gamma=0.10515378940281267.
EvaluatorHoldout: Processed 27061 (100.0%) in 12.03 sec. Users per second: 2249
TripleIntegratedHierarchicalHybridRecommender: Fusing similarity matrices...
TripleIntegratedHierarchicalHybridRecommender: Similarity fusion complete. Final score combination with gamma=0.10515378940281267.
EvaluatorHoldout: Processed 27051 (100.0%) in 12.02 sec. Users per second: 2251
TripleIntegratedHierarchicalHybridRecommender: Fusing similarity matrices...
TripleIntegratedHierarchicalHybridRecommender: Similarity fusion complete. Final score combination with gamma=0.10515378940281267.
EvaluatorHoldout: Processed 27062 (100.0%) in 12.01 sec. Users per second: 2253
TripleIntegratedHierarchicalHybridRecommender: Fusing similarity matrices...
TripleIntegratedHierarchicalHybridRecommender: Similarity fusion complete. Final score combination with gamma=0.10515378940281267.
EvaluatorHoldout: Processed 27050 (100.0%) in 12.01 sec. Users per second: 2252
[I 2025-12-28 05:02:05,818] Trial 85 finished with value: 0.2914459834959213 and parameters: {'alpha': 0.18200080953961695, 'beta': 0.027342612260061044, 'gamma': 0.10515378940281267}. Best is trial 82 with value: 0.29152156280492453.
[0.2924585477436646, 0.2907548831467194, 0.290788319915804, 0.2913563239933074, 0.2918718426801112]
TripleIntegratedHierarchicalHybridRecommender: Fusing similarity matrices...
TripleIntegratedHierarchicalHybridRecommender: Similarity fusion complete. Final score combination with gamma=0.20973090953871468.
EvaluatorHoldout: Processed 27064 (100.0%) in 11.99 sec. Users per second: 2258
TripleIntegratedHierarchicalHybridRecommender: Fusing similarity matrices...
TripleIntegratedHierarchicalHybridRecommender: Similarity fusion complete. Final score combination with gamma=0.20973090953871468.
EvaluatorHoldout: Processed 27061 (100.0%) in 12.10 sec. Users per second: 2237
TripleIntegratedHierarchicalHybridRecommender: Fusing similarity matrices...
TripleIntegratedHierarchicalHybridRecommender: Similarity fusion complete. Final score combination with gamma=0.20973090953871468.
EvaluatorHoldout: Processed 27051 (100.0%) in 12.02 sec. Users per second: 2251
TripleIntegratedHierarchicalHybridRecommender: Fusing similarity matrices...
TripleIntegratedHierarchicalHybridRecommender: Similarity fusion complete. Final score combination with gamma=0.20973090953871468.
EvaluatorHoldout: Processed 27062 (100.0%) in 12.02 sec. Users per second: 2252
TripleIntegratedHierarchicalHybridRecommender: Fusing similarity matrices...
TripleIntegratedHierarchicalHybridRecommender: Similarity fusion complete. Final score combination with gamma=0.20973090953871468.
EvaluatorHoldout: Processed 27050 (100.0%) in 12.00 sec. Users per second: 2253
[I 2025-12-28 05:03:08,247] Trial 86 finished with value: 0.2903932609171155 and parameters: {'alpha': 0.1766410036082188, 'beta': 0.020662358911147944, 'gamma': 0.20973090953871468}. Best is trial 82 with value: 0.29152156280492453.
[0.29123041836646074, 0.28999811143274545, 0.2896367198646658, 0.29036020246563643, 0.29074085245606884]
TripleIntegratedHierarchicalHybridRecommender: Fusing similarity matrices...
TripleIntegratedHierarchicalHybridRecommender: Similarity fusion complete. Final score combination with gamma=0.105368264486583.
EvaluatorHoldout: Processed 27064 (100.0%) in 11.99 sec. Users per second: 2257
TripleIntegratedHierarchicalHybridRecommender: Fusing similarity matrices...
TripleIntegratedHierarchicalHybridRecommender: Similarity fusion complete. Final score combination with gamma=0.105368264486583.
EvaluatorHoldout: Processed 27061 (100.0%) in 12.02 sec. Users per second: 2251
TripleIntegratedHierarchicalHybridRecommender: Fusing similarity matrices...
TripleIntegratedHierarchicalHybridRecommender: Similarity fusion complete. Final score combination with gamma=0.105368264486583.
EvaluatorHoldout: Processed 27051 (100.0%) in 12.01 sec. Users per second: 2252
TripleIntegratedHierarchicalHybridRecommender: Fusing similarity matrices...
TripleIntegratedHierarchicalHybridRecommender: Similarity fusion complete. Final score combination with gamma=0.105368264486583.
EvaluatorHoldout: Processed 27062 (100.0%) in 12.02 sec. Users per second: 2252
TripleIntegratedHierarchicalHybridRecommender: Fusing similarity matrices...
TripleIntegratedHierarchicalHybridRecommender: Similarity fusion complete. Final score combination with gamma=0.105368264486583.
EvaluatorHoldout: Processed 27050 (100.0%) in 12.01 sec. Users per second: 2251
[I 2025-12-28 05:04:10,484] Trial 87 finished with value: 0.2914333301612914 and parameters: {'alpha': 0.12046872768512412, 'beta': 0.05726850638192139, 'gamma': 0.105368264486583}. Best is trial 82 with value: 0.29152156280492453.
[0.292457160998392, 0.2907425396701381, 0.29106072734528426, 0.29105886463633485, 0.29184735815630786]
TripleIntegratedHierarchicalHybridRecommender: Fusing similarity matrices...
TripleIntegratedHierarchicalHybridRecommender: Similarity fusion complete. Final score combination with gamma=0.11807262239663316.
EvaluatorHoldout: Processed 27064 (100.0%) in 11.99 sec. Users per second: 2257
TripleIntegratedHierarchicalHybridRecommender: Fusing similarity matrices...
TripleIntegratedHierarchicalHybridRecommender: Similarity fusion complete. Final score combination with gamma=0.11807262239663316.
EvaluatorHoldout: Processed 27061 (100.0%) in 12.04 sec. Users per second: 2247
TripleIntegratedHierarchicalHybridRecommender: Fusing similarity matrices...
TripleIntegratedHierarchicalHybridRecommender: Similarity fusion complete. Final score combination with gamma=0.11807262239663316.
EvaluatorHoldout: Processed 27051 (100.0%) in 12.02 sec. Users per second: 2250
TripleIntegratedHierarchicalHybridRecommender: Fusing similarity matrices...
TripleIntegratedHierarchicalHybridRecommender: Similarity fusion complete. Final score combination with gamma=0.11807262239663316.
EvaluatorHoldout: Processed 27062 (100.0%) in 12.02 sec. Users per second: 2251
TripleIntegratedHierarchicalHybridRecommender: Fusing similarity matrices...
TripleIntegratedHierarchicalHybridRecommender: Similarity fusion complete. Final score combination with gamma=0.11807262239663316.
EvaluatorHoldout: Processed 27050 (100.0%) in 12.02 sec. Users per second: 2251
[I 2025-12-28 05:05:12,983] Trial 88 finished with value: 0.29149795601968936 and parameters: {'alpha': 0.21114265633596163, 'beta': 0.0555530240262086, 'gamma': 0.11807262239663316}. Best is trial 82 with value: 0.29152156280492453.
[0.29249725414956695, 0.29080426404625487, 0.29098505612985676, 0.29149383072386154, 0.2917093750489066]
TripleIntegratedHierarchicalHybridRecommender: Fusing similarity matrices...
TripleIntegratedHierarchicalHybridRecommender: Similarity fusion complete. Final score combination with gamma=0.10349830762618982.
EvaluatorHoldout: Processed 27064 (100.0%) in 11.99 sec. Users per second: 2258
TripleIntegratedHierarchicalHybridRecommender: Fusing similarity matrices...
TripleIntegratedHierarchicalHybridRecommender: Similarity fusion complete. Final score combination with gamma=0.10349830762618982.
EvaluatorHoldout: Processed 27061 (100.0%) in 12.03 sec. Users per second: 2249
TripleIntegratedHierarchicalHybridRecommender: Fusing similarity matrices...
TripleIntegratedHierarchicalHybridRecommender: Similarity fusion complete. Final score combination with gamma=0.10349830762618982.
EvaluatorHoldout: Processed 27051 (100.0%) in 12.10 sec. Users per second: 2236
TripleIntegratedHierarchicalHybridRecommender: Fusing similarity matrices...
TripleIntegratedHierarchicalHybridRecommender: Similarity fusion complete. Final score combination with gamma=0.10349830762618982.
EvaluatorHoldout: Processed 27062 (100.0%) in 12.03 sec. Users per second: 2250
TripleIntegratedHierarchicalHybridRecommender: Fusing similarity matrices...
TripleIntegratedHierarchicalHybridRecommender: Similarity fusion complete. Final score combination with gamma=0.10349830762618982.
EvaluatorHoldout: Processed 27050 (100.0%) in 12.01 sec. Users per second: 2252
[I 2025-12-28 05:06:15,257] Trial 89 finished with value: 0.2914418481527408 and parameters: {'alpha': 0.20380591726560437, 'beta': 0.04612822307521881, 'gamma': 0.10349830762618982}. Best is trial 82 with value: 0.29152156280492453.
[0.29238066365690146, 0.29069514417887143, 0.2908952821726845, 0.2914204284626014, 0.2918177222926452]
TripleIntegratedHierarchicalHybridRecommender: Fusing similarity matrices...
TripleIntegratedHierarchicalHybridRecommender: Similarity fusion complete. Final score combination with gamma=0.10327611162516431.
EvaluatorHoldout: Processed 27064 (100.0%) in 11.99 sec. Users per second: 2256
TripleIntegratedHierarchicalHybridRecommender: Fusing similarity matrices...
TripleIntegratedHierarchicalHybridRecommender: Similarity fusion complete. Final score combination with gamma=0.10327611162516431.
EvaluatorHoldout: Processed 27061 (100.0%) in 12.04 sec. Users per second: 2248
TripleIntegratedHierarchicalHybridRecommender: Fusing similarity matrices...
TripleIntegratedHierarchicalHybridRecommender: Similarity fusion complete. Final score combination with gamma=0.10327611162516431.
EvaluatorHoldout: Processed 27051 (100.0%) in 12.01 sec. Users per second: 2252
TripleIntegratedHierarchicalHybridRecommender: Fusing similarity matrices...
TripleIntegratedHierarchicalHybridRecommender: Similarity fusion complete. Final score combination with gamma=0.10327611162516431.
EvaluatorHoldout: Processed 27062 (100.0%) in 12.04 sec. Users per second: 2248
TripleIntegratedHierarchicalHybridRecommender: Fusing similarity matrices...
TripleIntegratedHierarchicalHybridRecommender: Similarity fusion complete. Final score combination with gamma=0.10327611162516431.
EvaluatorHoldout: Processed 27050 (100.0%) in 11.99 sec. Users per second: 2255
[I 2025-12-28 05:07:17,718] Trial 90 finished with value: 0.29146220688353897 and parameters: {'alpha': 0.2092389968672954, 'beta': 0.05280485985512261, 'gamma': 0.10327611162516431}. Best is trial 82 with value: 0.29152156280492453.
[0.29240784287888244, 0.290701269514686, 0.2909603697444307, 0.2914097320184144, 0.29183182026128107]
TripleIntegratedHierarchicalHybridRecommender: Fusing similarity matrices...
TripleIntegratedHierarchicalHybridRecommender: Similarity fusion complete. Final score combination with gamma=0.09759217513924462.
EvaluatorHoldout: Processed 27064 (100.0%) in 11.99 sec. Users per second: 2257
TripleIntegratedHierarchicalHybridRecommender: Fusing similarity matrices...
TripleIntegratedHierarchicalHybridRecommender: Similarity fusion complete. Final score combination with gamma=0.09759217513924462.
EvaluatorHoldout: Processed 27061 (100.0%) in 12.03 sec. Users per second: 2250
TripleIntegratedHierarchicalHybridRecommender: Fusing similarity matrices...
TripleIntegratedHierarchicalHybridRecommender: Similarity fusion complete. Final score combination with gamma=0.09759217513924462.
EvaluatorHoldout: Processed 27051 (100.0%) in 12.01 sec. Users per second: 2252
TripleIntegratedHierarchicalHybridRecommender: Fusing similarity matrices...
TripleIntegratedHierarchicalHybridRecommender: Similarity fusion complete. Final score combination with gamma=0.09759217513924462.
EvaluatorHoldout: Processed 27062 (100.0%) in 12.03 sec. Users per second: 2249
TripleIntegratedHierarchicalHybridRecommender: Fusing similarity matrices...
TripleIntegratedHierarchicalHybridRecommender: Similarity fusion complete. Final score combination with gamma=0.09759217513924462.
EvaluatorHoldout: Processed 27050 (100.0%) in 12.00 sec. Users per second: 2255
[I 2025-12-28 05:08:19,963] Trial 91 finished with value: 0.291382000197893 and parameters: {'alpha': 0.20159322439092603, 'beta': 0.053904567663179186, 'gamma': 0.09759217513924462}. Best is trial 82 with value: 0.29152156280492453.
[0.29239995165748417, 0.29066045271531277, 0.290806824362054, 0.2911556869380519, 0.2918870853165624]
TripleIntegratedHierarchicalHybridRecommender: Fusing similarity matrices...
TripleIntegratedHierarchicalHybridRecommender: Similarity fusion complete. Final score combination with gamma=0.05351003035406129.
EvaluatorHoldout: Processed 27064 (100.0%) in 11.99 sec. Users per second: 2257
TripleIntegratedHierarchicalHybridRecommender: Fusing similarity matrices...
TripleIntegratedHierarchicalHybridRecommender: Similarity fusion complete. Final score combination with gamma=0.05351003035406129.
EvaluatorHoldout: Processed 27061 (100.0%) in 12.06 sec. Users per second: 2245
TripleIntegratedHierarchicalHybridRecommender: Fusing similarity matrices...
TripleIntegratedHierarchicalHybridRecommender: Similarity fusion complete. Final score combination with gamma=0.05351003035406129.
EvaluatorHoldout: Processed 27051 (100.0%) in 12.04 sec. Users per second: 2246
TripleIntegratedHierarchicalHybridRecommender: Fusing similarity matrices...
TripleIntegratedHierarchicalHybridRecommender: Similarity fusion complete. Final score combination with gamma=0.05351003035406129.
EvaluatorHoldout: Processed 27062 (100.0%) in 12.06 sec. Users per second: 2245
TripleIntegratedHierarchicalHybridRecommender: Fusing similarity matrices...
TripleIntegratedHierarchicalHybridRecommender: Similarity fusion complete. Final score combination with gamma=0.05351003035406129.
EvaluatorHoldout: Processed 27050 (100.0%) in 12.01 sec. Users per second: 2253
[I 2025-12-28 05:09:22,368] Trial 92 finished with value: 0.29068016495789706 and parameters: {'alpha': 0.2039414195788703, 'beta': 0.0629853010475877, 'gamma': 0.05351003035406129}. Best is trial 82 with value: 0.29152156280492453.
[0.29152277966701856, 0.2896379373444889, 0.29056332455389994, 0.2903971721856861, 0.29127961103839184]
TripleIntegratedHierarchicalHybridRecommender: Fusing similarity matrices...
TripleIntegratedHierarchicalHybridRecommender: Similarity fusion complete. Final score combination with gamma=0.021110480297418202.
EvaluatorHoldout: Processed 27064 (100.0%) in 12.00 sec. Users per second: 2256
TripleIntegratedHierarchicalHybridRecommender: Fusing similarity matrices...
TripleIntegratedHierarchicalHybridRecommender: Similarity fusion complete. Final score combination with gamma=0.021110480297418202.
EvaluatorHoldout: Processed 27061 (100.0%) in 12.08 sec. Users per second: 2241
TripleIntegratedHierarchicalHybridRecommender: Fusing similarity matrices...
TripleIntegratedHierarchicalHybridRecommender: Similarity fusion complete. Final score combination with gamma=0.021110480297418202.
EvaluatorHoldout: Processed 27051 (100.0%) in 12.08 sec. Users per second: 2239
TripleIntegratedHierarchicalHybridRecommender: Fusing similarity matrices...
TripleIntegratedHierarchicalHybridRecommender: Similarity fusion complete. Final score combination with gamma=0.021110480297418202.
EvaluatorHoldout: Processed 27062 (100.0%) in 12.07 sec. Users per second: 2242
TripleIntegratedHierarchicalHybridRecommender: Fusing similarity matrices...
TripleIntegratedHierarchicalHybridRecommender: Similarity fusion complete. Final score combination with gamma=0.021110480297418202.
EvaluatorHoldout: Processed 27050 (100.0%) in 12.02 sec. Users per second: 2251
[I 2025-12-28 05:10:24,947] Trial 93 finished with value: 0.28975311896704425 and parameters: {'alpha': 0.21085837884012232, 'beta': 0.08537165340308497, 'gamma': 0.021110480297418202}. Best is trial 82 with value: 0.29152156280492453.
[0.29068660013525666, 0.28866108682799335, 0.2895911056121735, 0.28940656637418566, 0.290420235885612]
TripleIntegratedHierarchicalHybridRecommender: Fusing similarity matrices...
TripleIntegratedHierarchicalHybridRecommender: Similarity fusion complete. Final score combination with gamma=0.10701981966827351.
EvaluatorHoldout: Processed 27064 (100.0%) in 11.99 sec. Users per second: 2258
TripleIntegratedHierarchicalHybridRecommender: Fusing similarity matrices...
TripleIntegratedHierarchicalHybridRecommender: Similarity fusion complete. Final score combination with gamma=0.10701981966827351.
EvaluatorHoldout: Processed 27061 (100.0%) in 12.03 sec. Users per second: 2249
TripleIntegratedHierarchicalHybridRecommender: Fusing similarity matrices...
TripleIntegratedHierarchicalHybridRecommender: Similarity fusion complete. Final score combination with gamma=0.10701981966827351.
EvaluatorHoldout: Processed 27051 (100.0%) in 12.05 sec. Users per second: 2245
TripleIntegratedHierarchicalHybridRecommender: Fusing similarity matrices...
TripleIntegratedHierarchicalHybridRecommender: Similarity fusion complete. Final score combination with gamma=0.10701981966827351.
EvaluatorHoldout: Processed 27062 (100.0%) in 12.02 sec. Users per second: 2251
TripleIntegratedHierarchicalHybridRecommender: Fusing similarity matrices...
TripleIntegratedHierarchicalHybridRecommender: Similarity fusion complete. Final score combination with gamma=0.10701981966827351.
EvaluatorHoldout: Processed 27050 (100.0%) in 12.00 sec. Users per second: 2254
[I 2025-12-28 05:11:27,177] Trial 94 finished with value: 0.2914456502791308 and parameters: {'alpha': 0.19317843783950134, 'beta': 0.0017816081985298146, 'gamma': 0.10701981966827351}. Best is trial 82 with value: 0.29152156280492453.
[0.29241588073277247, 0.29074856487039963, 0.2907734997196985, 0.2914325435298173, 0.29185776254296586]
TripleIntegratedHierarchicalHybridRecommender: Fusing similarity matrices...
TripleIntegratedHierarchicalHybridRecommender: Similarity fusion complete. Final score combination with gamma=0.11880647285682691.
EvaluatorHoldout: Processed 27064 (100.0%) in 11.99 sec. Users per second: 2258
TripleIntegratedHierarchicalHybridRecommender: Fusing similarity matrices...
TripleIntegratedHierarchicalHybridRecommender: Similarity fusion complete. Final score combination with gamma=0.11880647285682691.
EvaluatorHoldout: Processed 27061 (100.0%) in 12.03 sec. Users per second: 2250
TripleIntegratedHierarchicalHybridRecommender: Fusing similarity matrices...
TripleIntegratedHierarchicalHybridRecommender: Similarity fusion complete. Final score combination with gamma=0.11880647285682691.
EvaluatorHoldout: Processed 27051 (100.0%) in 12.03 sec. Users per second: 2248
TripleIntegratedHierarchicalHybridRecommender: Fusing similarity matrices...
TripleIntegratedHierarchicalHybridRecommender: Similarity fusion complete. Final score combination with gamma=0.11880647285682691.
EvaluatorHoldout: Processed 27062 (100.0%) in 12.02 sec. Users per second: 2251
TripleIntegratedHierarchicalHybridRecommender: Fusing similarity matrices...
TripleIntegratedHierarchicalHybridRecommender: Similarity fusion complete. Final score combination with gamma=0.11880647285682691.
EvaluatorHoldout: Processed 27050 (100.0%) in 12.00 sec. Users per second: 2254
