[I 2025-12-28 03:57:22,197] Trial 23 finished with value: 0.29108508673980504 and parameters: {'alpha': 0.3664307647789002, 'beta': 0.09646182884584327, 'gamma': 0.1170818756661588}. Best is trial 23 with value: 0.29108508673980504.
[0.29216471219742945, 0.2903835395310075, 0.2905335823587726, 0.29105519422674203, 0.2912884053850736]
TripleIntegratedHierarchicalHybridRecommender: Fusing similarity matrices...
TripleIntegratedHierarchicalHybridRecommender: Similarity fusion complete. Final score combination with gamma=0.2705654089890005.
EvaluatorHoldout: Processed 27064 (100.0%) in 12.03 sec. Users per second: 2250
TripleIntegratedHierarchicalHybridRecommender: Fusing similarity matrices...
TripleIntegratedHierarchicalHybridRecommender: Similarity fusion complete. Final score combination with gamma=0.2705654089890005.
EvaluatorHoldout: Processed 27061 (100.0%) in 12.07 sec. Users per second: 2242
TripleIntegratedHierarchicalHybridRecommender: Fusing similarity matrices...
TripleIntegratedHierarchicalHybridRecommender: Similarity fusion complete. Final score combination with gamma=0.2705654089890005.
EvaluatorHoldout: Processed 27051 (100.0%) in 12.07 sec. Users per second: 2241
TripleIntegratedHierarchicalHybridRecommender: Fusing similarity matrices...
TripleIntegratedHierarchicalHybridRecommender: Similarity fusion complete. Final score combination with gamma=0.2705654089890005.
EvaluatorHoldout: Processed 27062 (100.0%) in 12.08 sec. Users per second: 2240
TripleIntegratedHierarchicalHybridRecommender: Fusing similarity matrices...
TripleIntegratedHierarchicalHybridRecommender: Similarity fusion complete. Final score combination with gamma=0.2705654089890005.
EvaluatorHoldout: Processed 27050 (100.0%) in 12.22 sec. Users per second: 2214
[I 2025-12-28 03:58:24,770] Trial 24 finished with value: 0.2864820960584663 and parameters: {'alpha': 0.3803055313693079, 'beta': 0.14753642260212552, 'gamma': 0.2705654089890005}. Best is trial 23 with value: 0.29108508673980504.
[0.2879191862194941, 0.2857393439614529, 0.2855292612120368, 0.2864055641197726, 0.2868171247795754]
TripleIntegratedHierarchicalHybridRecommender: Fusing similarity matrices...
TripleIntegratedHierarchicalHybridRecommender: Similarity fusion complete. Final score combination with gamma=0.10525518916364474.
EvaluatorHoldout: Processed 27064 (100.0%) in 12.07 sec. Users per second: 2242
TripleIntegratedHierarchicalHybridRecommender: Fusing similarity matrices...
TripleIntegratedHierarchicalHybridRecommender: Similarity fusion complete. Final score combination with gamma=0.10525518916364474.
EvaluatorHoldout: Processed 27061 (100.0%) in 12.39 sec. Users per second: 2184
TripleIntegratedHierarchicalHybridRecommender: Fusing similarity matrices...
TripleIntegratedHierarchicalHybridRecommender: Similarity fusion complete. Final score combination with gamma=0.10525518916364474.
EvaluatorHoldout: Processed 27051 (100.0%) in 12.34 sec. Users per second: 2192
TripleIntegratedHierarchicalHybridRecommender: Fusing similarity matrices...
TripleIntegratedHierarchicalHybridRecommender: Similarity fusion complete. Final score combination with gamma=0.10525518916364474.
EvaluatorHoldout: Processed 27062 (100.0%) in 12.37 sec. Users per second: 2187
TripleIntegratedHierarchicalHybridRecommender: Fusing similarity matrices...
TripleIntegratedHierarchicalHybridRecommender: Similarity fusion complete. Final score combination with gamma=0.10525518916364474.
EvaluatorHoldout: Processed 27050 (100.0%) in 12.27 sec. Users per second: 2204
[I 2025-12-28 03:59:28,590] Trial 25 finished with value: 0.289571428719164 and parameters: {'alpha': 0.5996095216948634, 'beta': 0.07616042631768698, 'gamma': 0.10525518916364474}. Best is trial 23 with value: 0.29108508673980504.
[0.29067675886756356, 0.28882325250221846, 0.28909096326337314, 0.2891220577147813, 0.2901441112478836]
TripleIntegratedHierarchicalHybridRecommender: Fusing similarity matrices...
TripleIntegratedHierarchicalHybridRecommender: Similarity fusion complete. Final score combination with gamma=0.26989555532204.
EvaluatorHoldout: Processed 27064 (100.0%) in 12.15 sec. Users per second: 2228
TripleIntegratedHierarchicalHybridRecommender: Fusing similarity matrices...
TripleIntegratedHierarchicalHybridRecommender: Similarity fusion complete. Final score combination with gamma=0.26989555532204.
EvaluatorHoldout: Processed 27061 (100.0%) in 12.06 sec. Users per second: 2244
TripleIntegratedHierarchicalHybridRecommender: Fusing similarity matrices...
TripleIntegratedHierarchicalHybridRecommender: Similarity fusion complete. Final score combination with gamma=0.26989555532204.
EvaluatorHoldout: Processed 27051 (100.0%) in 12.07 sec. Users per second: 2241
TripleIntegratedHierarchicalHybridRecommender: Fusing similarity matrices...
TripleIntegratedHierarchicalHybridRecommender: Similarity fusion complete. Final score combination with gamma=0.26989555532204.
EvaluatorHoldout: Processed 27062 (100.0%) in 12.06 sec. Users per second: 2243
TripleIntegratedHierarchicalHybridRecommender: Fusing similarity matrices...
TripleIntegratedHierarchicalHybridRecommender: Similarity fusion complete. Final score combination with gamma=0.26989555532204.
EvaluatorHoldout: Processed 27050 (100.0%) in 12.07 sec. Users per second: 2241
[I 2025-12-28 04:00:31,401] Trial 26 finished with value: 0.28840425223485944 and parameters: {'alpha': 0.19669415843177745, 'beta': 0.045234212032148655, 'gamma': 0.26989555532204}. Best is trial 23 with value: 0.29108508673980504.
[0.2895035682034212, 0.28778984407142777, 0.28761952141486785, 0.28839971942283166, 0.2887086080617489]
TripleIntegratedHierarchicalHybridRecommender: Fusing similarity matrices...
TripleIntegratedHierarchicalHybridRecommender: Similarity fusion complete. Final score combination with gamma=0.1129107027079127.
EvaluatorHoldout: Processed 27064 (100.0%) in 12.08 sec. Users per second: 2240
TripleIntegratedHierarchicalHybridRecommender: Fusing similarity matrices...
TripleIntegratedHierarchicalHybridRecommender: Similarity fusion complete. Final score combination with gamma=0.1129107027079127.
EvaluatorHoldout: Processed 27061 (100.0%) in 12.09 sec. Users per second: 2239
TripleIntegratedHierarchicalHybridRecommender: Fusing similarity matrices...
TripleIntegratedHierarchicalHybridRecommender: Similarity fusion complete. Final score combination with gamma=0.1129107027079127.
EvaluatorHoldout: Processed 27051 (100.0%) in 12.09 sec. Users per second: 2237
TripleIntegratedHierarchicalHybridRecommender: Fusing similarity matrices...
TripleIntegratedHierarchicalHybridRecommender: Similarity fusion complete. Final score combination with gamma=0.1129107027079127.
EvaluatorHoldout: Processed 27062 (100.0%) in 12.06 sec. Users per second: 2244
TripleIntegratedHierarchicalHybridRecommender: Fusing similarity matrices...
TripleIntegratedHierarchicalHybridRecommender: Similarity fusion complete. Final score combination with gamma=0.1129107027079127.
EvaluatorHoldout: Processed 27050 (100.0%) in 12.12 sec. Users per second: 2232
[I 2025-12-28 04:01:34,110] Trial 27 finished with value: 0.289844142168144 and parameters: {'alpha': 0.41286148991557714, 'beta': 0.2952939531199561, 'gamma': 0.1129107027079127}. Best is trial 23 with value: 0.29108508673980504.
[0.29097459705173867, 0.28890754331064744, 0.2893226728268998, 0.2894495370232565, 0.2905663606281776]
TripleIntegratedHierarchicalHybridRecommender: Fusing similarity matrices...
TripleIntegratedHierarchicalHybridRecommender: Similarity fusion complete. Final score combination with gamma=0.40841263328899136.
EvaluatorHoldout: Processed 27064 (100.0%) in 12.03 sec. Users per second: 2250
TripleIntegratedHierarchicalHybridRecommender: Fusing similarity matrices...
TripleIntegratedHierarchicalHybridRecommender: Similarity fusion complete. Final score combination with gamma=0.40841263328899136.
EvaluatorHoldout: Processed 27061 (100.0%) in 12.06 sec. Users per second: 2244
TripleIntegratedHierarchicalHybridRecommender: Fusing similarity matrices...
TripleIntegratedHierarchicalHybridRecommender: Similarity fusion complete. Final score combination with gamma=0.40841263328899136.
EvaluatorHoldout: Processed 27051 (100.0%) in 12.06 sec. Users per second: 2244
TripleIntegratedHierarchicalHybridRecommender: Fusing similarity matrices...
TripleIntegratedHierarchicalHybridRecommender: Similarity fusion complete. Final score combination with gamma=0.40841263328899136.
EvaluatorHoldout: Processed 27062 (100.0%) in 12.15 sec. Users per second: 2228
TripleIntegratedHierarchicalHybridRecommender: Fusing similarity matrices...
TripleIntegratedHierarchicalHybridRecommender: Similarity fusion complete. Final score combination with gamma=0.40841263328899136.
EvaluatorHoldout: Processed 27050 (100.0%) in 12.08 sec. Users per second: 2240
[I 2025-12-28 04:02:36,750] Trial 28 finished with value: 0.27867900900231674 and parameters: {'alpha': 0.5296149819074673, 'beta': 0.13180683653517217, 'gamma': 0.40841263328899136}. Best is trial 23 with value: 0.29108508673980504.
[0.27966250844114326, 0.2784065787185268, 0.2782961751257719, 0.2786496067164009, 0.2783801760097409]
TripleIntegratedHierarchicalHybridRecommender: Fusing similarity matrices...
TripleIntegratedHierarchicalHybridRecommender: Similarity fusion complete. Final score combination with gamma=0.24255370171708904.
EvaluatorHoldout: Processed 27064 (100.0%) in 12.10 sec. Users per second: 2237
TripleIntegratedHierarchicalHybridRecommender: Fusing similarity matrices...
TripleIntegratedHierarchicalHybridRecommender: Similarity fusion complete. Final score combination with gamma=0.24255370171708904.
EvaluatorHoldout: Processed 27061 (100.0%) in 12.06 sec. Users per second: 2244
TripleIntegratedHierarchicalHybridRecommender: Fusing similarity matrices...
TripleIntegratedHierarchicalHybridRecommender: Similarity fusion complete. Final score combination with gamma=0.24255370171708904.
EvaluatorHoldout: Processed 27051 (100.0%) in 12.06 sec. Users per second: 2243
TripleIntegratedHierarchicalHybridRecommender: Fusing similarity matrices...
TripleIntegratedHierarchicalHybridRecommender: Similarity fusion complete. Final score combination with gamma=0.24255370171708904.
EvaluatorHoldout: Processed 27062 (100.0%) in 12.10 sec. Users per second: 2237
TripleIntegratedHierarchicalHybridRecommender: Fusing similarity matrices...
TripleIntegratedHierarchicalHybridRecommender: Similarity fusion complete. Final score combination with gamma=0.24255370171708904.
EvaluatorHoldout: Processed 27050 (100.0%) in 12.05 sec. Users per second: 2244
[I 2025-12-28 04:03:39,456] Trial 29 finished with value: 0.27890721960416415 and parameters: {'alpha': 0.33818914758212965, 'beta': 0.7112356078132924, 'gamma': 0.24255370171708904}. Best is trial 23 with value: 0.29108508673980504.
[0.27993935614413046, 0.27806738410408094, 0.27850226707673276, 0.27899548989032547, 0.2790316008055513]
TripleIntegratedHierarchicalHybridRecommender: Fusing similarity matrices...
TripleIntegratedHierarchicalHybridRecommender: Similarity fusion complete. Final score combination with gamma=0.6934173664661429.
EvaluatorHoldout: Processed 27064 (100.0%) in 12.04 sec. Users per second: 2247
TripleIntegratedHierarchicalHybridRecommender: Fusing similarity matrices...
TripleIntegratedHierarchicalHybridRecommender: Similarity fusion complete. Final score combination with gamma=0.6934173664661429.
EvaluatorHoldout: Processed 27061 (100.0%) in 12.07 sec. Users per second: 2242
TripleIntegratedHierarchicalHybridRecommender: Fusing similarity matrices...
TripleIntegratedHierarchicalHybridRecommender: Similarity fusion complete. Final score combination with gamma=0.6934173664661429.
EvaluatorHoldout: Processed 27051 (100.0%) in 12.05 sec. Users per second: 2245
TripleIntegratedHierarchicalHybridRecommender: Fusing similarity matrices...
TripleIntegratedHierarchicalHybridRecommender: Similarity fusion complete. Final score combination with gamma=0.6934173664661429.
EvaluatorHoldout: Processed 27062 (100.0%) in 12.05 sec. Users per second: 2246
TripleIntegratedHierarchicalHybridRecommender: Fusing similarity matrices...
TripleIntegratedHierarchicalHybridRecommender: Similarity fusion complete. Final score combination with gamma=0.6934173664661429.
EvaluatorHoldout: Processed 27050 (100.0%) in 12.22 sec. Users per second: 2213
[I 2025-12-28 04:04:42,026] Trial 30 finished with value: 0.2636766888398162 and parameters: {'alpha': 0.13419257738866375, 'beta': 0.16002656547839225, 'gamma': 0.6934173664661429}. Best is trial 23 with value: 0.29108508673980504.
[0.26484276800397655, 0.2637995269800152, 0.26337240773649473, 0.2634267371647637, 0.26294200431383086]
TripleIntegratedHierarchicalHybridRecommender: Fusing similarity matrices...
TripleIntegratedHierarchicalHybridRecommender: Similarity fusion complete. Final score combination with gamma=0.10620341390263649.
EvaluatorHoldout: Processed 27064 (100.0%) in 12.01 sec. Users per second: 2254
TripleIntegratedHierarchicalHybridRecommender: Fusing similarity matrices...
TripleIntegratedHierarchicalHybridRecommender: Similarity fusion complete. Final score combination with gamma=0.10620341390263649.
EvaluatorHoldout: Processed 27061 (100.0%) in 12.07 sec. Users per second: 2243
TripleIntegratedHierarchicalHybridRecommender: Fusing similarity matrices...
TripleIntegratedHierarchicalHybridRecommender: Similarity fusion complete. Final score combination with gamma=0.10620341390263649.
EvaluatorHoldout: Processed 27051 (100.0%) in 12.04 sec. Users per second: 2246
TripleIntegratedHierarchicalHybridRecommender: Fusing similarity matrices...
TripleIntegratedHierarchicalHybridRecommender: Similarity fusion complete. Final score combination with gamma=0.10620341390263649.
EvaluatorHoldout: Processed 27062 (100.0%) in 12.02 sec. Users per second: 2251
TripleIntegratedHierarchicalHybridRecommender: Fusing similarity matrices...
TripleIntegratedHierarchicalHybridRecommender: Similarity fusion complete. Final score combination with gamma=0.10620341390263649.
EvaluatorHoldout: Processed 27050 (100.0%) in 12.03 sec. Users per second: 2249
[I 2025-12-28 04:05:44,700] Trial 31 finished with value: 0.2903755695741278 and parameters: {'alpha': 0.353837784931074, 'beta': 0.2728560650645635, 'gamma': 0.10620341390263649}. Best is trial 23 with value: 0.29108508673980504.
[0.29154648924023835, 0.28925262892804127, 0.28989467252444634, 0.29018062706760744, 0.29100343011030566]
TripleIntegratedHierarchicalHybridRecommender: Fusing similarity matrices...
TripleIntegratedHierarchicalHybridRecommender: Similarity fusion complete. Final score combination with gamma=0.09867273186758982.
EvaluatorHoldout: Processed 27064 (100.0%) in 12.01 sec. Users per second: 2254
TripleIntegratedHierarchicalHybridRecommender: Fusing similarity matrices...
TripleIntegratedHierarchicalHybridRecommender: Similarity fusion complete. Final score combination with gamma=0.09867273186758982.
EvaluatorHoldout: Processed 27061 (100.0%) in 12.05 sec. Users per second: 2245
TripleIntegratedHierarchicalHybridRecommender: Fusing similarity matrices...
TripleIntegratedHierarchicalHybridRecommender: Similarity fusion complete. Final score combination with gamma=0.09867273186758982.
EvaluatorHoldout: Processed 27051 (100.0%) in 12.04 sec. Users per second: 2248
TripleIntegratedHierarchicalHybridRecommender: Fusing similarity matrices...
TripleIntegratedHierarchicalHybridRecommender: Similarity fusion complete. Final score combination with gamma=0.09867273186758982.
EvaluatorHoldout: Processed 27062 (100.0%) in 12.03 sec. Users per second: 2250
TripleIntegratedHierarchicalHybridRecommender: Fusing similarity matrices...
TripleIntegratedHierarchicalHybridRecommender: Similarity fusion complete. Final score combination with gamma=0.09867273186758982.
EvaluatorHoldout: Processed 27050 (100.0%) in 12.03 sec. Users per second: 2248
[I 2025-12-28 04:06:47,102] Trial 32 finished with value: 0.28821582623049025 and parameters: {'alpha': 0.40935683464810174, 'beta': 0.44395766173430123, 'gamma': 0.09867273186758982}. Best is trial 23 with value: 0.29108508673980504.
[0.2894222999648837, 0.2872563654736077, 0.28756286610837417, 0.287850816224898, 0.2889867833806878]
TripleIntegratedHierarchicalHybridRecommender: Fusing similarity matrices...
TripleIntegratedHierarchicalHybridRecommender: Similarity fusion complete. Final score combination with gamma=0.15105890707096783.
EvaluatorHoldout: Processed 27064 (100.0%) in 12.03 sec. Users per second: 2249
TripleIntegratedHierarchicalHybridRecommender: Fusing similarity matrices...
TripleIntegratedHierarchicalHybridRecommender: Similarity fusion complete. Final score combination with gamma=0.15105890707096783.
EvaluatorHoldout: Processed 27061 (100.0%) in 12.08 sec. Users per second: 2240
TripleIntegratedHierarchicalHybridRecommender: Fusing similarity matrices...
TripleIntegratedHierarchicalHybridRecommender: Similarity fusion complete. Final score combination with gamma=0.15105890707096783.
EvaluatorHoldout: Processed 27051 (100.0%) in 12.03 sec. Users per second: 2249
TripleIntegratedHierarchicalHybridRecommender: Fusing similarity matrices...
TripleIntegratedHierarchicalHybridRecommender: Similarity fusion complete. Final score combination with gamma=0.15105890707096783.
EvaluatorHoldout: Processed 27062 (100.0%) in 12.00 sec. Users per second: 2255
TripleIntegratedHierarchicalHybridRecommender: Fusing similarity matrices...
TripleIntegratedHierarchicalHybridRecommender: Similarity fusion complete. Final score combination with gamma=0.15105890707096783.
EvaluatorHoldout: Processed 27050 (100.0%) in 12.02 sec. Users per second: 2250
[I 2025-12-28 04:07:49,781] Trial 33 finished with value: 0.28926242685386194 and parameters: {'alpha': 0.557767009174581, 'beta': 0.0815703099215796, 'gamma': 0.15105890707096783}. Best is trial 23 with value: 0.29108508673980504.
[0.290324903092343, 0.28854286801305135, 0.28874570365076213, 0.2889813428054214, 0.28971731670773193]
TripleIntegratedHierarchicalHybridRecommender: Fusing similarity matrices...
TripleIntegratedHierarchicalHybridRecommender: Similarity fusion complete. Final score combination with gamma=0.0035151648569197724.
EvaluatorHoldout: Processed 27064 (100.0%) in 12.01 sec. Users per second: 2254
TripleIntegratedHierarchicalHybridRecommender: Fusing similarity matrices...
TripleIntegratedHierarchicalHybridRecommender: Similarity fusion complete. Final score combination with gamma=0.0035151648569197724.
EvaluatorHoldout: Processed 27061 (100.0%) in 12.10 sec. Users per second: 2237
TripleIntegratedHierarchicalHybridRecommender: Fusing similarity matrices...
TripleIntegratedHierarchicalHybridRecommender: Similarity fusion complete. Final score combination with gamma=0.0035151648569197724.
EvaluatorHoldout: Processed 27051 (100.0%) in 12.09 sec. Users per second: 2238
TripleIntegratedHierarchicalHybridRecommender: Fusing similarity matrices...
TripleIntegratedHierarchicalHybridRecommender: Similarity fusion complete. Final score combination with gamma=0.0035151648569197724.
EvaluatorHoldout: Processed 27062 (100.0%) in 12.02 sec. Users per second: 2252
TripleIntegratedHierarchicalHybridRecommender: Fusing similarity matrices...
TripleIntegratedHierarchicalHybridRecommender: Similarity fusion complete. Final score combination with gamma=0.0035151648569197724.
EvaluatorHoldout: Processed 27050 (100.0%) in 12.04 sec. Users per second: 2247
[I 2025-12-28 04:08:52,463] Trial 34 finished with value: 0.28773773617118936 and parameters: {'alpha': 0.6839228910010364, 'beta': 0.1895653778399007, 'gamma': 0.0035151648569197724}. Best is trial 23 with value: 0.29108508673980504.
[0.2887689897382955, 0.28647617592392005, 0.28741017508825367, 0.28729514633069986, 0.28873819377477755]
TripleIntegratedHierarchicalHybridRecommender: Fusing similarity matrices...
TripleIntegratedHierarchicalHybridRecommender: Similarity fusion complete. Final score combination with gamma=0.19994361554001025.
EvaluatorHoldout: Processed 27064 (100.0%) in 12.03 sec. Users per second: 2250
TripleIntegratedHierarchicalHybridRecommender: Fusing similarity matrices...
TripleIntegratedHierarchicalHybridRecommender: Similarity fusion complete. Final score combination with gamma=0.19994361554001025.
EvaluatorHoldout: Processed 27061 (100.0%) in 12.01 sec. Users per second: 2253
TripleIntegratedHierarchicalHybridRecommender: Fusing similarity matrices...
TripleIntegratedHierarchicalHybridRecommender: Similarity fusion complete. Final score combination with gamma=0.19994361554001025.
EvaluatorHoldout: Processed 27051 (100.0%) in 12.00 sec. Users per second: 2254
TripleIntegratedHierarchicalHybridRecommender: Fusing similarity matrices...
TripleIntegratedHierarchicalHybridRecommender: Similarity fusion complete. Final score combination with gamma=0.19994361554001025.
EvaluatorHoldout: Processed 27062 (100.0%) in 12.00 sec. Users per second: 2256
TripleIntegratedHierarchicalHybridRecommender: Fusing similarity matrices...
TripleIntegratedHierarchicalHybridRecommender: Similarity fusion complete. Final score combination with gamma=0.19994361554001025.
EvaluatorHoldout: Processed 27050 (100.0%) in 12.00 sec. Users per second: 2255
