[I 2025-12-28 04:09:55,059] Trial 35 finished with value: 0.26745689038623455 and parameters: {'alpha': 0.4440138639034992, 'beta': 0.9913021560680984, 'gamma': 0.19994361554001025}. Best is trial 23 with value: 0.29108508673980504.
[0.2685343941743063, 0.26728352660433746, 0.26692948026686325, 0.26681727345974066, 0.2677197774259249]
TripleIntegratedHierarchicalHybridRecommender: Fusing similarity matrices...
TripleIntegratedHierarchicalHybridRecommender: Similarity fusion complete. Final score combination with gamma=0.06907169974941488.
EvaluatorHoldout: Processed 27064 (100.0%) in 12.06 sec. Users per second: 2244
TripleIntegratedHierarchicalHybridRecommender: Fusing similarity matrices...
TripleIntegratedHierarchicalHybridRecommender: Similarity fusion complete. Final score combination with gamma=0.06907169974941488.
EvaluatorHoldout: Processed 27061 (100.0%) in 12.06 sec. Users per second: 2245
TripleIntegratedHierarchicalHybridRecommender: Fusing similarity matrices...
TripleIntegratedHierarchicalHybridRecommender: Similarity fusion complete. Final score combination with gamma=0.06907169974941488.
EvaluatorHoldout: Processed 27051 (100.0%) in 12.05 sec. Users per second: 2245
TripleIntegratedHierarchicalHybridRecommender: Fusing similarity matrices...
TripleIntegratedHierarchicalHybridRecommender: Similarity fusion complete. Final score combination with gamma=0.06907169974941488.
EvaluatorHoldout: Processed 27062 (100.0%) in 12.02 sec. Users per second: 2251
TripleIntegratedHierarchicalHybridRecommender: Fusing similarity matrices...
TripleIntegratedHierarchicalHybridRecommender: Similarity fusion complete. Final score combination with gamma=0.06907169974941488.
EvaluatorHoldout: Processed 27050 (100.0%) in 12.04 sec. Users per second: 2248
[I 2025-12-28 04:10:57,810] Trial 36 finished with value: 0.29100789529642646 and parameters: {'alpha': 0.3201074082471503, 'beta': 0.03348902062972797, 'gamma': 0.06907169974941488}. Best is trial 23 with value: 0.29108508673980504.
[0.2921277761687733, 0.28995964886015224, 0.29036168671959156, 0.29097831634197024, 0.291612048391645]
TripleIntegratedHierarchicalHybridRecommender: Fusing similarity matrices...
TripleIntegratedHierarchicalHybridRecommender: Similarity fusion complete. Final score combination with gamma=0.07722906225493464.
EvaluatorHoldout: Processed 27064 (100.0%) in 12.04 sec. Users per second: 2247
TripleIntegratedHierarchicalHybridRecommender: Fusing similarity matrices...
TripleIntegratedHierarchicalHybridRecommender: Similarity fusion complete. Final score combination with gamma=0.07722906225493464.
EvaluatorHoldout: Processed 27061 (100.0%) in 12.04 sec. Users per second: 2248
TripleIntegratedHierarchicalHybridRecommender: Fusing similarity matrices...
TripleIntegratedHierarchicalHybridRecommender: Similarity fusion complete. Final score combination with gamma=0.07722906225493464.
EvaluatorHoldout: Processed 27051 (100.0%) in 12.04 sec. Users per second: 2246
TripleIntegratedHierarchicalHybridRecommender: Fusing similarity matrices...
TripleIntegratedHierarchicalHybridRecommender: Similarity fusion complete. Final score combination with gamma=0.07722906225493464.
EvaluatorHoldout: Processed 27062 (100.0%) in 12.04 sec. Users per second: 2248
TripleIntegratedHierarchicalHybridRecommender: Fusing similarity matrices...
TripleIntegratedHierarchicalHybridRecommender: Similarity fusion complete. Final score combination with gamma=0.07722906225493464.
EvaluatorHoldout: Processed 27050 (100.0%) in 12.04 sec. Users per second: 2247
[I 2025-12-28 04:12:00,464] Trial 37 finished with value: 0.2911012982237904 and parameters: {'alpha': 0.23226894937149034, 'beta': 0.021105300813705402, 'gamma': 0.07722906225493464}. Best is trial 37 with value: 0.2911012982237904.
[0.2920496216282151, 0.29024792115288034, 0.29054823595356255, 0.29083653313555896, 0.29182417924873505]
TripleIntegratedHierarchicalHybridRecommender: Fusing similarity matrices...
TripleIntegratedHierarchicalHybridRecommender: Similarity fusion complete. Final score combination with gamma=0.07162488769502504.
EvaluatorHoldout: Processed 27064 (100.0%) in 12.03 sec. Users per second: 2249
TripleIntegratedHierarchicalHybridRecommender: Fusing similarity matrices...
TripleIntegratedHierarchicalHybridRecommender: Similarity fusion complete. Final score combination with gamma=0.07162488769502504.
EvaluatorHoldout: Processed 27061 (100.0%) in 12.03 sec. Users per second: 2249
TripleIntegratedHierarchicalHybridRecommender: Fusing similarity matrices...
TripleIntegratedHierarchicalHybridRecommender: Similarity fusion complete. Final score combination with gamma=0.07162488769502504.
EvaluatorHoldout: Processed 27051 (100.0%) in 12.03 sec. Users per second: 2249
TripleIntegratedHierarchicalHybridRecommender: Fusing similarity matrices...
TripleIntegratedHierarchicalHybridRecommender: Similarity fusion complete. Final score combination with gamma=0.07162488769502504.
EvaluatorHoldout: Processed 27062 (100.0%) in 12.03 sec. Users per second: 2250
TripleIntegratedHierarchicalHybridRecommender: Fusing similarity matrices...
TripleIntegratedHierarchicalHybridRecommender: Similarity fusion complete. Final score combination with gamma=0.07162488769502504.
EvaluatorHoldout: Processed 27050 (100.0%) in 12.03 sec. Users per second: 2249
[I 2025-12-28 04:13:03,128] Trial 38 finished with value: 0.29071526166221345 and parameters: {'alpha': 0.08480097216980248, 'beta': 0.0014380872730849203, 'gamma': 0.07162488769502504}. Best is trial 37 with value: 0.2911012982237904.
[0.29174018527940637, 0.28969841555609277, 0.2903434323343393, 0.2903800612070186, 0.2914142139342104]
TripleIntegratedHierarchicalHybridRecommender: Fusing similarity matrices...
TripleIntegratedHierarchicalHybridRecommender: Similarity fusion complete. Final score combination with gamma=0.3044580887763438.
EvaluatorHoldout: Processed 27064 (100.0%) in 12.00 sec. Users per second: 2255
TripleIntegratedHierarchicalHybridRecommender: Fusing similarity matrices...
TripleIntegratedHierarchicalHybridRecommender: Similarity fusion complete. Final score combination with gamma=0.3044580887763438.
EvaluatorHoldout: Processed 27061 (100.0%) in 12.00 sec. Users per second: 2254
TripleIntegratedHierarchicalHybridRecommender: Fusing similarity matrices...
TripleIntegratedHierarchicalHybridRecommender: Similarity fusion complete. Final score combination with gamma=0.3044580887763438.
EvaluatorHoldout: Processed 27051 (100.0%) in 12.02 sec. Users per second: 2250
TripleIntegratedHierarchicalHybridRecommender: Fusing similarity matrices...
TripleIntegratedHierarchicalHybridRecommender: Similarity fusion complete. Final score combination with gamma=0.3044580887763438.
EvaluatorHoldout: Processed 27062 (100.0%) in 12.02 sec. Users per second: 2252
TripleIntegratedHierarchicalHybridRecommender: Fusing similarity matrices...
TripleIntegratedHierarchicalHybridRecommender: Similarity fusion complete. Final score combination with gamma=0.3044580887763438.
EvaluatorHoldout: Processed 27050 (100.0%) in 12.01 sec. Users per second: 2251
[I 2025-12-28 04:14:05,723] Trial 39 finished with value: 0.28663850145305925 and parameters: {'alpha': 0.23587662677446264, 'beta': 0.05347188939744784, 'gamma': 0.3044580887763438}. Best is trial 37 with value: 0.2911012982237904.
[0.2877218873033959, 0.2861870328948503, 0.28584559974044854, 0.28655139636336846, 0.286886590963233]
TripleIntegratedHierarchicalHybridRecommender: Fusing similarity matrices...
TripleIntegratedHierarchicalHybridRecommender: Similarity fusion complete. Final score combination with gamma=0.20866692231724046.
EvaluatorHoldout: Processed 27064 (100.0%) in 12.01 sec. Users per second: 2254
TripleIntegratedHierarchicalHybridRecommender: Fusing similarity matrices...
TripleIntegratedHierarchicalHybridRecommender: Similarity fusion complete. Final score combination with gamma=0.20866692231724046.
EvaluatorHoldout: Processed 27061 (100.0%) in 12.03 sec. Users per second: 2250
TripleIntegratedHierarchicalHybridRecommender: Fusing similarity matrices...
TripleIntegratedHierarchicalHybridRecommender: Similarity fusion complete. Final score combination with gamma=0.20866692231724046.
EvaluatorHoldout: Processed 27051 (100.0%) in 12.03 sec. Users per second: 2250
TripleIntegratedHierarchicalHybridRecommender: Fusing similarity matrices...
TripleIntegratedHierarchicalHybridRecommender: Similarity fusion complete. Final score combination with gamma=0.20866692231724046.
EvaluatorHoldout: Processed 27062 (100.0%) in 12.00 sec. Users per second: 2255
TripleIntegratedHierarchicalHybridRecommender: Fusing similarity matrices...
TripleIntegratedHierarchicalHybridRecommender: Similarity fusion complete. Final score combination with gamma=0.20866692231724046.
EvaluatorHoldout: Processed 27050 (100.0%) in 12.04 sec. Users per second: 2247
[I 2025-12-28 04:15:08,324] Trial 40 finished with value: 0.28978143415812657 and parameters: {'alpha': 0.291878035662402, 'beta': 0.03785296003896288, 'gamma': 0.20866692231724046}. Best is trial 37 with value: 0.2911012982237904.
[0.29090949642029446, 0.28904666637938137, 0.28914742658454473, 0.28965601466484303, 0.2901475667415692]
TripleIntegratedHierarchicalHybridRecommender: Fusing similarity matrices...
TripleIntegratedHierarchicalHybridRecommender: Similarity fusion complete. Final score combination with gamma=0.06899763918814772.
EvaluatorHoldout: Processed 27064 (100.0%) in 12.00 sec. Users per second: 2255
TripleIntegratedHierarchicalHybridRecommender: Fusing similarity matrices...
TripleIntegratedHierarchicalHybridRecommender: Similarity fusion complete. Final score combination with gamma=0.06899763918814772.
EvaluatorHoldout: Processed 27061 (100.0%) in 12.05 sec. Users per second: 2246
TripleIntegratedHierarchicalHybridRecommender: Fusing similarity matrices...
TripleIntegratedHierarchicalHybridRecommender: Similarity fusion complete. Final score combination with gamma=0.06899763918814772.
EvaluatorHoldout: Processed 27051 (100.0%) in 12.05 sec. Users per second: 2245
TripleIntegratedHierarchicalHybridRecommender: Fusing similarity matrices...
TripleIntegratedHierarchicalHybridRecommender: Similarity fusion complete. Final score combination with gamma=0.06899763918814772.
EvaluatorHoldout: Processed 27062 (100.0%) in 12.04 sec. Users per second: 2248
TripleIntegratedHierarchicalHybridRecommender: Fusing similarity matrices...
TripleIntegratedHierarchicalHybridRecommender: Similarity fusion complete. Final score combination with gamma=0.06899763918814772.
EvaluatorHoldout: Processed 27050 (100.0%) in 12.03 sec. Users per second: 2248
[I 2025-12-28 04:16:10,990] Trial 41 finished with value: 0.2906246904108385 and parameters: {'alpha': 0.0698680995454776, 'beta': 0.0017248759041018555, 'gamma': 0.06899763918814772}. Best is trial 37 with value: 0.2911012982237904.
[0.29164655726797634, 0.2896248501804613, 0.29031100841831037, 0.290294653840106, 0.29124638234733846]
TripleIntegratedHierarchicalHybridRecommender: Fusing similarity matrices...
TripleIntegratedHierarchicalHybridRecommender: Similarity fusion complete. Final score combination with gamma=0.07557103812025726.
EvaluatorHoldout: Processed 27064 (100.0%) in 12.02 sec. Users per second: 2252
TripleIntegratedHierarchicalHybridRecommender: Fusing similarity matrices...
TripleIntegratedHierarchicalHybridRecommender: Similarity fusion complete. Final score combination with gamma=0.07557103812025726.
EvaluatorHoldout: Processed 27061 (100.0%) in 12.06 sec. Users per second: 2244
TripleIntegratedHierarchicalHybridRecommender: Fusing similarity matrices...
TripleIntegratedHierarchicalHybridRecommender: Similarity fusion complete. Final score combination with gamma=0.07557103812025726.
EvaluatorHoldout: Processed 27051 (100.0%) in 12.04 sec. Users per second: 2247
TripleIntegratedHierarchicalHybridRecommender: Fusing similarity matrices...
TripleIntegratedHierarchicalHybridRecommender: Similarity fusion complete. Final score combination with gamma=0.07557103812025726.
EvaluatorHoldout: Processed 27062 (100.0%) in 12.04 sec. Users per second: 2248
TripleIntegratedHierarchicalHybridRecommender: Fusing similarity matrices...
TripleIntegratedHierarchicalHybridRecommender: Similarity fusion complete. Final score combination with gamma=0.07557103812025726.
EvaluatorHoldout: Processed 27050 (100.0%) in 11.99 sec. Users per second: 2255
[I 2025-12-28 04:17:13,685] Trial 42 finished with value: 0.29086593674890204 and parameters: {'alpha': 0.12424936353873407, 'beta': 0.0008758929837837386, 'gamma': 0.07557103812025726}. Best is trial 37 with value: 0.2911012982237904.
[0.29182307266240826, 0.2900402522865344, 0.2905492353334158, 0.2904311324544136, 0.29148599100773837]
TripleIntegratedHierarchicalHybridRecommender: Fusing similarity matrices...
TripleIntegratedHierarchicalHybridRecommender: Similarity fusion complete. Final score combination with gamma=0.06120784332243315.
EvaluatorHoldout: Processed 27064 (100.0%) in 12.02 sec. Users per second: 2252
TripleIntegratedHierarchicalHybridRecommender: Fusing similarity matrices...
TripleIntegratedHierarchicalHybridRecommender: Similarity fusion complete. Final score combination with gamma=0.06120784332243315.
EvaluatorHoldout: Processed 27061 (100.0%) in 12.05 sec. Users per second: 2245
TripleIntegratedHierarchicalHybridRecommender: Fusing similarity matrices...
TripleIntegratedHierarchicalHybridRecommender: Similarity fusion complete. Final score combination with gamma=0.06120784332243315.
EvaluatorHoldout: Processed 27051 (100.0%) in 12.05 sec. Users per second: 2245
TripleIntegratedHierarchicalHybridRecommender: Fusing similarity matrices...
TripleIntegratedHierarchicalHybridRecommender: Similarity fusion complete. Final score combination with gamma=0.06120784332243315.
EvaluatorHoldout: Processed 27062 (100.0%) in 12.06 sec. Users per second: 2243
TripleIntegratedHierarchicalHybridRecommender: Fusing similarity matrices...
TripleIntegratedHierarchicalHybridRecommender: Similarity fusion complete. Final score combination with gamma=0.06120784332243315.
EvaluatorHoldout: Processed 27050 (100.0%) in 12.03 sec. Users per second: 2248
[I 2025-12-28 04:18:16,411] Trial 43 finished with value: 0.29089244772921835 and parameters: {'alpha': 0.14738795027703444, 'beta': 0.10907237525425875, 'gamma': 0.06120784332243315}. Best is trial 37 with value: 0.2911012982237904.
[0.2917550553555594, 0.2899831661414599, 0.2905903667728187, 0.2905684094782376, 0.291565240898016]
TripleIntegratedHierarchicalHybridRecommender: Fusing similarity matrices...
TripleIntegratedHierarchicalHybridRecommender: Similarity fusion complete. Final score combination with gamma=0.16276665917121286.
EvaluatorHoldout: Processed 27064 (100.0%) in 12.00 sec. Users per second: 2255
TripleIntegratedHierarchicalHybridRecommender: Fusing similarity matrices...
TripleIntegratedHierarchicalHybridRecommender: Similarity fusion complete. Final score combination with gamma=0.16276665917121286.
EvaluatorHoldout: Processed 27061 (100.0%) in 12.03 sec. Users per second: 2249
TripleIntegratedHierarchicalHybridRecommender: Fusing similarity matrices...
TripleIntegratedHierarchicalHybridRecommender: Similarity fusion complete. Final score combination with gamma=0.16276665917121286.
EvaluatorHoldout: Processed 27051 (100.0%) in 12.02 sec. Users per second: 2250
TripleIntegratedHierarchicalHybridRecommender: Fusing similarity matrices...
TripleIntegratedHierarchicalHybridRecommender: Similarity fusion complete. Final score combination with gamma=0.16276665917121286.
EvaluatorHoldout: Processed 27062 (100.0%) in 12.04 sec. Users per second: 2247
TripleIntegratedHierarchicalHybridRecommender: Fusing similarity matrices...
TripleIntegratedHierarchicalHybridRecommender: Similarity fusion complete. Final score combination with gamma=0.16276665917121286.
EvaluatorHoldout: Processed 27050 (100.0%) in 12.08 sec. Users per second: 2239
[I 2025-12-28 04:19:19,099] Trial 44 finished with value: 0.29088092250194425 and parameters: {'alpha': 0.22874743670840586, 'beta': 0.1112025226696258, 'gamma': 0.16276665917121286}. Best is trial 37 with value: 0.2911012982237904.
[0.29172650846857023, 0.29031703460837743, 0.29046853016284163, 0.2905199237540805, 0.2913726155158514]
TripleIntegratedHierarchicalHybridRecommender: Fusing similarity matrices...
TripleIntegratedHierarchicalHybridRecommender: Similarity fusion complete. Final score combination with gamma=0.0032334370499363593.
EvaluatorHoldout: Processed 27064 (100.0%) in 12.01 sec. Users per second: 2253
TripleIntegratedHierarchicalHybridRecommender: Fusing similarity matrices...
TripleIntegratedHierarchicalHybridRecommender: Similarity fusion complete. Final score combination with gamma=0.0032334370499363593.
EvaluatorHoldout: Processed 27061 (100.0%) in 12.10 sec. Users per second: 2236
TripleIntegratedHierarchicalHybridRecommender: Fusing similarity matrices...
TripleIntegratedHierarchicalHybridRecommender: Similarity fusion complete. Final score combination with gamma=0.0032334370499363593.
EvaluatorHoldout: Processed 27051 (100.0%) in 12.09 sec. Users per second: 2237
TripleIntegratedHierarchicalHybridRecommender: Fusing similarity matrices...
TripleIntegratedHierarchicalHybridRecommender: Similarity fusion complete. Final score combination with gamma=0.0032334370499363593.
EvaluatorHoldout: Processed 27062 (100.0%) in 12.08 sec. Users per second: 2240
TripleIntegratedHierarchicalHybridRecommender: Fusing similarity matrices...
TripleIntegratedHierarchicalHybridRecommender: Similarity fusion complete. Final score combination with gamma=0.0032334370499363593.
EvaluatorHoldout: Processed 27050 (100.0%) in 12.04 sec. Users per second: 2246
[I 2025-12-28 04:20:21,907] Trial 45 finished with value: 0.2891732094338136 and parameters: {'alpha': 0.2177313054842174, 'beta': 0.0734011646670098, 'gamma': 0.0032334370499363593}. Best is trial 37 with value: 0.2911012982237904.
[0.2901601037821884, 0.28797720214693295, 0.2890829079235428, 0.2887983094638639, 0.2898475238525398]
TripleIntegratedHierarchicalHybridRecommender: Fusing similarity matrices...
TripleIntegratedHierarchicalHybridRecommender: Similarity fusion complete. Final score combination with gamma=0.22169785172543469.
EvaluatorHoldout: Processed 27064 (100.0%) in 12.01 sec. Users per second: 2254
TripleIntegratedHierarchicalHybridRecommender: Fusing similarity matrices...
TripleIntegratedHierarchicalHybridRecommender: Similarity fusion complete. Final score combination with gamma=0.22169785172543469.
EvaluatorHoldout: Processed 27061 (100.0%) in 12.02 sec. Users per second: 2252
TripleIntegratedHierarchicalHybridRecommender: Fusing similarity matrices...
TripleIntegratedHierarchicalHybridRecommender: Similarity fusion complete. Final score combination with gamma=0.22169785172543469.
EvaluatorHoldout: Processed 27051 (100.0%) in 12.01 sec. Users per second: 2252
TripleIntegratedHierarchicalHybridRecommender: Fusing similarity matrices...
TripleIntegratedHierarchicalHybridRecommender: Similarity fusion complete. Final score combination with gamma=0.22169785172543469.
EvaluatorHoldout: Processed 27062 (100.0%) in 12.03 sec. Users per second: 2250
TripleIntegratedHierarchicalHybridRecommender: Fusing similarity matrices...
TripleIntegratedHierarchicalHybridRecommender: Similarity fusion complete. Final score combination with gamma=0.22169785172543469.
EvaluatorHoldout: Processed 27050 (100.0%) in 12.00 sec. Users per second: 2254
[I 2025-12-28 04:21:24,435] Trial 46 finished with value: 0.2897352601720954 and parameters: {'alpha': 0.16529282537100703, 'beta': 0.13027028024439588, 'gamma': 0.22169785172543469}. Best is trial 37 with value: 0.2911012982237904.
[0.2908055156981823, 0.28898635649934556, 0.2891050933989062, 0.2895914261476571, 0.2901879091163856]
TripleIntegratedHierarchicalHybridRecommender: Fusing similarity matrices...
TripleIntegratedHierarchicalHybridRecommender: Similarity fusion complete. Final score combination with gamma=0.17035409875092022.
EvaluatorHoldout: Processed 27064 (100.0%) in 12.03 sec. Users per second: 2249
TripleIntegratedHierarchicalHybridRecommender: Fusing similarity matrices...
TripleIntegratedHierarchicalHybridRecommender: Similarity fusion complete. Final score combination with gamma=0.17035409875092022.
EvaluatorHoldout: Processed 27061 (100.0%) in 12.02 sec. Users per second: 2250
TripleIntegratedHierarchicalHybridRecommender: Fusing similarity matrices...
TripleIntegratedHierarchicalHybridRecommender: Similarity fusion complete. Final score combination with gamma=0.17035409875092022.
EvaluatorHoldout: Processed 27051 (100.0%) in 12.04 sec. Users per second: 2247
TripleIntegratedHierarchicalHybridRecommender: Fusing similarity matrices...
TripleIntegratedHierarchicalHybridRecommender: Similarity fusion complete. Final score combination with gamma=0.17035409875092022.
EvaluatorHoldout: Processed 27062 (100.0%) in 12.01 sec. Users per second: 2253
TripleIntegratedHierarchicalHybridRecommender: Fusing similarity matrices...
TripleIntegratedHierarchicalHybridRecommender: Similarity fusion complete. Final score combination with gamma=0.17035409875092022.
EvaluatorHoldout: Processed 27050 (100.0%) in 12.01 sec. Users per second: 2252
