[I 2025-12-28 04:34:58,952] Trial 59 finished with value: 0.2909501870260808 and parameters: {'alpha': 0.018452377493495764, 'beta': 0.1914999186874262, 'gamma': 0.08851579199916931}. Best is trial 37 with value: 0.2911012982237904.
[0.29218275015814654, 0.29008889670764115, 0.2903504110711885, 0.29050825335592173, 0.2916206238375062]
TripleIntegratedHierarchicalHybridRecommender: Fusing similarity matrices...
TripleIntegratedHierarchicalHybridRecommender: Similarity fusion complete. Final score combination with gamma=0.07900144329593521.
EvaluatorHoldout: Processed 27064 (100.0%) in 12.07 sec. Users per second: 2242
TripleIntegratedHierarchicalHybridRecommender: Fusing similarity matrices...
TripleIntegratedHierarchicalHybridRecommender: Similarity fusion complete. Final score combination with gamma=0.07900144329593521.
EvaluatorHoldout: Processed 27061 (100.0%) in 12.04 sec. Users per second: 2247
TripleIntegratedHierarchicalHybridRecommender: Fusing similarity matrices...
TripleIntegratedHierarchicalHybridRecommender: Similarity fusion complete. Final score combination with gamma=0.07900144329593521.
EvaluatorHoldout: Processed 27051 (100.0%) in 12.03 sec. Users per second: 2248
TripleIntegratedHierarchicalHybridRecommender: Fusing similarity matrices...
TripleIntegratedHierarchicalHybridRecommender: Similarity fusion complete. Final score combination with gamma=0.07900144329593521.
EvaluatorHoldout: Processed 27062 (100.0%) in 12.05 sec. Users per second: 2245
TripleIntegratedHierarchicalHybridRecommender: Fusing similarity matrices...
TripleIntegratedHierarchicalHybridRecommender: Similarity fusion complete. Final score combination with gamma=0.07900144329593521.
EvaluatorHoldout: Processed 27050 (100.0%) in 12.04 sec. Users per second: 2248
[I 2025-12-28 04:36:01,703] Trial 60 finished with value: 0.2902729491675946 and parameters: {'alpha': 0.010002209936345624, 'beta': 0.3239384991599016, 'gamma': 0.07900144329593521}. Best is trial 37 with value: 0.2911012982237904.
[0.291545030467156, 0.2895185854956544, 0.28924109470188203, 0.28998424848795573, 0.2910757866853249]
TripleIntegratedHierarchicalHybridRecommender: Fusing similarity matrices...
TripleIntegratedHierarchicalHybridRecommender: Similarity fusion complete. Final score combination with gamma=0.16051842233801175.
EvaluatorHoldout: Processed 27064 (100.0%) in 12.02 sec. Users per second: 2252
TripleIntegratedHierarchicalHybridRecommender: Fusing similarity matrices...
TripleIntegratedHierarchicalHybridRecommender: Similarity fusion complete. Final score combination with gamma=0.16051842233801175.
EvaluatorHoldout: Processed 27061 (100.0%) in 12.03 sec. Users per second: 2250
TripleIntegratedHierarchicalHybridRecommender: Fusing similarity matrices...
TripleIntegratedHierarchicalHybridRecommender: Similarity fusion complete. Final score combination with gamma=0.16051842233801175.
EvaluatorHoldout: Processed 27051 (100.0%) in 12.02 sec. Users per second: 2250
TripleIntegratedHierarchicalHybridRecommender: Fusing similarity matrices...
TripleIntegratedHierarchicalHybridRecommender: Similarity fusion complete. Final score combination with gamma=0.16051842233801175.
EvaluatorHoldout: Processed 27062 (100.0%) in 12.02 sec. Users per second: 2252
TripleIntegratedHierarchicalHybridRecommender: Fusing similarity matrices...
TripleIntegratedHierarchicalHybridRecommender: Similarity fusion complete. Final score combination with gamma=0.16051842233801175.
EvaluatorHoldout: Processed 27050 (100.0%) in 12.03 sec. Users per second: 2249
[I 2025-12-28 04:37:04,340] Trial 61 finished with value: 0.2913748713901499 and parameters: {'alpha': 0.03577592640944208, 'beta': 0.03461512314333898, 'gamma': 0.16051842233801175}. Best is trial 61 with value: 0.2913748713901499.
[0.2924245673990468, 0.29081311790350084, 0.29084560086844785, 0.2909540011922323, 0.2918370695875217]
TripleIntegratedHierarchicalHybridRecommender: Fusing similarity matrices...
TripleIntegratedHierarchicalHybridRecommender: Similarity fusion complete. Final score combination with gamma=0.13719608607824546.
EvaluatorHoldout: Processed 27064 (100.0%) in 12.01 sec. Users per second: 2253
TripleIntegratedHierarchicalHybridRecommender: Fusing similarity matrices...
TripleIntegratedHierarchicalHybridRecommender: Similarity fusion complete. Final score combination with gamma=0.13719608607824546.
EvaluatorHoldout: Processed 27061 (100.0%) in 12.03 sec. Users per second: 2250
TripleIntegratedHierarchicalHybridRecommender: Fusing similarity matrices...
TripleIntegratedHierarchicalHybridRecommender: Similarity fusion complete. Final score combination with gamma=0.13719608607824546.
EvaluatorHoldout: Processed 27051 (100.0%) in 12.03 sec. Users per second: 2249
TripleIntegratedHierarchicalHybridRecommender: Fusing similarity matrices...
TripleIntegratedHierarchicalHybridRecommender: Similarity fusion complete. Final score combination with gamma=0.13719608607824546.
EvaluatorHoldout: Processed 27062 (100.0%) in 12.03 sec. Users per second: 2250
TripleIntegratedHierarchicalHybridRecommender: Fusing similarity matrices...
TripleIntegratedHierarchicalHybridRecommender: Similarity fusion complete. Final score combination with gamma=0.13719608607824546.
EvaluatorHoldout: Processed 27050 (100.0%) in 12.03 sec. Users per second: 2249
[I 2025-12-28 04:38:07,031] Trial 62 finished with value: 0.29120005396274273 and parameters: {'alpha': 0.029040296325253415, 'beta': 0.19308198216087302, 'gamma': 0.13719608607824546}. Best is trial 61 with value: 0.2913748713901499.
[0.2926254513324822, 0.29047044303166836, 0.2904627175004983, 0.2906460505560073, 0.2917956073930576]
TripleIntegratedHierarchicalHybridRecommender: Fusing similarity matrices...
TripleIntegratedHierarchicalHybridRecommender: Similarity fusion complete. Final score combination with gamma=0.14858783117972246.
EvaluatorHoldout: Processed 27064 (100.0%) in 12.02 sec. Users per second: 2251
TripleIntegratedHierarchicalHybridRecommender: Fusing similarity matrices...
TripleIntegratedHierarchicalHybridRecommender: Similarity fusion complete. Final score combination with gamma=0.14858783117972246.
EvaluatorHoldout: Processed 27061 (100.0%) in 12.03 sec. Users per second: 2250
TripleIntegratedHierarchicalHybridRecommender: Fusing similarity matrices...
TripleIntegratedHierarchicalHybridRecommender: Similarity fusion complete. Final score combination with gamma=0.14858783117972246.
EvaluatorHoldout: Processed 27051 (100.0%) in 12.02 sec. Users per second: 2251
TripleIntegratedHierarchicalHybridRecommender: Fusing similarity matrices...
TripleIntegratedHierarchicalHybridRecommender: Similarity fusion complete. Final score combination with gamma=0.14858783117972246.
EvaluatorHoldout: Processed 27062 (100.0%) in 12.03 sec. Users per second: 2249
TripleIntegratedHierarchicalHybridRecommender: Fusing similarity matrices...
TripleIntegratedHierarchicalHybridRecommender: Similarity fusion complete. Final score combination with gamma=0.14858783117972246.
EvaluatorHoldout: Processed 27050 (100.0%) in 12.04 sec. Users per second: 2248
[I 2025-12-28 04:39:09,605] Trial 63 finished with value: 0.2912043698288869 and parameters: {'alpha': 0.04593864822775156, 'beta': 0.19061013578440217, 'gamma': 0.14858783117972246}. Best is trial 61 with value: 0.2913748713901499.
[0.29263992872498806, 0.2903091157811053, 0.2906484894727686, 0.29060970232581873, 0.29181461283975385]
TripleIntegratedHierarchicalHybridRecommender: Fusing similarity matrices...
TripleIntegratedHierarchicalHybridRecommender: Similarity fusion complete. Final score combination with gamma=0.028649852117005103.
EvaluatorHoldout: Processed 27064 (100.0%) in 12.05 sec. Users per second: 2247
TripleIntegratedHierarchicalHybridRecommender: Fusing similarity matrices...
TripleIntegratedHierarchicalHybridRecommender: Similarity fusion complete. Final score combination with gamma=0.028649852117005103.
EvaluatorHoldout: Processed 27061 (100.0%) in 12.08 sec. Users per second: 2240
TripleIntegratedHierarchicalHybridRecommender: Fusing similarity matrices...
TripleIntegratedHierarchicalHybridRecommender: Similarity fusion complete. Final score combination with gamma=0.028649852117005103.
EvaluatorHoldout: Processed 27051 (100.0%) in 12.07 sec. Users per second: 2241
TripleIntegratedHierarchicalHybridRecommender: Fusing similarity matrices...
TripleIntegratedHierarchicalHybridRecommender: Similarity fusion complete. Final score combination with gamma=0.028649852117005103.
EvaluatorHoldout: Processed 27062 (100.0%) in 12.07 sec. Users per second: 2243
TripleIntegratedHierarchicalHybridRecommender: Fusing similarity matrices...
TripleIntegratedHierarchicalHybridRecommender: Similarity fusion complete. Final score combination with gamma=0.028649852117005103.
EvaluatorHoldout: Processed 27050 (100.0%) in 12.07 sec. Users per second: 2241
[I 2025-12-28 04:40:12,457] Trial 64 finished with value: 0.2896481976800993 and parameters: {'alpha': 0.09248280481993007, 'beta': 0.153703042351242, 'gamma': 0.028649852117005103}. Best is trial 61 with value: 0.2913748713901499.
[0.2905711023050036, 0.2886414277627083, 0.2893866020979808, 0.28941446631173195, 0.29022738992307184]
TripleIntegratedHierarchicalHybridRecommender: Fusing similarity matrices...
TripleIntegratedHierarchicalHybridRecommender: Similarity fusion complete. Final score combination with gamma=0.6591673405681278.
EvaluatorHoldout: Processed 27064 (100.0%) in 12.01 sec. Users per second: 2254
TripleIntegratedHierarchicalHybridRecommender: Fusing similarity matrices...
TripleIntegratedHierarchicalHybridRecommender: Similarity fusion complete. Final score combination with gamma=0.6591673405681278.
EvaluatorHoldout: Processed 27061 (100.0%) in 12.01 sec. Users per second: 2254
TripleIntegratedHierarchicalHybridRecommender: Fusing similarity matrices...
TripleIntegratedHierarchicalHybridRecommender: Similarity fusion complete. Final score combination with gamma=0.6591673405681278.
EvaluatorHoldout: Processed 27051 (100.0%) in 12.00 sec. Users per second: 2255
TripleIntegratedHierarchicalHybridRecommender: Fusing similarity matrices...
TripleIntegratedHierarchicalHybridRecommender: Similarity fusion complete. Final score combination with gamma=0.6591673405681278.
EvaluatorHoldout: Processed 27062 (100.0%) in 12.02 sec. Users per second: 2251
TripleIntegratedHierarchicalHybridRecommender: Fusing similarity matrices...
TripleIntegratedHierarchicalHybridRecommender: Similarity fusion complete. Final score combination with gamma=0.6591673405681278.
EvaluatorHoldout: Processed 27050 (100.0%) in 12.00 sec. Users per second: 2254
[I 2025-12-28 04:41:15,032] Trial 65 finished with value: 0.26724963143382674 and parameters: {'alpha': 0.0587032473692224, 'beta': 0.03150029310379418, 'gamma': 0.6591673405681278}. Best is trial 61 with value: 0.2913748713901499.
[0.26825777365874176, 0.2673147139095535, 0.2671480954250358, 0.2670882277372094, 0.2664393464385933]
TripleIntegratedHierarchicalHybridRecommender: Fusing similarity matrices...
TripleIntegratedHierarchicalHybridRecommender: Similarity fusion complete. Final score combination with gamma=0.7848824368369942.
EvaluatorHoldout: Processed 27064 (100.0%) in 12.00 sec. Users per second: 2255
TripleIntegratedHierarchicalHybridRecommender: Fusing similarity matrices...
TripleIntegratedHierarchicalHybridRecommender: Similarity fusion complete. Final score combination with gamma=0.7848824368369942.
EvaluatorHoldout: Processed 27061 (100.0%) in 12.02 sec. Users per second: 2251
TripleIntegratedHierarchicalHybridRecommender: Fusing similarity matrices...
TripleIntegratedHierarchicalHybridRecommender: Similarity fusion complete. Final score combination with gamma=0.7848824368369942.
EvaluatorHoldout: Processed 27051 (100.0%) in 11.99 sec. Users per second: 2257
TripleIntegratedHierarchicalHybridRecommender: Fusing similarity matrices...
TripleIntegratedHierarchicalHybridRecommender: Similarity fusion complete. Final score combination with gamma=0.7848824368369942.
EvaluatorHoldout: Processed 27062 (100.0%) in 12.02 sec. Users per second: 2251
TripleIntegratedHierarchicalHybridRecommender: Fusing similarity matrices...
TripleIntegratedHierarchicalHybridRecommender: Similarity fusion complete. Final score combination with gamma=0.7848824368369942.
EvaluatorHoldout: Processed 27050 (100.0%) in 12.00 sec. Users per second: 2254
[I 2025-12-28 04:42:17,653] Trial 66 finished with value: 0.25792515669777083 and parameters: {'alpha': 0.013841192327939518, 'beta': 0.24814936968705728, 'gamma': 0.7848824368369942}. Best is trial 61 with value: 0.2913748713901499.
[0.2592478274608872, 0.25794898232666585, 0.2577383931036817, 0.2575461934655719, 0.2571443871320476]
TripleIntegratedHierarchicalHybridRecommender: Fusing similarity matrices...
TripleIntegratedHierarchicalHybridRecommender: Similarity fusion complete. Final score combination with gamma=0.13171369295496377.
EvaluatorHoldout: Processed 27064 (100.0%) in 12.01 sec. Users per second: 2253
TripleIntegratedHierarchicalHybridRecommender: Fusing similarity matrices...
TripleIntegratedHierarchicalHybridRecommender: Similarity fusion complete. Final score combination with gamma=0.13171369295496377.
EvaluatorHoldout: Processed 27061 (100.0%) in 12.03 sec. Users per second: 2249
TripleIntegratedHierarchicalHybridRecommender: Fusing similarity matrices...
TripleIntegratedHierarchicalHybridRecommender: Similarity fusion complete. Final score combination with gamma=0.13171369295496377.
EvaluatorHoldout: Processed 27051 (100.0%) in 12.01 sec. Users per second: 2252
TripleIntegratedHierarchicalHybridRecommender: Fusing similarity matrices...
TripleIntegratedHierarchicalHybridRecommender: Similarity fusion complete. Final score combination with gamma=0.13171369295496377.
EvaluatorHoldout: Processed 27062 (100.0%) in 12.05 sec. Users per second: 2245
TripleIntegratedHierarchicalHybridRecommender: Fusing similarity matrices...
TripleIntegratedHierarchicalHybridRecommender: Similarity fusion complete. Final score combination with gamma=0.13171369295496377.
EvaluatorHoldout: Processed 27050 (100.0%) in 12.02 sec. Users per second: 2251
[I 2025-12-28 04:43:20,357] Trial 67 finished with value: 0.288302511152606 and parameters: {'alpha': 0.10334295851217079, 'beta': 0.4740136660525854, 'gamma': 0.13171369295496377}. Best is trial 61 with value: 0.2913748713901499.
[0.2896284409303372, 0.28727594101100556, 0.2877087003612694, 0.2879651393602504, 0.28893433410016756]
TripleIntegratedHierarchicalHybridRecommender: Fusing similarity matrices...
TripleIntegratedHierarchicalHybridRecommender: Similarity fusion complete. Final score combination with gamma=0.20063006851153103.
EvaluatorHoldout: Processed 27064 (100.0%) in 12.00 sec. Users per second: 2254
TripleIntegratedHierarchicalHybridRecommender: Fusing similarity matrices...
TripleIntegratedHierarchicalHybridRecommender: Similarity fusion complete. Final score combination with gamma=0.20063006851153103.
EvaluatorHoldout: Processed 27061 (100.0%) in 12.03 sec. Users per second: 2250
TripleIntegratedHierarchicalHybridRecommender: Fusing similarity matrices...
TripleIntegratedHierarchicalHybridRecommender: Similarity fusion complete. Final score combination with gamma=0.20063006851153103.
EvaluatorHoldout: Processed 27051 (100.0%) in 12.01 sec. Users per second: 2252
TripleIntegratedHierarchicalHybridRecommender: Fusing similarity matrices...
TripleIntegratedHierarchicalHybridRecommender: Similarity fusion complete. Final score combination with gamma=0.20063006851153103.
EvaluatorHoldout: Processed 27062 (100.0%) in 12.03 sec. Users per second: 2250
TripleIntegratedHierarchicalHybridRecommender: Fusing similarity matrices...
TripleIntegratedHierarchicalHybridRecommender: Similarity fusion complete. Final score combination with gamma=0.20063006851153103.
EvaluatorHoldout: Processed 27050 (100.0%) in 12.01 sec. Users per second: 2252
[I 2025-12-28 04:44:22,946] Trial 68 finished with value: 0.2793570116855498 and parameters: {'alpha': 0.030436454078211675, 'beta': 0.7635536571074131, 'gamma': 0.20063006851153103}. Best is trial 61 with value: 0.2913748713901499.
[0.28051012801060066, 0.27837305436051746, 0.2788209983844191, 0.27937485740355344, 0.2797060202686584]
TripleIntegratedHierarchicalHybridRecommender: Fusing similarity matrices...
TripleIntegratedHierarchicalHybridRecommender: Similarity fusion complete. Final score combination with gamma=0.11411476573380289.
EvaluatorHoldout: Processed 27064 (100.0%) in 12.00 sec. Users per second: 2255
TripleIntegratedHierarchicalHybridRecommender: Fusing similarity matrices...
TripleIntegratedHierarchicalHybridRecommender: Similarity fusion complete. Final score combination with gamma=0.11411476573380289.
EvaluatorHoldout: Processed 27061 (100.0%) in 12.05 sec. Users per second: 2246
TripleIntegratedHierarchicalHybridRecommender: Fusing similarity matrices...
TripleIntegratedHierarchicalHybridRecommender: Similarity fusion complete. Final score combination with gamma=0.11411476573380289.
EvaluatorHoldout: Processed 27051 (100.0%) in 12.03 sec. Users per second: 2248
TripleIntegratedHierarchicalHybridRecommender: Fusing similarity matrices...
TripleIntegratedHierarchicalHybridRecommender: Similarity fusion complete. Final score combination with gamma=0.11411476573380289.
EvaluatorHoldout: Processed 27062 (100.0%) in 12.03 sec. Users per second: 2250
TripleIntegratedHierarchicalHybridRecommender: Fusing similarity matrices...
TripleIntegratedHierarchicalHybridRecommender: Similarity fusion complete. Final score combination with gamma=0.11411476573380289.
EvaluatorHoldout: Processed 27050 (100.0%) in 12.01 sec. Users per second: 2252
[I 2025-12-28 04:45:25,596] Trial 69 finished with value: 0.2889770622497411 and parameters: {'alpha': 0.3248261259157036, 'beta': 0.40607862614469725, 'gamma': 0.11411476573380289}. Best is trial 61 with value: 0.2913748713901499.
[0.2899819712555819, 0.2881795488662147, 0.288305096555839, 0.28855016156694774, 0.2898685330041222]
TripleIntegratedHierarchicalHybridRecommender: Fusing similarity matrices...
TripleIntegratedHierarchicalHybridRecommender: Similarity fusion complete. Final score combination with gamma=0.3165668507221582.
EvaluatorHoldout: Processed 27064 (100.0%) in 12.00 sec. Users per second: 2256
TripleIntegratedHierarchicalHybridRecommender: Fusing similarity matrices...
TripleIntegratedHierarchicalHybridRecommender: Similarity fusion complete. Final score combination with gamma=0.3165668507221582.
EvaluatorHoldout: Processed 27061 (100.0%) in 12.01 sec. Users per second: 2253
TripleIntegratedHierarchicalHybridRecommender: Fusing similarity matrices...
TripleIntegratedHierarchicalHybridRecommender: Similarity fusion complete. Final score combination with gamma=0.3165668507221582.
EvaluatorHoldout: Processed 27051 (100.0%) in 12.08 sec. Users per second: 2239
TripleIntegratedHierarchicalHybridRecommender: Fusing similarity matrices...
TripleIntegratedHierarchicalHybridRecommender: Similarity fusion complete. Final score combination with gamma=0.3165668507221582.
EvaluatorHoldout: Processed 27062 (100.0%) in 12.01 sec. Users per second: 2253
TripleIntegratedHierarchicalHybridRecommender: Fusing similarity matrices...
TripleIntegratedHierarchicalHybridRecommender: Similarity fusion complete. Final score combination with gamma=0.3165668507221582.
EvaluatorHoldout: Processed 27050 (100.0%) in 12.00 sec. Users per second: 2253
[I 2025-12-28 04:46:28,259] Trial 70 finished with value: 0.2873333595668679 and parameters: {'alpha': 0.003578983001894319, 'beta': 0.06135177156861776, 'gamma': 0.3165668507221582}. Best is trial 61 with value: 0.2913748713901499.
[0.28852730654234715, 0.2866802267347289, 0.28654131367806485, 0.287393227024622, 0.2875247238545766]
TripleIntegratedHierarchicalHybridRecommender: Fusing similarity matrices...
TripleIntegratedHierarchicalHybridRecommender: Similarity fusion complete. Final score combination with gamma=0.14913968023655677.
EvaluatorHoldout: Processed 27064 (100.0%) in 12.02 sec. Users per second: 2252
TripleIntegratedHierarchicalHybridRecommender: Fusing similarity matrices...
TripleIntegratedHierarchicalHybridRecommender: Similarity fusion complete. Final score combination with gamma=0.14913968023655677.
EvaluatorHoldout: Processed 27061 (100.0%) in 12.02 sec. Users per second: 2251
TripleIntegratedHierarchicalHybridRecommender: Fusing similarity matrices...
TripleIntegratedHierarchicalHybridRecommender: Similarity fusion complete. Final score combination with gamma=0.14913968023655677.
EvaluatorHoldout: Processed 27051 (100.0%) in 12.03 sec. Users per second: 2250
TripleIntegratedHierarchicalHybridRecommender: Fusing similarity matrices...
TripleIntegratedHierarchicalHybridRecommender: Similarity fusion complete. Final score combination with gamma=0.14913968023655677.
EvaluatorHoldout: Processed 27062 (100.0%) in 12.00 sec. Users per second: 2255
TripleIntegratedHierarchicalHybridRecommender: Fusing similarity matrices...
TripleIntegratedHierarchicalHybridRecommender: Similarity fusion complete. Final score combination with gamma=0.14913968023655677.
EvaluatorHoldout: Processed 27050 (100.0%) in 12.01 sec. Users per second: 2252
