[I 2025-12-28 05:25:00,031] Trial 107 finished with value: 0.29103596869602 and parameters: {'alpha': 0.21632292762176505, 'beta': 0.16496072955763008, 'gamma': 0.06591300803488674}. Best is trial 82 with value: 0.29152156280492453.
[0.2919884163600425, 0.2903418568141236, 0.2906051238647558, 0.29070623668141377, 0.2915382097597643]
TripleIntegratedHierarchicalHybridRecommender: Fusing similarity matrices...
TripleIntegratedHierarchicalHybridRecommender: Similarity fusion complete. Final score combination with gamma=0.44095230964691645.
EvaluatorHoldout: Processed 27064 (100.0%) in 12.00 sec. Users per second: 2255
TripleIntegratedHierarchicalHybridRecommender: Fusing similarity matrices...
TripleIntegratedHierarchicalHybridRecommender: Similarity fusion complete. Final score combination with gamma=0.44095230964691645.
EvaluatorHoldout: Processed 27061 (100.0%) in 12.01 sec. Users per second: 2254
TripleIntegratedHierarchicalHybridRecommender: Fusing similarity matrices...
TripleIntegratedHierarchicalHybridRecommender: Similarity fusion complete. Final score combination with gamma=0.44095230964691645.
EvaluatorHoldout: Processed 27051 (100.0%) in 12.01 sec. Users per second: 2252
TripleIntegratedHierarchicalHybridRecommender: Fusing similarity matrices...
TripleIntegratedHierarchicalHybridRecommender: Similarity fusion complete. Final score combination with gamma=0.44095230964691645.
EvaluatorHoldout: Processed 27062 (100.0%) in 12.00 sec. Users per second: 2256
TripleIntegratedHierarchicalHybridRecommender: Fusing similarity matrices...
TripleIntegratedHierarchicalHybridRecommender: Similarity fusion complete. Final score combination with gamma=0.44095230964691645.
EvaluatorHoldout: Processed 27050 (100.0%) in 12.04 sec. Users per second: 2247
[I 2025-12-28 05:26:02,431] Trial 108 finished with value: 0.28048637492334744 and parameters: {'alpha': 0.18218502745572718, 'beta': 0.0029007527399545208, 'gamma': 0.44095230964691645}. Best is trial 82 with value: 0.29152156280492453.
[0.2814612553495475, 0.2800875183079175, 0.2799014095219696, 0.2805200451090612, 0.2804616463282414]
TripleIntegratedHierarchicalHybridRecommender: Fusing similarity matrices...
TripleIntegratedHierarchicalHybridRecommender: Similarity fusion complete. Final score combination with gamma=0.09275772159357831.
EvaluatorHoldout: Processed 27064 (100.0%) in 12.00 sec. Users per second: 2255
TripleIntegratedHierarchicalHybridRecommender: Fusing similarity matrices...
TripleIntegratedHierarchicalHybridRecommender: Similarity fusion complete. Final score combination with gamma=0.09275772159357831.
EvaluatorHoldout: Processed 27061 (100.0%) in 12.06 sec. Users per second: 2245
TripleIntegratedHierarchicalHybridRecommender: Fusing similarity matrices...
TripleIntegratedHierarchicalHybridRecommender: Similarity fusion complete. Final score combination with gamma=0.09275772159357831.
EvaluatorHoldout: Processed 27051 (100.0%) in 12.04 sec. Users per second: 2246
TripleIntegratedHierarchicalHybridRecommender: Fusing similarity matrices...
TripleIntegratedHierarchicalHybridRecommender: Similarity fusion complete. Final score combination with gamma=0.09275772159357831.
EvaluatorHoldout: Processed 27062 (100.0%) in 12.01 sec. Users per second: 2252
TripleIntegratedHierarchicalHybridRecommender: Fusing similarity matrices...
TripleIntegratedHierarchicalHybridRecommender: Similarity fusion complete. Final score combination with gamma=0.09275772159357831.
EvaluatorHoldout: Processed 27050 (100.0%) in 12.04 sec. Users per second: 2246
[I 2025-12-28 05:27:04,968] Trial 109 finished with value: 0.29135679331797126 and parameters: {'alpha': 0.2433689563518268, 'beta': 0.04577404082698102, 'gamma': 0.09275772159357831}. Best is trial 82 with value: 0.29152156280492453.
[0.2922934697432579, 0.29065708263975704, 0.2909321065631922, 0.29119275643258524, 0.2917085512110638]
TripleIntegratedHierarchicalHybridRecommender: Fusing similarity matrices...
TripleIntegratedHierarchicalHybridRecommender: Similarity fusion complete. Final score combination with gamma=0.12336513281405775.
EvaluatorHoldout: Processed 27064 (100.0%) in 12.02 sec. Users per second: 2252
TripleIntegratedHierarchicalHybridRecommender: Fusing similarity matrices...
TripleIntegratedHierarchicalHybridRecommender: Similarity fusion complete. Final score combination with gamma=0.12336513281405775.
EvaluatorHoldout: Processed 27061 (100.0%) in 12.08 sec. Users per second: 2240
TripleIntegratedHierarchicalHybridRecommender: Fusing similarity matrices...
TripleIntegratedHierarchicalHybridRecommender: Similarity fusion complete. Final score combination with gamma=0.12336513281405775.
EvaluatorHoldout: Processed 27051 (100.0%) in 12.04 sec. Users per second: 2247
TripleIntegratedHierarchicalHybridRecommender: Fusing similarity matrices...
TripleIntegratedHierarchicalHybridRecommender: Similarity fusion complete. Final score combination with gamma=0.12336513281405775.
EvaluatorHoldout: Processed 27062 (100.0%) in 12.02 sec. Users per second: 2252
TripleIntegratedHierarchicalHybridRecommender: Fusing similarity matrices...
TripleIntegratedHierarchicalHybridRecommender: Similarity fusion complete. Final score combination with gamma=0.12336513281405775.
EvaluatorHoldout: Processed 27050 (100.0%) in 12.03 sec. Users per second: 2248
[I 2025-12-28 05:28:07,627] Trial 110 finished with value: 0.29149592349969977 and parameters: {'alpha': 0.11840389237353152, 'beta': 0.0742101633546044, 'gamma': 0.12336513281405775}. Best is trial 82 with value: 0.29152156280492453.
[0.29262915997864486, 0.2909105729314626, 0.2909231549688532, 0.2912758927984662, 0.29174083682107216]
TripleIntegratedHierarchicalHybridRecommender: Fusing similarity matrices...
TripleIntegratedHierarchicalHybridRecommender: Similarity fusion complete. Final score combination with gamma=0.13170856491220032.
EvaluatorHoldout: Processed 27064 (100.0%) in 12.00 sec. Users per second: 2256
TripleIntegratedHierarchicalHybridRecommender: Fusing similarity matrices...
TripleIntegratedHierarchicalHybridRecommender: Similarity fusion complete. Final score combination with gamma=0.13170856491220032.
EvaluatorHoldout: Processed 27061 (100.0%) in 12.35 sec. Users per second: 2191
TripleIntegratedHierarchicalHybridRecommender: Fusing similarity matrices...
TripleIntegratedHierarchicalHybridRecommender: Similarity fusion complete. Final score combination with gamma=0.13170856491220032.
EvaluatorHoldout: Processed 27051 (100.0%) in 12.02 sec. Users per second: 2250
TripleIntegratedHierarchicalHybridRecommender: Fusing similarity matrices...
TripleIntegratedHierarchicalHybridRecommender: Similarity fusion complete. Final score combination with gamma=0.13170856491220032.
EvaluatorHoldout: Processed 27062 (100.0%) in 12.03 sec. Users per second: 2250
TripleIntegratedHierarchicalHybridRecommender: Fusing similarity matrices...
TripleIntegratedHierarchicalHybridRecommender: Similarity fusion complete. Final score combination with gamma=0.13170856491220032.
EvaluatorHoldout: Processed 27050 (100.0%) in 12.05 sec. Users per second: 2245
[I 2025-12-28 05:29:10,545] Trial 111 finished with value: 0.29151124761727554 and parameters: {'alpha': 0.12244792204230584, 'beta': 0.07478150952581053, 'gamma': 0.13170856491220032}. Best is trial 82 with value: 0.29152156280492453.
[0.29271089822130825, 0.29097803708484776, 0.29085419435434967, 0.2911970226308038, 0.29181608579506807]
TripleIntegratedHierarchicalHybridRecommender: Fusing similarity matrices...
TripleIntegratedHierarchicalHybridRecommender: Similarity fusion complete. Final score combination with gamma=0.13649446699822354.
EvaluatorHoldout: Processed 27064 (100.0%) in 12.01 sec. Users per second: 2254
TripleIntegratedHierarchicalHybridRecommender: Fusing similarity matrices...
TripleIntegratedHierarchicalHybridRecommender: Similarity fusion complete. Final score combination with gamma=0.13649446699822354.
EvaluatorHoldout: Processed 27061 (100.0%) in 12.03 sec. Users per second: 2250
TripleIntegratedHierarchicalHybridRecommender: Fusing similarity matrices...
TripleIntegratedHierarchicalHybridRecommender: Similarity fusion complete. Final score combination with gamma=0.13649446699822354.
EvaluatorHoldout: Processed 27051 (100.0%) in 12.03 sec. Users per second: 2249
TripleIntegratedHierarchicalHybridRecommender: Fusing similarity matrices...
TripleIntegratedHierarchicalHybridRecommender: Similarity fusion complete. Final score combination with gamma=0.13649446699822354.
EvaluatorHoldout: Processed 27062 (100.0%) in 12.04 sec. Users per second: 2247
TripleIntegratedHierarchicalHybridRecommender: Fusing similarity matrices...
TripleIntegratedHierarchicalHybridRecommender: Similarity fusion complete. Final score combination with gamma=0.13649446699822354.
EvaluatorHoldout: Processed 27050 (100.0%) in 12.04 sec. Users per second: 2247
[I 2025-12-28 05:30:13,263] Trial 112 finished with value: 0.2915041258175539 and parameters: {'alpha': 0.11009982756349058, 'beta': 0.07776053068517833, 'gamma': 0.13649446699822354}. Best is trial 82 with value: 0.29152156280492453.
[0.2927260904274327, 0.29085944604952896, 0.29089807261396444, 0.29116636713942357, 0.2918706528574199]
TripleIntegratedHierarchicalHybridRecommender: Fusing similarity matrices...
TripleIntegratedHierarchicalHybridRecommender: Similarity fusion complete. Final score combination with gamma=0.15424478575281012.
EvaluatorHoldout: Processed 27064 (100.0%) in 12.00 sec. Users per second: 2255
TripleIntegratedHierarchicalHybridRecommender: Fusing similarity matrices...
TripleIntegratedHierarchicalHybridRecommender: Similarity fusion complete. Final score combination with gamma=0.15424478575281012.
EvaluatorHoldout: Processed 27061 (100.0%) in 12.04 sec. Users per second: 2248
TripleIntegratedHierarchicalHybridRecommender: Fusing similarity matrices...
TripleIntegratedHierarchicalHybridRecommender: Similarity fusion complete. Final score combination with gamma=0.15424478575281012.
EvaluatorHoldout: Processed 27051 (100.0%) in 12.04 sec. Users per second: 2246
TripleIntegratedHierarchicalHybridRecommender: Fusing similarity matrices...
TripleIntegratedHierarchicalHybridRecommender: Similarity fusion complete. Final score combination with gamma=0.15424478575281012.
EvaluatorHoldout: Processed 27062 (100.0%) in 12.04 sec. Users per second: 2248
TripleIntegratedHierarchicalHybridRecommender: Fusing similarity matrices...
TripleIntegratedHierarchicalHybridRecommender: Similarity fusion complete. Final score combination with gamma=0.15424478575281012.
EvaluatorHoldout: Processed 27050 (100.0%) in 12.02 sec. Users per second: 2250
[I 2025-12-28 05:31:15,893] Trial 113 finished with value: 0.2913975370546797 and parameters: {'alpha': 0.11593690399937716, 'beta': 0.07507005720126322, 'gamma': 0.15424478575281012}. Best is trial 82 with value: 0.29152156280492453.
[0.2924761341335214, 0.2908016916341164, 0.29088704015358846, 0.29104483524701236, 0.2917779841051599]
TripleIntegratedHierarchicalHybridRecommender: Fusing similarity matrices...
TripleIntegratedHierarchicalHybridRecommender: Similarity fusion complete. Final score combination with gamma=0.06491800707970916.
EvaluatorHoldout: Processed 27064 (100.0%) in 12.01 sec. Users per second: 2254
TripleIntegratedHierarchicalHybridRecommender: Fusing similarity matrices...
TripleIntegratedHierarchicalHybridRecommender: Similarity fusion complete. Final score combination with gamma=0.06491800707970916.
EvaluatorHoldout: Processed 27061 (100.0%) in 12.06 sec. Users per second: 2245
TripleIntegratedHierarchicalHybridRecommender: Fusing similarity matrices...
TripleIntegratedHierarchicalHybridRecommender: Similarity fusion complete. Final score combination with gamma=0.06491800707970916.
EvaluatorHoldout: Processed 27051 (100.0%) in 12.05 sec. Users per second: 2245
TripleIntegratedHierarchicalHybridRecommender: Fusing similarity matrices...
TripleIntegratedHierarchicalHybridRecommender: Similarity fusion complete. Final score combination with gamma=0.06491800707970916.
EvaluatorHoldout: Processed 27062 (100.0%) in 12.05 sec. Users per second: 2247
TripleIntegratedHierarchicalHybridRecommender: Fusing similarity matrices...
TripleIntegratedHierarchicalHybridRecommender: Similarity fusion complete. Final score combination with gamma=0.06491800707970916.
EvaluatorHoldout: Processed 27050 (100.0%) in 12.04 sec. Users per second: 2247
[I 2025-12-28 05:32:18,442] Trial 114 finished with value: 0.29075437755514305 and parameters: {'alpha': 0.15406976004193734, 'beta': 0.0436518901054792, 'gamma': 0.06491800707970916}. Best is trial 82 with value: 0.29152156280492453.
[0.29162346481281887, 0.2897865094029879, 0.29053465594698563, 0.2903019331939205, 0.2915253244190024]
TripleIntegratedHierarchicalHybridRecommender: Fusing similarity matrices...
TripleIntegratedHierarchicalHybridRecommender: Similarity fusion complete. Final score combination with gamma=0.19534909536883716.
EvaluatorHoldout: Processed 27064 (100.0%) in 12.01 sec. Users per second: 2253
TripleIntegratedHierarchicalHybridRecommender: Fusing similarity matrices...
TripleIntegratedHierarchicalHybridRecommender: Similarity fusion complete. Final score combination with gamma=0.19534909536883716.
EvaluatorHoldout: Processed 27061 (100.0%) in 12.02 sec. Users per second: 2251
TripleIntegratedHierarchicalHybridRecommender: Fusing similarity matrices...
TripleIntegratedHierarchicalHybridRecommender: Similarity fusion complete. Final score combination with gamma=0.19534909536883716.
EvaluatorHoldout: Processed 27051 (100.0%) in 12.02 sec. Users per second: 2250
TripleIntegratedHierarchicalHybridRecommender: Fusing similarity matrices...
TripleIntegratedHierarchicalHybridRecommender: Similarity fusion complete. Final score combination with gamma=0.19534909536883716.
EvaluatorHoldout: Processed 27062 (100.0%) in 12.04 sec. Users per second: 2248
TripleIntegratedHierarchicalHybridRecommender: Fusing similarity matrices...
TripleIntegratedHierarchicalHybridRecommender: Similarity fusion complete. Final score combination with gamma=0.19534909536883716.
EvaluatorHoldout: Processed 27050 (100.0%) in 12.02 sec. Users per second: 2250
[I 2025-12-28 05:33:21,166] Trial 115 finished with value: 0.2907439164883798 and parameters: {'alpha': 0.12035563595253865, 'beta': 0.07716035493974939, 'gamma': 0.19534909536883716}. Best is trial 82 with value: 0.29152156280492453.
[0.29179641016389873, 0.29020544110460705, 0.2899723631531165, 0.29040850279944236, 0.2913368652208344]
TripleIntegratedHierarchicalHybridRecommender: Fusing similarity matrices...
TripleIntegratedHierarchicalHybridRecommender: Similarity fusion complete. Final score combination with gamma=0.08679409616167465.
EvaluatorHoldout: Processed 27064 (100.0%) in 12.00 sec. Users per second: 2255
TripleIntegratedHierarchicalHybridRecommender: Fusing similarity matrices...
TripleIntegratedHierarchicalHybridRecommender: Similarity fusion complete. Final score combination with gamma=0.08679409616167465.
EvaluatorHoldout: Processed 27061 (100.0%) in 12.04 sec. Users per second: 2248
TripleIntegratedHierarchicalHybridRecommender: Fusing similarity matrices...
TripleIntegratedHierarchicalHybridRecommender: Similarity fusion complete. Final score combination with gamma=0.08679409616167465.
EvaluatorHoldout: Processed 27051 (100.0%) in 12.04 sec. Users per second: 2247
TripleIntegratedHierarchicalHybridRecommender: Fusing similarity matrices...
TripleIntegratedHierarchicalHybridRecommender: Similarity fusion complete. Final score combination with gamma=0.08679409616167465.
EvaluatorHoldout: Processed 27062 (100.0%) in 12.05 sec. Users per second: 2247
TripleIntegratedHierarchicalHybridRecommender: Fusing similarity matrices...
TripleIntegratedHierarchicalHybridRecommender: Similarity fusion complete. Final score combination with gamma=0.08679409616167465.
EvaluatorHoldout: Processed 27050 (100.0%) in 12.03 sec. Users per second: 2249
[I 2025-12-28 05:34:23,500] Trial 116 finished with value: 0.2913197547074693 and parameters: {'alpha': 0.18131715714969499, 'beta': 0.12084129748273334, 'gamma': 0.08679409616167465}. Best is trial 82 with value: 0.29152156280492453.
[0.2923700112497629, 0.2907193338062634, 0.29071593139143775, 0.29090839540377905, 0.2918851016861034]
TripleIntegratedHierarchicalHybridRecommender: Fusing similarity matrices...
TripleIntegratedHierarchicalHybridRecommender: Similarity fusion complete. Final score combination with gamma=0.1330532227394306.
EvaluatorHoldout: Processed 27064 (100.0%) in 12.00 sec. Users per second: 2256
TripleIntegratedHierarchicalHybridRecommender: Fusing similarity matrices...
TripleIntegratedHierarchicalHybridRecommender: Similarity fusion complete. Final score combination with gamma=0.1330532227394306.
EvaluatorHoldout: Processed 27061 (100.0%) in 12.04 sec. Users per second: 2248
TripleIntegratedHierarchicalHybridRecommender: Fusing similarity matrices...
TripleIntegratedHierarchicalHybridRecommender: Similarity fusion complete. Final score combination with gamma=0.1330532227394306.
EvaluatorHoldout: Processed 27051 (100.0%) in 12.04 sec. Users per second: 2247
TripleIntegratedHierarchicalHybridRecommender: Fusing similarity matrices...
TripleIntegratedHierarchicalHybridRecommender: Similarity fusion complete. Final score combination with gamma=0.1330532227394306.
EvaluatorHoldout: Processed 27062 (100.0%) in 12.03 sec. Users per second: 2250
TripleIntegratedHierarchicalHybridRecommender: Fusing similarity matrices...
TripleIntegratedHierarchicalHybridRecommender: Similarity fusion complete. Final score combination with gamma=0.1330532227394306.
EvaluatorHoldout: Processed 27050 (100.0%) in 12.02 sec. Users per second: 2251
[I 2025-12-28 05:35:25,958] Trial 117 finished with value: 0.2915359209367497 and parameters: {'alpha': 0.1562394687973903, 'beta': 0.017023102218231816, 'gamma': 0.1330532227394306}. Best is trial 117 with value: 0.2915359209367497.
[0.2926521594973261, 0.2908689643170015, 0.2909097567549436, 0.2914743677473891, 0.291774356367088]
TripleIntegratedHierarchicalHybridRecommender: Fusing similarity matrices...
TripleIntegratedHierarchicalHybridRecommender: Similarity fusion complete. Final score combination with gamma=0.14000878054997842.
EvaluatorHoldout: Processed 27064 (100.0%) in 12.03 sec. Users per second: 2249
TripleIntegratedHierarchicalHybridRecommender: Fusing similarity matrices...
TripleIntegratedHierarchicalHybridRecommender: Similarity fusion complete. Final score combination with gamma=0.14000878054997842.
EvaluatorHoldout: Processed 27061 (100.0%) in 12.02 sec. Users per second: 2252
TripleIntegratedHierarchicalHybridRecommender: Fusing similarity matrices...
TripleIntegratedHierarchicalHybridRecommender: Similarity fusion complete. Final score combination with gamma=0.14000878054997842.
EvaluatorHoldout: Processed 27051 (100.0%) in 12.03 sec. Users per second: 2248
TripleIntegratedHierarchicalHybridRecommender: Fusing similarity matrices...
TripleIntegratedHierarchicalHybridRecommender: Similarity fusion complete. Final score combination with gamma=0.14000878054997842.
EvaluatorHoldout: Processed 27062 (100.0%) in 12.02 sec. Users per second: 2252
TripleIntegratedHierarchicalHybridRecommender: Fusing similarity matrices...
TripleIntegratedHierarchicalHybridRecommender: Similarity fusion complete. Final score combination with gamma=0.14000878054997842.
EvaluatorHoldout: Processed 27050 (100.0%) in 12.03 sec. Users per second: 2249
[I 2025-12-28 05:36:28,590] Trial 118 finished with value: 0.27278792175601185 and parameters: {'alpha': 0.16070832196686005, 'beta': 0.8950674004841173, 'gamma': 0.14000878054997842}. Best is trial 117 with value: 0.2915359209367497.
[0.27376614166775387, 0.2719778950579989, 0.2721418467963847, 0.27250151790802807, 0.2735522073498938]
TripleIntegratedHierarchicalHybridRecommender: Fusing similarity matrices...
TripleIntegratedHierarchicalHybridRecommender: Similarity fusion complete. Final score combination with gamma=0.17341675349408614.
EvaluatorHoldout: Processed 27064 (100.0%) in 12.02 sec. Users per second: 2252
TripleIntegratedHierarchicalHybridRecommender: Fusing similarity matrices...
TripleIntegratedHierarchicalHybridRecommender: Similarity fusion complete. Final score combination with gamma=0.17341675349408614.
EvaluatorHoldout: Processed 27061 (100.0%) in 12.03 sec. Users per second: 2249
TripleIntegratedHierarchicalHybridRecommender: Fusing similarity matrices...
TripleIntegratedHierarchicalHybridRecommender: Similarity fusion complete. Final score combination with gamma=0.17341675349408614.
EvaluatorHoldout: Processed 27051 (100.0%) in 12.04 sec. Users per second: 2247
TripleIntegratedHierarchicalHybridRecommender: Fusing similarity matrices...
TripleIntegratedHierarchicalHybridRecommender: Similarity fusion complete. Final score combination with gamma=0.17341675349408614.
EvaluatorHoldout: Processed 27062 (100.0%) in 12.02 sec. Users per second: 2251
TripleIntegratedHierarchicalHybridRecommender: Fusing similarity matrices...
TripleIntegratedHierarchicalHybridRecommender: Similarity fusion complete. Final score combination with gamma=0.17341675349408614.
EvaluatorHoldout: Processed 27050 (100.0%) in 12.02 sec. Users per second: 2251
