[06:51:28] INFO: /Users/runner/work/xgboost/xgboost/src/data/iterative_dmatrix.cc:56: Finished constructing the `IterativeDMatrix`: (1354750, 79, 106455672).
EvaluatorHoldout: Processed 27064 (100.0%) in 2.37 min. Users per second: 190
[I 2026-01-02 06:59:56,483] Trial 84 finished with value: 0.2954214607277855 and parameters: {'n_estimators': 2576, 'learning_rate': 0.004797216925888377, 'reg_alpha': 0.02261088428199, 'reg_lambda': 9.035156697156158e-05, 'max_depth': 7, 'max_leaves': 236, 'grow_policy': 'lossguide', 'gamma': 0.3372421411922335, 'min_child_weight': 0.03026202281186928, 'subsample': 0.631497967789302, 'colsample_bytree': 0.5669318339321935}. Best is trial 75 with value: 0.2957628715538031.
[06:59:59] INFO: /Users/runner/work/xgboost/xgboost/src/data/iterative_dmatrix.cc:56: Finished constructing the `IterativeDMatrix`: (1354750, 79, 106455672).
EvaluatorHoldout: Processed 27064 (100.0%) in 2.03 min. Users per second: 223
[I 2026-01-02 07:06:41,447] Trial 85 finished with value: 0.2955035025091077 and parameters: {'n_estimators': 2323, 'learning_rate': 0.009406473060595718, 'reg_alpha': 0.0076566937776845825, 'reg_lambda': 0.00026012499337287325, 'max_depth': 6, 'max_leaves': 711, 'grow_policy': 'lossguide', 'gamma': 0.11510745603325268, 'min_child_weight': 0.011606775081236817, 'subsample': 0.652024511597817, 'colsample_bytree': 0.5155257751540843}. Best is trial 75 with value: 0.2957628715538031.
[07:06:43] INFO: /Users/runner/work/xgboost/xgboost/src/data/iterative_dmatrix.cc:56: Finished constructing the `IterativeDMatrix`: (1354750, 79, 106455672).
EvaluatorHoldout: Processed 27064 (100.0%) in 4.03 min. Users per second: 112
[I 2026-01-02 07:20:33,211] Trial 86 finished with value: 0.2950929766793567 and parameters: {'n_estimators': 3825, 'learning_rate': 0.005160413832079907, 'reg_alpha': 0.0048248385789377195, 'reg_lambda': 0.00018305729155238616, 'max_depth': 8, 'max_leaves': 671, 'grow_policy': 'lossguide', 'gamma': 0.14416243735287432, 'min_child_weight': 0.0065300715336050735, 'subsample': 0.5810527188148378, 'colsample_bytree': 0.6020571271419937}. Best is trial 75 with value: 0.2957628715538031.
[07:20:35] INFO: /Users/runner/work/xgboost/xgboost/src/data/iterative_dmatrix.cc:56: Finished constructing the `IterativeDMatrix`: (1354750, 79, 106455672).
EvaluatorHoldout: Processed 27064 (100.0%) in 2.25 min. Users per second: 201
[I 2026-01-02 07:28:00,583] Trial 87 finished with value: 0.29566540214350095 and parameters: {'n_estimators': 2272, 'learning_rate': 0.0076844482540205225, 'reg_alpha': 0.00044243956126258175, 'reg_lambda': 0.00011818598130836074, 'max_depth': 7, 'max_leaves': 293, 'grow_policy': 'lossguide', 'gamma': 0.20824531763090107, 'min_child_weight': 0.8923502426730292, 'subsample': 0.5984107136685022, 'colsample_bytree': 0.4432566028321411}. Best is trial 75 with value: 0.2957628715538031.
[07:28:03] INFO: /Users/runner/work/xgboost/xgboost/src/data/iterative_dmatrix.cc:56: Finished constructing the `IterativeDMatrix`: (1354750, 79, 106455672).
EvaluatorHoldout: Processed 27064 (100.0%) in 2.14 min. Users per second: 211
[I 2026-01-02 07:34:57,542] Trial 88 finished with value: 0.295730994211329 and parameters: {'n_estimators': 2088, 'learning_rate': 0.008253843717750235, 'reg_alpha': 0.002949947489262875, 'reg_lambda': 0.00012025101099648447, 'max_depth': 7, 'max_leaves': 292, 'grow_policy': 'lossguide', 'gamma': 0.21845522649309743, 'min_child_weight': 1.9050574262836968, 'subsample': 0.5957463801634884, 'colsample_bytree': 0.4706776692166306}. Best is trial 75 with value: 0.2957628715538031.
[07:35:00] INFO: /Users/runner/work/xgboost/xgboost/src/data/iterative_dmatrix.cc:56: Finished constructing the `IterativeDMatrix`: (1354750, 79, 106455672).
EvaluatorHoldout: Processed 27064 (100.0%) in 1.99 min. Users per second: 227
[I 2026-01-02 07:41:11,204] Trial 89 finished with value: 0.29550112537063533 and parameters: {'n_estimators': 1816, 'learning_rate': 0.008440758828666298, 'reg_alpha': 0.05543912459495918, 'reg_lambda': 6.955726435663715e-05, 'max_depth': 7, 'max_leaves': 293, 'grow_policy': 'lossguide', 'gamma': 0.23622703354015548, 'min_child_weight': 1.7186532740323965, 'subsample': 0.6131304743948356, 'colsample_bytree': 0.43456480813259757}. Best is trial 75 with value: 0.2957628715538031.
[07:41:13] INFO: /Users/runner/work/xgboost/xgboost/src/data/iterative_dmatrix.cc:56: Finished constructing the `IterativeDMatrix`: (1354750, 79, 106455672).
EvaluatorHoldout: Processed 27064 (100.0%) in 2.16 min. Users per second: 209
[I 2026-01-02 07:48:14,146] Trial 90 finished with value: 0.2955807167614448 and parameters: {'n_estimators': 2125, 'learning_rate': 0.008760088820038137, 'reg_alpha': 0.0017072671217842933, 'reg_lambda': 9.50348628178064e-05, 'max_depth': 7, 'max_leaves': 268, 'grow_policy': 'lossguide', 'gamma': 0.20796907725112537, 'min_child_weight': 0.9317302739588542, 'subsample': 0.6062626646319493, 'colsample_bytree': 0.38539935512806284}. Best is trial 75 with value: 0.2957628715538031.
[07:48:16] INFO: /Users/runner/work/xgboost/xgboost/src/data/iterative_dmatrix.cc:56: Finished constructing the `IterativeDMatrix`: (1354750, 79, 106455672).
EvaluatorHoldout: Processed 27064 (100.0%) in 2.09 min. Users per second: 216
[I 2026-01-02 07:54:59,557] Trial 91 finished with value: 0.29551509073015897 and parameters: {'n_estimators': 1998, 'learning_rate': 0.007807736626449176, 'reg_alpha': 0.00282690211815352, 'reg_lambda': 0.0001109722713572615, 'max_depth': 7, 'max_leaves': 337, 'grow_policy': 'lossguide', 'gamma': 0.27518617388213124, 'min_child_weight': 1.2631962113728779, 'subsample': 0.6843925423640405, 'colsample_bytree': 0.47244646776227234}. Best is trial 75 with value: 0.2957628715538031.
[07:55:02] INFO: /Users/runner/work/xgboost/xgboost/src/data/iterative_dmatrix.cc:56: Finished constructing the `IterativeDMatrix`: (1354750, 79, 106455672).
EvaluatorHoldout: Processed 27064 (100.0%) in 2.22 min. Users per second: 203
[I 2026-01-02 08:02:22,307] Trial 92 finished with value: 0.29573362023446076 and parameters: {'n_estimators': 2234, 'learning_rate': 0.00744986930657664, 'reg_alpha': 0.009652745534708925, 'reg_lambda': 0.00013528389188938224, 'max_depth': 7, 'max_leaves': 359, 'grow_policy': 'lossguide', 'gamma': 0.1860358763813453, 'min_child_weight': 0.7711781220715431, 'subsample': 0.5957924304240906, 'colsample_bytree': 0.5491411548600312}. Best is trial 75 with value: 0.2957628715538031.
[08:02:24] INFO: /Users/runner/work/xgboost/xgboost/src/data/iterative_dmatrix.cc:56: Finished constructing the `IterativeDMatrix`: (1354750, 79, 106455672).
EvaluatorHoldout: Processed 27064 (100.0%) in 2.23 min. Users per second: 202
[I 2026-01-02 08:09:58,114] Trial 93 finished with value: 0.2952563239197454 and parameters: {'n_estimators': 2300, 'learning_rate': 0.007086549202570327, 'reg_alpha': 0.00043456395206125525, 'reg_lambda': 5.9608902917204914e-05, 'max_depth': 7, 'max_leaves': 372, 'grow_policy': 'lossguide', 'gamma': 0.17795236623140223, 'min_child_weight': 0.7068636547778894, 'subsample': 0.5738187908929125, 'colsample_bytree': 0.2938085321393749}. Best is trial 75 with value: 0.2957628715538031.
[08:10:00] INFO: /Users/runner/work/xgboost/xgboost/src/data/iterative_dmatrix.cc:56: Finished constructing the `IterativeDMatrix`: (1354750, 79, 106455672).
EvaluatorHoldout: Processed 27064 (100.0%) in 1.97 min. Users per second: 229
[I 2026-01-02 08:16:02,766] Trial 94 finished with value: 0.2955546495732855 and parameters: {'n_estimators': 1753, 'learning_rate': 0.00820537068133501, 'reg_alpha': 0.008212509095564566, 'reg_lambda': 0.00019954528216404517, 'max_depth': 7, 'max_leaves': 305, 'grow_policy': 'lossguide', 'gamma': 0.298788841201668, 'min_child_weight': 0.7498483483744163, 'subsample': 0.5960628956513979, 'colsample_bytree': 0.42099919780921025}. Best is trial 75 with value: 0.2957628715538031.
[08:16:05] INFO: /Users/runner/work/xgboost/xgboost/src/data/iterative_dmatrix.cc:56: Finished constructing the `IterativeDMatrix`: (1354750, 79, 106455672).
EvaluatorHoldout: Processed 27064 (100.0%) in 2.08 min. Users per second: 217
[I 2026-01-02 08:22:37,084] Trial 95 finished with value: 0.2954866658641826 and parameters: {'n_estimators': 1967, 'learning_rate': 0.009591933702425457, 'reg_alpha': 0.019522511455967107, 'reg_lambda': 4.015876235729661e-05, 'max_depth': 7, 'max_leaves': 209, 'grow_policy': 'lossguide', 'gamma': 0.2529069782899962, 'min_child_weight': 1.8776071277535604, 'subsample': 0.6276507859749567, 'colsample_bytree': 0.44443290211153075}. Best is trial 75 with value: 0.2957628715538031.
[08:22:39] INFO: /Users/runner/work/xgboost/xgboost/src/data/iterative_dmatrix.cc:56: Finished constructing the `IterativeDMatrix`: (1354750, 79, 106455672).
EvaluatorHoldout: Processed 27064 (100.0%) in 2.23 min. Users per second: 202
[I 2026-01-02 08:30:05,705] Trial 96 finished with value: 0.2958264257536273 and parameters: {'n_estimators': 2261, 'learning_rate': 0.007702162822426045, 'reg_alpha': 0.00991022085129717, 'reg_lambda': 0.00014710271979317914, 'max_depth': 7, 'max_leaves': 349, 'grow_policy': 'lossguide', 'gamma': 0.3793589358094316, 'min_child_weight': 0.002662290661537342, 'subsample': 0.6587292706752251, 'colsample_bytree': 0.48594318797001984}. Best is trial 96 with value: 0.2958264257536273.
[08:30:08] INFO: /Users/runner/work/xgboost/xgboost/src/data/iterative_dmatrix.cc:56: Finished constructing the `IterativeDMatrix`: (1354750, 79, 106455672).
EvaluatorHoldout: Processed 27064 (100.0%) in 1.51 min. Users per second: 299
[I 2026-01-02 08:35:24,048] Trial 97 finished with value: 0.2946158068398485 and parameters: {'n_estimators': 2213, 'learning_rate': 0.007539835395176044, 'reg_alpha': 0.011277179306687994, 'reg_lambda': 0.0001452010214200302, 'max_depth': 4, 'max_leaves': 415, 'grow_policy': 'lossguide', 'gamma': 0.3773773085519556, 'min_child_weight': 0.0007618123422016372, 'subsample': 0.5978691123652643, 'colsample_bytree': 0.48045153870824403}. Best is trial 96 with value: 0.2958264257536273.
[08:35:26] INFO: /Users/runner/work/xgboost/xgboost/src/data/iterative_dmatrix.cc:56: Finished constructing the `IterativeDMatrix`: (1354750, 79, 106455672).
EvaluatorHoldout: Processed 27064 (100.0%) in 1.93 min. Users per second: 233
[I 2026-01-02 08:41:34,692] Trial 98 finished with value: 0.29542443914723804 and parameters: {'n_estimators': 2062, 'learning_rate': 0.008945452509550447, 'reg_alpha': 0.2468747317492972, 'reg_lambda': 0.000500773897586545, 'max_depth': 6, 'max_leaves': 313, 'grow_policy': 'lossguide', 'gamma': 0.22366580768580668, 'min_child_weight': 0.0016023496165097754, 'subsample': 0.5177073909992082, 'colsample_bytree': 0.5403300545347738}. Best is trial 96 with value: 0.2958264257536273.
[08:41:37] INFO: /Users/runner/work/xgboost/xgboost/src/data/iterative_dmatrix.cc:56: Finished constructing the `IterativeDMatrix`: (1354750, 79, 106455672).
EvaluatorHoldout: Processed 27064 (100.0%) in 2.05 min. Users per second: 220
[I 2026-01-02 08:48:09,106] Trial 99 finished with value: 0.295460693527331 and parameters: {'n_estimators': 1911, 'learning_rate': 0.006718262619503736, 'reg_alpha': 0.0007868584795413223, 'reg_lambda': 0.0003717299110372472, 'max_depth': 7, 'max_leaves': 366, 'grow_policy': 'lossguide', 'gamma': 0.3352980126327178, 'min_child_weight': 0.002838999094658043, 'subsample': 0.5759085921781304, 'colsample_bytree': 0.4917687173693038}. Best is trial 96 with value: 0.2958264257536273.